

================================================================
== Vitis HLS Report for 'Compute_Dual_Infeasibility_stage2'
================================================================
* Date:           Fri Jan  9 14:31:25 2026

* Version:        2024.1.2 (Build 5096458 on Sep  5 2024)
* Project:        build_Infeasi_Res_S2.xcv80-lsva4737-2MHP-e-S
* Solution:       sol1 (Vivado IP Flow Target)
* Product family: versalhbm
* Target device:  xcv80-lsva4737-2MHP-e-S


================================================================
== Performance Estimates
================================================================
+ Timing: 
    * Summary: 
    +--------+---------+----------+------------+
    |  Clock |  Target | Estimated| Uncertainty|
    +--------+---------+----------+------------+
    |ap_clk  |  3.33 ns|  2.509 ns|     0.90 ns|
    +--------+---------+----------+------------+

+ Latency: 
    * Summary: 
    +---------+---------+----------+----------+-----+-----+----------+
    |  Latency (cycles) |  Latency (absolute) |  Interval | Pipeline |
    |   min   |   max   |    min   |    max   | min | max |   Type   |
    +---------+---------+----------+----------+-----+-----+----------+
    |        ?|        ?|         ?|         ?|    ?|    ?|  dataflow|
    +---------+---------+----------+----------+-----+-----+----------+

    + Detail: 
        * Instance: 
        +---------------------+------------------+---------+---------+----------+----------+-----+-----+----------+
        |                     |                  |  Latency (cycles) |  Latency (absolute) |  Interval | Pipeline |
        |       Instance      |      Module      |   min   |   max   |    min   |    max   | min | max |   Type   |
        +---------------------+------------------+---------+---------+----------+----------+-----+-----+----------+
        |entry_proc31_U0      |entry_proc31      |        0|        0|      0 ns|      0 ns|    0|    0|        no|
        |loadDDR_data_18_U0   |loadDDR_data_18   |        ?|        ?|         ?|         ?|    ?|    ?|        no|
        |loadDDR_data_19_U0   |loadDDR_data_19   |        ?|        ?|         ?|         ?|    ?|    ?|        no|
        |scaleVector_2out_U0  |scaleVector_2out  |        ?|        ?|         ?|         ?|    ?|    ?|        no|
        |scaleVector_1_U0     |scaleVector_1     |        ?|        ?|         ?|         ?|    ?|    ?|        no|
        |Primal_Constr_U0     |Primal_Constr     |        ?|        ?|         ?|         ?|    ?|    ?|  dataflow|
        |Primal_Bound_U0      |Primal_Bound      |        ?|        ?|         ?|         ?|    ?|    ?|  dataflow|
        |add3_Sqrt_U0         |add3_Sqrt         |       69|       69|  0.230 us|  0.230 us|   69|   69|        no|
        +---------------------+------------------+---------+---------+----------+----------+-----+-----+----------+

        * Loop: 
        N/A



================================================================
== Utilization Estimates
================================================================
* Summary: 
+---------------------+---------+-------+---------+---------+------+
|         Name        | BRAM_18K|  DSP  |    FF   |   LUT   | URAM |
+---------------------+---------+-------+---------+---------+------+
|DSP                  |        -|      -|        -|        -|     -|
|Expression           |        -|      -|        0|       38|     -|
|FIFO                 |        -|      -|     5682|     1572|     -|
|Instance             |        -|    384|    76779|    84710|     -|
|Memory               |        -|      -|        -|        -|     -|
|Multiplexer          |        -|      -|        0|       56|     -|
|Register             |        -|      -|        7|        -|     -|
+---------------------+---------+-------+---------+---------+------+
|Total                |        0|    384|    82468|    86376|     0|
+---------------------+---------+-------+---------+---------+------+
|Available SLR        |     2494|   3616|  1716138|   858069|   641|
+---------------------+---------+-------+---------+---------+------+
|Utilization SLR (%)  |        0|     10|        4|       10|     0|
+---------------------+---------+-------+---------+---------+------+
|Available            |     7482|  10848|  5148416|  2574208|  1925|
+---------------------+---------+-------+---------+---------+------+
|Utilization (%)      |        0|      3|        1|        3|     0|
+---------------------+---------+-------+---------+---------+------+

+ Detail: 
    * Instance: 
    +---------------------+------------------+---------+-----+-------+-------+-----+
    |       Instance      |      Module      | BRAM_18K| DSP |   FF  |  LUT  | URAM|
    +---------------------+------------------+---------+-----+-------+-------+-----+
    |Primal_Bound_U0      |Primal_Bound      |        0|  192|  46993|  51811|    0|
    |Primal_Constr_U0     |Primal_Constr     |        0|   96|  22543|  25711|    0|
    |add3_Sqrt_U0         |add3_Sqrt         |        0|    0|    800|   1374|    0|
    |entry_proc31_U0      |entry_proc31      |        0|    0|      3|     34|    0|
    |loadDDR_data_18_U0   |loadDDR_data_18   |        0|    0|    139|    452|    0|
    |loadDDR_data_19_U0   |loadDDR_data_19   |        0|    0|    139|    452|    0|
    |scaleVector_1_U0     |scaleVector_1     |        0|   48|   3081|   2429|    0|
    |scaleVector_2out_U0  |scaleVector_2out  |        0|   48|   3081|   2447|    0|
    +---------------------+------------------+---------+-----+-------+-------+-----+
    |Total                |                  |        0|  384|  76779|  84710|    0|
    +---------------------+------------------+---------+-----+-------+-------+-----+

    * DSP: 
    N/A

    * Memory: 
    N/A

    * FIFO: 
    +-------------------------------+---------+------+----+-----+------+-----+---------+
    |              Name             | BRAM_18K|  FF  | LUT| URAM| Depth| Bits| Size:D*B|
    +-------------------------------+---------+------+----+-----+------+-----+---------+
    |inverse_pScale_c1_U            |        0|     5|   0|    -|     3|   64|      192|
    |inverse_pScale_c_U             |        0|     5|   0|    -|     3|   64|      192|
    |nCols_assign_c_U               |        0|    68|   0|    -|     2|   32|       64|
    |nRows_assign_c_U               |        0|    68|   0|    -|     2|   32|       64|
    |pBoundLbResSq_U                |        0|   132|   0|    -|     2|   64|      128|
    |pBoundUbResSq_U                |        0|   132|   0|    -|     2|   64|      128|
    |pConstrResSq_U                 |        0|   132|   0|    -|     2|   64|      128|
    |primalINfeasConstr_fifo_i_U    |        0|  1028|   0|    -|     2|  512|     1024|
    |primalInfeasConstr_SVfifo_i_U  |        0|  1028|   0|    -|     2|  512|     1024|
    |primalInfeasRay_SVfifo_lb_i_U  |        0|  1028|   0|    -|     2|  512|     1024|
    |primalInfeasRay_SVfifo_ub_i_U  |        0|  1028|   0|    -|     2|  512|     1024|
    |primalInfeasRay_fifo_i_U       |        0|  1028|   0|    -|     2|  512|     1024|
    +-------------------------------+---------+------+----+-----+------+-----+---------+
    |Total                          |        0|  5682|   0|    0|    26| 2944|     6016|
    +-------------------------------+---------+------+----+-----+------+-----+---------+

    * Expression: 
    +-------------------------------------+----------+----+---+----+------------+------------+
    |            Variable Name            | Operation| DSP| FF| LUT| Bitwidth P0| Bitwidth P1|
    +-------------------------------------+----------+----+---+----+------------+------------+
    |Primal_Bound_U0_ap_continue          |       and|   0|  0|   2|           1|           1|
    |Primal_Bound_U0_ap_start             |       and|   0|  0|   2|           1|           1|
    |Primal_Constr_U0_ap_start            |       and|   0|  0|   2|           1|           1|
    |add3_Sqrt_U0_ap_start                |       and|   0|  0|   2|           1|           1|
    |ap_channel_done_pBoundLbResSq        |       and|   0|  0|   2|           1|           1|
    |ap_channel_done_pBoundUbResSq        |       and|   0|  0|   2|           1|           1|
    |ap_idle                              |       and|   0|  0|   2|           1|           1|
    |ap_sync_ready                        |       and|   0|  0|   2|           1|           1|
    |entry_proc31_U0_ap_start             |       and|   0|  0|   2|           1|           1|
    |entry_proc31_U0_start_full_n         |       and|   0|  0|   2|           1|           1|
    |loadDDR_data_18_U0_ap_start          |       and|   0|  0|   2|           1|           1|
    |loadDDR_data_19_U0_ap_start          |       and|   0|  0|   2|           1|           1|
    |ap_sync_Primal_Bound_U0_ap_ready     |        or|   0|  0|   2|           1|           1|
    |ap_sync_Primal_Constr_U0_ap_ready    |        or|   0|  0|   2|           1|           1|
    |ap_sync_channel_write_pBoundLbResSq  |        or|   0|  0|   2|           1|           1|
    |ap_sync_channel_write_pBoundUbResSq  |        or|   0|  0|   2|           1|           1|
    |ap_sync_entry_proc31_U0_ap_ready     |        or|   0|  0|   2|           1|           1|
    |ap_sync_loadDDR_data_18_U0_ap_ready  |        or|   0|  0|   2|           1|           1|
    |ap_sync_loadDDR_data_19_U0_ap_ready  |        or|   0|  0|   2|           1|           1|
    +-------------------------------------+----------+----+---+----+------------+------------+
    |Total                                |          |   0|  0|  38|          19|          19|
    +-------------------------------------+----------+----+---+----+------------+------------+

    * Multiplexer: 
    +-----------------------------------------+----+-----------+-----+-----------+
    |                   Name                  | LUT| Input Size| Bits| Total Bits|
    +-----------------------------------------+----+-----------+-----+-----------+
    |ap_sync_reg_Primal_Bound_U0_ap_ready     |   8|          2|    1|          2|
    |ap_sync_reg_Primal_Constr_U0_ap_ready    |   8|          2|    1|          2|
    |ap_sync_reg_channel_write_pBoundLbResSq  |   8|          2|    1|          2|
    |ap_sync_reg_channel_write_pBoundUbResSq  |   8|          2|    1|          2|
    |ap_sync_reg_entry_proc31_U0_ap_ready     |   8|          2|    1|          2|
    |ap_sync_reg_loadDDR_data_18_U0_ap_ready  |   8|          2|    1|          2|
    |ap_sync_reg_loadDDR_data_19_U0_ap_ready  |   8|          2|    1|          2|
    +-----------------------------------------+----+-----------+-----+-----------+
    |Total                                    |  56|         14|    7|         14|
    +-----------------------------------------+----+-----------+-----+-----------+

    * Register: 
    +-----------------------------------------+---+----+-----+-----------+
    |                   Name                  | FF| LUT| Bits| Const Bits|
    +-----------------------------------------+---+----+-----+-----------+
    |ap_sync_reg_Primal_Bound_U0_ap_ready     |  1|   0|    1|          0|
    |ap_sync_reg_Primal_Constr_U0_ap_ready    |  1|   0|    1|          0|
    |ap_sync_reg_channel_write_pBoundLbResSq  |  1|   0|    1|          0|
    |ap_sync_reg_channel_write_pBoundUbResSq  |  1|   0|    1|          0|
    |ap_sync_reg_entry_proc31_U0_ap_ready     |  1|   0|    1|          0|
    |ap_sync_reg_loadDDR_data_18_U0_ap_ready  |  1|   0|    1|          0|
    |ap_sync_reg_loadDDR_data_19_U0_ap_ready  |  1|   0|    1|          0|
    +-----------------------------------------+---+----+-----+-----------+
    |Total                                    |  7|   0|    7|          0|
    +-----------------------------------------+---+----+-----+-----------+



================================================================
== Interface
================================================================
* Summary: 
+-----------------------+-----+-----+------------+-----------------------------------+--------------+
|       RTL Ports       | Dir | Bits|  Protocol  |           Source Object           |    C Type    |
+-----------------------+-----+-----+------------+-----------------------------------+--------------+
|m_axi_gmem5_AWVALID    |  out|    1|       m_axi|                              gmem5|       pointer|
|m_axi_gmem5_AWREADY    |   in|    1|       m_axi|                              gmem5|       pointer|
|m_axi_gmem5_AWADDR     |  out|   64|       m_axi|                              gmem5|       pointer|
|m_axi_gmem5_AWID       |  out|    1|       m_axi|                              gmem5|       pointer|
|m_axi_gmem5_AWLEN      |  out|   32|       m_axi|                              gmem5|       pointer|
|m_axi_gmem5_AWSIZE     |  out|    3|       m_axi|                              gmem5|       pointer|
|m_axi_gmem5_AWBURST    |  out|    2|       m_axi|                              gmem5|       pointer|
|m_axi_gmem5_AWLOCK     |  out|    2|       m_axi|                              gmem5|       pointer|
|m_axi_gmem5_AWCACHE    |  out|    4|       m_axi|                              gmem5|       pointer|
|m_axi_gmem5_AWPROT     |  out|    3|       m_axi|                              gmem5|       pointer|
|m_axi_gmem5_AWQOS      |  out|    4|       m_axi|                              gmem5|       pointer|
|m_axi_gmem5_AWREGION   |  out|    4|       m_axi|                              gmem5|       pointer|
|m_axi_gmem5_AWUSER     |  out|    1|       m_axi|                              gmem5|       pointer|
|m_axi_gmem5_WVALID     |  out|    1|       m_axi|                              gmem5|       pointer|
|m_axi_gmem5_WREADY     |   in|    1|       m_axi|                              gmem5|       pointer|
|m_axi_gmem5_WDATA      |  out|  512|       m_axi|                              gmem5|       pointer|
|m_axi_gmem5_WSTRB      |  out|   64|       m_axi|                              gmem5|       pointer|
|m_axi_gmem5_WLAST      |  out|    1|       m_axi|                              gmem5|       pointer|
|m_axi_gmem5_WID        |  out|    1|       m_axi|                              gmem5|       pointer|
|m_axi_gmem5_WUSER      |  out|    1|       m_axi|                              gmem5|       pointer|
|m_axi_gmem5_ARVALID    |  out|    1|       m_axi|                              gmem5|       pointer|
|m_axi_gmem5_ARREADY    |   in|    1|       m_axi|                              gmem5|       pointer|
|m_axi_gmem5_ARADDR     |  out|   64|       m_axi|                              gmem5|       pointer|
|m_axi_gmem5_ARID       |  out|    1|       m_axi|                              gmem5|       pointer|
|m_axi_gmem5_ARLEN      |  out|   32|       m_axi|                              gmem5|       pointer|
|m_axi_gmem5_ARSIZE     |  out|    3|       m_axi|                              gmem5|       pointer|
|m_axi_gmem5_ARBURST    |  out|    2|       m_axi|                              gmem5|       pointer|
|m_axi_gmem5_ARLOCK     |  out|    2|       m_axi|                              gmem5|       pointer|
|m_axi_gmem5_ARCACHE    |  out|    4|       m_axi|                              gmem5|       pointer|
|m_axi_gmem5_ARPROT     |  out|    3|       m_axi|                              gmem5|       pointer|
|m_axi_gmem5_ARQOS      |  out|    4|       m_axi|                              gmem5|       pointer|
|m_axi_gmem5_ARREGION   |  out|    4|       m_axi|                              gmem5|       pointer|
|m_axi_gmem5_ARUSER     |  out|    1|       m_axi|                              gmem5|       pointer|
|m_axi_gmem5_RVALID     |   in|    1|       m_axi|                              gmem5|       pointer|
|m_axi_gmem5_RREADY     |  out|    1|       m_axi|                              gmem5|       pointer|
|m_axi_gmem5_RDATA      |   in|  512|       m_axi|                              gmem5|       pointer|
|m_axi_gmem5_RLAST      |   in|    1|       m_axi|                              gmem5|       pointer|
|m_axi_gmem5_RID        |   in|    1|       m_axi|                              gmem5|       pointer|
|m_axi_gmem5_RFIFONUM   |   in|   13|       m_axi|                              gmem5|       pointer|
|m_axi_gmem5_RUSER      |   in|    1|       m_axi|                              gmem5|       pointer|
|m_axi_gmem5_RRESP      |   in|    2|       m_axi|                              gmem5|       pointer|
|m_axi_gmem5_BVALID     |   in|    1|       m_axi|                              gmem5|       pointer|
|m_axi_gmem5_BREADY     |  out|    1|       m_axi|                              gmem5|       pointer|
|m_axi_gmem5_BRESP      |   in|    2|       m_axi|                              gmem5|       pointer|
|m_axi_gmem5_BID        |   in|    1|       m_axi|                              gmem5|       pointer|
|m_axi_gmem5_BUSER      |   in|    1|       m_axi|                              gmem5|       pointer|
|x                      |   in|   64|     ap_none|                                  x|        scalar|
|x_ap_vld               |   in|    1|     ap_none|                                  x|        scalar|
|m_axi_gmem6_AWVALID    |  out|    1|       m_axi|                              gmem6|       pointer|
|m_axi_gmem6_AWREADY    |   in|    1|       m_axi|                              gmem6|       pointer|
|m_axi_gmem6_AWADDR     |  out|   64|       m_axi|                              gmem6|       pointer|
|m_axi_gmem6_AWID       |  out|    1|       m_axi|                              gmem6|       pointer|
|m_axi_gmem6_AWLEN      |  out|   32|       m_axi|                              gmem6|       pointer|
|m_axi_gmem6_AWSIZE     |  out|    3|       m_axi|                              gmem6|       pointer|
|m_axi_gmem6_AWBURST    |  out|    2|       m_axi|                              gmem6|       pointer|
|m_axi_gmem6_AWLOCK     |  out|    2|       m_axi|                              gmem6|       pointer|
|m_axi_gmem6_AWCACHE    |  out|    4|       m_axi|                              gmem6|       pointer|
|m_axi_gmem6_AWPROT     |  out|    3|       m_axi|                              gmem6|       pointer|
|m_axi_gmem6_AWQOS      |  out|    4|       m_axi|                              gmem6|       pointer|
|m_axi_gmem6_AWREGION   |  out|    4|       m_axi|                              gmem6|       pointer|
|m_axi_gmem6_AWUSER     |  out|    1|       m_axi|                              gmem6|       pointer|
|m_axi_gmem6_WVALID     |  out|    1|       m_axi|                              gmem6|       pointer|
|m_axi_gmem6_WREADY     |   in|    1|       m_axi|                              gmem6|       pointer|
|m_axi_gmem6_WDATA      |  out|  512|       m_axi|                              gmem6|       pointer|
|m_axi_gmem6_WSTRB      |  out|   64|       m_axi|                              gmem6|       pointer|
|m_axi_gmem6_WLAST      |  out|    1|       m_axi|                              gmem6|       pointer|
|m_axi_gmem6_WID        |  out|    1|       m_axi|                              gmem6|       pointer|
|m_axi_gmem6_WUSER      |  out|    1|       m_axi|                              gmem6|       pointer|
|m_axi_gmem6_ARVALID    |  out|    1|       m_axi|                              gmem6|       pointer|
|m_axi_gmem6_ARREADY    |   in|    1|       m_axi|                              gmem6|       pointer|
|m_axi_gmem6_ARADDR     |  out|   64|       m_axi|                              gmem6|       pointer|
|m_axi_gmem6_ARID       |  out|    1|       m_axi|                              gmem6|       pointer|
|m_axi_gmem6_ARLEN      |  out|   32|       m_axi|                              gmem6|       pointer|
|m_axi_gmem6_ARSIZE     |  out|    3|       m_axi|                              gmem6|       pointer|
|m_axi_gmem6_ARBURST    |  out|    2|       m_axi|                              gmem6|       pointer|
|m_axi_gmem6_ARLOCK     |  out|    2|       m_axi|                              gmem6|       pointer|
|m_axi_gmem6_ARCACHE    |  out|    4|       m_axi|                              gmem6|       pointer|
|m_axi_gmem6_ARPROT     |  out|    3|       m_axi|                              gmem6|       pointer|
|m_axi_gmem6_ARQOS      |  out|    4|       m_axi|                              gmem6|       pointer|
|m_axi_gmem6_ARREGION   |  out|    4|       m_axi|                              gmem6|       pointer|
|m_axi_gmem6_ARUSER     |  out|    1|       m_axi|                              gmem6|       pointer|
|m_axi_gmem6_RVALID     |   in|    1|       m_axi|                              gmem6|       pointer|
|m_axi_gmem6_RREADY     |  out|    1|       m_axi|                              gmem6|       pointer|
|m_axi_gmem6_RDATA      |   in|  512|       m_axi|                              gmem6|       pointer|
|m_axi_gmem6_RLAST      |   in|    1|       m_axi|                              gmem6|       pointer|
|m_axi_gmem6_RID        |   in|    1|       m_axi|                              gmem6|       pointer|
|m_axi_gmem6_RFIFONUM   |   in|   13|       m_axi|                              gmem6|       pointer|
|m_axi_gmem6_RUSER      |   in|    1|       m_axi|                              gmem6|       pointer|
|m_axi_gmem6_RRESP      |   in|    2|       m_axi|                              gmem6|       pointer|
|m_axi_gmem6_BVALID     |   in|    1|       m_axi|                              gmem6|       pointer|
|m_axi_gmem6_BREADY     |  out|    1|       m_axi|                              gmem6|       pointer|
|m_axi_gmem6_BRESP      |   in|    2|       m_axi|                              gmem6|       pointer|
|m_axi_gmem6_BID        |   in|    1|       m_axi|                              gmem6|       pointer|
|m_axi_gmem6_BUSER      |   in|    1|       m_axi|                              gmem6|       pointer|
|ax                     |   in|   64|     ap_none|                                 ax|        scalar|
|ax_ap_vld              |   in|    1|     ap_none|                                 ax|        scalar|
|m_axi_gmem8_AWVALID    |  out|    1|       m_axi|                              gmem8|       pointer|
|m_axi_gmem8_AWREADY    |   in|    1|       m_axi|                              gmem8|       pointer|
|m_axi_gmem8_AWADDR     |  out|   64|       m_axi|                              gmem8|       pointer|
|m_axi_gmem8_AWID       |  out|    1|       m_axi|                              gmem8|       pointer|
|m_axi_gmem8_AWLEN      |  out|   32|       m_axi|                              gmem8|       pointer|
|m_axi_gmem8_AWSIZE     |  out|    3|       m_axi|                              gmem8|       pointer|
|m_axi_gmem8_AWBURST    |  out|    2|       m_axi|                              gmem8|       pointer|
|m_axi_gmem8_AWLOCK     |  out|    2|       m_axi|                              gmem8|       pointer|
|m_axi_gmem8_AWCACHE    |  out|    4|       m_axi|                              gmem8|       pointer|
|m_axi_gmem8_AWPROT     |  out|    3|       m_axi|                              gmem8|       pointer|
|m_axi_gmem8_AWQOS      |  out|    4|       m_axi|                              gmem8|       pointer|
|m_axi_gmem8_AWREGION   |  out|    4|       m_axi|                              gmem8|       pointer|
|m_axi_gmem8_AWUSER     |  out|    1|       m_axi|                              gmem8|       pointer|
|m_axi_gmem8_WVALID     |  out|    1|       m_axi|                              gmem8|       pointer|
|m_axi_gmem8_WREADY     |   in|    1|       m_axi|                              gmem8|       pointer|
|m_axi_gmem8_WDATA      |  out|  512|       m_axi|                              gmem8|       pointer|
|m_axi_gmem8_WSTRB      |  out|   64|       m_axi|                              gmem8|       pointer|
|m_axi_gmem8_WLAST      |  out|    1|       m_axi|                              gmem8|       pointer|
|m_axi_gmem8_WID        |  out|    1|       m_axi|                              gmem8|       pointer|
|m_axi_gmem8_WUSER      |  out|    1|       m_axi|                              gmem8|       pointer|
|m_axi_gmem8_ARVALID    |  out|    1|       m_axi|                              gmem8|       pointer|
|m_axi_gmem8_ARREADY    |   in|    1|       m_axi|                              gmem8|       pointer|
|m_axi_gmem8_ARADDR     |  out|   64|       m_axi|                              gmem8|       pointer|
|m_axi_gmem8_ARID       |  out|    1|       m_axi|                              gmem8|       pointer|
|m_axi_gmem8_ARLEN      |  out|   32|       m_axi|                              gmem8|       pointer|
|m_axi_gmem8_ARSIZE     |  out|    3|       m_axi|                              gmem8|       pointer|
|m_axi_gmem8_ARBURST    |  out|    2|       m_axi|                              gmem8|       pointer|
|m_axi_gmem8_ARLOCK     |  out|    2|       m_axi|                              gmem8|       pointer|
|m_axi_gmem8_ARCACHE    |  out|    4|       m_axi|                              gmem8|       pointer|
|m_axi_gmem8_ARPROT     |  out|    3|       m_axi|                              gmem8|       pointer|
|m_axi_gmem8_ARQOS      |  out|    4|       m_axi|                              gmem8|       pointer|
|m_axi_gmem8_ARREGION   |  out|    4|       m_axi|                              gmem8|       pointer|
|m_axi_gmem8_ARUSER     |  out|    1|       m_axi|                              gmem8|       pointer|
|m_axi_gmem8_RVALID     |   in|    1|       m_axi|                              gmem8|       pointer|
|m_axi_gmem8_RREADY     |  out|    1|       m_axi|                              gmem8|       pointer|
|m_axi_gmem8_RDATA      |   in|  512|       m_axi|                              gmem8|       pointer|
|m_axi_gmem8_RLAST      |   in|    1|       m_axi|                              gmem8|       pointer|
|m_axi_gmem8_RID        |   in|    1|       m_axi|                              gmem8|       pointer|
|m_axi_gmem8_RFIFONUM   |   in|   13|       m_axi|                              gmem8|       pointer|
|m_axi_gmem8_RUSER      |   in|    1|       m_axi|                              gmem8|       pointer|
|m_axi_gmem8_RRESP      |   in|    2|       m_axi|                              gmem8|       pointer|
|m_axi_gmem8_BVALID     |   in|    1|       m_axi|                              gmem8|       pointer|
|m_axi_gmem8_BREADY     |  out|    1|       m_axi|                              gmem8|       pointer|
|m_axi_gmem8_BRESP      |   in|    2|       m_axi|                              gmem8|       pointer|
|m_axi_gmem8_BID        |   in|    1|       m_axi|                              gmem8|       pointer|
|m_axi_gmem8_BUSER      |   in|    1|       m_axi|                              gmem8|       pointer|
|rowScale               |   in|   64|     ap_none|                           rowScale|        scalar|
|rowScale_ap_vld        |   in|    1|     ap_none|                           rowScale|        scalar|
|m_axi_gmem7_AWVALID    |  out|    1|       m_axi|                              gmem7|       pointer|
|m_axi_gmem7_AWREADY    |   in|    1|       m_axi|                              gmem7|       pointer|
|m_axi_gmem7_AWADDR     |  out|   64|       m_axi|                              gmem7|       pointer|
|m_axi_gmem7_AWID       |  out|    1|       m_axi|                              gmem7|       pointer|
|m_axi_gmem7_AWLEN      |  out|   32|       m_axi|                              gmem7|       pointer|
|m_axi_gmem7_AWSIZE     |  out|    3|       m_axi|                              gmem7|       pointer|
|m_axi_gmem7_AWBURST    |  out|    2|       m_axi|                              gmem7|       pointer|
|m_axi_gmem7_AWLOCK     |  out|    2|       m_axi|                              gmem7|       pointer|
|m_axi_gmem7_AWCACHE    |  out|    4|       m_axi|                              gmem7|       pointer|
|m_axi_gmem7_AWPROT     |  out|    3|       m_axi|                              gmem7|       pointer|
|m_axi_gmem7_AWQOS      |  out|    4|       m_axi|                              gmem7|       pointer|
|m_axi_gmem7_AWREGION   |  out|    4|       m_axi|                              gmem7|       pointer|
|m_axi_gmem7_AWUSER     |  out|    1|       m_axi|                              gmem7|       pointer|
|m_axi_gmem7_WVALID     |  out|    1|       m_axi|                              gmem7|       pointer|
|m_axi_gmem7_WREADY     |   in|    1|       m_axi|                              gmem7|       pointer|
|m_axi_gmem7_WDATA      |  out|  512|       m_axi|                              gmem7|       pointer|
|m_axi_gmem7_WSTRB      |  out|   64|       m_axi|                              gmem7|       pointer|
|m_axi_gmem7_WLAST      |  out|    1|       m_axi|                              gmem7|       pointer|
|m_axi_gmem7_WID        |  out|    1|       m_axi|                              gmem7|       pointer|
|m_axi_gmem7_WUSER      |  out|    1|       m_axi|                              gmem7|       pointer|
|m_axi_gmem7_ARVALID    |  out|    1|       m_axi|                              gmem7|       pointer|
|m_axi_gmem7_ARREADY    |   in|    1|       m_axi|                              gmem7|       pointer|
|m_axi_gmem7_ARADDR     |  out|   64|       m_axi|                              gmem7|       pointer|
|m_axi_gmem7_ARID       |  out|    1|       m_axi|                              gmem7|       pointer|
|m_axi_gmem7_ARLEN      |  out|   32|       m_axi|                              gmem7|       pointer|
|m_axi_gmem7_ARSIZE     |  out|    3|       m_axi|                              gmem7|       pointer|
|m_axi_gmem7_ARBURST    |  out|    2|       m_axi|                              gmem7|       pointer|
|m_axi_gmem7_ARLOCK     |  out|    2|       m_axi|                              gmem7|       pointer|
|m_axi_gmem7_ARCACHE    |  out|    4|       m_axi|                              gmem7|       pointer|
|m_axi_gmem7_ARPROT     |  out|    3|       m_axi|                              gmem7|       pointer|
|m_axi_gmem7_ARQOS      |  out|    4|       m_axi|                              gmem7|       pointer|
|m_axi_gmem7_ARREGION   |  out|    4|       m_axi|                              gmem7|       pointer|
|m_axi_gmem7_ARUSER     |  out|    1|       m_axi|                              gmem7|       pointer|
|m_axi_gmem7_RVALID     |   in|    1|       m_axi|                              gmem7|       pointer|
|m_axi_gmem7_RREADY     |  out|    1|       m_axi|                              gmem7|       pointer|
|m_axi_gmem7_RDATA      |   in|  512|       m_axi|                              gmem7|       pointer|
|m_axi_gmem7_RLAST      |   in|    1|       m_axi|                              gmem7|       pointer|
|m_axi_gmem7_RID        |   in|    1|       m_axi|                              gmem7|       pointer|
|m_axi_gmem7_RFIFONUM   |   in|   13|       m_axi|                              gmem7|       pointer|
|m_axi_gmem7_RUSER      |   in|    1|       m_axi|                              gmem7|       pointer|
|m_axi_gmem7_RRESP      |   in|    2|       m_axi|                              gmem7|       pointer|
|m_axi_gmem7_BVALID     |   in|    1|       m_axi|                              gmem7|       pointer|
|m_axi_gmem7_BREADY     |  out|    1|       m_axi|                              gmem7|       pointer|
|m_axi_gmem7_BRESP      |   in|    2|       m_axi|                              gmem7|       pointer|
|m_axi_gmem7_BID        |   in|    1|       m_axi|                              gmem7|       pointer|
|m_axi_gmem7_BUSER      |   in|    1|       m_axi|                              gmem7|       pointer|
|colScale1              |   in|   64|     ap_none|                          colScale1|        scalar|
|colScale1_ap_vld       |   in|    1|     ap_none|                          colScale1|        scalar|
|m_axi_gmem9_AWVALID    |  out|    1|       m_axi|                              gmem9|       pointer|
|m_axi_gmem9_AWREADY    |   in|    1|       m_axi|                              gmem9|       pointer|
|m_axi_gmem9_AWADDR     |  out|   64|       m_axi|                              gmem9|       pointer|
|m_axi_gmem9_AWID       |  out|    1|       m_axi|                              gmem9|       pointer|
|m_axi_gmem9_AWLEN      |  out|   32|       m_axi|                              gmem9|       pointer|
|m_axi_gmem9_AWSIZE     |  out|    3|       m_axi|                              gmem9|       pointer|
|m_axi_gmem9_AWBURST    |  out|    2|       m_axi|                              gmem9|       pointer|
|m_axi_gmem9_AWLOCK     |  out|    2|       m_axi|                              gmem9|       pointer|
|m_axi_gmem9_AWCACHE    |  out|    4|       m_axi|                              gmem9|       pointer|
|m_axi_gmem9_AWPROT     |  out|    3|       m_axi|                              gmem9|       pointer|
|m_axi_gmem9_AWQOS      |  out|    4|       m_axi|                              gmem9|       pointer|
|m_axi_gmem9_AWREGION   |  out|    4|       m_axi|                              gmem9|       pointer|
|m_axi_gmem9_AWUSER     |  out|    1|       m_axi|                              gmem9|       pointer|
|m_axi_gmem9_WVALID     |  out|    1|       m_axi|                              gmem9|       pointer|
|m_axi_gmem9_WREADY     |   in|    1|       m_axi|                              gmem9|       pointer|
|m_axi_gmem9_WDATA      |  out|  512|       m_axi|                              gmem9|       pointer|
|m_axi_gmem9_WSTRB      |  out|   64|       m_axi|                              gmem9|       pointer|
|m_axi_gmem9_WLAST      |  out|    1|       m_axi|                              gmem9|       pointer|
|m_axi_gmem9_WID        |  out|    1|       m_axi|                              gmem9|       pointer|
|m_axi_gmem9_WUSER      |  out|    1|       m_axi|                              gmem9|       pointer|
|m_axi_gmem9_ARVALID    |  out|    1|       m_axi|                              gmem9|       pointer|
|m_axi_gmem9_ARREADY    |   in|    1|       m_axi|                              gmem9|       pointer|
|m_axi_gmem9_ARADDR     |  out|   64|       m_axi|                              gmem9|       pointer|
|m_axi_gmem9_ARID       |  out|    1|       m_axi|                              gmem9|       pointer|
|m_axi_gmem9_ARLEN      |  out|   32|       m_axi|                              gmem9|       pointer|
|m_axi_gmem9_ARSIZE     |  out|    3|       m_axi|                              gmem9|       pointer|
|m_axi_gmem9_ARBURST    |  out|    2|       m_axi|                              gmem9|       pointer|
|m_axi_gmem9_ARLOCK     |  out|    2|       m_axi|                              gmem9|       pointer|
|m_axi_gmem9_ARCACHE    |  out|    4|       m_axi|                              gmem9|       pointer|
|m_axi_gmem9_ARPROT     |  out|    3|       m_axi|                              gmem9|       pointer|
|m_axi_gmem9_ARQOS      |  out|    4|       m_axi|                              gmem9|       pointer|
|m_axi_gmem9_ARREGION   |  out|    4|       m_axi|                              gmem9|       pointer|
|m_axi_gmem9_ARUSER     |  out|    1|       m_axi|                              gmem9|       pointer|
|m_axi_gmem9_RVALID     |   in|    1|       m_axi|                              gmem9|       pointer|
|m_axi_gmem9_RREADY     |  out|    1|       m_axi|                              gmem9|       pointer|
|m_axi_gmem9_RDATA      |   in|  512|       m_axi|                              gmem9|       pointer|
|m_axi_gmem9_RLAST      |   in|    1|       m_axi|                              gmem9|       pointer|
|m_axi_gmem9_RID        |   in|    1|       m_axi|                              gmem9|       pointer|
|m_axi_gmem9_RFIFONUM   |   in|   13|       m_axi|                              gmem9|       pointer|
|m_axi_gmem9_RUSER      |   in|    1|       m_axi|                              gmem9|       pointer|
|m_axi_gmem9_RRESP      |   in|    2|       m_axi|                              gmem9|       pointer|
|m_axi_gmem9_BVALID     |   in|    1|       m_axi|                              gmem9|       pointer|
|m_axi_gmem9_BREADY     |  out|    1|       m_axi|                              gmem9|       pointer|
|m_axi_gmem9_BRESP      |   in|    2|       m_axi|                              gmem9|       pointer|
|m_axi_gmem9_BID        |   in|    1|       m_axi|                              gmem9|       pointer|
|m_axi_gmem9_BUSER      |   in|    1|       m_axi|                              gmem9|       pointer|
|hasLower               |   in|   64|     ap_none|                           hasLower|        scalar|
|hasLower_ap_vld        |   in|    1|     ap_none|                           hasLower|        scalar|
|m_axi_gmem10_AWVALID   |  out|    1|       m_axi|                             gmem10|       pointer|
|m_axi_gmem10_AWREADY   |   in|    1|       m_axi|                             gmem10|       pointer|
|m_axi_gmem10_AWADDR    |  out|   64|       m_axi|                             gmem10|       pointer|
|m_axi_gmem10_AWID      |  out|    1|       m_axi|                             gmem10|       pointer|
|m_axi_gmem10_AWLEN     |  out|   32|       m_axi|                             gmem10|       pointer|
|m_axi_gmem10_AWSIZE    |  out|    3|       m_axi|                             gmem10|       pointer|
|m_axi_gmem10_AWBURST   |  out|    2|       m_axi|                             gmem10|       pointer|
|m_axi_gmem10_AWLOCK    |  out|    2|       m_axi|                             gmem10|       pointer|
|m_axi_gmem10_AWCACHE   |  out|    4|       m_axi|                             gmem10|       pointer|
|m_axi_gmem10_AWPROT    |  out|    3|       m_axi|                             gmem10|       pointer|
|m_axi_gmem10_AWQOS     |  out|    4|       m_axi|                             gmem10|       pointer|
|m_axi_gmem10_AWREGION  |  out|    4|       m_axi|                             gmem10|       pointer|
|m_axi_gmem10_AWUSER    |  out|    1|       m_axi|                             gmem10|       pointer|
|m_axi_gmem10_WVALID    |  out|    1|       m_axi|                             gmem10|       pointer|
|m_axi_gmem10_WREADY    |   in|    1|       m_axi|                             gmem10|       pointer|
|m_axi_gmem10_WDATA     |  out|  512|       m_axi|                             gmem10|       pointer|
|m_axi_gmem10_WSTRB     |  out|   64|       m_axi|                             gmem10|       pointer|
|m_axi_gmem10_WLAST     |  out|    1|       m_axi|                             gmem10|       pointer|
|m_axi_gmem10_WID       |  out|    1|       m_axi|                             gmem10|       pointer|
|m_axi_gmem10_WUSER     |  out|    1|       m_axi|                             gmem10|       pointer|
|m_axi_gmem10_ARVALID   |  out|    1|       m_axi|                             gmem10|       pointer|
|m_axi_gmem10_ARREADY   |   in|    1|       m_axi|                             gmem10|       pointer|
|m_axi_gmem10_ARADDR    |  out|   64|       m_axi|                             gmem10|       pointer|
|m_axi_gmem10_ARID      |  out|    1|       m_axi|                             gmem10|       pointer|
|m_axi_gmem10_ARLEN     |  out|   32|       m_axi|                             gmem10|       pointer|
|m_axi_gmem10_ARSIZE    |  out|    3|       m_axi|                             gmem10|       pointer|
|m_axi_gmem10_ARBURST   |  out|    2|       m_axi|                             gmem10|       pointer|
|m_axi_gmem10_ARLOCK    |  out|    2|       m_axi|                             gmem10|       pointer|
|m_axi_gmem10_ARCACHE   |  out|    4|       m_axi|                             gmem10|       pointer|
|m_axi_gmem10_ARPROT    |  out|    3|       m_axi|                             gmem10|       pointer|
|m_axi_gmem10_ARQOS     |  out|    4|       m_axi|                             gmem10|       pointer|
|m_axi_gmem10_ARREGION  |  out|    4|       m_axi|                             gmem10|       pointer|
|m_axi_gmem10_ARUSER    |  out|    1|       m_axi|                             gmem10|       pointer|
|m_axi_gmem10_RVALID    |   in|    1|       m_axi|                             gmem10|       pointer|
|m_axi_gmem10_RREADY    |  out|    1|       m_axi|                             gmem10|       pointer|
|m_axi_gmem10_RDATA     |   in|  512|       m_axi|                             gmem10|       pointer|
|m_axi_gmem10_RLAST     |   in|    1|       m_axi|                             gmem10|       pointer|
|m_axi_gmem10_RID       |   in|    1|       m_axi|                             gmem10|       pointer|
|m_axi_gmem10_RFIFONUM  |   in|   13|       m_axi|                             gmem10|       pointer|
|m_axi_gmem10_RUSER     |   in|    1|       m_axi|                             gmem10|       pointer|
|m_axi_gmem10_RRESP     |   in|    2|       m_axi|                             gmem10|       pointer|
|m_axi_gmem10_BVALID    |   in|    1|       m_axi|                             gmem10|       pointer|
|m_axi_gmem10_BREADY    |  out|    1|       m_axi|                             gmem10|       pointer|
|m_axi_gmem10_BRESP     |   in|    2|       m_axi|                             gmem10|       pointer|
|m_axi_gmem10_BID       |   in|    1|       m_axi|                             gmem10|       pointer|
|m_axi_gmem10_BUSER     |   in|    1|       m_axi|                             gmem10|       pointer|
|hasUpper               |   in|   64|     ap_none|                           hasUpper|        scalar|
|hasUpper_ap_vld        |   in|    1|     ap_none|                           hasUpper|        scalar|
|p_read                 |   in|   32|     ap_none|                             p_read|        scalar|
|p_read_ap_vld          |   in|    1|     ap_none|                             p_read|        scalar|
|p_read1                |   in|   32|     ap_none|                            p_read1|        scalar|
|p_read1_ap_vld         |   in|    1|     ap_none|                            p_read1|        scalar|
|ifScaled               |   in|   32|     ap_none|                           ifScaled|        scalar|
|ifScaled_ap_vld        |   in|    1|     ap_none|                           ifScaled|        scalar|
|problem_nEqs           |   in|   32|     ap_none|                       problem_nEqs|        scalar|
|problem_nEqs_ap_vld    |   in|    1|     ap_none|                       problem_nEqs|        scalar|
|inverse_pScale         |   in|   64|     ap_none|                     inverse_pScale|        scalar|
|inverse_pScale_ap_vld  |   in|    1|     ap_none|                     inverse_pScale|        scalar|
|dDualInfeasRes_din     |  out|   64|     ap_fifo|                     dDualInfeasRes|       pointer|
|dDualInfeasRes_full_n  |   in|    1|     ap_fifo|                     dDualInfeasRes|       pointer|
|dDualInfeasRes_write   |  out|    1|     ap_fifo|                     dDualInfeasRes|       pointer|
|ap_clk                 |   in|    1|  ap_ctrl_hs|  Compute_Dual_Infeasibility_stage2|  return value|
|ap_rst                 |   in|    1|  ap_ctrl_hs|  Compute_Dual_Infeasibility_stage2|  return value|
|ap_start               |   in|    1|  ap_ctrl_hs|  Compute_Dual_Infeasibility_stage2|  return value|
|ap_done                |  out|    1|  ap_ctrl_hs|  Compute_Dual_Infeasibility_stage2|  return value|
|ap_ready               |  out|    1|  ap_ctrl_hs|  Compute_Dual_Infeasibility_stage2|  return value|
|ap_idle                |  out|    1|  ap_ctrl_hs|  Compute_Dual_Infeasibility_stage2|  return value|
|ap_continue            |   in|    1|  ap_ctrl_hs|  Compute_Dual_Infeasibility_stage2|  return value|
+-----------------------+-----+-----+------------+-----------------------------------+--------------+

