

================================================================
== Vitis HLS Report for 'Compute_Primal_Infeasibility_stage2'
================================================================
* Date:           Fri Jan  9 14:29:04 2026

* Version:        2024.1.2 (Build 5096458 on Sep  5 2024)
* Project:        build_Infeasi_Res_S2.xcv80-lsva4737-2MHP-e-S
* Solution:       sol1 (Vivado IP Flow Target)
* Product family: versalhbm
* Target device:  xcv80-lsva4737-2MHP-e-S


================================================================
== Performance Estimates
================================================================
+ Timing: 
    * Summary: 
    +--------+---------+----------+------------+
    |  Clock |  Target | Estimated| Uncertainty|
    +--------+---------+----------+------------+
    |ap_clk  |  3.33 ns|  2.433 ns|     0.90 ns|
    +--------+---------+----------+------------+

+ Latency: 
    * Summary: 
    +---------+---------+----------+----------+-----+-----+----------+
    |  Latency (cycles) |  Latency (absolute) |  Interval | Pipeline |
    |   min   |   max   |    min   |    max   | min | max |   Type   |
    +---------+---------+----------+----------+-----+-----+----------+
    |        ?|        ?|         ?|         ?|    ?|    ?|  dataflow|
    +---------+---------+----------+----------+-----+-----+----------+

    + Detail: 
        * Instance: 
        +----------------------+-------------------+---------+---------+----------+----------+-----+-----+---------+
        |                      |                   |  Latency (cycles) |  Latency (absolute) |  Interval | Pipeline|
        |       Instance       |       Module      |   min   |   max   |    min   |    max   | min | max |   Type  |
        +----------------------+-------------------+---------+---------+----------+----------+-----+-----+---------+
        |entry_proc_U0         |entry_proc         |        0|        0|      0 ns|      0 ns|    0|    0|       no|
        |loadDDR_data_U0       |loadDDR_data       |        ?|        ?|         ?|         ?|    ?|    ?|       no|
        |loadDDR_data_15_U0    |loadDDR_data_15    |        ?|        ?|         ?|         ?|    ?|    ?|       no|
        |loadDDR_data_16_U0    |loadDDR_data_16    |        ?|        ?|         ?|         ?|    ?|    ?|       no|
        |loadDDR_data_17_U0    |loadDDR_data_17    |        ?|        ?|         ?|         ?|    ?|    ?|       no|
        |scaleVector_12_U0     |scaleVector_12     |        ?|        ?|         ?|         ?|    ?|    ?|       no|
        |scaleVector_13_U0     |scaleVector_13     |        ?|        ?|         ?|         ?|    ?|    ?|       no|
        |scaleVector_14_U0     |scaleVector_14     |        ?|        ?|         ?|         ?|    ?|    ?|       no|
        |scaleVector_U0        |scaleVector        |        ?|        ?|         ?|         ?|    ?|    ?|       no|
        |consumer_U0           |consumer           |        ?|        ?|         ?|         ?|    ?|    ?|       no|
        |axpy_2fused_U0        |axpy_2fused        |        ?|        ?|         ?|         ?|    ?|    ?|       no|
        |scale_and_twoNorm_U0  |scale_and_twoNorm  |        ?|        ?|         ?|         ?|    ?|    ?|       no|
        +----------------------+-------------------+---------+---------+----------+----------+-----+-----+---------+

        * Loop: 
        N/A



================================================================
== Utilization Estimates
================================================================
* Summary: 
+---------------------+---------+-------+---------+---------+------+
|         Name        | BRAM_18K|  DSP  |    FF   |   LUT   | URAM |
+---------------------+---------+-------+---------+---------+------+
|DSP                  |        -|      -|        -|        -|     -|
|Expression           |        -|      -|        0|       34|     -|
|FIFO                 |        -|      -|     5588|     2695|     -|
|Instance             |        -|    264|    37770|    37242|     -|
|Memory               |        -|      -|        -|        -|     -|
|Multiplexer          |        -|      -|        0|       56|     -|
|Register             |        -|      -|        7|        -|     -|
+---------------------+---------+-------+---------+---------+------+
|Total                |        0|    264|    43365|    40027|     0|
+---------------------+---------+-------+---------+---------+------+
|Available SLR        |     2494|   3616|  1716138|   858069|   641|
+---------------------+---------+-------+---------+---------+------+
|Utilization SLR (%)  |        0|      7|        2|        4|     0|
+---------------------+---------+-------+---------+---------+------+
|Available            |     7482|  10848|  5148416|  2574208|  1925|
+---------------------+---------+-------+---------+---------+------+
|Utilization (%)      |        0|      2|       ~0|        1|     0|
+---------------------+---------+-------+---------+---------+------+

+ Detail: 
    * Instance: 
    +----------------------+-------------------+---------+----+-------+-------+-----+
    |       Instance       |       Module      | BRAM_18K| DSP|   FF  |  LUT  | URAM|
    +----------------------+-------------------+---------+----+-------+-------+-----+
    |axpy_2fused_U0        |axpy_2fused        |        0|   0|  12837|  14644|    0|
    |consumer_U0           |consumer           |        0|   0|     71|    173|    0|
    |entry_proc_U0         |entry_proc         |        0|   0|      3|     50|    0|
    |loadDDR_data_U0       |loadDDR_data       |        0|   0|    139|    452|    0|
    |loadDDR_data_15_U0    |loadDDR_data_15    |        0|   0|    139|    452|    0|
    |loadDDR_data_16_U0    |loadDDR_data_16    |        0|   0|    139|    452|    0|
    |loadDDR_data_17_U0    |loadDDR_data_17    |        0|   0|    139|    452|    0|
    |scaleVector_U0        |scaleVector        |        0|  48|   3081|   2437|    0|
    |scaleVector_12_U0     |scaleVector_12     |        0|  48|   3082|   2445|    0|
    |scaleVector_13_U0     |scaleVector_13     |        0|  48|   3082|   2437|    0|
    |scaleVector_14_U0     |scaleVector_14     |        0|  48|   3081|   2429|    0|
    |scale_and_twoNorm_U0  |scale_and_twoNorm  |        0|  72|  11977|  10819|    0|
    +----------------------+-------------------+---------+----+-------+-------+-----+
    |Total                 |                   |        0| 264|  37770|  37242|    0|
    +----------------------+-------------------+---------+----+-------+-------+-----+

    * DSP: 
    N/A

    * Memory: 
    N/A

    * FIFO: 
    +-------------------------------+---------+------+----+-----+------+-----+---------+
    |              Name             | BRAM_18K|  FF  | LUT| URAM| Depth| Bits| Size:D*B|
    +-------------------------------+---------+------+----+-----+------+-----+---------+
    |dualInfeasConstr_SVfifo_i_U    |        0|     5|   0|    -|     3|  512|     1536|
    |dualInfeasConstr_axpyfifo_i_U  |        0|     5|   0|    -|     3|  512|     1536|
    |dualInfeasConstr_fifo_i_U      |        0|  1028|   0|    -|     2|  512|     1024|
    |dualInfeasLbRay_SVfifo_i_U     |        0|     5|   0|    -|     3|  512|     1536|
    |dualInfeasLbRay_fifo_i_U       |        0|  1028|   0|    -|     2|  512|     1024|
    |dualInfeasRay_SVfifo_i_U       |        0|  1028|   0|    -|     2|  512|     1024|
    |dualInfeasRay_fifo_i_U         |        0|  1028|   0|    -|     2|  512|     1024|
    |dualInfeasUbRay_SVfifo_i_U     |        0|     5|   0|    -|     3|  512|     1536|
    |dualInfeasUbRay_fifo_i_U       |        0|  1028|   0|    -|     2|  512|     1024|
    |inverse_dScale_c5_U            |        0|     5|   0|    -|     3|   64|      192|
    |inverse_dScale_c6_U            |        0|     5|   0|    -|     3|   64|      192|
    |inverse_dScale_c7_U            |        0|     5|   0|    -|     3|   64|      192|
    |inverse_dScale_c_U             |        0|     5|   0|    -|     3|   64|      192|
    |nCols_assign_c2_U              |        0|    68|   0|    -|     2|   32|       64|
    |nCols_assign_c3_U              |        0|    68|   0|    -|     2|   32|       64|
    |nCols_assign_c4_U              |        0|    68|   0|    -|     2|   32|       64|
    |nCols_assign_c_U               |        0|    68|   0|    -|     2|   32|       64|
    |nRows_assign_c1_U              |        0|    68|   0|    -|     2|   32|       64|
    |nRows_assign_c_U               |        0|    68|   0|    -|     2|   32|       64|
    +-------------------------------+---------+------+----+-----+------+-----+---------+
    |Total                          |        0|  5588|   0|    0|    46| 5056|    12416|
    +-------------------------------+---------+------+----+-----+------+-----+---------+

    * Expression: 
    +---------------------------------------+----------+----+---+----+------------+------------+
    |             Variable Name             | Operation| DSP| FF| LUT| Bitwidth P0| Bitwidth P1|
    +---------------------------------------+----------+----+---+----+------------+------------+
    |ap_idle                                |       and|   0|  0|   2|           1|           1|
    |ap_sync_continue                       |       and|   0|  0|   2|           1|           1|
    |ap_sync_done                           |       and|   0|  0|   2|           1|           1|
    |ap_sync_ready                          |       and|   0|  0|   2|           1|           1|
    |entry_proc_U0_ap_start                 |       and|   0|  0|   2|           1|           1|
    |entry_proc_U0_start_full_n             |       and|   0|  0|   2|           1|           1|
    |loadDDR_data_15_U0_ap_start            |       and|   0|  0|   2|           1|           1|
    |loadDDR_data_16_U0_ap_start            |       and|   0|  0|   2|           1|           1|
    |loadDDR_data_17_U0_ap_start            |       and|   0|  0|   2|           1|           1|
    |loadDDR_data_U0_ap_start               |       and|   0|  0|   2|           1|           1|
    |scale_and_twoNorm_U0_ap_start          |       and|   0|  0|   2|           1|           1|
    |ap_sync_entry_proc_U0_ap_ready         |        or|   0|  0|   2|           1|           1|
    |ap_sync_loadDDR_data_15_U0_ap_ready    |        or|   0|  0|   2|           1|           1|
    |ap_sync_loadDDR_data_16_U0_ap_ready    |        or|   0|  0|   2|           1|           1|
    |ap_sync_loadDDR_data_17_U0_ap_ready    |        or|   0|  0|   2|           1|           1|
    |ap_sync_loadDDR_data_U0_ap_ready       |        or|   0|  0|   2|           1|           1|
    |ap_sync_scale_and_twoNorm_U0_ap_ready  |        or|   0|  0|   2|           1|           1|
    +---------------------------------------+----------+----+---+----+------------+------------+
    |Total                                  |          |   0|  0|  34|          17|          17|
    +---------------------------------------+----------+----+---+----+------------+------------+

    * Multiplexer: 
    +-------------------------------------------+----+-----------+-----+-----------+
    |                    Name                   | LUT| Input Size| Bits| Total Bits|
    +-------------------------------------------+----+-----------+-----+-----------+
    |ap_sync_reg_entry_proc_U0_ap_ready         |   8|          2|    1|          2|
    |ap_sync_reg_loadDDR_data_15_U0_ap_ready    |   8|          2|    1|          2|
    |ap_sync_reg_loadDDR_data_16_U0_ap_ready    |   8|          2|    1|          2|
    |ap_sync_reg_loadDDR_data_17_U0_ap_ready    |   8|          2|    1|          2|
    |ap_sync_reg_loadDDR_data_U0_ap_ready       |   8|          2|    1|          2|
    |ap_sync_reg_scale_and_twoNorm_U0_ap_ready  |   8|          2|    1|          2|
    |real_start                                 |   8|          2|    1|          2|
    +-------------------------------------------+----+-----------+-----+-----------+
    |Total                                      |  56|         14|    7|         14|
    +-------------------------------------------+----+-----------+-----+-----------+

    * Register: 
    +-------------------------------------------+---+----+-----+-----------+
    |                    Name                   | FF| LUT| Bits| Const Bits|
    +-------------------------------------------+---+----+-----+-----------+
    |ap_sync_reg_entry_proc_U0_ap_ready         |  1|   0|    1|          0|
    |ap_sync_reg_loadDDR_data_15_U0_ap_ready    |  1|   0|    1|          0|
    |ap_sync_reg_loadDDR_data_16_U0_ap_ready    |  1|   0|    1|          0|
    |ap_sync_reg_loadDDR_data_17_U0_ap_ready    |  1|   0|    1|          0|
    |ap_sync_reg_loadDDR_data_U0_ap_ready       |  1|   0|    1|          0|
    |ap_sync_reg_scale_and_twoNorm_U0_ap_ready  |  1|   0|    1|          0|
    |start_once_reg                             |  1|   0|    1|          0|
    +-------------------------------------------+---+----+-----+-----------+
    |Total                                      |  7|   0|    7|          0|
    +-------------------------------------------+---+----+-----+-----------+



================================================================
== Interface
================================================================
* Summary: 
+-------------------------+-----+-----+------------+-------------------------------------+--------------+
|        RTL Ports        | Dir | Bits|  Protocol  |            Source Object            |    C Type    |
+-------------------------+-----+-----+------------+-------------------------------------+--------------+
|ap_start                 |   in|    1|  ap_ctrl_hs|  Compute_Primal_Infeasibility_stage2|  return value|
|start_full_n             |   in|    1|  ap_ctrl_hs|  Compute_Primal_Infeasibility_stage2|  return value|
|start_out                |  out|    1|  ap_ctrl_hs|  Compute_Primal_Infeasibility_stage2|  return value|
|start_write              |  out|    1|  ap_ctrl_hs|  Compute_Primal_Infeasibility_stage2|  return value|
|ap_clk                   |   in|    1|  ap_ctrl_hs|  Compute_Primal_Infeasibility_stage2|  return value|
|ap_rst                   |   in|    1|  ap_ctrl_hs|  Compute_Primal_Infeasibility_stage2|  return value|
|ap_done                  |  out|    1|  ap_ctrl_hs|  Compute_Primal_Infeasibility_stage2|  return value|
|ap_ready                 |  out|    1|  ap_ctrl_hs|  Compute_Primal_Infeasibility_stage2|  return value|
|ap_idle                  |  out|    1|  ap_ctrl_hs|  Compute_Primal_Infeasibility_stage2|  return value|
|ap_continue              |   in|    1|  ap_ctrl_hs|  Compute_Primal_Infeasibility_stage2|  return value|
|m_axi_gmem0_AWVALID      |  out|    1|       m_axi|                                gmem0|       pointer|
|m_axi_gmem0_AWREADY      |   in|    1|       m_axi|                                gmem0|       pointer|
|m_axi_gmem0_AWADDR       |  out|   64|       m_axi|                                gmem0|       pointer|
|m_axi_gmem0_AWID         |  out|    1|       m_axi|                                gmem0|       pointer|
|m_axi_gmem0_AWLEN        |  out|   32|       m_axi|                                gmem0|       pointer|
|m_axi_gmem0_AWSIZE       |  out|    3|       m_axi|                                gmem0|       pointer|
|m_axi_gmem0_AWBURST      |  out|    2|       m_axi|                                gmem0|       pointer|
|m_axi_gmem0_AWLOCK       |  out|    2|       m_axi|                                gmem0|       pointer|
|m_axi_gmem0_AWCACHE      |  out|    4|       m_axi|                                gmem0|       pointer|
|m_axi_gmem0_AWPROT       |  out|    3|       m_axi|                                gmem0|       pointer|
|m_axi_gmem0_AWQOS        |  out|    4|       m_axi|                                gmem0|       pointer|
|m_axi_gmem0_AWREGION     |  out|    4|       m_axi|                                gmem0|       pointer|
|m_axi_gmem0_AWUSER       |  out|    1|       m_axi|                                gmem0|       pointer|
|m_axi_gmem0_WVALID       |  out|    1|       m_axi|                                gmem0|       pointer|
|m_axi_gmem0_WREADY       |   in|    1|       m_axi|                                gmem0|       pointer|
|m_axi_gmem0_WDATA        |  out|  512|       m_axi|                                gmem0|       pointer|
|m_axi_gmem0_WSTRB        |  out|   64|       m_axi|                                gmem0|       pointer|
|m_axi_gmem0_WLAST        |  out|    1|       m_axi|                                gmem0|       pointer|
|m_axi_gmem0_WID          |  out|    1|       m_axi|                                gmem0|       pointer|
|m_axi_gmem0_WUSER        |  out|    1|       m_axi|                                gmem0|       pointer|
|m_axi_gmem0_ARVALID      |  out|    1|       m_axi|                                gmem0|       pointer|
|m_axi_gmem0_ARREADY      |   in|    1|       m_axi|                                gmem0|       pointer|
|m_axi_gmem0_ARADDR       |  out|   64|       m_axi|                                gmem0|       pointer|
|m_axi_gmem0_ARID         |  out|    1|       m_axi|                                gmem0|       pointer|
|m_axi_gmem0_ARLEN        |  out|   32|       m_axi|                                gmem0|       pointer|
|m_axi_gmem0_ARSIZE       |  out|    3|       m_axi|                                gmem0|       pointer|
|m_axi_gmem0_ARBURST      |  out|    2|       m_axi|                                gmem0|       pointer|
|m_axi_gmem0_ARLOCK       |  out|    2|       m_axi|                                gmem0|       pointer|
|m_axi_gmem0_ARCACHE      |  out|    4|       m_axi|                                gmem0|       pointer|
|m_axi_gmem0_ARPROT       |  out|    3|       m_axi|                                gmem0|       pointer|
|m_axi_gmem0_ARQOS        |  out|    4|       m_axi|                                gmem0|       pointer|
|m_axi_gmem0_ARREGION     |  out|    4|       m_axi|                                gmem0|       pointer|
|m_axi_gmem0_ARUSER       |  out|    1|       m_axi|                                gmem0|       pointer|
|m_axi_gmem0_RVALID       |   in|    1|       m_axi|                                gmem0|       pointer|
|m_axi_gmem0_RREADY       |  out|    1|       m_axi|                                gmem0|       pointer|
|m_axi_gmem0_RDATA        |   in|  512|       m_axi|                                gmem0|       pointer|
|m_axi_gmem0_RLAST        |   in|    1|       m_axi|                                gmem0|       pointer|
|m_axi_gmem0_RID          |   in|    1|       m_axi|                                gmem0|       pointer|
|m_axi_gmem0_RFIFONUM     |   in|   13|       m_axi|                                gmem0|       pointer|
|m_axi_gmem0_RUSER        |   in|    1|       m_axi|                                gmem0|       pointer|
|m_axi_gmem0_RRESP        |   in|    2|       m_axi|                                gmem0|       pointer|
|m_axi_gmem0_BVALID       |   in|    1|       m_axi|                                gmem0|       pointer|
|m_axi_gmem0_BREADY       |  out|    1|       m_axi|                                gmem0|       pointer|
|m_axi_gmem0_BRESP        |   in|    2|       m_axi|                                gmem0|       pointer|
|m_axi_gmem0_BID          |   in|    1|       m_axi|                                gmem0|       pointer|
|m_axi_gmem0_BUSER        |   in|    1|       m_axi|                                gmem0|       pointer|
|y                        |   in|   64|     ap_none|                                    y|        scalar|
|y_ap_vld                 |   in|    1|     ap_none|                                    y|        scalar|
|m_axi_gmem1_AWVALID      |  out|    1|       m_axi|                                gmem1|       pointer|
|m_axi_gmem1_AWREADY      |   in|    1|       m_axi|                                gmem1|       pointer|
|m_axi_gmem1_AWADDR       |  out|   64|       m_axi|                                gmem1|       pointer|
|m_axi_gmem1_AWID         |  out|    1|       m_axi|                                gmem1|       pointer|
|m_axi_gmem1_AWLEN        |  out|   32|       m_axi|                                gmem1|       pointer|
|m_axi_gmem1_AWSIZE       |  out|    3|       m_axi|                                gmem1|       pointer|
|m_axi_gmem1_AWBURST      |  out|    2|       m_axi|                                gmem1|       pointer|
|m_axi_gmem1_AWLOCK       |  out|    2|       m_axi|                                gmem1|       pointer|
|m_axi_gmem1_AWCACHE      |  out|    4|       m_axi|                                gmem1|       pointer|
|m_axi_gmem1_AWPROT       |  out|    3|       m_axi|                                gmem1|       pointer|
|m_axi_gmem1_AWQOS        |  out|    4|       m_axi|                                gmem1|       pointer|
|m_axi_gmem1_AWREGION     |  out|    4|       m_axi|                                gmem1|       pointer|
|m_axi_gmem1_AWUSER       |  out|    1|       m_axi|                                gmem1|       pointer|
|m_axi_gmem1_WVALID       |  out|    1|       m_axi|                                gmem1|       pointer|
|m_axi_gmem1_WREADY       |   in|    1|       m_axi|                                gmem1|       pointer|
|m_axi_gmem1_WDATA        |  out|  512|       m_axi|                                gmem1|       pointer|
|m_axi_gmem1_WSTRB        |  out|   64|       m_axi|                                gmem1|       pointer|
|m_axi_gmem1_WLAST        |  out|    1|       m_axi|                                gmem1|       pointer|
|m_axi_gmem1_WID          |  out|    1|       m_axi|                                gmem1|       pointer|
|m_axi_gmem1_WUSER        |  out|    1|       m_axi|                                gmem1|       pointer|
|m_axi_gmem1_ARVALID      |  out|    1|       m_axi|                                gmem1|       pointer|
|m_axi_gmem1_ARREADY      |   in|    1|       m_axi|                                gmem1|       pointer|
|m_axi_gmem1_ARADDR       |  out|   64|       m_axi|                                gmem1|       pointer|
|m_axi_gmem1_ARID         |  out|    1|       m_axi|                                gmem1|       pointer|
|m_axi_gmem1_ARLEN        |  out|   32|       m_axi|                                gmem1|       pointer|
|m_axi_gmem1_ARSIZE       |  out|    3|       m_axi|                                gmem1|       pointer|
|m_axi_gmem1_ARBURST      |  out|    2|       m_axi|                                gmem1|       pointer|
|m_axi_gmem1_ARLOCK       |  out|    2|       m_axi|                                gmem1|       pointer|
|m_axi_gmem1_ARCACHE      |  out|    4|       m_axi|                                gmem1|       pointer|
|m_axi_gmem1_ARPROT       |  out|    3|       m_axi|                                gmem1|       pointer|
|m_axi_gmem1_ARQOS        |  out|    4|       m_axi|                                gmem1|       pointer|
|m_axi_gmem1_ARREGION     |  out|    4|       m_axi|                                gmem1|       pointer|
|m_axi_gmem1_ARUSER       |  out|    1|       m_axi|                                gmem1|       pointer|
|m_axi_gmem1_RVALID       |   in|    1|       m_axi|                                gmem1|       pointer|
|m_axi_gmem1_RREADY       |  out|    1|       m_axi|                                gmem1|       pointer|
|m_axi_gmem1_RDATA        |   in|  512|       m_axi|                                gmem1|       pointer|
|m_axi_gmem1_RLAST        |   in|    1|       m_axi|                                gmem1|       pointer|
|m_axi_gmem1_RID          |   in|    1|       m_axi|                                gmem1|       pointer|
|m_axi_gmem1_RFIFONUM     |   in|   13|       m_axi|                                gmem1|       pointer|
|m_axi_gmem1_RUSER        |   in|    1|       m_axi|                                gmem1|       pointer|
|m_axi_gmem1_RRESP        |   in|    2|       m_axi|                                gmem1|       pointer|
|m_axi_gmem1_BVALID       |   in|    1|       m_axi|                                gmem1|       pointer|
|m_axi_gmem1_BREADY       |  out|    1|       m_axi|                                gmem1|       pointer|
|m_axi_gmem1_BRESP        |   in|    2|       m_axi|                                gmem1|       pointer|
|m_axi_gmem1_BID          |   in|    1|       m_axi|                                gmem1|       pointer|
|m_axi_gmem1_BUSER        |   in|    1|       m_axi|                                gmem1|       pointer|
|dSlackPos                |   in|   64|     ap_none|                            dSlackPos|        scalar|
|dSlackPos_ap_vld         |   in|    1|     ap_none|                            dSlackPos|        scalar|
|m_axi_gmem2_AWVALID      |  out|    1|       m_axi|                                gmem2|       pointer|
|m_axi_gmem2_AWREADY      |   in|    1|       m_axi|                                gmem2|       pointer|
|m_axi_gmem2_AWADDR       |  out|   64|       m_axi|                                gmem2|       pointer|
|m_axi_gmem2_AWID         |  out|    1|       m_axi|                                gmem2|       pointer|
|m_axi_gmem2_AWLEN        |  out|   32|       m_axi|                                gmem2|       pointer|
|m_axi_gmem2_AWSIZE       |  out|    3|       m_axi|                                gmem2|       pointer|
|m_axi_gmem2_AWBURST      |  out|    2|       m_axi|                                gmem2|       pointer|
|m_axi_gmem2_AWLOCK       |  out|    2|       m_axi|                                gmem2|       pointer|
|m_axi_gmem2_AWCACHE      |  out|    4|       m_axi|                                gmem2|       pointer|
|m_axi_gmem2_AWPROT       |  out|    3|       m_axi|                                gmem2|       pointer|
|m_axi_gmem2_AWQOS        |  out|    4|       m_axi|                                gmem2|       pointer|
|m_axi_gmem2_AWREGION     |  out|    4|       m_axi|                                gmem2|       pointer|
|m_axi_gmem2_AWUSER       |  out|    1|       m_axi|                                gmem2|       pointer|
|m_axi_gmem2_WVALID       |  out|    1|       m_axi|                                gmem2|       pointer|
|m_axi_gmem2_WREADY       |   in|    1|       m_axi|                                gmem2|       pointer|
|m_axi_gmem2_WDATA        |  out|  512|       m_axi|                                gmem2|       pointer|
|m_axi_gmem2_WSTRB        |  out|   64|       m_axi|                                gmem2|       pointer|
|m_axi_gmem2_WLAST        |  out|    1|       m_axi|                                gmem2|       pointer|
|m_axi_gmem2_WID          |  out|    1|       m_axi|                                gmem2|       pointer|
|m_axi_gmem2_WUSER        |  out|    1|       m_axi|                                gmem2|       pointer|
|m_axi_gmem2_ARVALID      |  out|    1|       m_axi|                                gmem2|       pointer|
|m_axi_gmem2_ARREADY      |   in|    1|       m_axi|                                gmem2|       pointer|
|m_axi_gmem2_ARADDR       |  out|   64|       m_axi|                                gmem2|       pointer|
|m_axi_gmem2_ARID         |  out|    1|       m_axi|                                gmem2|       pointer|
|m_axi_gmem2_ARLEN        |  out|   32|       m_axi|                                gmem2|       pointer|
|m_axi_gmem2_ARSIZE       |  out|    3|       m_axi|                                gmem2|       pointer|
|m_axi_gmem2_ARBURST      |  out|    2|       m_axi|                                gmem2|       pointer|
|m_axi_gmem2_ARLOCK       |  out|    2|       m_axi|                                gmem2|       pointer|
|m_axi_gmem2_ARCACHE      |  out|    4|       m_axi|                                gmem2|       pointer|
|m_axi_gmem2_ARPROT       |  out|    3|       m_axi|                                gmem2|       pointer|
|m_axi_gmem2_ARQOS        |  out|    4|       m_axi|                                gmem2|       pointer|
|m_axi_gmem2_ARREGION     |  out|    4|       m_axi|                                gmem2|       pointer|
|m_axi_gmem2_ARUSER       |  out|    1|       m_axi|                                gmem2|       pointer|
|m_axi_gmem2_RVALID       |   in|    1|       m_axi|                                gmem2|       pointer|
|m_axi_gmem2_RREADY       |  out|    1|       m_axi|                                gmem2|       pointer|
|m_axi_gmem2_RDATA        |   in|  512|       m_axi|                                gmem2|       pointer|
|m_axi_gmem2_RLAST        |   in|    1|       m_axi|                                gmem2|       pointer|
|m_axi_gmem2_RID          |   in|    1|       m_axi|                                gmem2|       pointer|
|m_axi_gmem2_RFIFONUM     |   in|   13|       m_axi|                                gmem2|       pointer|
|m_axi_gmem2_RUSER        |   in|    1|       m_axi|                                gmem2|       pointer|
|m_axi_gmem2_RRESP        |   in|    2|       m_axi|                                gmem2|       pointer|
|m_axi_gmem2_BVALID       |   in|    1|       m_axi|                                gmem2|       pointer|
|m_axi_gmem2_BREADY       |  out|    1|       m_axi|                                gmem2|       pointer|
|m_axi_gmem2_BRESP        |   in|    2|       m_axi|                                gmem2|       pointer|
|m_axi_gmem2_BID          |   in|    1|       m_axi|                                gmem2|       pointer|
|m_axi_gmem2_BUSER        |   in|    1|       m_axi|                                gmem2|       pointer|
|dSlackNeg                |   in|   64|     ap_none|                            dSlackNeg|        scalar|
|dSlackNeg_ap_vld         |   in|    1|     ap_none|                            dSlackNeg|        scalar|
|m_axi_gmem3_AWVALID      |  out|    1|       m_axi|                                gmem3|       pointer|
|m_axi_gmem3_AWREADY      |   in|    1|       m_axi|                                gmem3|       pointer|
|m_axi_gmem3_AWADDR       |  out|   64|       m_axi|                                gmem3|       pointer|
|m_axi_gmem3_AWID         |  out|    1|       m_axi|                                gmem3|       pointer|
|m_axi_gmem3_AWLEN        |  out|   32|       m_axi|                                gmem3|       pointer|
|m_axi_gmem3_AWSIZE       |  out|    3|       m_axi|                                gmem3|       pointer|
|m_axi_gmem3_AWBURST      |  out|    2|       m_axi|                                gmem3|       pointer|
|m_axi_gmem3_AWLOCK       |  out|    2|       m_axi|                                gmem3|       pointer|
|m_axi_gmem3_AWCACHE      |  out|    4|       m_axi|                                gmem3|       pointer|
|m_axi_gmem3_AWPROT       |  out|    3|       m_axi|                                gmem3|       pointer|
|m_axi_gmem3_AWQOS        |  out|    4|       m_axi|                                gmem3|       pointer|
|m_axi_gmem3_AWREGION     |  out|    4|       m_axi|                                gmem3|       pointer|
|m_axi_gmem3_AWUSER       |  out|    1|       m_axi|                                gmem3|       pointer|
|m_axi_gmem3_WVALID       |  out|    1|       m_axi|                                gmem3|       pointer|
|m_axi_gmem3_WREADY       |   in|    1|       m_axi|                                gmem3|       pointer|
|m_axi_gmem3_WDATA        |  out|  512|       m_axi|                                gmem3|       pointer|
|m_axi_gmem3_WSTRB        |  out|   64|       m_axi|                                gmem3|       pointer|
|m_axi_gmem3_WLAST        |  out|    1|       m_axi|                                gmem3|       pointer|
|m_axi_gmem3_WID          |  out|    1|       m_axi|                                gmem3|       pointer|
|m_axi_gmem3_WUSER        |  out|    1|       m_axi|                                gmem3|       pointer|
|m_axi_gmem3_ARVALID      |  out|    1|       m_axi|                                gmem3|       pointer|
|m_axi_gmem3_ARREADY      |   in|    1|       m_axi|                                gmem3|       pointer|
|m_axi_gmem3_ARADDR       |  out|   64|       m_axi|                                gmem3|       pointer|
|m_axi_gmem3_ARID         |  out|    1|       m_axi|                                gmem3|       pointer|
|m_axi_gmem3_ARLEN        |  out|   32|       m_axi|                                gmem3|       pointer|
|m_axi_gmem3_ARSIZE       |  out|    3|       m_axi|                                gmem3|       pointer|
|m_axi_gmem3_ARBURST      |  out|    2|       m_axi|                                gmem3|       pointer|
|m_axi_gmem3_ARLOCK       |  out|    2|       m_axi|                                gmem3|       pointer|
|m_axi_gmem3_ARCACHE      |  out|    4|       m_axi|                                gmem3|       pointer|
|m_axi_gmem3_ARPROT       |  out|    3|       m_axi|                                gmem3|       pointer|
|m_axi_gmem3_ARQOS        |  out|    4|       m_axi|                                gmem3|       pointer|
|m_axi_gmem3_ARREGION     |  out|    4|       m_axi|                                gmem3|       pointer|
|m_axi_gmem3_ARUSER       |  out|    1|       m_axi|                                gmem3|       pointer|
|m_axi_gmem3_RVALID       |   in|    1|       m_axi|                                gmem3|       pointer|
|m_axi_gmem3_RREADY       |  out|    1|       m_axi|                                gmem3|       pointer|
|m_axi_gmem3_RDATA        |   in|  512|       m_axi|                                gmem3|       pointer|
|m_axi_gmem3_RLAST        |   in|    1|       m_axi|                                gmem3|       pointer|
|m_axi_gmem3_RID          |   in|    1|       m_axi|                                gmem3|       pointer|
|m_axi_gmem3_RFIFONUM     |   in|   13|       m_axi|                                gmem3|       pointer|
|m_axi_gmem3_RUSER        |   in|    1|       m_axi|                                gmem3|       pointer|
|m_axi_gmem3_RRESP        |   in|    2|       m_axi|                                gmem3|       pointer|
|m_axi_gmem3_BVALID       |   in|    1|       m_axi|                                gmem3|       pointer|
|m_axi_gmem3_BREADY       |  out|    1|       m_axi|                                gmem3|       pointer|
|m_axi_gmem3_BRESP        |   in|    2|       m_axi|                                gmem3|       pointer|
|m_axi_gmem3_BID          |   in|    1|       m_axi|                                gmem3|       pointer|
|m_axi_gmem3_BUSER        |   in|    1|       m_axi|                                gmem3|       pointer|
|aty                      |   in|   64|     ap_none|                                  aty|        scalar|
|aty_ap_vld               |   in|    1|     ap_none|                                  aty|        scalar|
|m_axi_gmem4_AWVALID      |  out|    1|       m_axi|                                gmem4|       pointer|
|m_axi_gmem4_AWREADY      |   in|    1|       m_axi|                                gmem4|       pointer|
|m_axi_gmem4_AWADDR       |  out|   64|       m_axi|                                gmem4|       pointer|
|m_axi_gmem4_AWID         |  out|    1|       m_axi|                                gmem4|       pointer|
|m_axi_gmem4_AWLEN        |  out|   32|       m_axi|                                gmem4|       pointer|
|m_axi_gmem4_AWSIZE       |  out|    3|       m_axi|                                gmem4|       pointer|
|m_axi_gmem4_AWBURST      |  out|    2|       m_axi|                                gmem4|       pointer|
|m_axi_gmem4_AWLOCK       |  out|    2|       m_axi|                                gmem4|       pointer|
|m_axi_gmem4_AWCACHE      |  out|    4|       m_axi|                                gmem4|       pointer|
|m_axi_gmem4_AWPROT       |  out|    3|       m_axi|                                gmem4|       pointer|
|m_axi_gmem4_AWQOS        |  out|    4|       m_axi|                                gmem4|       pointer|
|m_axi_gmem4_AWREGION     |  out|    4|       m_axi|                                gmem4|       pointer|
|m_axi_gmem4_AWUSER       |  out|    1|       m_axi|                                gmem4|       pointer|
|m_axi_gmem4_WVALID       |  out|    1|       m_axi|                                gmem4|       pointer|
|m_axi_gmem4_WREADY       |   in|    1|       m_axi|                                gmem4|       pointer|
|m_axi_gmem4_WDATA        |  out|  512|       m_axi|                                gmem4|       pointer|
|m_axi_gmem4_WSTRB        |  out|   64|       m_axi|                                gmem4|       pointer|
|m_axi_gmem4_WLAST        |  out|    1|       m_axi|                                gmem4|       pointer|
|m_axi_gmem4_WID          |  out|    1|       m_axi|                                gmem4|       pointer|
|m_axi_gmem4_WUSER        |  out|    1|       m_axi|                                gmem4|       pointer|
|m_axi_gmem4_ARVALID      |  out|    1|       m_axi|                                gmem4|       pointer|
|m_axi_gmem4_ARREADY      |   in|    1|       m_axi|                                gmem4|       pointer|
|m_axi_gmem4_ARADDR       |  out|   64|       m_axi|                                gmem4|       pointer|
|m_axi_gmem4_ARID         |  out|    1|       m_axi|                                gmem4|       pointer|
|m_axi_gmem4_ARLEN        |  out|   32|       m_axi|                                gmem4|       pointer|
|m_axi_gmem4_ARSIZE       |  out|    3|       m_axi|                                gmem4|       pointer|
|m_axi_gmem4_ARBURST      |  out|    2|       m_axi|                                gmem4|       pointer|
|m_axi_gmem4_ARLOCK       |  out|    2|       m_axi|                                gmem4|       pointer|
|m_axi_gmem4_ARCACHE      |  out|    4|       m_axi|                                gmem4|       pointer|
|m_axi_gmem4_ARPROT       |  out|    3|       m_axi|                                gmem4|       pointer|
|m_axi_gmem4_ARQOS        |  out|    4|       m_axi|                                gmem4|       pointer|
|m_axi_gmem4_ARREGION     |  out|    4|       m_axi|                                gmem4|       pointer|
|m_axi_gmem4_ARUSER       |  out|    1|       m_axi|                                gmem4|       pointer|
|m_axi_gmem4_RVALID       |   in|    1|       m_axi|                                gmem4|       pointer|
|m_axi_gmem4_RREADY       |  out|    1|       m_axi|                                gmem4|       pointer|
|m_axi_gmem4_RDATA        |   in|  512|       m_axi|                                gmem4|       pointer|
|m_axi_gmem4_RLAST        |   in|    1|       m_axi|                                gmem4|       pointer|
|m_axi_gmem4_RID          |   in|    1|       m_axi|                                gmem4|       pointer|
|m_axi_gmem4_RFIFONUM     |   in|   13|       m_axi|                                gmem4|       pointer|
|m_axi_gmem4_RUSER        |   in|    1|       m_axi|                                gmem4|       pointer|
|m_axi_gmem4_RRESP        |   in|    2|       m_axi|                                gmem4|       pointer|
|m_axi_gmem4_BVALID       |   in|    1|       m_axi|                                gmem4|       pointer|
|m_axi_gmem4_BREADY       |  out|    1|       m_axi|                                gmem4|       pointer|
|m_axi_gmem4_BRESP        |   in|    2|       m_axi|                                gmem4|       pointer|
|m_axi_gmem4_BID          |   in|    1|       m_axi|                                gmem4|       pointer|
|m_axi_gmem4_BUSER        |   in|    1|       m_axi|                                gmem4|       pointer|
|colScale0                |   in|   64|     ap_none|                            colScale0|        scalar|
|colScale0_ap_vld         |   in|    1|     ap_none|                            colScale0|        scalar|
|dPrimalInfeasRes_din     |  out|   64|     ap_fifo|                     dPrimalInfeasRes|       pointer|
|dPrimalInfeasRes_full_n  |   in|    1|     ap_fifo|                     dPrimalInfeasRes|       pointer|
|dPrimalInfeasRes_write   |  out|    1|     ap_fifo|                     dPrimalInfeasRes|       pointer|
|p_read                   |   in|   32|     ap_none|                               p_read|        scalar|
|p_read_ap_vld            |   in|    1|     ap_none|                               p_read|        scalar|
|p_read1                  |   in|   32|     ap_none|                              p_read1|        scalar|
|p_read1_ap_vld           |   in|    1|     ap_none|                              p_read1|        scalar|
|ifScaled                 |   in|   32|     ap_none|                             ifScaled|        scalar|
|ifScaled_ap_vld          |   in|    1|     ap_none|                             ifScaled|        scalar|
|inverse_dScale           |   in|   64|     ap_none|                       inverse_dScale|        scalar|
|inverse_dScale_ap_vld    |   in|    1|     ap_none|                       inverse_dScale|        scalar|
+-------------------------+-----+-----+------------+-------------------------------------+--------------+

