

================================================================
== Vitis HLS Report for 'ediv_7'
================================================================
* Date:           Fri Jan  9 14:30:38 2026

* Version:        2024.1.2 (Build 5096458 on Sep  5 2024)
* Project:        build_Infeasi_Res_S2.xcv80-lsva4737-2MHP-e-S
* Solution:       sol1 (Vivado IP Flow Target)
* Product family: versalhbm
* Target device:  xcv80-lsva4737-2MHP-e-S


================================================================
== Performance Estimates
================================================================
+ Timing: 
    * Summary: 
    +--------+---------+----------+------------+
    |  Clock |  Target | Estimated| Uncertainty|
    +--------+---------+----------+------------+
    |ap_clk  |  3.33 ns|  1.898 ns|     0.90 ns|
    +--------+---------+----------+------------+

+ Latency: 
    * Summary: 
    +---------+---------+----------+----------+-----+-----+---------+
    |  Latency (cycles) |  Latency (absolute) |  Interval | Pipeline|
    |   min   |   max   |    min   |    max   | min | max |   Type  |
    +---------+---------+----------+----------+-----+-----+---------+
    |        ?|        ?|         ?|         ?|    ?|    ?|       no|
    +---------+---------+----------+----------+-----+-----+---------+

    + Detail: 
        * Instance: 
        +--------------------------------+----------------------+---------+---------+----------+----------+-----+-----+-----------------------------------------------+
        |                                |                      |  Latency (cycles) |  Latency (absolute) |  Interval |                    Pipeline                   |
        |            Instance            |        Module        |   min   |   max   |    min   |    max   | min | max |                      Type                     |
        +--------------------------------+----------------------+---------+---------+----------+----------+-----+-----+-----------------------------------------------+
        |grp_ediv_7_Pipeline_ediv_fu_52  |ediv_7_Pipeline_ediv  |        ?|        ?|         ?|         ?|    0|    0|  loop auto-rewind stp(delay=0 clock cycles(s))|
        +--------------------------------+----------------------+---------+---------+----------+----------+-----+-----+-----------------------------------------------+

        * Loop: 
        N/A



================================================================
== Utilization Estimates
================================================================
* Summary: 
+---------------------+---------+-------+---------+---------+------+
|         Name        | BRAM_18K|  DSP  |    FF   |   LUT   | URAM |
+---------------------+---------+-------+---------+---------+------+
|DSP                  |        -|      -|        -|        -|     -|
|Expression           |        -|      -|        0|        2|     -|
|FIFO                 |        -|      -|        -|        -|     -|
|Instance             |        -|      -|     1173|      163|     -|
|Memory               |        -|      -|        -|        -|     -|
|Multiplexer          |        -|      -|        0|       64|     -|
|Register             |        -|      -|       38|        -|     -|
+---------------------+---------+-------+---------+---------+------+
|Total                |        0|      0|     1211|      229|     0|
+---------------------+---------+-------+---------+---------+------+
|Available SLR        |     2494|   3616|  1716138|   858069|   641|
+---------------------+---------+-------+---------+---------+------+
|Utilization SLR (%)  |        0|      0|       ~0|       ~0|     0|
+---------------------+---------+-------+---------+---------+------+
|Available            |     7482|  10848|  5148416|  2574208|  1925|
+---------------------+---------+-------+---------+---------+------+
|Utilization (%)      |        0|      0|       ~0|       ~0|     0|
+---------------------+---------+-------+---------+---------+------+

+ Detail: 
    * Instance: 
    +--------------------------------+----------------------+---------+----+------+-----+-----+
    |            Instance            |        Module        | BRAM_18K| DSP|  FF  | LUT | URAM|
    +--------------------------------+----------------------+---------+----+------+-----+-----+
    |grp_ediv_7_Pipeline_ediv_fu_52  |ediv_7_Pipeline_ediv  |        0|   0|  1173|  163|    0|
    +--------------------------------+----------------------+---------+----+------+-----+-----+
    |Total                           |                      |        0|   0|  1173|  163|    0|
    +--------------------------------+----------------------+---------+----+------+-----+-----+

    * DSP: 
    N/A

    * Memory: 
    N/A

    * FIFO: 
    N/A

    * Expression: 
    +-----------------+----------+----+---+----+------------+------------+
    |  Variable Name  | Operation| DSP| FF| LUT| Bitwidth P0| Bitwidth P1|
    +-----------------+----------+----+---+----+------------+------------+
    |ap_block_state1  |        or|   0|  0|   2|           1|           1|
    +-----------------+----------+----+---+----+------------+------------+
    |Total            |          |   0|  0|   2|           1|           1|
    +-----------------+----------+----+---+----+------------+------------+

    * Multiplexer: 
    +------------------------------------+----+-----------+-----+-----------+
    |                Name                | LUT| Input Size| Bits| Total Bits|
    +------------------------------------+----+-----------+-----+-----------+
    |ap_NS_fsm                           |   8|          4|    1|          4|
    |ap_done                             |   8|          2|    1|          2|
    |colScale_fifo_lb_read               |   8|          2|    1|          2|
    |nCols_c1_blk_n                      |   8|          2|    1|          2|
    |n_blk_n                             |   8|          2|    1|          2|
    |primalInfeasBound_edotfifo_lb_read  |   8|          2|    1|          2|
    |real_start                          |   8|          2|    1|          2|
    |temp_lb_write                       |   8|          2|    1|          2|
    +------------------------------------+----+-----------+-----+-----------+
    |Total                               |  64|         18|    8|         18|
    +------------------------------------+----+-----------+-----+-----------+

    * Register: 
    +---------------------------------------------+----+----+-----+-----------+
    |                     Name                    | FF | LUT| Bits| Const Bits|
    +---------------------------------------------+----+----+-----+-----------+
    |ap_CS_fsm                                    |   3|   0|    3|          0|
    |ap_done_reg                                  |   1|   0|    1|          0|
    |grp_ediv_7_Pipeline_ediv_fu_52_ap_start_reg  |   1|   0|    1|          0|
    |n_6_reg_69                                   |  32|   0|   32|          0|
    |start_once_reg                               |   1|   0|    1|          0|
    +---------------------------------------------+----+----+-----+-----------+
    |Total                                        |  38|   0|   38|          0|
    +---------------------------------------------+----+----+-----+-----------+



================================================================
== Interface
================================================================
* Summary: 
+----------------------------------------------+-----+-----+------------+-------------------------------+--------------+
|                   RTL Ports                  | Dir | Bits|  Protocol  |         Source Object         |    C Type    |
+----------------------------------------------+-----+-----+------------+-------------------------------+--------------+
|ap_clk                                        |   in|    1|  ap_ctrl_hs|                         ediv.7|  return value|
|ap_rst                                        |   in|    1|  ap_ctrl_hs|                         ediv.7|  return value|
|ap_start                                      |   in|    1|  ap_ctrl_hs|                         ediv.7|  return value|
|start_full_n                                  |   in|    1|  ap_ctrl_hs|                         ediv.7|  return value|
|ap_done                                       |  out|    1|  ap_ctrl_hs|                         ediv.7|  return value|
|ap_continue                                   |   in|    1|  ap_ctrl_hs|                         ediv.7|  return value|
|ap_idle                                       |  out|    1|  ap_ctrl_hs|                         ediv.7|  return value|
|ap_ready                                      |  out|    1|  ap_ctrl_hs|                         ediv.7|  return value|
|start_out                                     |  out|    1|  ap_ctrl_hs|                         ediv.7|  return value|
|start_write                                   |  out|    1|  ap_ctrl_hs|                         ediv.7|  return value|
|primalInfeasBound_edotfifo_lb_dout            |   in|  512|     ap_fifo|  primalInfeasBound_edotfifo_lb|       pointer|
|primalInfeasBound_edotfifo_lb_num_data_valid  |   in|    3|     ap_fifo|  primalInfeasBound_edotfifo_lb|       pointer|
|primalInfeasBound_edotfifo_lb_fifo_cap        |   in|    3|     ap_fifo|  primalInfeasBound_edotfifo_lb|       pointer|
|primalInfeasBound_edotfifo_lb_empty_n         |   in|    1|     ap_fifo|  primalInfeasBound_edotfifo_lb|       pointer|
|primalInfeasBound_edotfifo_lb_read            |  out|    1|     ap_fifo|  primalInfeasBound_edotfifo_lb|       pointer|
|colScale_fifo_lb_dout                         |   in|  512|     ap_fifo|               colScale_fifo_lb|       pointer|
|colScale_fifo_lb_num_data_valid               |   in|    3|     ap_fifo|               colScale_fifo_lb|       pointer|
|colScale_fifo_lb_fifo_cap                     |   in|    3|     ap_fifo|               colScale_fifo_lb|       pointer|
|colScale_fifo_lb_empty_n                      |   in|    1|     ap_fifo|               colScale_fifo_lb|       pointer|
|colScale_fifo_lb_read                         |  out|    1|     ap_fifo|               colScale_fifo_lb|       pointer|
|temp_lb_din                                   |  out|  512|     ap_fifo|                        temp_lb|       pointer|
|temp_lb_num_data_valid                        |   in|    3|     ap_fifo|                        temp_lb|       pointer|
|temp_lb_fifo_cap                              |   in|    3|     ap_fifo|                        temp_lb|       pointer|
|temp_lb_full_n                                |   in|    1|     ap_fifo|                        temp_lb|       pointer|
|temp_lb_write                                 |  out|    1|     ap_fifo|                        temp_lb|       pointer|
|n_dout                                        |   in|   32|     ap_fifo|                              n|       pointer|
|n_num_data_valid                              |   in|    3|     ap_fifo|                              n|       pointer|
|n_fifo_cap                                    |   in|    3|     ap_fifo|                              n|       pointer|
|n_empty_n                                     |   in|    1|     ap_fifo|                              n|       pointer|
|n_read                                        |  out|    1|     ap_fifo|                              n|       pointer|
|nCols_c1_din                                  |  out|   32|     ap_fifo|                       nCols_c1|       pointer|
|nCols_c1_num_data_valid                       |   in|    3|     ap_fifo|                       nCols_c1|       pointer|
|nCols_c1_fifo_cap                             |   in|    3|     ap_fifo|                       nCols_c1|       pointer|
|nCols_c1_full_n                               |   in|    1|     ap_fifo|                       nCols_c1|       pointer|
|nCols_c1_write                                |  out|    1|     ap_fifo|                       nCols_c1|       pointer|
+----------------------------------------------+-----+-----+------------+-------------------------------+--------------+

