

================================================================
== Vitis HLS Report for 'loadDDR_data_15'
================================================================
* Date:           Fri Jan  9 14:27:38 2026

* Version:        2024.1.2 (Build 5096458 on Sep  5 2024)
* Project:        build_Infeasi_Res_S2.xcv80-lsva4737-2MHP-e-S
* Solution:       sol1 (Vivado IP Flow Target)
* Product family: versalhbm
* Target device:  xcv80-lsva4737-2MHP-e-S


================================================================
== Performance Estimates
================================================================
+ Timing: 
    * Summary: 
    +--------+---------+----------+------------+
    |  Clock |  Target | Estimated| Uncertainty|
    +--------+---------+----------+------------+
    |ap_clk  |  3.33 ns|  2.433 ns|     0.90 ns|
    +--------+---------+----------+------------+

+ Latency: 
    * Summary: 
    +---------+---------+----------+----------+-----+-----+---------+
    |  Latency (cycles) |  Latency (absolute) |  Interval | Pipeline|
    |   min   |   max   |    min   |    max   | min | max |   Type  |
    +---------+---------+----------+----------+-----+-----+---------+
    |        ?|        ?|         ?|         ?|    ?|    ?|       no|
    +---------+---------+----------+----------+-----+-----+---------+

    + Detail: 
        * Instance: 
        +-------------------------------------------------+---------------------------------------+---------+---------+----------+----------+-----+-----+-----------------------------------------------+
        |                                                 |                                       |  Latency (cycles) |  Latency (absolute) |  Interval |                    Pipeline                   |
        |                     Instance                    |                 Module                |   min   |   max   |    min   |    max   | min | max |                      Type                     |
        +-------------------------------------------------+---------------------------------------+---------+---------+----------+----------+-----+-----+-----------------------------------------------+
        |grp_loadDDR_data_15_Pipeline_loadDDR_data_fu_84  |loadDDR_data_15_Pipeline_loadDDR_data  |        ?|        ?|         ?|         ?|    0|    0|  loop auto-rewind stp(delay=0 clock cycles(s))|
        +-------------------------------------------------+---------------------------------------+---------+---------+----------+----------+-----+-----+-----------------------------------------------+

        * Loop: 
        N/A



================================================================
== Utilization Estimates
================================================================
* Summary: 
+---------------------+---------+-------+---------+---------+------+
|         Name        | BRAM_18K|  DSP  |    FF   |   LUT   | URAM |
+---------------------+---------+-------+---------+---------+------+
|DSP                  |        -|      -|        -|        -|     -|
|Expression           |        -|      -|        0|       47|     -|
|FIFO                 |        -|      -|        -|        -|     -|
|Instance             |        -|      -|       34|      149|     -|
|Memory               |        -|      -|        -|        -|     -|
|Multiplexer          |        -|      -|        0|      256|     -|
|Register             |        -|      -|      105|        -|     -|
+---------------------+---------+-------+---------+---------+------+
|Total                |        0|      0|      139|      452|     0|
+---------------------+---------+-------+---------+---------+------+
|Available SLR        |     2494|   3616|  1716138|   858069|   641|
+---------------------+---------+-------+---------+---------+------+
|Utilization SLR (%)  |        0|      0|       ~0|       ~0|     0|
+---------------------+---------+-------+---------+---------+------+
|Available            |     7482|  10848|  5148416|  2574208|  1925|
+---------------------+---------+-------+---------+---------+------+
|Utilization (%)      |        0|      0|       ~0|       ~0|     0|
+---------------------+---------+-------+---------+---------+------+

+ Detail: 
    * Instance: 
    +-------------------------------------------------+---------------------------------------+---------+----+----+-----+-----+
    |                     Instance                    |                 Module                | BRAM_18K| DSP| FF | LUT | URAM|
    +-------------------------------------------------+---------------------------------------+---------+----+----+-----+-----+
    |grp_loadDDR_data_15_Pipeline_loadDDR_data_fu_84  |loadDDR_data_15_Pipeline_loadDDR_data  |        0|   0|  34|  149|    0|
    +-------------------------------------------------+---------------------------------------+---------+----+----+-----+-----+
    |Total                                            |                                       |        0|   0|  34|  149|    0|
    +-------------------------------------------------+---------------------------------------+---------+----+----+-----+-----+

    * DSP: 
    N/A

    * Memory: 
    N/A

    * FIFO: 
    N/A

    * Expression: 
    +---------------------+----------+----+---+----+------------+------------+
    |    Variable Name    | Operation| DSP| FF| LUT| Bitwidth P0| Bitwidth P1|
    +---------------------+----------+----+---+----+------------+------------+
    |icmp_ln58_fu_100_p2  |      icmp|   0|  0|  16|          32|           1|
    |ap_block_state1      |        or|   0|  0|   2|           1|           1|
    |empty_fu_110_p3      |    select|   0|  0|  29|           1|          31|
    +---------------------+----------+----+---+----+------------+------------+
    |Total                |          |   0|  0|  47|          34|          33|
    +---------------------+----------+----+---+----+------------+------------+

    * Multiplexer: 
    +------------------------------+----+-----------+-----+-----------+
    |             Name             | LUT| Input Size| Bits| Total Bits|
    +------------------------------+----+-----------+-----+-----------+
    |ap_NS_fsm                     |  40|         15|    1|         15|
    |ap_done                       |   8|          2|    1|          2|
    |dualInfeasLbRay_fifo_i_write  |   8|          2|    1|          2|
    |gmem1_blk_n_AR                |   8|          2|    1|          2|
    |m_axi_gmem1_ARADDR            |  64|          3|   64|        192|
    |m_axi_gmem1_ARBURST           |   8|          2|    2|          4|
    |m_axi_gmem1_ARCACHE           |   8|          2|    4|          8|
    |m_axi_gmem1_ARID              |   8|          2|    1|          2|
    |m_axi_gmem1_ARLEN             |  32|          3|   32|         96|
    |m_axi_gmem1_ARLOCK            |   8|          2|    2|          4|
    |m_axi_gmem1_ARPROT            |   8|          2|    3|          6|
    |m_axi_gmem1_ARQOS             |   8|          2|    4|          8|
    |m_axi_gmem1_ARREGION          |   8|          2|    4|          8|
    |m_axi_gmem1_ARSIZE            |   8|          2|    3|          6|
    |m_axi_gmem1_ARUSER            |   8|          2|    1|          2|
    |m_axi_gmem1_ARVALID           |   8|          3|    1|          3|
    |m_axi_gmem1_RREADY            |   8|          2|    1|          2|
    |nCols_assign_c4_blk_n         |   8|          2|    1|          2|
    +------------------------------+----+-----------+-----+-----------+
    |Total                         | 256|         52|  127|        364|
    +------------------------------+----+-----------+-----+-----------+

    * Register: 
    +--------------------------------------------------------------+----+----+-----+-----------+
    |                             Name                             | FF | LUT| Bits| Const Bits|
    +--------------------------------------------------------------+----+----+-----+-----------+
    |ap_CS_fsm                                                     |  14|   0|   14|          0|
    |ap_done_reg                                                   |   1|   0|    1|          0|
    |empty_reg_148                                                 |  31|   0|   31|          0|
    |grp_loadDDR_data_15_Pipeline_loadDDR_data_fu_84_ap_start_reg  |   1|   0|    1|          0|
    |trunc_ln58_9_reg_153                                          |  58|   0|   58|          0|
    +--------------------------------------------------------------+----+----+-----+-----------+
    |Total                                                         | 105|   0|  105|          0|
    +--------------------------------------------------------------+----+----+-----+-----------+



================================================================
== Interface
================================================================
* Summary: 
+---------------------------------------+-----+-----+------------+------------------------+--------------+
|               RTL Ports               | Dir | Bits|  Protocol  |      Source Object     |    C Type    |
+---------------------------------------+-----+-----+------------+------------------------+--------------+
|ap_clk                                 |   in|    1|  ap_ctrl_hs|         loadDDR_data.15|  return value|
|ap_rst                                 |   in|    1|  ap_ctrl_hs|         loadDDR_data.15|  return value|
|ap_start                               |   in|    1|  ap_ctrl_hs|         loadDDR_data.15|  return value|
|ap_done                                |  out|    1|  ap_ctrl_hs|         loadDDR_data.15|  return value|
|ap_continue                            |   in|    1|  ap_ctrl_hs|         loadDDR_data.15|  return value|
|ap_idle                                |  out|    1|  ap_ctrl_hs|         loadDDR_data.15|  return value|
|ap_ready                               |  out|    1|  ap_ctrl_hs|         loadDDR_data.15|  return value|
|m_axi_gmem1_AWVALID                    |  out|    1|       m_axi|                   gmem1|       pointer|
|m_axi_gmem1_AWREADY                    |   in|    1|       m_axi|                   gmem1|       pointer|
|m_axi_gmem1_AWADDR                     |  out|   64|       m_axi|                   gmem1|       pointer|
|m_axi_gmem1_AWID                       |  out|    1|       m_axi|                   gmem1|       pointer|
|m_axi_gmem1_AWLEN                      |  out|   32|       m_axi|                   gmem1|       pointer|
|m_axi_gmem1_AWSIZE                     |  out|    3|       m_axi|                   gmem1|       pointer|
|m_axi_gmem1_AWBURST                    |  out|    2|       m_axi|                   gmem1|       pointer|
|m_axi_gmem1_AWLOCK                     |  out|    2|       m_axi|                   gmem1|       pointer|
|m_axi_gmem1_AWCACHE                    |  out|    4|       m_axi|                   gmem1|       pointer|
|m_axi_gmem1_AWPROT                     |  out|    3|       m_axi|                   gmem1|       pointer|
|m_axi_gmem1_AWQOS                      |  out|    4|       m_axi|                   gmem1|       pointer|
|m_axi_gmem1_AWREGION                   |  out|    4|       m_axi|                   gmem1|       pointer|
|m_axi_gmem1_AWUSER                     |  out|    1|       m_axi|                   gmem1|       pointer|
|m_axi_gmem1_WVALID                     |  out|    1|       m_axi|                   gmem1|       pointer|
|m_axi_gmem1_WREADY                     |   in|    1|       m_axi|                   gmem1|       pointer|
|m_axi_gmem1_WDATA                      |  out|  512|       m_axi|                   gmem1|       pointer|
|m_axi_gmem1_WSTRB                      |  out|   64|       m_axi|                   gmem1|       pointer|
|m_axi_gmem1_WLAST                      |  out|    1|       m_axi|                   gmem1|       pointer|
|m_axi_gmem1_WID                        |  out|    1|       m_axi|                   gmem1|       pointer|
|m_axi_gmem1_WUSER                      |  out|    1|       m_axi|                   gmem1|       pointer|
|m_axi_gmem1_ARVALID                    |  out|    1|       m_axi|                   gmem1|       pointer|
|m_axi_gmem1_ARREADY                    |   in|    1|       m_axi|                   gmem1|       pointer|
|m_axi_gmem1_ARADDR                     |  out|   64|       m_axi|                   gmem1|       pointer|
|m_axi_gmem1_ARID                       |  out|    1|       m_axi|                   gmem1|       pointer|
|m_axi_gmem1_ARLEN                      |  out|   32|       m_axi|                   gmem1|       pointer|
|m_axi_gmem1_ARSIZE                     |  out|    3|       m_axi|                   gmem1|       pointer|
|m_axi_gmem1_ARBURST                    |  out|    2|       m_axi|                   gmem1|       pointer|
|m_axi_gmem1_ARLOCK                     |  out|    2|       m_axi|                   gmem1|       pointer|
|m_axi_gmem1_ARCACHE                    |  out|    4|       m_axi|                   gmem1|       pointer|
|m_axi_gmem1_ARPROT                     |  out|    3|       m_axi|                   gmem1|       pointer|
|m_axi_gmem1_ARQOS                      |  out|    4|       m_axi|                   gmem1|       pointer|
|m_axi_gmem1_ARREGION                   |  out|    4|       m_axi|                   gmem1|       pointer|
|m_axi_gmem1_ARUSER                     |  out|    1|       m_axi|                   gmem1|       pointer|
|m_axi_gmem1_RVALID                     |   in|    1|       m_axi|                   gmem1|       pointer|
|m_axi_gmem1_RREADY                     |  out|    1|       m_axi|                   gmem1|       pointer|
|m_axi_gmem1_RDATA                      |   in|  512|       m_axi|                   gmem1|       pointer|
|m_axi_gmem1_RLAST                      |   in|    1|       m_axi|                   gmem1|       pointer|
|m_axi_gmem1_RID                        |   in|    1|       m_axi|                   gmem1|       pointer|
|m_axi_gmem1_RFIFONUM                   |   in|   13|       m_axi|                   gmem1|       pointer|
|m_axi_gmem1_RUSER                      |   in|    1|       m_axi|                   gmem1|       pointer|
|m_axi_gmem1_RRESP                      |   in|    2|       m_axi|                   gmem1|       pointer|
|m_axi_gmem1_BVALID                     |   in|    1|       m_axi|                   gmem1|       pointer|
|m_axi_gmem1_BREADY                     |  out|    1|       m_axi|                   gmem1|       pointer|
|m_axi_gmem1_BRESP                      |   in|    2|       m_axi|                   gmem1|       pointer|
|m_axi_gmem1_BID                        |   in|    1|       m_axi|                   gmem1|       pointer|
|m_axi_gmem1_BUSER                      |   in|    1|       m_axi|                   gmem1|       pointer|
|dSlackPos                              |   in|   64|     ap_none|               dSlackPos|        scalar|
|dualInfeasLbRay_fifo_i_din             |  out|  512|     ap_fifo|  dualInfeasLbRay_fifo_i|       pointer|
|dualInfeasLbRay_fifo_i_num_data_valid  |   in|    3|     ap_fifo|  dualInfeasLbRay_fifo_i|       pointer|
|dualInfeasLbRay_fifo_i_fifo_cap        |   in|    3|     ap_fifo|  dualInfeasLbRay_fifo_i|       pointer|
|dualInfeasLbRay_fifo_i_full_n          |   in|    1|     ap_fifo|  dualInfeasLbRay_fifo_i|       pointer|
|dualInfeasLbRay_fifo_i_write           |  out|    1|     ap_fifo|  dualInfeasLbRay_fifo_i|       pointer|
|p_read                                 |   in|   32|     ap_none|                  p_read|        scalar|
|nCols_assign_c4_din                    |  out|   32|     ap_fifo|         nCols_assign_c4|       pointer|
|nCols_assign_c4_num_data_valid         |   in|    3|     ap_fifo|         nCols_assign_c4|       pointer|
|nCols_assign_c4_fifo_cap               |   in|    3|     ap_fifo|         nCols_assign_c4|       pointer|
|nCols_assign_c4_full_n                 |   in|    1|     ap_fifo|         nCols_assign_c4|       pointer|
|nCols_assign_c4_write                  |  out|    1|     ap_fifo|         nCols_assign_c4|       pointer|
+---------------------------------------+-----+-----+------------+------------------------+--------------+

