

================================================================
== Vitis HLS Report for 'loadDDR_data_special_Pipeline_loadDDR_data'
================================================================
* Date:           Fri Jan  9 14:30:28 2026

* Version:        2024.1.2 (Build 5096458 on Sep  5 2024)
* Project:        build_Infeasi_Res_S2.xcv80-lsva4737-2MHP-e-S
* Solution:       sol1 (Vivado IP Flow Target)
* Product family: versalhbm
* Target device:  xcv80-lsva4737-2MHP-e-S


================================================================
== Performance Estimates
================================================================
+ Timing: 
    * Summary: 
    +--------+---------+----------+------------+
    |  Clock |  Target | Estimated| Uncertainty|
    +--------+---------+----------+------------+
    |ap_clk  |  3.33 ns|  1.765 ns|     0.90 ns|
    +--------+---------+----------+------------+

+ Latency: 
    * Summary: 
    +---------+---------+----------+----------+-----+-----+-----------------------------------------------+
    |  Latency (cycles) |  Latency (absolute) |  Interval |                    Pipeline                   |
    |   min   |   max   |    min   |    max   | min | max |                      Type                     |
    +---------+---------+----------+----------+-----+-----+-----------------------------------------------+
    |        ?|        ?|         ?|         ?|    0|    0|  loop auto-rewind stp(delay=0 clock cycles(s))|
    +---------+---------+----------+----------+-----+-----+-----------------------------------------------+

    + Detail: 
        * Instance: 
        N/A

        * Loop: 
        +----------------+---------+---------+----------+-----------+-----------+------+----------+
        |                |  Latency (cycles) | Iteration|  Initiation Interval  | Trip |          |
        |    Loop Name   |   min   |   max   |  Latency |  achieved |   target  | Count| Pipelined|
        +----------------+---------+---------+----------+-----------+-----------+------+----------+
        |- loadDDR_data  |        ?|        ?|         2|          1|          1|     ?|       yes|
        +----------------+---------+---------+----------+-----------+-----------+------+----------+



================================================================
== Utilization Estimates
================================================================
* Summary: 
+---------------------+---------+-------+---------+---------+------+
|         Name        | BRAM_18K|  DSP  |    FF   |   LUT   | URAM |
+---------------------+---------+-------+---------+---------+------+
|DSP                  |        -|      -|        -|        -|     -|
|Expression           |        -|      -|        0|       53|     -|
|FIFO                 |        -|      -|        -|        -|     -|
|Instance             |        -|      -|        -|        -|     -|
|Memory               |        -|      -|        -|        -|     -|
|Multiplexer          |        -|      -|        0|      104|     -|
|Register             |        -|      -|       34|        -|     -|
+---------------------+---------+-------+---------+---------+------+
|Total                |        0|      0|       34|      157|     0|
+---------------------+---------+-------+---------+---------+------+
|Available SLR        |     2494|   3616|  1716138|   858069|   641|
+---------------------+---------+-------+---------+---------+------+
|Utilization SLR (%)  |        0|      0|       ~0|       ~0|     0|
+---------------------+---------+-------+---------+---------+------+
|Available            |     7482|  10848|  5148416|  2574208|  1925|
+---------------------+---------+-------+---------+---------+------+
|Utilization (%)      |        0|      0|       ~0|       ~0|     0|
+---------------------+---------+-------+---------+---------+------+

+ Detail: 
    * Instance: 
    N/A

    * DSP: 
    N/A

    * Memory: 
    N/A

    * FIFO: 
    N/A

    * Expression: 
    +----------------------------------+----------+----+---+----+------------+------------+
    |           Variable Name          | Operation| DSP| FF| LUT| Bitwidth P0| Bitwidth P1|
    +----------------------------------+----------+----+---+----+------------+------------+
    |add_ln73_fu_113_p2                |         +|   0|  0|  31|          31|           1|
    |ap_block_pp0_stage0_01001         |       and|   0|  0|   2|           1|           1|
    |icmp_ln73_fu_123_p2               |      icmp|   0|  0|  16|          32|          32|
    |ap_block_state2_pp0_stage0_iter1  |        or|   0|  0|   2|           1|           1|
    |ap_enable_pp0                     |       xor|   0|  0|   2|           1|           2|
    +----------------------------------+----------+----+---+----+------------+------------+
    |Total                             |          |   0|  0|  53|          66|          37|
    +----------------------------------+----------+----+---+----+------------+------------+

    * Multiplexer: 
    +-------------------------+----+-----------+-----+-----------+
    |           Name          | LUT| Input Size| Bits| Total Bits|
    +-------------------------+----+-----------+-----+-----------+
    |ap_done_int              |   8|          2|    1|          2|
    |ap_enable_reg_pp0_iter1  |   8|          2|    1|          2|
    |ap_sig_allocacmp_i_load  |  32|          2|   31|         62|
    |colScale_fifo_lb_blk_n   |   8|          2|    1|          2|
    |colScale_fifo_ub_blk_n   |   8|          2|    1|          2|
    |gmem7_blk_n_R            |   8|          2|    1|          2|
    |i_fu_50                  |  32|          2|   31|         62|
    +-------------------------+----+-----------+-----+-----------+
    |Total                    | 104|         14|   67|        134|
    +-------------------------+----+-----------+-----+-----------+

    * Register: 
    +-------------------------+----+----+-----+-----------+
    |           Name          | FF | LUT| Bits| Const Bits|
    +-------------------------+----+----+-----+-----------+
    |ap_CS_fsm                |   1|   0|    1|          0|
    |ap_done_reg              |   1|   0|    1|          0|
    |ap_enable_reg_pp0_iter1  |   1|   0|    1|          0|
    |i_fu_50                  |  31|   0|   31|          0|
    +-------------------------+----+----+-----+-----------+
    |Total                    |  34|   0|   34|          0|
    +-------------------------+----+----+-----+-----------+



================================================================
== Interface
================================================================
* Summary: 
+---------------------------------+-----+-----+------------+--------------------------------------------+--------------+
|            RTL Ports            | Dir | Bits|  Protocol  |                Source Object               |    C Type    |
+---------------------------------+-----+-----+------------+--------------------------------------------+--------------+
|ap_clk                           |   in|    1|  ap_ctrl_hs|  loadDDR_data_special_Pipeline_loadDDR_data|  return value|
|ap_rst                           |   in|    1|  ap_ctrl_hs|  loadDDR_data_special_Pipeline_loadDDR_data|  return value|
|ap_start                         |   in|    1|  ap_ctrl_hs|  loadDDR_data_special_Pipeline_loadDDR_data|  return value|
|ap_done                          |  out|    1|  ap_ctrl_hs|  loadDDR_data_special_Pipeline_loadDDR_data|  return value|
|ap_idle                          |  out|    1|  ap_ctrl_hs|  loadDDR_data_special_Pipeline_loadDDR_data|  return value|
|ap_ready                         |  out|    1|  ap_ctrl_hs|  loadDDR_data_special_Pipeline_loadDDR_data|  return value|
|m_axi_gmem7_AWVALID              |  out|    1|       m_axi|                                       gmem7|       pointer|
|m_axi_gmem7_AWREADY              |   in|    1|       m_axi|                                       gmem7|       pointer|
|m_axi_gmem7_AWADDR               |  out|   64|       m_axi|                                       gmem7|       pointer|
|m_axi_gmem7_AWID                 |  out|    1|       m_axi|                                       gmem7|       pointer|
|m_axi_gmem7_AWLEN                |  out|   32|       m_axi|                                       gmem7|       pointer|
|m_axi_gmem7_AWSIZE               |  out|    3|       m_axi|                                       gmem7|       pointer|
|m_axi_gmem7_AWBURST              |  out|    2|       m_axi|                                       gmem7|       pointer|
|m_axi_gmem7_AWLOCK               |  out|    2|       m_axi|                                       gmem7|       pointer|
|m_axi_gmem7_AWCACHE              |  out|    4|       m_axi|                                       gmem7|       pointer|
|m_axi_gmem7_AWPROT               |  out|    3|       m_axi|                                       gmem7|       pointer|
|m_axi_gmem7_AWQOS                |  out|    4|       m_axi|                                       gmem7|       pointer|
|m_axi_gmem7_AWREGION             |  out|    4|       m_axi|                                       gmem7|       pointer|
|m_axi_gmem7_AWUSER               |  out|    1|       m_axi|                                       gmem7|       pointer|
|m_axi_gmem7_WVALID               |  out|    1|       m_axi|                                       gmem7|       pointer|
|m_axi_gmem7_WREADY               |   in|    1|       m_axi|                                       gmem7|       pointer|
|m_axi_gmem7_WDATA                |  out|  512|       m_axi|                                       gmem7|       pointer|
|m_axi_gmem7_WSTRB                |  out|   64|       m_axi|                                       gmem7|       pointer|
|m_axi_gmem7_WLAST                |  out|    1|       m_axi|                                       gmem7|       pointer|
|m_axi_gmem7_WID                  |  out|    1|       m_axi|                                       gmem7|       pointer|
|m_axi_gmem7_WUSER                |  out|    1|       m_axi|                                       gmem7|       pointer|
|m_axi_gmem7_ARVALID              |  out|    1|       m_axi|                                       gmem7|       pointer|
|m_axi_gmem7_ARREADY              |   in|    1|       m_axi|                                       gmem7|       pointer|
|m_axi_gmem7_ARADDR               |  out|   64|       m_axi|                                       gmem7|       pointer|
|m_axi_gmem7_ARID                 |  out|    1|       m_axi|                                       gmem7|       pointer|
|m_axi_gmem7_ARLEN                |  out|   32|       m_axi|                                       gmem7|       pointer|
|m_axi_gmem7_ARSIZE               |  out|    3|       m_axi|                                       gmem7|       pointer|
|m_axi_gmem7_ARBURST              |  out|    2|       m_axi|                                       gmem7|       pointer|
|m_axi_gmem7_ARLOCK               |  out|    2|       m_axi|                                       gmem7|       pointer|
|m_axi_gmem7_ARCACHE              |  out|    4|       m_axi|                                       gmem7|       pointer|
|m_axi_gmem7_ARPROT               |  out|    3|       m_axi|                                       gmem7|       pointer|
|m_axi_gmem7_ARQOS                |  out|    4|       m_axi|                                       gmem7|       pointer|
|m_axi_gmem7_ARREGION             |  out|    4|       m_axi|                                       gmem7|       pointer|
|m_axi_gmem7_ARUSER               |  out|    1|       m_axi|                                       gmem7|       pointer|
|m_axi_gmem7_RVALID               |   in|    1|       m_axi|                                       gmem7|       pointer|
|m_axi_gmem7_RREADY               |  out|    1|       m_axi|                                       gmem7|       pointer|
|m_axi_gmem7_RDATA                |   in|  512|       m_axi|                                       gmem7|       pointer|
|m_axi_gmem7_RLAST                |   in|    1|       m_axi|                                       gmem7|       pointer|
|m_axi_gmem7_RID                  |   in|    1|       m_axi|                                       gmem7|       pointer|
|m_axi_gmem7_RFIFONUM             |   in|   13|       m_axi|                                       gmem7|       pointer|
|m_axi_gmem7_RUSER                |   in|    1|       m_axi|                                       gmem7|       pointer|
|m_axi_gmem7_RRESP                |   in|    2|       m_axi|                                       gmem7|       pointer|
|m_axi_gmem7_BVALID               |   in|    1|       m_axi|                                       gmem7|       pointer|
|m_axi_gmem7_BREADY               |  out|    1|       m_axi|                                       gmem7|       pointer|
|m_axi_gmem7_BRESP                |   in|    2|       m_axi|                                       gmem7|       pointer|
|m_axi_gmem7_BID                  |   in|    1|       m_axi|                                       gmem7|       pointer|
|m_axi_gmem7_BUSER                |   in|    1|       m_axi|                                       gmem7|       pointer|
|colScale_fifo_lb_din             |  out|  512|     ap_fifo|                            colScale_fifo_lb|       pointer|
|colScale_fifo_lb_num_data_valid  |   in|    3|     ap_fifo|                            colScale_fifo_lb|       pointer|
|colScale_fifo_lb_fifo_cap        |   in|    3|     ap_fifo|                            colScale_fifo_lb|       pointer|
|colScale_fifo_lb_full_n          |   in|    1|     ap_fifo|                            colScale_fifo_lb|       pointer|
|colScale_fifo_lb_write           |  out|    1|     ap_fifo|                            colScale_fifo_lb|       pointer|
|colScale_fifo_ub_din             |  out|  512|     ap_fifo|                            colScale_fifo_ub|       pointer|
|colScale_fifo_ub_num_data_valid  |   in|    3|     ap_fifo|                            colScale_fifo_ub|       pointer|
|colScale_fifo_ub_fifo_cap        |   in|    3|     ap_fifo|                            colScale_fifo_ub|       pointer|
|colScale_fifo_ub_full_n          |   in|    1|     ap_fifo|                            colScale_fifo_ub|       pointer|
|colScale_fifo_ub_write           |  out|    1|     ap_fifo|                            colScale_fifo_ub|       pointer|
|n                                |   in|   32|     ap_none|                                           n|        scalar|
|sext_ln73                        |   in|   58|     ap_none|                                   sext_ln73|        scalar|
+---------------------------------+-----+-----+------------+--------------------------------------------+--------------+

