

================================================================
== Vitis HLS Report for 'Process_N'
================================================================
* Date:           Fri Jan  9 14:27:25 2026

* Version:        2024.1.2 (Build 5096458 on Sep  5 2024)
* Project:        build_Infeasi_Res_S2.xcv80-lsva4737-2MHP-e-S
* Solution:       sol1 (Vivado IP Flow Target)
* Product family: versalhbm
* Target device:  xcv80-lsva4737-2MHP-e-S


================================================================
== Performance Estimates
================================================================
+ Timing: 
    * Summary: 
    +--------+---------+----------+------------+
    |  Clock |  Target | Estimated| Uncertainty|
    +--------+---------+----------+------------+
    |ap_clk  |  3.33 ns|  2.242 ns|     0.90 ns|
    +--------+---------+----------+------------+

+ Latency: 
    * Summary: 
    +---------+---------+----------+----------+-----+-----+---------+
    |  Latency (cycles) |  Latency (absolute) |  Interval | Pipeline|
    |   min   |   max   |    min   |    max   | min | max |   Type  |
    +---------+---------+----------+----------+-----+-----+---------+
    |        1|        1|  3.333 ns|  3.333 ns|    1|    1|       no|
    +---------+---------+----------+----------+-----+-----+---------+

    + Detail: 
        * Instance: 
        N/A

        * Loop: 
        N/A



================================================================
== Utilization Estimates
================================================================
* Summary: 
+---------------------+---------+-------+---------+---------+------+
|         Name        | BRAM_18K|  DSP  |    FF   |   LUT   | URAM |
+---------------------+---------+-------+---------+---------+------+
|DSP                  |        -|      -|        -|        -|     -|
|Expression           |        -|      -|        0|      246|     -|
|FIFO                 |        -|      -|        -|        -|     -|
|Instance             |        -|      -|        -|        -|     -|
|Memory               |        -|      -|        -|        -|     -|
|Multiplexer          |        -|      -|        0|      144|     -|
|Register             |        -|      -|      131|        -|     -|
+---------------------+---------+-------+---------+---------+------+
|Total                |        0|      0|      131|      390|     0|
+---------------------+---------+-------+---------+---------+------+
|Available SLR        |     2494|   3616|  1716138|   858069|   641|
+---------------------+---------+-------+---------+---------+------+
|Utilization SLR (%)  |        0|      0|       ~0|       ~0|     0|
+---------------------+---------+-------+---------+---------+------+
|Available            |     7482|  10848|  5148416|  2574208|  1925|
+---------------------+---------+-------+---------+---------+------+
|Utilization (%)      |        0|      0|       ~0|       ~0|     0|
+---------------------+---------+-------+---------+---------+------+

+ Detail: 
    * Instance: 
    N/A

    * DSP: 
    N/A

    * Memory: 
    N/A

    * FIFO: 
    N/A

    * Expression: 
    +-----------------------+----------+----+---+----+------------+------------+
    |     Variable Name     | Operation| DSP| FF| LUT| Bitwidth P0| Bitwidth P1|
    +-----------------------+----------+----+---+----+------------+------------+
    |add_ln24_fu_38_p2      |         +|   0|  0|  32|          32|           3|
    |add_ln25_fu_102_p2     |         +|   0|  0|  32|          32|           3|
    |sub_ln24_1_fu_70_p2    |         -|   0|  0|  30|           1|          30|
    |sub_ln24_fu_51_p2      |         -|   0|  0|  32|           4|          32|
    |sub_ln25_1_fu_134_p2   |         -|   0|  0|  30|           1|          30|
    |sub_ln25_fu_115_p2     |         -|   0|  0|  32|           4|          32|
    |ap_block_state1        |        or|   0|  0|   2|           1|           1|
    |select_ln24_fu_90_p3   |    select|   0|  0|  28|           1|          30|
    |select_ln25_fu_154_p3  |    select|   0|  0|  28|           1|          30|
    +-----------------------+----------+----+---+----+------------+------------+
    |Total                  |          |   0|  0| 246|          77|         191|
    +-----------------------+----------+----+---+----+------------+------------+

    * Multiplexer: 
    +-------------+----+-----------+-----+-----------+
    |     Name    | LUT| Input Size| Bits| Total Bits|
    +-------------+----+-----------+-----+-----------+
    |ap_NS_fsm    |   8|          3|    1|          3|
    |ap_done      |   8|          2|    1|          2|
    |ap_return_0  |  32|          2|   32|         64|
    |ap_return_1  |  32|          2|   32|         64|
    |ap_return_2  |  32|          2|   32|         64|
    |ap_return_3  |  32|          2|   32|         64|
    +-------------+----+-----------+-----+-----------+
    |Total        | 144|         13|  130|        261|
    +-------------+----+-----------+-----+-----------+

    * Register: 
    +------------------+----+----+-----+-----------+
    |       Name       | FF | LUT| Bits| Const Bits|
    +------------------+----+----+-----+-----------+
    |ap_CS_fsm         |   2|   0|    2|          0|
    |ap_done_reg       |   1|   0|    1|          0|
    |ap_return_0_preg  |  32|   0|   32|          0|
    |ap_return_1_preg  |  32|   0|   32|          0|
    |ap_return_2_preg  |  32|   0|   32|          0|
    |ap_return_3_preg  |  32|   0|   32|          0|
    +------------------+----+----+-----+-----------+
    |Total             | 131|   0|  131|          0|
    +------------------+----+----+-----+-----------+



================================================================
== Interface
================================================================
* Summary: 
+-------------+-----+-----+------------+--------------+--------------+
|  RTL Ports  | Dir | Bits|  Protocol  | Source Object|    C Type    |
+-------------+-----+-----+------------+--------------+--------------+
|ap_clk       |   in|    1|  ap_ctrl_hs|     Process_N|  return value|
|ap_rst       |   in|    1|  ap_ctrl_hs|     Process_N|  return value|
|ap_start     |   in|    1|  ap_ctrl_hs|     Process_N|  return value|
|ap_done      |  out|    1|  ap_ctrl_hs|     Process_N|  return value|
|ap_continue  |   in|    1|  ap_ctrl_hs|     Process_N|  return value|
|ap_idle      |  out|    1|  ap_ctrl_hs|     Process_N|  return value|
|ap_ready     |  out|    1|  ap_ctrl_hs|     Process_N|  return value|
|ap_return_0  |  out|   32|  ap_ctrl_hs|     Process_N|  return value|
|ap_return_1  |  out|   32|  ap_ctrl_hs|     Process_N|  return value|
|ap_return_2  |  out|   32|  ap_ctrl_hs|     Process_N|  return value|
|ap_return_3  |  out|   32|  ap_ctrl_hs|     Process_N|  return value|
|p_read       |   in|   32|     ap_none|        p_read|        scalar|
|p_read1      |   in|   32|     ap_none|       p_read1|        scalar|
+-------------+-----+-----+------------+--------------+--------------+

