

================================================================
== Vitis HLS Report for 'scale_and_twoNormSquared29'
================================================================
* Date:           Fri Jan  9 14:30:07 2026

* Version:        2024.1.2 (Build 5096458 on Sep  5 2024)
* Project:        build_Infeasi_Res_S2.xcv80-lsva4737-2MHP-e-S
* Solution:       sol1 (Vivado IP Flow Target)
* Product family: versalhbm
* Target device:  xcv80-lsva4737-2MHP-e-S


================================================================
== Performance Estimates
================================================================
+ Timing: 
    * Summary: 
    +--------+---------+----------+------------+
    |  Clock |  Target | Estimated| Uncertainty|
    +--------+---------+----------+------------+
    |ap_clk  |  3.33 ns|  2.509 ns|     0.90 ns|
    +--------+---------+----------+------------+

+ Latency: 
    * Summary: 
    +---------+---------+----------+----------+-----+-----+---------+
    |  Latency (cycles) |  Latency (absolute) |  Interval | Pipeline|
    |   min   |   max   |    min   |    max   | min | max |   Type  |
    +---------+---------+----------+----------+-----+-----+---------+
    |        ?|        ?|         ?|         ?|    ?|    ?|       no|
    +---------+---------+----------+----------+-----+-----+---------+

    + Detail: 
        * Instance: 
        +---------------------------------------------+-----------------------------------+---------+---------+----------+----------+-----+-----+----------+
        |                                             |                                   |  Latency (cycles) |  Latency (absolute) |  Interval | Pipeline |
        |                   Instance                  |               Module              |   min   |   max   |    min   |    max   | min | max |   Type   |
        +---------------------------------------------+-----------------------------------+---------+---------+----------+----------+-----+-----+----------+
        |grp_scale_and_twoNormSquared_Scaled_fu_58    |scale_and_twoNormSquared_Scaled    |        ?|        ?|         ?|         ?|    ?|    ?|  dataflow|
        |grp_scale_and_twoNormSquared_noScaled_fu_72  |scale_and_twoNormSquared_noScaled  |        ?|        ?|         ?|         ?|    ?|    ?|  dataflow|
        +---------------------------------------------+-----------------------------------+---------+---------+----------+----------+-----+-----+----------+

        * Loop: 
        N/A



================================================================
== Utilization Estimates
================================================================
* Summary: 
+---------------------+---------+-------+---------+---------+------+
|         Name        | BRAM_18K|  DSP  |    FF   |   LUT   | URAM |
+---------------------+---------+-------+---------+---------+------+
|DSP                  |        -|      -|        -|        -|     -|
|Expression           |        -|      -|        0|       21|     -|
|FIFO                 |        -|      -|        -|        -|     -|
|Instance             |        -|     96|    21002|    23795|     -|
|Memory               |        -|      -|        -|        -|     -|
|Multiplexer          |        -|      -|        0|      104|     -|
|Register             |        -|      -|       10|        -|     -|
+---------------------+---------+-------+---------+---------+------+
|Total                |        0|     96|    21012|    23920|     0|
+---------------------+---------+-------+---------+---------+------+
|Available SLR        |     2494|   3616|  1716138|   858069|   641|
+---------------------+---------+-------+---------+---------+------+
|Utilization SLR (%)  |        0|      2|        1|        2|     0|
+---------------------+---------+-------+---------+---------+------+
|Available            |     7482|  10848|  5148416|  2574208|  1925|
+---------------------+---------+-------+---------+---------+------+
|Utilization (%)      |        0|     ~0|       ~0|       ~0|     0|
+---------------------+---------+-------+---------+---------+------+

+ Detail: 
    * Instance: 
    +---------------------------------------------+-----------------------------------+---------+----+-------+-------+-----+
    |                   Instance                  |               Module              | BRAM_18K| DSP|   FF  |  LUT  | URAM|
    +---------------------------------------------+-----------------------------------+---------+----+-------+-------+-----+
    |grp_scale_and_twoNormSquared_Scaled_fu_58    |scale_and_twoNormSquared_Scaled    |        0|  72|  12188|  13653|    0|
    |grp_scale_and_twoNormSquared_noScaled_fu_72  |scale_and_twoNormSquared_noScaled  |        0|  24|   8814|  10142|    0|
    +---------------------------------------------+-----------------------------------+---------+----+-------+-------+-----+
    |Total                                        |                                   |        0|  96|  21002|  23795|    0|
    +---------------------------------------------+-----------------------------------+---------+----+-------+-------+-----+

    * DSP: 
    N/A

    * Memory: 
    N/A

    * FIFO: 
    N/A

    * Expression: 
    +--------------------------------------------------------------+----------+----+---+----+------------+------------+
    |                         Variable Name                        | Operation| DSP| FF| LUT| Bitwidth P0| Bitwidth P1|
    +--------------------------------------------------------------+----------+----+---+----+------------+------------+
    |icmp_ln468_fu_88_p2                                           |      icmp|   0|  0|  13|          32|           1|
    |ap_block_state1                                               |        or|   0|  0|   2|           1|           1|
    |ap_block_state2_on_subcall_done                               |        or|   0|  0|   2|           1|           1|
    |ap_sync_grp_scale_and_twoNormSquared_Scaled_fu_58_ap_ready    |        or|   0|  0|   2|           1|           1|
    |ap_sync_grp_scale_and_twoNormSquared_noScaled_fu_72_ap_ready  |        or|   0|  0|   2|           1|           1|
    +--------------------------------------------------------------+----------+----+---+----+------------+------------+
    |Total                                                         |          |   0|  0|  21|          36|           5|
    +--------------------------------------------------------------+----------+----+---+----+------------+------------+

    * Multiplexer: 
    +-------------------------------+----+-----------+-----+-----------+
    |              Name             | LUT| Input Size| Bits| Total Bits|
    +-------------------------------+----+-----------+-----+-----------+
    |ap_NS_fsm                      |   8|          3|    1|          3|
    |ap_done                        |   8|          2|    1|          2|
    |m_axi_gmem8_ARVALID            |   8|          2|    1|          2|
    |m_axi_gmem8_RREADY             |   8|          2|    1|          2|
    |pConstrResSq_i                 |  64|          3|   64|        192|
    |primalInfeasBound_fifo_i_read  |   8|          3|    1|          3|
    +-------------------------------+----+-----------+-----+-----------+
    |Total                          | 104|         15|   69|        204|
    +-------------------------------+----+-----------+-----+-----------+

    * Register: 
    +------------------------------------------------------------------+---+----+-----+-----------+
    |                               Name                               | FF| LUT| Bits| Const Bits|
    +------------------------------------------------------------------+---+----+-----+-----------+
    |ap_CS_fsm                                                         |  2|   0|    2|          0|
    |ap_done_reg                                                       |  1|   0|    1|          0|
    |ap_sync_reg_grp_scale_and_twoNormSquared_Scaled_fu_58_ap_done     |  1|   0|    1|          0|
    |ap_sync_reg_grp_scale_and_twoNormSquared_Scaled_fu_58_ap_ready    |  1|   0|    1|          0|
    |ap_sync_reg_grp_scale_and_twoNormSquared_noScaled_fu_72_ap_done   |  1|   0|    1|          0|
    |ap_sync_reg_grp_scale_and_twoNormSquared_noScaled_fu_72_ap_ready  |  1|   0|    1|          0|
    |grp_scale_and_twoNormSquared_Scaled_fu_58_ap_start_reg            |  1|   0|    1|          0|
    |grp_scale_and_twoNormSquared_noScaled_fu_72_ap_start_reg          |  1|   0|    1|          0|
    |icmp_ln468_reg_105                                                |  1|   0|    1|          0|
    +------------------------------------------------------------------+---+----+-----+-----------+
    |Total                                                             | 10|   0|   10|          0|
    +------------------------------------------------------------------+---+----+-----+-----------+



================================================================
== Interface
================================================================
* Summary: 
+-----------------------------------------+-----+-----+------------+----------------------------+--------------+
|                RTL Ports                | Dir | Bits|  Protocol  |        Source Object       |    C Type    |
+-----------------------------------------+-----+-----+------------+----------------------------+--------------+
|ap_clk                                   |   in|    1|  ap_ctrl_hs|  scale_and_twoNormSquared29|  return value|
|ap_rst                                   |   in|    1|  ap_ctrl_hs|  scale_and_twoNormSquared29|  return value|
|ap_start                                 |   in|    1|  ap_ctrl_hs|  scale_and_twoNormSquared29|  return value|
|ap_done                                  |  out|    1|  ap_ctrl_hs|  scale_and_twoNormSquared29|  return value|
|ap_continue                              |   in|    1|  ap_ctrl_hs|  scale_and_twoNormSquared29|  return value|
|ap_idle                                  |  out|    1|  ap_ctrl_hs|  scale_and_twoNormSquared29|  return value|
|ap_ready                                 |  out|    1|  ap_ctrl_hs|  scale_and_twoNormSquared29|  return value|
|m_axi_gmem8_AWVALID                      |  out|    1|       m_axi|                       gmem8|       pointer|
|m_axi_gmem8_AWREADY                      |   in|    1|       m_axi|                       gmem8|       pointer|
|m_axi_gmem8_AWADDR                       |  out|   64|       m_axi|                       gmem8|       pointer|
|m_axi_gmem8_AWID                         |  out|    1|       m_axi|                       gmem8|       pointer|
|m_axi_gmem8_AWLEN                        |  out|   32|       m_axi|                       gmem8|       pointer|
|m_axi_gmem8_AWSIZE                       |  out|    3|       m_axi|                       gmem8|       pointer|
|m_axi_gmem8_AWBURST                      |  out|    2|       m_axi|                       gmem8|       pointer|
|m_axi_gmem8_AWLOCK                       |  out|    2|       m_axi|                       gmem8|       pointer|
|m_axi_gmem8_AWCACHE                      |  out|    4|       m_axi|                       gmem8|       pointer|
|m_axi_gmem8_AWPROT                       |  out|    3|       m_axi|                       gmem8|       pointer|
|m_axi_gmem8_AWQOS                        |  out|    4|       m_axi|                       gmem8|       pointer|
|m_axi_gmem8_AWREGION                     |  out|    4|       m_axi|                       gmem8|       pointer|
|m_axi_gmem8_AWUSER                       |  out|    1|       m_axi|                       gmem8|       pointer|
|m_axi_gmem8_WVALID                       |  out|    1|       m_axi|                       gmem8|       pointer|
|m_axi_gmem8_WREADY                       |   in|    1|       m_axi|                       gmem8|       pointer|
|m_axi_gmem8_WDATA                        |  out|  512|       m_axi|                       gmem8|       pointer|
|m_axi_gmem8_WSTRB                        |  out|   64|       m_axi|                       gmem8|       pointer|
|m_axi_gmem8_WLAST                        |  out|    1|       m_axi|                       gmem8|       pointer|
|m_axi_gmem8_WID                          |  out|    1|       m_axi|                       gmem8|       pointer|
|m_axi_gmem8_WUSER                        |  out|    1|       m_axi|                       gmem8|       pointer|
|m_axi_gmem8_ARVALID                      |  out|    1|       m_axi|                       gmem8|       pointer|
|m_axi_gmem8_ARREADY                      |   in|    1|       m_axi|                       gmem8|       pointer|
|m_axi_gmem8_ARADDR                       |  out|   64|       m_axi|                       gmem8|       pointer|
|m_axi_gmem8_ARID                         |  out|    1|       m_axi|                       gmem8|       pointer|
|m_axi_gmem8_ARLEN                        |  out|   32|       m_axi|                       gmem8|       pointer|
|m_axi_gmem8_ARSIZE                       |  out|    3|       m_axi|                       gmem8|       pointer|
|m_axi_gmem8_ARBURST                      |  out|    2|       m_axi|                       gmem8|       pointer|
|m_axi_gmem8_ARLOCK                       |  out|    2|       m_axi|                       gmem8|       pointer|
|m_axi_gmem8_ARCACHE                      |  out|    4|       m_axi|                       gmem8|       pointer|
|m_axi_gmem8_ARPROT                       |  out|    3|       m_axi|                       gmem8|       pointer|
|m_axi_gmem8_ARQOS                        |  out|    4|       m_axi|                       gmem8|       pointer|
|m_axi_gmem8_ARREGION                     |  out|    4|       m_axi|                       gmem8|       pointer|
|m_axi_gmem8_ARUSER                       |  out|    1|       m_axi|                       gmem8|       pointer|
|m_axi_gmem8_RVALID                       |   in|    1|       m_axi|                       gmem8|       pointer|
|m_axi_gmem8_RREADY                       |  out|    1|       m_axi|                       gmem8|       pointer|
|m_axi_gmem8_RDATA                        |   in|  512|       m_axi|                       gmem8|       pointer|
|m_axi_gmem8_RLAST                        |   in|    1|       m_axi|                       gmem8|       pointer|
|m_axi_gmem8_RID                          |   in|    1|       m_axi|                       gmem8|       pointer|
|m_axi_gmem8_RFIFONUM                     |   in|   13|       m_axi|                       gmem8|       pointer|
|m_axi_gmem8_RUSER                        |   in|    1|       m_axi|                       gmem8|       pointer|
|m_axi_gmem8_RRESP                        |   in|    2|       m_axi|                       gmem8|       pointer|
|m_axi_gmem8_BVALID                       |   in|    1|       m_axi|                       gmem8|       pointer|
|m_axi_gmem8_BREADY                       |  out|    1|       m_axi|                       gmem8|       pointer|
|m_axi_gmem8_BRESP                        |   in|    2|       m_axi|                       gmem8|       pointer|
|m_axi_gmem8_BID                          |   in|    1|       m_axi|                       gmem8|       pointer|
|m_axi_gmem8_BUSER                        |   in|    1|       m_axi|                       gmem8|       pointer|
|rowScale                                 |   in|   64|     ap_none|                    rowScale|        scalar|
|primalInfeasBound_fifo_i_dout            |   in|  512|     ap_fifo|    primalInfeasBound_fifo_i|       pointer|
|primalInfeasBound_fifo_i_num_data_valid  |   in|    3|     ap_fifo|    primalInfeasBound_fifo_i|       pointer|
|primalInfeasBound_fifo_i_fifo_cap        |   in|    3|     ap_fifo|    primalInfeasBound_fifo_i|       pointer|
|primalInfeasBound_fifo_i_empty_n         |   in|    1|     ap_fifo|    primalInfeasBound_fifo_i|       pointer|
|primalInfeasBound_fifo_i_read            |  out|    1|     ap_fifo|    primalInfeasBound_fifo_i|       pointer|
|pConstrResSq_i                           |  out|   64|     ap_none|              pConstrResSq_i|       pointer|
|p_read                                   |   in|   32|     ap_none|                      p_read|        scalar|
|ifScaled                                 |   in|   32|     ap_none|                    ifScaled|        scalar|
+-----------------------------------------+-----+-----+------------+----------------------------+--------------+

