

================================================================
== Vitis HLS Report for 'scale_and_twoNormSquared_for_lub_noScaled'
================================================================
* Date:           Fri Jan  9 14:31:12 2026

* Version:        2024.1.2 (Build 5096458 on Sep  5 2024)
* Project:        build_Infeasi_Res_S2.xcv80-lsva4737-2MHP-e-S
* Solution:       sol1 (Vivado IP Flow Target)
* Product family: versalhbm
* Target device:  xcv80-lsva4737-2MHP-e-S


================================================================
== Performance Estimates
================================================================
+ Timing: 
    * Summary: 
    +--------+---------+----------+------------+
    |  Clock |  Target | Estimated| Uncertainty|
    +--------+---------+----------+------------+
    |ap_clk  |  3.33 ns|  2.509 ns|     0.90 ns|
    +--------+---------+----------+------------+

+ Latency: 
    * Summary: 
    +---------+---------+----------+----------+-----+-----+----------+
    |  Latency (cycles) |  Latency (absolute) |  Interval | Pipeline |
    |   min   |   max   |    min   |    max   | min | max |   Type   |
    +---------+---------+----------+----------+-----+-----+----------+
    |        ?|        ?|         ?|         ?|    ?|    ?|  dataflow|
    +---------+---------+----------+----------+-----+-----+----------+

    + Detail: 
        * Instance: 
        +---------------------+------------------+---------+---------+----------+----------+-----+-----+---------+
        |                     |                  |  Latency (cycles) |  Latency (absolute) |  Interval | Pipeline|
        |       Instance      |      Module      |   min   |   max   |    min   |    max   | min | max |   Type  |
        +---------------------+------------------+---------+---------+----------+----------+-----+-----+---------+
        |twoNormSquared_5_U0  |twoNormSquared_5  |        ?|        ?|         ?|         ?|    ?|    ?|       no|
        |twoNormSquared_6_U0  |twoNormSquared_6  |        ?|        ?|         ?|         ?|    ?|    ?|       no|
        +---------------------+------------------+---------+---------+----------+----------+-----+-----+---------+

        * Loop: 
        N/A



================================================================
== Utilization Estimates
================================================================
* Summary: 
+---------------------+---------+-------+---------+---------+------+
|         Name        | BRAM_18K|  DSP  |    FF   |   LUT   | URAM |
+---------------------+---------+-------+---------+---------+------+
|DSP                  |        -|      -|        -|        -|     -|
|Expression           |        -|      -|        0|       16|     -|
|FIFO                 |        -|      -|        -|        -|     -|
|Instance             |        -|     48|    17628|    20284|     -|
|Memory               |        -|      -|        -|        -|     -|
|Multiplexer          |        -|      -|        0|       16|     -|
|Register             |        -|      -|        2|        -|     -|
+---------------------+---------+-------+---------+---------+------+
|Total                |        0|     48|    17630|    20316|     0|
+---------------------+---------+-------+---------+---------+------+
|Available SLR        |     2494|   3616|  1716138|   858069|   641|
+---------------------+---------+-------+---------+---------+------+
|Utilization SLR (%)  |        0|      1|        1|        2|     0|
+---------------------+---------+-------+---------+---------+------+
|Available            |     7482|  10848|  5148416|  2574208|  1925|
+---------------------+---------+-------+---------+---------+------+
|Utilization (%)      |        0|     ~0|       ~0|       ~0|     0|
+---------------------+---------+-------+---------+---------+------+

+ Detail: 
    * Instance: 
    +---------------------+------------------+---------+----+------+-------+-----+
    |       Instance      |      Module      | BRAM_18K| DSP|  FF  |  LUT  | URAM|
    +---------------------+------------------+---------+----+------+-------+-----+
    |twoNormSquared_5_U0  |twoNormSquared_5  |        0|  24|  8814|  10142|    0|
    |twoNormSquared_6_U0  |twoNormSquared_6  |        0|  24|  8814|  10142|    0|
    +---------------------+------------------+---------+----+------+-------+-----+
    |Total                |                  |        0|  48| 17628|  20284|    0|
    +---------------------+------------------+---------+----+------+-------+-----+

    * DSP: 
    N/A

    * Memory: 
    N/A

    * FIFO: 
    N/A

    * Expression: 
    +--------------------------------------+----------+----+---+----+------------+------------+
    |             Variable Name            | Operation| DSP| FF| LUT| Bitwidth P0| Bitwidth P1|
    +--------------------------------------+----------+----+---+----+------------+------------+
    |ap_idle                               |       and|   0|  0|   2|           1|           1|
    |ap_sync_continue                      |       and|   0|  0|   2|           1|           1|
    |ap_sync_done                          |       and|   0|  0|   2|           1|           1|
    |ap_sync_ready                         |       and|   0|  0|   2|           1|           1|
    |twoNormSquared_5_U0_ap_start          |       and|   0|  0|   2|           1|           1|
    |twoNormSquared_6_U0_ap_start          |       and|   0|  0|   2|           1|           1|
    |ap_sync_twoNormSquared_5_U0_ap_ready  |        or|   0|  0|   2|           1|           1|
    |ap_sync_twoNormSquared_6_U0_ap_ready  |        or|   0|  0|   2|           1|           1|
    +--------------------------------------+----------+----+---+----+------------+------------+
    |Total                                 |          |   0|  0|  16|           8|           8|
    +--------------------------------------+----------+----+---+----+------------+------------+

    * Multiplexer: 
    +------------------------------------------+----+-----------+-----+-----------+
    |                   Name                   | LUT| Input Size| Bits| Total Bits|
    +------------------------------------------+----+-----------+-----+-----------+
    |ap_sync_reg_twoNormSquared_5_U0_ap_ready  |   8|          2|    1|          2|
    |ap_sync_reg_twoNormSquared_6_U0_ap_ready  |   8|          2|    1|          2|
    +------------------------------------------+----+-----------+-----+-----------+
    |Total                                     |  16|          4|    2|          4|
    +------------------------------------------+----+-----------+-----+-----------+

    * Register: 
    +------------------------------------------+---+----+-----+-----------+
    |                   Name                   | FF| LUT| Bits| Const Bits|
    +------------------------------------------+---+----+-----+-----------+
    |ap_sync_reg_twoNormSquared_5_U0_ap_ready  |  1|   0|    1|          0|
    |ap_sync_reg_twoNormSquared_6_U0_ap_ready  |  1|   0|    1|          0|
    +------------------------------------------+---+----+-----+-----------+
    |Total                                     |  2|   0|    2|          0|
    +------------------------------------------+---+----+-----+-----------+



================================================================
== Interface
================================================================
* Summary: 
+----------------------------------------------+-----+-----+------------+-------------------------------------------+--------------+
|                   RTL Ports                  | Dir | Bits|  Protocol  |               Source Object               |    C Type    |
+----------------------------------------------+-----+-----+------------+-------------------------------------------+--------------+
|primalInfeasBound_edotfifo_lb_dout            |   in|  512|     ap_fifo|              primalInfeasBound_edotfifo_lb|       pointer|
|primalInfeasBound_edotfifo_lb_empty_n         |   in|    1|     ap_fifo|              primalInfeasBound_edotfifo_lb|       pointer|
|primalInfeasBound_edotfifo_lb_read            |  out|    1|     ap_fifo|              primalInfeasBound_edotfifo_lb|       pointer|
|primalInfeasBound_edotfifo_ub_dout            |   in|  512|     ap_fifo|              primalInfeasBound_edotfifo_ub|       pointer|
|primalInfeasBound_edotfifo_ub_empty_n         |   in|    1|     ap_fifo|              primalInfeasBound_edotfifo_ub|       pointer|
|primalInfeasBound_edotfifo_ub_read            |  out|    1|     ap_fifo|              primalInfeasBound_edotfifo_ub|       pointer|
|pBoundLbResSq                                 |  out|   64|      ap_vld|                              pBoundLbResSq|       pointer|
|pBoundLbResSq_ap_vld                          |  out|    1|      ap_vld|                              pBoundLbResSq|       pointer|
|pBoundUbResSq                                 |  out|   64|      ap_vld|                              pBoundUbResSq|       pointer|
|pBoundUbResSq_ap_vld                          |  out|    1|      ap_vld|                              pBoundUbResSq|       pointer|
|nCols                                         |   in|   32|     ap_none|                                      nCols|        scalar|
|nCols_ap_vld                                  |   in|    1|     ap_none|                                      nCols|        scalar|
|ap_clk                                        |   in|    1|  ap_ctrl_hs|  scale_and_twoNormSquared_for_lub_noScaled|  return value|
|ap_rst                                        |   in|    1|  ap_ctrl_hs|  scale_and_twoNormSquared_for_lub_noScaled|  return value|
|primalInfeasBound_edotfifo_lb_num_data_valid  |   in|    3|  ap_ctrl_hs|  scale_and_twoNormSquared_for_lub_noScaled|  return value|
|primalInfeasBound_edotfifo_lb_fifo_cap        |   in|    3|  ap_ctrl_hs|  scale_and_twoNormSquared_for_lub_noScaled|  return value|
|ap_start                                      |   in|    1|  ap_ctrl_hs|  scale_and_twoNormSquared_for_lub_noScaled|  return value|
|ap_done                                       |  out|    1|  ap_ctrl_hs|  scale_and_twoNormSquared_for_lub_noScaled|  return value|
|primalInfeasBound_edotfifo_ub_num_data_valid  |   in|    3|  ap_ctrl_hs|  scale_and_twoNormSquared_for_lub_noScaled|  return value|
|primalInfeasBound_edotfifo_ub_fifo_cap        |   in|    3|  ap_ctrl_hs|  scale_and_twoNormSquared_for_lub_noScaled|  return value|
|ap_ready                                      |  out|    1|  ap_ctrl_hs|  scale_and_twoNormSquared_for_lub_noScaled|  return value|
|ap_idle                                       |  out|    1|  ap_ctrl_hs|  scale_and_twoNormSquared_for_lub_noScaled|  return value|
|ap_continue                                   |   in|    1|  ap_ctrl_hs|  scale_and_twoNormSquared_for_lub_noScaled|  return value|
+----------------------------------------------+-----+-----+------------+-------------------------------------------+--------------+

