

================================================================
== Vitis HLS Report for 'scale_and_twoNormSquared_for_lub_Scaled'
================================================================
* Date:           Fri Jan  9 14:30:57 2026

* Version:        2024.1.2 (Build 5096458 on Sep  5 2024)
* Project:        build_Infeasi_Res_S2.xcv80-lsva4737-2MHP-e-S
* Solution:       sol1 (Vivado IP Flow Target)
* Product family: versalhbm
* Target device:  xcv80-lsva4737-2MHP-e-S


================================================================
== Performance Estimates
================================================================
+ Timing: 
    * Summary: 
    +--------+---------+----------+------------+
    |  Clock |  Target | Estimated| Uncertainty|
    +--------+---------+----------+------------+
    |ap_clk  |  3.33 ns|  2.509 ns|     0.90 ns|
    +--------+---------+----------+------------+

+ Latency: 
    * Summary: 
    +---------+---------+----------+----------+-----+-----+----------+
    |  Latency (cycles) |  Latency (absolute) |  Interval | Pipeline |
    |   min   |   max   |    min   |    max   | min | max |   Type   |
    +---------+---------+----------+----------+-----+-----+----------+
    |        ?|        ?|         ?|         ?|    ?|    ?|  dataflow|
    +---------+---------+----------+----------+-----+-----+----------+

    + Detail: 
        * Instance: 
        +-------------------------+----------------------+---------+---------+----------+----------+-----+-----+---------+
        |                         |                      |  Latency (cycles) |  Latency (absolute) |  Interval | Pipeline|
        |         Instance        |        Module        |   min   |   max   |    min   |    max   | min | max |   Type  |
        +-------------------------+----------------------+---------+---------+----------+----------+-----+-----+---------+
        |loadDDR_data_special_U0  |loadDDR_data_special  |        ?|        ?|         ?|         ?|    ?|    ?|       no|
        |ediv_7_U0                |ediv_7                |        ?|        ?|         ?|         ?|    ?|    ?|       no|
        |ediv_U0                  |ediv                  |        ?|        ?|         ?|         ?|    ?|    ?|       no|
        |twoNormSquared_8_U0      |twoNormSquared_8      |        ?|        ?|         ?|         ?|    ?|    ?|       no|
        |twoNormSquared_9_U0      |twoNormSquared_9      |        ?|        ?|         ?|         ?|    ?|    ?|       no|
        +-------------------------+----------------------+---------+---------+----------+----------+-----+-----+---------+

        * Loop: 
        N/A



================================================================
== Utilization Estimates
================================================================
* Summary: 
+---------------------+---------+-------+---------+---------+------+
|         Name        | BRAM_18K|  DSP  |    FF   |   LUT   | URAM |
+---------------------+---------+-------+---------+---------+------+
|DSP                  |        -|      -|        -|        -|     -|
|Expression           |        -|      -|        0|        8|     -|
|FIFO                 |        -|      -|      292|     1160|     -|
|Instance             |        -|     48|    20254|    21242|     -|
|Memory               |        -|      -|        -|        -|     -|
|Multiplexer          |        -|      -|        -|        -|     -|
|Register             |        -|      -|        -|        -|     -|
+---------------------+---------+-------+---------+---------+------+
|Total                |        0|     48|    20546|    22410|     0|
+---------------------+---------+-------+---------+---------+------+
|Available SLR        |     2494|   3616|  1716138|   858069|   641|
+---------------------+---------+-------+---------+---------+------+
|Utilization SLR (%)  |        0|      1|        1|        2|     0|
+---------------------+---------+-------+---------+---------+------+
|Available            |     7482|  10848|  5148416|  2574208|  1925|
+---------------------+---------+-------+---------+---------+------+
|Utilization (%)      |        0|     ~0|       ~0|       ~0|     0|
+---------------------+---------+-------+---------+---------+------+

+ Detail: 
    * Instance: 
    +-------------------------+----------------------+---------+----+------+-------+-----+
    |         Instance        |        Module        | BRAM_18K| DSP|  FF  |  LUT  | URAM|
    +-------------------------+----------------------+---------+----+------+-------+-----+
    |ediv_U0                  |ediv                  |        0|   0|  1211|    229|    0|
    |ediv_7_U0                |ediv_7                |        0|   0|  1211|    229|    0|
    |loadDDR_data_special_U0  |loadDDR_data_special  |        0|   0|   140|    484|    0|
    |twoNormSquared_8_U0      |twoNormSquared_8      |        0|  24|  8846|  10150|    0|
    |twoNormSquared_9_U0      |twoNormSquared_9      |        0|  24|  8846|  10150|    0|
    +-------------------------+----------------------+---------+----+------+-------+-----+
    |Total                    |                      |        0|  48| 20254|  21242|    0|
    +-------------------------+----------------------+---------+----+------+-------+-----+

    * DSP: 
    N/A

    * Memory: 
    N/A

    * FIFO: 
    +--------------------+---------+----+----+-----+------+-----+---------+
    |        Name        | BRAM_18K| FF | LUT| URAM| Depth| Bits| Size:D*B|
    +--------------------+---------+----+----+-----+------+-----+---------+
    |colScale_fifo_lb_U  |        0|   5|   0|    -|     3|  512|     1536|
    |colScale_fifo_ub_U  |        0|   5|   0|    -|     3|  512|     1536|
    |nCols_c1_U          |        0|  68|   0|    -|     2|   32|       64|
    |nCols_c2_U          |        0|  68|   0|    -|     2|   32|       64|
    |nCols_c3_U          |        0|  68|   0|    -|     2|   32|       64|
    |nCols_c_U           |        0|  68|   0|    -|     2|   32|       64|
    |temp_lb_U           |        0|   5|   0|    -|     3|  512|     1536|
    |temp_ub_U           |        0|   5|   0|    -|     3|  512|     1536|
    +--------------------+---------+----+----+-----+------+-----+---------+
    |Total               |        0| 292|   0|    0|    20| 2176|     6400|
    +--------------------+---------+----+----+-----+------+-----+---------+

    * Expression: 
    +--------------------------------------+----------+----+---+----+------------+------------+
    |             Variable Name            | Operation| DSP| FF| LUT| Bitwidth P0| Bitwidth P1|
    +--------------------------------------+----------+----+---+----+------------+------------+
    |ap_idle                               |       and|   0|  0|   2|           1|           1|
    |ap_sync_continue                      |       and|   0|  0|   2|           1|           1|
    |ap_sync_done                          |       and|   0|  0|   2|           1|           1|
    |loadDDR_data_special_U0_start_full_n  |       and|   0|  0|   2|           1|           1|
    +--------------------------------------+----------+----+---+----+------------+------------+
    |Total                                 |          |   0|  0|   8|           4|           4|
    +--------------------------------------+----------+----+---+----+------------+------------+

    * Multiplexer: 
    N/A

    * Register: 
    N/A



================================================================
== Interface
================================================================
* Summary: 
+----------------------------------------------+-----+-----+------------+-----------------------------------------+--------------+
|                   RTL Ports                  | Dir | Bits|  Protocol  |              Source Object              |    C Type    |
+----------------------------------------------+-----+-----+------------+-----------------------------------------+--------------+
|m_axi_gmem7_AWVALID                           |  out|    1|       m_axi|                                    gmem7|       pointer|
|m_axi_gmem7_AWREADY                           |   in|    1|       m_axi|                                    gmem7|       pointer|
|m_axi_gmem7_AWADDR                            |  out|   64|       m_axi|                                    gmem7|       pointer|
|m_axi_gmem7_AWID                              |  out|    1|       m_axi|                                    gmem7|       pointer|
|m_axi_gmem7_AWLEN                             |  out|   32|       m_axi|                                    gmem7|       pointer|
|m_axi_gmem7_AWSIZE                            |  out|    3|       m_axi|                                    gmem7|       pointer|
|m_axi_gmem7_AWBURST                           |  out|    2|       m_axi|                                    gmem7|       pointer|
|m_axi_gmem7_AWLOCK                            |  out|    2|       m_axi|                                    gmem7|       pointer|
|m_axi_gmem7_AWCACHE                           |  out|    4|       m_axi|                                    gmem7|       pointer|
|m_axi_gmem7_AWPROT                            |  out|    3|       m_axi|                                    gmem7|       pointer|
|m_axi_gmem7_AWQOS                             |  out|    4|       m_axi|                                    gmem7|       pointer|
|m_axi_gmem7_AWREGION                          |  out|    4|       m_axi|                                    gmem7|       pointer|
|m_axi_gmem7_AWUSER                            |  out|    1|       m_axi|                                    gmem7|       pointer|
|m_axi_gmem7_WVALID                            |  out|    1|       m_axi|                                    gmem7|       pointer|
|m_axi_gmem7_WREADY                            |   in|    1|       m_axi|                                    gmem7|       pointer|
|m_axi_gmem7_WDATA                             |  out|  512|       m_axi|                                    gmem7|       pointer|
|m_axi_gmem7_WSTRB                             |  out|   64|       m_axi|                                    gmem7|       pointer|
|m_axi_gmem7_WLAST                             |  out|    1|       m_axi|                                    gmem7|       pointer|
|m_axi_gmem7_WID                               |  out|    1|       m_axi|                                    gmem7|       pointer|
|m_axi_gmem7_WUSER                             |  out|    1|       m_axi|                                    gmem7|       pointer|
|m_axi_gmem7_ARVALID                           |  out|    1|       m_axi|                                    gmem7|       pointer|
|m_axi_gmem7_ARREADY                           |   in|    1|       m_axi|                                    gmem7|       pointer|
|m_axi_gmem7_ARADDR                            |  out|   64|       m_axi|                                    gmem7|       pointer|
|m_axi_gmem7_ARID                              |  out|    1|       m_axi|                                    gmem7|       pointer|
|m_axi_gmem7_ARLEN                             |  out|   32|       m_axi|                                    gmem7|       pointer|
|m_axi_gmem7_ARSIZE                            |  out|    3|       m_axi|                                    gmem7|       pointer|
|m_axi_gmem7_ARBURST                           |  out|    2|       m_axi|                                    gmem7|       pointer|
|m_axi_gmem7_ARLOCK                            |  out|    2|       m_axi|                                    gmem7|       pointer|
|m_axi_gmem7_ARCACHE                           |  out|    4|       m_axi|                                    gmem7|       pointer|
|m_axi_gmem7_ARPROT                            |  out|    3|       m_axi|                                    gmem7|       pointer|
|m_axi_gmem7_ARQOS                             |  out|    4|       m_axi|                                    gmem7|       pointer|
|m_axi_gmem7_ARREGION                          |  out|    4|       m_axi|                                    gmem7|       pointer|
|m_axi_gmem7_ARUSER                            |  out|    1|       m_axi|                                    gmem7|       pointer|
|m_axi_gmem7_RVALID                            |   in|    1|       m_axi|                                    gmem7|       pointer|
|m_axi_gmem7_RREADY                            |  out|    1|       m_axi|                                    gmem7|       pointer|
|m_axi_gmem7_RDATA                             |   in|  512|       m_axi|                                    gmem7|       pointer|
|m_axi_gmem7_RLAST                             |   in|    1|       m_axi|                                    gmem7|       pointer|
|m_axi_gmem7_RID                               |   in|    1|       m_axi|                                    gmem7|       pointer|
|m_axi_gmem7_RFIFONUM                          |   in|   13|       m_axi|                                    gmem7|       pointer|
|m_axi_gmem7_RUSER                             |   in|    1|       m_axi|                                    gmem7|       pointer|
|m_axi_gmem7_RRESP                             |   in|    2|       m_axi|                                    gmem7|       pointer|
|m_axi_gmem7_BVALID                            |   in|    1|       m_axi|                                    gmem7|       pointer|
|m_axi_gmem7_BREADY                            |  out|    1|       m_axi|                                    gmem7|       pointer|
|m_axi_gmem7_BRESP                             |   in|    2|       m_axi|                                    gmem7|       pointer|
|m_axi_gmem7_BID                               |   in|    1|       m_axi|                                    gmem7|       pointer|
|m_axi_gmem7_BUSER                             |   in|    1|       m_axi|                                    gmem7|       pointer|
|colScale                                      |   in|   64|     ap_none|                                 colScale|        scalar|
|colScale_ap_vld                               |   in|    1|     ap_none|                                 colScale|        scalar|
|primalInfeasBound_edotfifo_lb_dout            |   in|  512|     ap_fifo|            primalInfeasBound_edotfifo_lb|       pointer|
|primalInfeasBound_edotfifo_lb_empty_n         |   in|    1|     ap_fifo|            primalInfeasBound_edotfifo_lb|       pointer|
|primalInfeasBound_edotfifo_lb_read            |  out|    1|     ap_fifo|            primalInfeasBound_edotfifo_lb|       pointer|
|primalInfeasBound_edotfifo_ub_dout            |   in|  512|     ap_fifo|            primalInfeasBound_edotfifo_ub|       pointer|
|primalInfeasBound_edotfifo_ub_empty_n         |   in|    1|     ap_fifo|            primalInfeasBound_edotfifo_ub|       pointer|
|primalInfeasBound_edotfifo_ub_read            |  out|    1|     ap_fifo|            primalInfeasBound_edotfifo_ub|       pointer|
|pBoundLbResSq                                 |  out|   64|      ap_vld|                            pBoundLbResSq|       pointer|
|pBoundLbResSq_ap_vld                          |  out|    1|      ap_vld|                            pBoundLbResSq|       pointer|
|pBoundUbResSq                                 |  out|   64|      ap_vld|                            pBoundUbResSq|       pointer|
|pBoundUbResSq_ap_vld                          |  out|    1|      ap_vld|                            pBoundUbResSq|       pointer|
|nCols                                         |   in|   32|     ap_none|                                    nCols|        scalar|
|nCols_ap_vld                                  |   in|    1|     ap_none|                                    nCols|        scalar|
|ap_clk                                        |   in|    1|  ap_ctrl_hs|  scale_and_twoNormSquared_for_lub_Scaled|  return value|
|ap_rst                                        |   in|    1|  ap_ctrl_hs|  scale_and_twoNormSquared_for_lub_Scaled|  return value|
|ap_start                                      |   in|    1|  ap_ctrl_hs|  scale_and_twoNormSquared_for_lub_Scaled|  return value|
|primalInfeasBound_edotfifo_lb_num_data_valid  |   in|    3|  ap_ctrl_hs|  scale_and_twoNormSquared_for_lub_Scaled|  return value|
|primalInfeasBound_edotfifo_lb_fifo_cap        |   in|    3|  ap_ctrl_hs|  scale_and_twoNormSquared_for_lub_Scaled|  return value|
|primalInfeasBound_edotfifo_ub_num_data_valid  |   in|    3|  ap_ctrl_hs|  scale_and_twoNormSquared_for_lub_Scaled|  return value|
|primalInfeasBound_edotfifo_ub_fifo_cap        |   in|    3|  ap_ctrl_hs|  scale_and_twoNormSquared_for_lub_Scaled|  return value|
|ap_done                                       |  out|    1|  ap_ctrl_hs|  scale_and_twoNormSquared_for_lub_Scaled|  return value|
|ap_ready                                      |  out|    1|  ap_ctrl_hs|  scale_and_twoNormSquared_for_lub_Scaled|  return value|
|ap_idle                                       |  out|    1|  ap_ctrl_hs|  scale_and_twoNormSquared_for_lub_Scaled|  return value|
|ap_continue                                   |   in|    1|  ap_ctrl_hs|  scale_and_twoNormSquared_for_lub_Scaled|  return value|
+----------------------------------------------+-----+-----+------------+-----------------------------------------+--------------+

