

================================================================
== Vitis HLS Report for 'scale_and_twoNormSquared_for_lub27'
================================================================
* Date:           Fri Jan  9 14:31:12 2026

* Version:        2024.1.2 (Build 5096458 on Sep  5 2024)
* Project:        build_Infeasi_Res_S2.xcv80-lsva4737-2MHP-e-S
* Solution:       sol1 (Vivado IP Flow Target)
* Product family: versalhbm
* Target device:  xcv80-lsva4737-2MHP-e-S


================================================================
== Performance Estimates
================================================================
+ Timing: 
    * Summary: 
    +--------+---------+----------+------------+
    |  Clock |  Target | Estimated| Uncertainty|
    +--------+---------+----------+------------+
    |ap_clk  |  3.33 ns|  2.509 ns|     0.90 ns|
    +--------+---------+----------+------------+

+ Latency: 
    * Summary: 
    +---------+---------+----------+----------+-----+-----+---------+
    |  Latency (cycles) |  Latency (absolute) |  Interval | Pipeline|
    |   min   |   max   |    min   |    max   | min | max |   Type  |
    +---------+---------+----------+----------+-----+-----+---------+
    |        ?|        ?|         ?|         ?|    ?|    ?|       no|
    +---------+---------+----------+----------+-----+-----+---------+

    + Detail: 
        * Instance: 
        +-----------------------------------------------------+-------------------------------------------+---------+---------+----------+----------+-----+-----+----------+
        |                                                     |                                           |  Latency (cycles) |  Latency (absolute) |  Interval | Pipeline |
        |                       Instance                      |                   Module                  |   min   |   max   |    min   |    max   | min | max |   Type   |
        +-----------------------------------------------------+-------------------------------------------+---------+---------+----------+----------+-----+-----+----------+
        |grp_scale_and_twoNormSquared_for_lub_Scaled_fu_62    |scale_and_twoNormSquared_for_lub_Scaled    |        ?|        ?|         ?|         ?|    ?|    ?|  dataflow|
        |grp_scale_and_twoNormSquared_for_lub_noScaled_fu_80  |scale_and_twoNormSquared_for_lub_noScaled  |        ?|        ?|         ?|         ?|    ?|    ?|  dataflow|
        +-----------------------------------------------------+-------------------------------------------+---------+---------+----------+----------+-----+-----+----------+

        * Loop: 
        N/A



================================================================
== Utilization Estimates
================================================================
* Summary: 
+---------------------+---------+-------+---------+---------+------+
|         Name        | BRAM_18K|  DSP  |    FF   |   LUT   | URAM |
+---------------------+---------+-------+---------+---------+------+
|DSP                  |        -|      -|        -|        -|     -|
|Expression           |        -|      -|        0|       21|     -|
|FIFO                 |        -|      -|        -|        -|     -|
|Instance             |        -|     96|    38176|    42726|     -|
|Memory               |        -|      -|        -|        -|     -|
|Multiplexer          |        -|      -|        0|      176|     -|
|Register             |        -|      -|       10|        -|     -|
+---------------------+---------+-------+---------+---------+------+
|Total                |        0|     96|    38186|    42923|     0|
+---------------------+---------+-------+---------+---------+------+
|Available SLR        |     2494|   3616|  1716138|   858069|   641|
+---------------------+---------+-------+---------+---------+------+
|Utilization SLR (%)  |        0|      2|        2|        5|     0|
+---------------------+---------+-------+---------+---------+------+
|Available            |     7482|  10848|  5148416|  2574208|  1925|
+---------------------+---------+-------+---------+---------+------+
|Utilization (%)      |        0|     ~0|       ~0|        1|     0|
+---------------------+---------+-------+---------+---------+------+

+ Detail: 
    * Instance: 
    +-----------------------------------------------------+-------------------------------------------+---------+----+-------+-------+-----+
    |                       Instance                      |                   Module                  | BRAM_18K| DSP|   FF  |  LUT  | URAM|
    +-----------------------------------------------------+-------------------------------------------+---------+----+-------+-------+-----+
    |grp_scale_and_twoNormSquared_for_lub_Scaled_fu_62    |scale_and_twoNormSquared_for_lub_Scaled    |        0|  48|  20546|  22410|    0|
    |grp_scale_and_twoNormSquared_for_lub_noScaled_fu_80  |scale_and_twoNormSquared_for_lub_noScaled  |        0|  48|  17630|  20316|    0|
    +-----------------------------------------------------+-------------------------------------------+---------+----+-------+-------+-----+
    |Total                                                |                                           |        0|  96|  38176|  42726|    0|
    +-----------------------------------------------------+-------------------------------------------+---------+----+-------+-------+-----+

    * DSP: 
    N/A

    * Memory: 
    N/A

    * FIFO: 
    N/A

    * Expression: 
    +----------------------------------------------------------------------+----------+----+---+----+------------+------------+
    |                             Variable Name                            | Operation| DSP| FF| LUT| Bitwidth P0| Bitwidth P1|
    +----------------------------------------------------------------------+----------+----+---+----+------------+------------+
    |icmp_ln78_fu_100_p2                                                   |      icmp|   0|  0|  13|          32|           1|
    |ap_block_state1                                                       |        or|   0|  0|   2|           1|           1|
    |ap_block_state2_on_subcall_done                                       |        or|   0|  0|   2|           1|           1|
    |ap_sync_grp_scale_and_twoNormSquared_for_lub_Scaled_fu_62_ap_ready    |        or|   0|  0|   2|           1|           1|
    |ap_sync_grp_scale_and_twoNormSquared_for_lub_noScaled_fu_80_ap_ready  |        or|   0|  0|   2|           1|           1|
    +----------------------------------------------------------------------+----------+----+---+----+------------+------------+
    |Total                                                                 |          |   0|  0|  21|          36|           5|
    +----------------------------------------------------------------------+----------+----+---+----+------------+------------+

    * Multiplexer: 
    +--------------------------------------+----+-----------+-----+-----------+
    |                 Name                 | LUT| Input Size| Bits| Total Bits|
    +--------------------------------------+----+-----------+-----+-----------+
    |ap_NS_fsm                             |   8|          3|    1|          3|
    |ap_done                               |   8|          2|    1|          2|
    |m_axi_gmem7_ARVALID                   |   8|          2|    1|          2|
    |m_axi_gmem7_RREADY                    |   8|          2|    1|          2|
    |pBoundLbResSq_i                       |  64|          3|   64|        192|
    |pBoundUbResSq_i                       |  64|          3|   64|        192|
    |primalInfeasBound_edotfifo_lb_i_read  |   8|          3|    1|          3|
    |primalInfeasBound_edotfifo_ub_i_read  |   8|          3|    1|          3|
    +--------------------------------------+----+-----------+-----+-----------+
    |Total                                 | 176|         21|  134|        399|
    +--------------------------------------+----+-----------+-----+-----------+

    * Register: 
    +--------------------------------------------------------------------------+---+----+-----+-----------+
    |                                   Name                                   | FF| LUT| Bits| Const Bits|
    +--------------------------------------------------------------------------+---+----+-----+-----------+
    |ap_CS_fsm                                                                 |  2|   0|    2|          0|
    |ap_done_reg                                                               |  1|   0|    1|          0|
    |ap_sync_reg_grp_scale_and_twoNormSquared_for_lub_Scaled_fu_62_ap_done     |  1|   0|    1|          0|
    |ap_sync_reg_grp_scale_and_twoNormSquared_for_lub_Scaled_fu_62_ap_ready    |  1|   0|    1|          0|
    |ap_sync_reg_grp_scale_and_twoNormSquared_for_lub_noScaled_fu_80_ap_done   |  1|   0|    1|          0|
    |ap_sync_reg_grp_scale_and_twoNormSquared_for_lub_noScaled_fu_80_ap_ready  |  1|   0|    1|          0|
    |grp_scale_and_twoNormSquared_for_lub_Scaled_fu_62_ap_start_reg            |  1|   0|    1|          0|
    |grp_scale_and_twoNormSquared_for_lub_noScaled_fu_80_ap_start_reg          |  1|   0|    1|          0|
    |icmp_ln78_reg_117                                                         |  1|   0|    1|          0|
    +--------------------------------------------------------------------------+---+----+-----+-----------+
    |Total                                                                     | 10|   0|   10|          0|
    +--------------------------------------------------------------------------+---+----+-----+-----------+



================================================================
== Interface
================================================================
* Summary: 
+------------------------------------------------+-----+-----+------------+------------------------------------+--------------+
|                    RTL Ports                   | Dir | Bits|  Protocol  |            Source Object           |    C Type    |
+------------------------------------------------+-----+-----+------------+------------------------------------+--------------+
|ap_clk                                          |   in|    1|  ap_ctrl_hs|  scale_and_twoNormSquared_for_lub27|  return value|
|ap_rst                                          |   in|    1|  ap_ctrl_hs|  scale_and_twoNormSquared_for_lub27|  return value|
|ap_start                                        |   in|    1|  ap_ctrl_hs|  scale_and_twoNormSquared_for_lub27|  return value|
|ap_done                                         |  out|    1|  ap_ctrl_hs|  scale_and_twoNormSquared_for_lub27|  return value|
|ap_continue                                     |   in|    1|  ap_ctrl_hs|  scale_and_twoNormSquared_for_lub27|  return value|
|ap_idle                                         |  out|    1|  ap_ctrl_hs|  scale_and_twoNormSquared_for_lub27|  return value|
|ap_ready                                        |  out|    1|  ap_ctrl_hs|  scale_and_twoNormSquared_for_lub27|  return value|
|m_axi_gmem7_AWVALID                             |  out|    1|       m_axi|                               gmem7|       pointer|
|m_axi_gmem7_AWREADY                             |   in|    1|       m_axi|                               gmem7|       pointer|
|m_axi_gmem7_AWADDR                              |  out|   64|       m_axi|                               gmem7|       pointer|
|m_axi_gmem7_AWID                                |  out|    1|       m_axi|                               gmem7|       pointer|
|m_axi_gmem7_AWLEN                               |  out|   32|       m_axi|                               gmem7|       pointer|
|m_axi_gmem7_AWSIZE                              |  out|    3|       m_axi|                               gmem7|       pointer|
|m_axi_gmem7_AWBURST                             |  out|    2|       m_axi|                               gmem7|       pointer|
|m_axi_gmem7_AWLOCK                              |  out|    2|       m_axi|                               gmem7|       pointer|
|m_axi_gmem7_AWCACHE                             |  out|    4|       m_axi|                               gmem7|       pointer|
|m_axi_gmem7_AWPROT                              |  out|    3|       m_axi|                               gmem7|       pointer|
|m_axi_gmem7_AWQOS                               |  out|    4|       m_axi|                               gmem7|       pointer|
|m_axi_gmem7_AWREGION                            |  out|    4|       m_axi|                               gmem7|       pointer|
|m_axi_gmem7_AWUSER                              |  out|    1|       m_axi|                               gmem7|       pointer|
|m_axi_gmem7_WVALID                              |  out|    1|       m_axi|                               gmem7|       pointer|
|m_axi_gmem7_WREADY                              |   in|    1|       m_axi|                               gmem7|       pointer|
|m_axi_gmem7_WDATA                               |  out|  512|       m_axi|                               gmem7|       pointer|
|m_axi_gmem7_WSTRB                               |  out|   64|       m_axi|                               gmem7|       pointer|
|m_axi_gmem7_WLAST                               |  out|    1|       m_axi|                               gmem7|       pointer|
|m_axi_gmem7_WID                                 |  out|    1|       m_axi|                               gmem7|       pointer|
|m_axi_gmem7_WUSER                               |  out|    1|       m_axi|                               gmem7|       pointer|
|m_axi_gmem7_ARVALID                             |  out|    1|       m_axi|                               gmem7|       pointer|
|m_axi_gmem7_ARREADY                             |   in|    1|       m_axi|                               gmem7|       pointer|
|m_axi_gmem7_ARADDR                              |  out|   64|       m_axi|                               gmem7|       pointer|
|m_axi_gmem7_ARID                                |  out|    1|       m_axi|                               gmem7|       pointer|
|m_axi_gmem7_ARLEN                               |  out|   32|       m_axi|                               gmem7|       pointer|
|m_axi_gmem7_ARSIZE                              |  out|    3|       m_axi|                               gmem7|       pointer|
|m_axi_gmem7_ARBURST                             |  out|    2|       m_axi|                               gmem7|       pointer|
|m_axi_gmem7_ARLOCK                              |  out|    2|       m_axi|                               gmem7|       pointer|
|m_axi_gmem7_ARCACHE                             |  out|    4|       m_axi|                               gmem7|       pointer|
|m_axi_gmem7_ARPROT                              |  out|    3|       m_axi|                               gmem7|       pointer|
|m_axi_gmem7_ARQOS                               |  out|    4|       m_axi|                               gmem7|       pointer|
|m_axi_gmem7_ARREGION                            |  out|    4|       m_axi|                               gmem7|       pointer|
|m_axi_gmem7_ARUSER                              |  out|    1|       m_axi|                               gmem7|       pointer|
|m_axi_gmem7_RVALID                              |   in|    1|       m_axi|                               gmem7|       pointer|
|m_axi_gmem7_RREADY                              |  out|    1|       m_axi|                               gmem7|       pointer|
|m_axi_gmem7_RDATA                               |   in|  512|       m_axi|                               gmem7|       pointer|
|m_axi_gmem7_RLAST                               |   in|    1|       m_axi|                               gmem7|       pointer|
|m_axi_gmem7_RID                                 |   in|    1|       m_axi|                               gmem7|       pointer|
|m_axi_gmem7_RFIFONUM                            |   in|   13|       m_axi|                               gmem7|       pointer|
|m_axi_gmem7_RUSER                               |   in|    1|       m_axi|                               gmem7|       pointer|
|m_axi_gmem7_RRESP                               |   in|    2|       m_axi|                               gmem7|       pointer|
|m_axi_gmem7_BVALID                              |   in|    1|       m_axi|                               gmem7|       pointer|
|m_axi_gmem7_BREADY                              |  out|    1|       m_axi|                               gmem7|       pointer|
|m_axi_gmem7_BRESP                               |   in|    2|       m_axi|                               gmem7|       pointer|
|m_axi_gmem7_BID                                 |   in|    1|       m_axi|                               gmem7|       pointer|
|m_axi_gmem7_BUSER                               |   in|    1|       m_axi|                               gmem7|       pointer|
|colScale1                                       |   in|   64|     ap_none|                           colScale1|        scalar|
|primalInfeasBound_edotfifo_lb_i_dout            |   in|  512|     ap_fifo|     primalInfeasBound_edotfifo_lb_i|       pointer|
|primalInfeasBound_edotfifo_lb_i_num_data_valid  |   in|    3|     ap_fifo|     primalInfeasBound_edotfifo_lb_i|       pointer|
|primalInfeasBound_edotfifo_lb_i_fifo_cap        |   in|    3|     ap_fifo|     primalInfeasBound_edotfifo_lb_i|       pointer|
|primalInfeasBound_edotfifo_lb_i_empty_n         |   in|    1|     ap_fifo|     primalInfeasBound_edotfifo_lb_i|       pointer|
|primalInfeasBound_edotfifo_lb_i_read            |  out|    1|     ap_fifo|     primalInfeasBound_edotfifo_lb_i|       pointer|
|primalInfeasBound_edotfifo_ub_i_dout            |   in|  512|     ap_fifo|     primalInfeasBound_edotfifo_ub_i|       pointer|
|primalInfeasBound_edotfifo_ub_i_num_data_valid  |   in|    3|     ap_fifo|     primalInfeasBound_edotfifo_ub_i|       pointer|
|primalInfeasBound_edotfifo_ub_i_fifo_cap        |   in|    3|     ap_fifo|     primalInfeasBound_edotfifo_ub_i|       pointer|
|primalInfeasBound_edotfifo_ub_i_empty_n         |   in|    1|     ap_fifo|     primalInfeasBound_edotfifo_ub_i|       pointer|
|primalInfeasBound_edotfifo_ub_i_read            |  out|    1|     ap_fifo|     primalInfeasBound_edotfifo_ub_i|       pointer|
|pBoundLbResSq_i                                 |  out|   64|     ap_none|                     pBoundLbResSq_i|       pointer|
|pBoundUbResSq_i                                 |  out|   64|     ap_none|                     pBoundUbResSq_i|       pointer|
|p_read                                          |   in|   32|     ap_none|                              p_read|        scalar|
|ifScaled                                        |   in|   32|     ap_none|                            ifScaled|        scalar|
+------------------------------------------------+-----+-----+------------+------------------------------------+--------------+

