

================================================================
== Vitis HLS Report for 'scale_and_twoNorm'
================================================================
* Date:           Fri Jan  9 14:28:57 2026

* Version:        2024.1.2 (Build 5096458 on Sep  5 2024)
* Project:        build_Infeasi_Res_S2.xcv80-lsva4737-2MHP-e-S
* Solution:       sol1 (Vivado IP Flow Target)
* Product family: versalhbm
* Target device:  xcv80-lsva4737-2MHP-e-S


================================================================
== Performance Estimates
================================================================
+ Timing: 
    * Summary: 
    +--------+---------+----------+------------+
    |  Clock |  Target | Estimated| Uncertainty|
    +--------+---------+----------+------------+
    |ap_clk  |  3.33 ns|  2.433 ns|     0.90 ns|
    +--------+---------+----------+------------+

+ Latency: 
    * Summary: 
    +---------+---------+----------+----------+-----+-----+---------+
    |  Latency (cycles) |  Latency (absolute) |  Interval | Pipeline|
    |   min   |   max   |    min   |    max   | min | max |   Type  |
    +---------+---------+----------+----------+-----+-----+---------+
    |        ?|        ?|         ?|         ?|    ?|    ?|       no|
    +---------+---------+----------+----------+-----+-----+---------+

    + Detail: 
        * Instance: 
        +--------------------------------------+----------------------------+---------+---------+----------+----------+-----+-----+----------+
        |                                      |                            |  Latency (cycles) |  Latency (absolute) |  Interval | Pipeline |
        |               Instance               |           Module           |   min   |   max   |    min   |    max   | min | max |   Type   |
        +--------------------------------------+----------------------------+---------+---------+----------+----------+-----+-----+----------+
        |grp_scale_and_twoNorm_Scaled_fu_58    |scale_and_twoNorm_Scaled    |        ?|        ?|         ?|         ?|    ?|    ?|  dataflow|
        |grp_scale_and_twoNorm_noScaled_fu_72  |scale_and_twoNorm_noScaled  |        ?|        ?|         ?|         ?|    ?|    ?|  dataflow|
        +--------------------------------------+----------------------------+---------+---------+----------+----------+-----+-----+----------+

        * Loop: 
        N/A



================================================================
== Utilization Estimates
================================================================
* Summary: 
+---------------------+---------+-------+---------+---------+------+
|         Name        | BRAM_18K|  DSP  |    FF   |   LUT   | URAM |
+---------------------+---------+-------+---------+---------+------+
|DSP                  |        -|      -|        -|        -|     -|
|Expression           |        -|      -|        0|       21|     -|
|FIFO                 |        -|      -|        -|        -|     -|
|Instance             |        -|     72|    11967|    10686|     -|
|Memory               |        -|      -|        -|        -|     -|
|Multiplexer          |        -|      -|        0|      112|     -|
|Register             |        -|      -|       10|        -|     -|
+---------------------+---------+-------+---------+---------+------+
|Total                |        0|     72|    11977|    10819|     0|
+---------------------+---------+-------+---------+---------+------+
|Available SLR        |     2494|   3616|  1716138|   858069|   641|
+---------------------+---------+-------+---------+---------+------+
|Utilization SLR (%)  |        0|      1|       ~0|        1|     0|
+---------------------+---------+-------+---------+---------+------+
|Available            |     7482|  10848|  5148416|  2574208|  1925|
+---------------------+---------+-------+---------+---------+------+
|Utilization (%)      |        0|     ~0|       ~0|       ~0|     0|
+---------------------+---------+-------+---------+---------+------+

+ Detail: 
    * Instance: 
    +--------------------------------------+----------------------------+---------+----+------+------+-----+
    |               Instance               |           Module           | BRAM_18K| DSP|  FF  |  LUT | URAM|
    +--------------------------------------+----------------------------+---------+----+------+------+-----+
    |grp_scale_and_twoNorm_Scaled_fu_58    |scale_and_twoNorm_Scaled    |        0|  60|  8182|  7097|    0|
    |grp_scale_and_twoNorm_noScaled_fu_72  |scale_and_twoNorm_noScaled  |        0|  12|  3785|  3589|    0|
    +--------------------------------------+----------------------------+---------+----+------+------+-----+
    |Total                                 |                            |        0|  72| 11967| 10686|    0|
    +--------------------------------------+----------------------------+---------+----+------+------+-----+

    * DSP: 
    N/A

    * Memory: 
    N/A

    * FIFO: 
    N/A

    * Expression: 
    +-------------------------------------------------------+----------+----+---+----+------------+------------+
    |                     Variable Name                     | Operation| DSP| FF| LUT| Bitwidth P0| Bitwidth P1|
    +-------------------------------------------------------+----------+----+---+----+------------+------------+
    |icmp_ln353_fu_88_p2                                    |      icmp|   0|  0|  13|          32|           1|
    |ap_block_state1                                        |        or|   0|  0|   2|           1|           1|
    |ap_block_state2_on_subcall_done                        |        or|   0|  0|   2|           1|           1|
    |ap_sync_grp_scale_and_twoNorm_Scaled_fu_58_ap_ready    |        or|   0|  0|   2|           1|           1|
    |ap_sync_grp_scale_and_twoNorm_noScaled_fu_72_ap_ready  |        or|   0|  0|   2|           1|           1|
    +-------------------------------------------------------+----------+----+---+----+------------+------------+
    |Total                                                  |          |   0|  0|  21|          36|           5|
    +-------------------------------------------------------+----------+----+---+----+------------+------------+

    * Multiplexer: 
    +----------------------------------+----+-----------+-----+-----------+
    |               Name               | LUT| Input Size| Bits| Total Bits|
    +----------------------------------+----+-----------+-----+-----------+
    |ap_NS_fsm                         |   8|          3|    1|          3|
    |ap_done                           |   8|          2|    1|          2|
    |dPrimalInfeasRes_din              |  64|          2|   64|        128|
    |dPrimalInfeasRes_write            |   8|          3|    1|          3|
    |dualInfeasConstr_axpyfifo_i_read  |   8|          3|    1|          3|
    |m_axi_gmem4_ARVALID               |   8|          2|    1|          2|
    |m_axi_gmem4_RREADY                |   8|          2|    1|          2|
    +----------------------------------+----+-----------+-----+-----------+
    |Total                             | 112|         17|   70|        143|
    +----------------------------------+----+-----------+-----+-----------+

    * Register: 
    +-----------------------------------------------------------+---+----+-----+-----------+
    |                            Name                           | FF| LUT| Bits| Const Bits|
    +-----------------------------------------------------------+---+----+-----+-----------+
    |ap_CS_fsm                                                  |  2|   0|    2|          0|
    |ap_done_reg                                                |  1|   0|    1|          0|
    |ap_sync_reg_grp_scale_and_twoNorm_Scaled_fu_58_ap_done     |  1|   0|    1|          0|
    |ap_sync_reg_grp_scale_and_twoNorm_Scaled_fu_58_ap_ready    |  1|   0|    1|          0|
    |ap_sync_reg_grp_scale_and_twoNorm_noScaled_fu_72_ap_done   |  1|   0|    1|          0|
    |ap_sync_reg_grp_scale_and_twoNorm_noScaled_fu_72_ap_ready  |  1|   0|    1|          0|
    |grp_scale_and_twoNorm_Scaled_fu_58_ap_start_reg            |  1|   0|    1|          0|
    |grp_scale_and_twoNorm_noScaled_fu_72_ap_start_reg          |  1|   0|    1|          0|
    |icmp_ln353_reg_105                                         |  1|   0|    1|          0|
    +-----------------------------------------------------------+---+----+-----+-----------+
    |Total                                                      | 10|   0|   10|          0|
    +-----------------------------------------------------------+---+----+-----+-----------+



================================================================
== Interface
================================================================
* Summary: 
+--------------------------------------------+-----+-----+------------+-----------------------------+--------------+
|                  RTL Ports                 | Dir | Bits|  Protocol  |        Source Object        |    C Type    |
+--------------------------------------------+-----+-----+------------+-----------------------------+--------------+
|ap_clk                                      |   in|    1|  ap_ctrl_hs|            scale_and_twoNorm|  return value|
|ap_rst                                      |   in|    1|  ap_ctrl_hs|            scale_and_twoNorm|  return value|
|ap_start                                    |   in|    1|  ap_ctrl_hs|            scale_and_twoNorm|  return value|
|ap_done                                     |  out|    1|  ap_ctrl_hs|            scale_and_twoNorm|  return value|
|ap_continue                                 |   in|    1|  ap_ctrl_hs|            scale_and_twoNorm|  return value|
|ap_idle                                     |  out|    1|  ap_ctrl_hs|            scale_and_twoNorm|  return value|
|ap_ready                                    |  out|    1|  ap_ctrl_hs|            scale_and_twoNorm|  return value|
|m_axi_gmem4_AWVALID                         |  out|    1|       m_axi|                        gmem4|       pointer|
|m_axi_gmem4_AWREADY                         |   in|    1|       m_axi|                        gmem4|       pointer|
|m_axi_gmem4_AWADDR                          |  out|   64|       m_axi|                        gmem4|       pointer|
|m_axi_gmem4_AWID                            |  out|    1|       m_axi|                        gmem4|       pointer|
|m_axi_gmem4_AWLEN                           |  out|   32|       m_axi|                        gmem4|       pointer|
|m_axi_gmem4_AWSIZE                          |  out|    3|       m_axi|                        gmem4|       pointer|
|m_axi_gmem4_AWBURST                         |  out|    2|       m_axi|                        gmem4|       pointer|
|m_axi_gmem4_AWLOCK                          |  out|    2|       m_axi|                        gmem4|       pointer|
|m_axi_gmem4_AWCACHE                         |  out|    4|       m_axi|                        gmem4|       pointer|
|m_axi_gmem4_AWPROT                          |  out|    3|       m_axi|                        gmem4|       pointer|
|m_axi_gmem4_AWQOS                           |  out|    4|       m_axi|                        gmem4|       pointer|
|m_axi_gmem4_AWREGION                        |  out|    4|       m_axi|                        gmem4|       pointer|
|m_axi_gmem4_AWUSER                          |  out|    1|       m_axi|                        gmem4|       pointer|
|m_axi_gmem4_WVALID                          |  out|    1|       m_axi|                        gmem4|       pointer|
|m_axi_gmem4_WREADY                          |   in|    1|       m_axi|                        gmem4|       pointer|
|m_axi_gmem4_WDATA                           |  out|  512|       m_axi|                        gmem4|       pointer|
|m_axi_gmem4_WSTRB                           |  out|   64|       m_axi|                        gmem4|       pointer|
|m_axi_gmem4_WLAST                           |  out|    1|       m_axi|                        gmem4|       pointer|
|m_axi_gmem4_WID                             |  out|    1|       m_axi|                        gmem4|       pointer|
|m_axi_gmem4_WUSER                           |  out|    1|       m_axi|                        gmem4|       pointer|
|m_axi_gmem4_ARVALID                         |  out|    1|       m_axi|                        gmem4|       pointer|
|m_axi_gmem4_ARREADY                         |   in|    1|       m_axi|                        gmem4|       pointer|
|m_axi_gmem4_ARADDR                          |  out|   64|       m_axi|                        gmem4|       pointer|
|m_axi_gmem4_ARID                            |  out|    1|       m_axi|                        gmem4|       pointer|
|m_axi_gmem4_ARLEN                           |  out|   32|       m_axi|                        gmem4|       pointer|
|m_axi_gmem4_ARSIZE                          |  out|    3|       m_axi|                        gmem4|       pointer|
|m_axi_gmem4_ARBURST                         |  out|    2|       m_axi|                        gmem4|       pointer|
|m_axi_gmem4_ARLOCK                          |  out|    2|       m_axi|                        gmem4|       pointer|
|m_axi_gmem4_ARCACHE                         |  out|    4|       m_axi|                        gmem4|       pointer|
|m_axi_gmem4_ARPROT                          |  out|    3|       m_axi|                        gmem4|       pointer|
|m_axi_gmem4_ARQOS                           |  out|    4|       m_axi|                        gmem4|       pointer|
|m_axi_gmem4_ARREGION                        |  out|    4|       m_axi|                        gmem4|       pointer|
|m_axi_gmem4_ARUSER                          |  out|    1|       m_axi|                        gmem4|       pointer|
|m_axi_gmem4_RVALID                          |   in|    1|       m_axi|                        gmem4|       pointer|
|m_axi_gmem4_RREADY                          |  out|    1|       m_axi|                        gmem4|       pointer|
|m_axi_gmem4_RDATA                           |   in|  512|       m_axi|                        gmem4|       pointer|
|m_axi_gmem4_RLAST                           |   in|    1|       m_axi|                        gmem4|       pointer|
|m_axi_gmem4_RID                             |   in|    1|       m_axi|                        gmem4|       pointer|
|m_axi_gmem4_RFIFONUM                        |   in|   13|       m_axi|                        gmem4|       pointer|
|m_axi_gmem4_RUSER                           |   in|    1|       m_axi|                        gmem4|       pointer|
|m_axi_gmem4_RRESP                           |   in|    2|       m_axi|                        gmem4|       pointer|
|m_axi_gmem4_BVALID                          |   in|    1|       m_axi|                        gmem4|       pointer|
|m_axi_gmem4_BREADY                          |  out|    1|       m_axi|                        gmem4|       pointer|
|m_axi_gmem4_BRESP                           |   in|    2|       m_axi|                        gmem4|       pointer|
|m_axi_gmem4_BID                             |   in|    1|       m_axi|                        gmem4|       pointer|
|m_axi_gmem4_BUSER                           |   in|    1|       m_axi|                        gmem4|       pointer|
|colScale0                                   |   in|   64|     ap_none|                    colScale0|        scalar|
|dualInfeasConstr_axpyfifo_i_dout            |   in|  512|     ap_fifo|  dualInfeasConstr_axpyfifo_i|       pointer|
|dualInfeasConstr_axpyfifo_i_num_data_valid  |   in|    3|     ap_fifo|  dualInfeasConstr_axpyfifo_i|       pointer|
|dualInfeasConstr_axpyfifo_i_fifo_cap        |   in|    3|     ap_fifo|  dualInfeasConstr_axpyfifo_i|       pointer|
|dualInfeasConstr_axpyfifo_i_empty_n         |   in|    1|     ap_fifo|  dualInfeasConstr_axpyfifo_i|       pointer|
|dualInfeasConstr_axpyfifo_i_read            |  out|    1|     ap_fifo|  dualInfeasConstr_axpyfifo_i|       pointer|
|dPrimalInfeasRes_din                        |  out|   64|     ap_fifo|             dPrimalInfeasRes|       pointer|
|dPrimalInfeasRes_num_data_valid             |   in|    3|     ap_fifo|             dPrimalInfeasRes|       pointer|
|dPrimalInfeasRes_fifo_cap                   |   in|    3|     ap_fifo|             dPrimalInfeasRes|       pointer|
|dPrimalInfeasRes_full_n                     |   in|    1|     ap_fifo|             dPrimalInfeasRes|       pointer|
|dPrimalInfeasRes_write                      |  out|    1|     ap_fifo|             dPrimalInfeasRes|       pointer|
|p_read                                      |   in|   32|     ap_none|                       p_read|        scalar|
|ifScaled                                    |   in|   32|     ap_none|                     ifScaled|        scalar|
+--------------------------------------------+-----+-----+------------+-----------------------------+--------------+

