

================================================================
== Vitis HLS Report for 'scale_and_twoNorm_noScaled'
================================================================
* Date:           Fri Jan  9 14:28:56 2026

* Version:        2024.1.2 (Build 5096458 on Sep  5 2024)
* Project:        build_Infeasi_Res_S2.xcv80-lsva4737-2MHP-e-S
* Solution:       sol1 (Vivado IP Flow Target)
* Product family: versalhbm
* Target device:  xcv80-lsva4737-2MHP-e-S


================================================================
== Performance Estimates
================================================================
+ Timing: 
    * Summary: 
    +--------+---------+----------+------------+
    |  Clock |  Target | Estimated| Uncertainty|
    +--------+---------+----------+------------+
    |ap_clk  |  3.33 ns|  2.190 ns|     0.90 ns|
    +--------+---------+----------+------------+

+ Latency: 
    * Summary: 
    +---------+---------+----------+----------+-----+-----+----------+
    |  Latency (cycles) |  Latency (absolute) |  Interval | Pipeline |
    |   min   |   max   |    min   |    max   | min | max |   Type   |
    +---------+---------+----------+----------+-----+-----+----------+
    |        ?|        ?|         ?|         ?|    ?|    ?|  dataflow|
    +---------+---------+----------+----------+-----+-----+----------+

    + Detail: 
        * Instance: 
        +------------+---------+---------+---------+----------+----------+-----+-----+---------+
        |            |         |  Latency (cycles) |  Latency (absolute) |  Interval | Pipeline|
        |  Instance  |  Module |   min   |   max   |    min   |    max   | min | max |   Type  |
        +------------+---------+---------+---------+----------+----------+-----+-----+---------+
        |twoNorm_U0  |twoNorm  |        ?|        ?|         ?|         ?|    ?|    ?|       no|
        +------------+---------+---------+---------+----------+----------+-----+-----+---------+

        * Loop: 
        N/A



================================================================
== Utilization Estimates
================================================================
* Summary: 
+---------------------+---------+-------+---------+---------+------+
|         Name        | BRAM_18K|  DSP  |    FF   |   LUT   | URAM |
+---------------------+---------+-------+---------+---------+------+
|DSP                  |        -|      -|        -|        -|     -|
|Expression           |        -|      -|        -|        -|     -|
|FIFO                 |        -|      -|        -|        -|     -|
|Instance             |        -|     12|     3785|     3589|     -|
|Memory               |        -|      -|        -|        -|     -|
|Multiplexer          |        -|      -|        -|        -|     -|
|Register             |        -|      -|        -|        -|     -|
+---------------------+---------+-------+---------+---------+------+
|Total                |        0|     12|     3785|     3589|     0|
+---------------------+---------+-------+---------+---------+------+
|Available SLR        |     2494|   3616|  1716138|   858069|   641|
+---------------------+---------+-------+---------+---------+------+
|Utilization SLR (%)  |        0|     ~0|       ~0|       ~0|     0|
+---------------------+---------+-------+---------+---------+------+
|Available            |     7482|  10848|  5148416|  2574208|  1925|
+---------------------+---------+-------+---------+---------+------+
|Utilization (%)      |        0|     ~0|       ~0|       ~0|     0|
+---------------------+---------+-------+---------+---------+------+

+ Detail: 
    * Instance: 
    +------------+---------+---------+----+------+------+-----+
    |  Instance  |  Module | BRAM_18K| DSP|  FF  |  LUT | URAM|
    +------------+---------+---------+----+------+------+-----+
    |twoNorm_U0  |twoNorm  |        0|  12|  3785|  3589|    0|
    +------------+---------+---------+----+------+------+-----+
    |Total       |         |        0|  12|  3785|  3589|    0|
    +------------+---------+---------+----+------+------+-----+

    * DSP: 
    N/A

    * Memory: 
    N/A

    * FIFO: 
    N/A

    * Expression: 
    N/A

    * Multiplexer: 
    N/A

    * Register: 
    N/A



================================================================
== Interface
================================================================
* Summary: 
+-----------------------------------+-----+-----+------------+----------------------------+--------------+
|             RTL Ports             | Dir | Bits|  Protocol  |        Source Object       |    C Type    |
+-----------------------------------+-----+-----+------------+----------------------------+--------------+
|dualInfeasConstr_axpyfifo_dout     |   in|  512|     ap_fifo|   dualInfeasConstr_axpyfifo|       pointer|
|dualInfeasConstr_axpyfifo_empty_n  |   in|    1|     ap_fifo|   dualInfeasConstr_axpyfifo|       pointer|
|dualInfeasConstr_axpyfifo_read     |  out|    1|     ap_fifo|   dualInfeasConstr_axpyfifo|       pointer|
|dPrimalInfeasRes_din               |  out|   64|     ap_fifo|            dPrimalInfeasRes|       pointer|
|dPrimalInfeasRes_full_n            |   in|    1|     ap_fifo|            dPrimalInfeasRes|       pointer|
|dPrimalInfeasRes_write             |  out|    1|     ap_fifo|            dPrimalInfeasRes|       pointer|
|n                                  |   in|   32|     ap_none|                           n|        scalar|
|n_ap_vld                           |   in|    1|     ap_none|                           n|        scalar|
|ap_clk                             |   in|    1|  ap_ctrl_hs|  scale_and_twoNorm_noScaled|  return value|
|ap_rst                             |   in|    1|  ap_ctrl_hs|  scale_and_twoNorm_noScaled|  return value|
|ap_start                           |   in|    1|  ap_ctrl_hs|  scale_and_twoNorm_noScaled|  return value|
|ap_done                            |  out|    1|  ap_ctrl_hs|  scale_and_twoNorm_noScaled|  return value|
|ap_ready                           |  out|    1|  ap_ctrl_hs|  scale_and_twoNorm_noScaled|  return value|
|ap_idle                            |  out|    1|  ap_ctrl_hs|  scale_and_twoNorm_noScaled|  return value|
|ap_continue                        |   in|    1|  ap_ctrl_hs|  scale_and_twoNorm_noScaled|  return value|
+-----------------------------------+-----+-----+------------+----------------------------+--------------+

