

================================================================
== Vitis HLS Report for 'consumer'
================================================================
* Date:           Fri Jan  9 14:28:18 2026

* Version:        2024.1.2 (Build 5096458 on Sep  5 2024)
* Project:        build_Infeasi_Res_S2.xcv80-lsva4737-2MHP-e-S
* Solution:       sol1 (Vivado IP Flow Target)
* Product family: versalhbm
* Target device:  xcv80-lsva4737-2MHP-e-S


================================================================
== Performance Estimates
================================================================
+ Timing: 
    * Summary: 
    +--------+---------+----------+------------+
    |  Clock |  Target | Estimated| Uncertainty|
    +--------+---------+----------+------------+
    |ap_clk  |  3.33 ns|  1.665 ns|     0.90 ns|
    +--------+---------+----------+------------+

+ Latency: 
    * Summary: 
    +---------+---------+----------+----------+-----+-----+---------+
    |  Latency (cycles) |  Latency (absolute) |  Interval | Pipeline|
    |   min   |   max   |    min   |    max   | min | max |   Type  |
    +---------+---------+----------+----------+-----+-----+---------+
    |        ?|        ?|         ?|         ?|    ?|    ?|       no|
    +---------+---------+----------+----------+-----+-----+---------+

    + Detail: 
        * Instance: 
        +---------------------------------------------+-----------------------------------+---------+---------+----------+----------+-----+-----+-----------------------------------------------+
        |                                             |                                   |  Latency (cycles) |  Latency (absolute) |  Interval |                    Pipeline                   |
        |                   Instance                  |               Module              |   min   |   max   |    min   |    max   | min | max |                      Type                     |
        +---------------------------------------------+-----------------------------------+---------+---------+----------+----------+-----+-----+-----------------------------------------------+
        |grp_consumer_Pipeline_VITIS_LOOP_15_1_fu_36  |consumer_Pipeline_VITIS_LOOP_15_1  |        ?|        ?|         ?|         ?|    0|    0|  loop auto-rewind stp(delay=0 clock cycles(s))|
        +---------------------------------------------+-----------------------------------+---------+---------+----------+----------+-----+-----+-----------------------------------------------+

        * Loop: 
        N/A



================================================================
== Utilization Estimates
================================================================
* Summary: 
+---------------------+---------+-------+---------+---------+------+
|         Name        | BRAM_18K|  DSP  |    FF   |   LUT   | URAM |
+---------------------+---------+-------+---------+---------+------+
|DSP                  |        -|      -|        -|        -|     -|
|Expression           |        -|      -|        0|        2|     -|
|FIFO                 |        -|      -|        -|        -|     -|
|Instance             |        -|      -|       34|      139|     -|
|Memory               |        -|      -|        -|        -|     -|
|Multiplexer          |        -|      -|        0|       32|     -|
|Register             |        -|      -|       37|        -|     -|
+---------------------+---------+-------+---------+---------+------+
|Total                |        0|      0|       71|      173|     0|
+---------------------+---------+-------+---------+---------+------+
|Available SLR        |     2494|   3616|  1716138|   858069|   641|
+---------------------+---------+-------+---------+---------+------+
|Utilization SLR (%)  |        0|      0|       ~0|       ~0|     0|
+---------------------+---------+-------+---------+---------+------+
|Available            |     7482|  10848|  5148416|  2574208|  1925|
+---------------------+---------+-------+---------+---------+------+
|Utilization (%)      |        0|      0|       ~0|       ~0|     0|
+---------------------+---------+-------+---------+---------+------+

+ Detail: 
    * Instance: 
    +---------------------------------------------+-----------------------------------+---------+----+----+-----+-----+
    |                   Instance                  |               Module              | BRAM_18K| DSP| FF | LUT | URAM|
    +---------------------------------------------+-----------------------------------+---------+----+----+-----+-----+
    |grp_consumer_Pipeline_VITIS_LOOP_15_1_fu_36  |consumer_Pipeline_VITIS_LOOP_15_1  |        0|   0|  34|  139|    0|
    +---------------------------------------------+-----------------------------------+---------+----+----+-----+-----+
    |Total                                        |                                   |        0|   0|  34|  139|    0|
    +---------------------------------------------+-----------------------------------+---------+----+----+-----+-----+

    * DSP: 
    N/A

    * Memory: 
    N/A

    * FIFO: 
    N/A

    * Expression: 
    +-----------------+----------+----+---+----+------------+------------+
    |  Variable Name  | Operation| DSP| FF| LUT| Bitwidth P0| Bitwidth P1|
    +-----------------+----------+----+---+----+------------+------------+
    |ap_block_state1  |        or|   0|  0|   2|           1|           1|
    +-----------------+----------+----+---+----+------------+------------+
    |Total            |          |   0|  0|   2|           1|           1|
    +-----------------+----------+----+---+----+------------+------------+

    * Multiplexer: 
    +-----------------------------+----+-----------+-----+-----------+
    |             Name            | LUT| Input Size| Bits| Total Bits|
    +-----------------------------+----+-----------+-----+-----------+
    |ap_NS_fsm                    |   8|          4|    1|          4|
    |ap_done                      |   8|          2|    1|          2|
    |dualInfeasRay_SVfifo_i_read  |   8|          2|    1|          2|
    |nRows_assign_blk_n           |   8|          2|    1|          2|
    +-----------------------------+----+-----------+-----+-----------+
    |Total                        |  32|         10|    4|         10|
    +-----------------------------+----+-----------+-----+-----------+

    * Register: 
    +----------------------------------------------------------+----+----+-----+-----------+
    |                           Name                           | FF | LUT| Bits| Const Bits|
    +----------------------------------------------------------+----+----+-----+-----------+
    |ap_CS_fsm                                                 |   3|   0|    3|          0|
    |ap_done_reg                                               |   1|   0|    1|          0|
    |grp_consumer_Pipeline_VITIS_LOOP_15_1_fu_36_ap_start_reg  |   1|   0|    1|          0|
    |n_reg_45                                                  |  32|   0|   32|          0|
    +----------------------------------------------------------+----+----+-----+-----------+
    |Total                                                     |  37|   0|   37|          0|
    +----------------------------------------------------------+----+----+-----+-----------+



================================================================
== Interface
================================================================
* Summary: 
+---------------------------------------+-----+-----+------------+------------------------+--------------+
|               RTL Ports               | Dir | Bits|  Protocol  |      Source Object     |    C Type    |
+---------------------------------------+-----+-----+------------+------------------------+--------------+
|ap_clk                                 |   in|    1|  ap_ctrl_hs|                consumer|  return value|
|ap_rst                                 |   in|    1|  ap_ctrl_hs|                consumer|  return value|
|ap_start                               |   in|    1|  ap_ctrl_hs|                consumer|  return value|
|ap_done                                |  out|    1|  ap_ctrl_hs|                consumer|  return value|
|ap_continue                            |   in|    1|  ap_ctrl_hs|                consumer|  return value|
|ap_idle                                |  out|    1|  ap_ctrl_hs|                consumer|  return value|
|ap_ready                               |  out|    1|  ap_ctrl_hs|                consumer|  return value|
|dualInfeasRay_SVfifo_i_dout            |   in|  512|     ap_fifo|  dualInfeasRay_SVfifo_i|       pointer|
|dualInfeasRay_SVfifo_i_num_data_valid  |   in|    3|     ap_fifo|  dualInfeasRay_SVfifo_i|       pointer|
|dualInfeasRay_SVfifo_i_fifo_cap        |   in|    3|     ap_fifo|  dualInfeasRay_SVfifo_i|       pointer|
|dualInfeasRay_SVfifo_i_empty_n         |   in|    1|     ap_fifo|  dualInfeasRay_SVfifo_i|       pointer|
|dualInfeasRay_SVfifo_i_read            |  out|    1|     ap_fifo|  dualInfeasRay_SVfifo_i|       pointer|
|nRows_assign_dout                      |   in|   32|     ap_fifo|            nRows_assign|       pointer|
|nRows_assign_num_data_valid            |   in|    3|     ap_fifo|            nRows_assign|       pointer|
|nRows_assign_fifo_cap                  |   in|    3|     ap_fifo|            nRows_assign|       pointer|
|nRows_assign_empty_n                   |   in|    1|     ap_fifo|            nRows_assign|       pointer|
|nRows_assign_read                      |  out|    1|     ap_fifo|            nRows_assign|       pointer|
+---------------------------------------+-----+-----+------------+------------------------+--------------+

============================================================
+ Verbose Summary: Synthesis Manager
============================================================
InlineROM: 1
ExposeGlobal: 0
============================================================
+ Verbose Summary: CDFG Model
============================================================
IsTopModel: 0
ResetActiveHigh: 1
IsCombinational: 2
IsDatapathOnly: 0
HasWiredReturn: 1
HasMFsm: 0
HasVarLatency: 1
IsPipeline: 0
IsRtlPipelined: 0
IsInstanceOverlapped: 0
IsDontTouch: 0
HasImplIP: 0
IsGatedGlobalClock: 0


============================================================
+ Verbose Summary: Schedule
============================================================
* Number of FSM states : 3
* Pipeline : 0
* Dataflow Pipeline: 0

* FSM state transitions: 
1 --> 2 
2 --> 3 
3 --> 

* FSM state operations: 

State 1 <SV = 0> <Delay = 0.57>
ST_1 : Operation 4 [1/1] (0.00ns)   --->   "%muxLogicCE_to_n = muxlogic"   --->   Operation 4 'muxlogic' 'muxLogicCE_to_n' <Predicate = true> <Delay = 0.00>
ST_1 : Operation 5 [1/1] (0.57ns)   --->   "%n = read i32 @_ssdm_op_Read.ap_fifo.i32P0A, i32 %nRows_assign" [./basic_helper.hpp:13->./Compute_Primal_Infeasibility.hpp:71->Infeasi_Res_S2.cpp:95]   --->   Operation 5 'read' 'n' <Predicate = true> <Delay = 0.57> <CoreInst = "FIFO_SRL">   --->   Core 84 'FIFO_SRL' <Latency = 0> <II = 1> <Delay = 0.71> <Storage> <Opcode : 'read' 'write' 'nbread' 'nbwrite'> <Ports = 0> <Width = 32> <Depth = 2> <FIFO>

State 2 <SV = 1> <Delay = 1.06>
ST_2 : Operation 6 [1/1] (0.00ns)   --->   "%empty = wait i32 @_ssdm_op_Wait"   --->   Operation 6 'wait' 'empty' <Predicate = true> <Delay = 0.00>
ST_2 : Operation 7 [2/2] (1.06ns)   --->   "%call_ln13 = call void @consumer_Pipeline_VITIS_LOOP_15_1, i32 %n, i512 %dualInfeasRay_SVfifo_i" [./basic_helper.hpp:13->./Compute_Primal_Infeasibility.hpp:71->Infeasi_Res_S2.cpp:95]   --->   Operation 7 'call' 'call_ln13' <Predicate = true> <Delay = 1.06> <CoreType = "Generic">   --->   Core 0 '' <Latency = 0> <II = 1> <Delay = 1.00> <Generic> <Opcode : >

State 3 <SV = 2> <Delay = 1.44>
ST_3 : Operation 8 [1/1] (0.00ns)   --->   "%specinterface_ln0 = specinterface void @_ssdm_op_SpecInterface, i32 %nRows_assign, void @ap_fifo_str, i32 0, i32 0, void @p_str, i32 0, i32 0, void @p_str, void @p_str, void @p_str, i32 2, i32 2, i32 16, i32 16, void @p_str, void @ScalarProp_str, i32 4294967295, i32 0, i32 0"   --->   Operation 8 'specinterface' 'specinterface_ln0' <Predicate = true> <Delay = 0.00>
ST_3 : Operation 9 [1/1] (0.00ns)   --->   "%specinterface_ln0 = specinterface void @_ssdm_op_SpecInterface, i512 %dualInfeasRay_SVfifo_i, void @empty_14, i32 0, i32 0, void @empty_3, i32 0, i32 0, void @empty_3, void @empty_3, void @empty_3, i32 0, i32 0, i32 0, i32 0, void @empty_3, void @empty_3, i32 4294967295, i32 0, i32 0"   --->   Operation 9 'specinterface' 'specinterface_ln0' <Predicate = true> <Delay = 0.00>
ST_3 : Operation 10 [1/2] (1.44ns)   --->   "%call_ln13 = call void @consumer_Pipeline_VITIS_LOOP_15_1, i32 %n, i512 %dualInfeasRay_SVfifo_i" [./basic_helper.hpp:13->./Compute_Primal_Infeasibility.hpp:71->Infeasi_Res_S2.cpp:95]   --->   Operation 10 'call' 'call_ln13' <Predicate = true> <Delay = 1.44> <CoreType = "Generic">   --->   Core 0 '' <Latency = 0> <II = 1> <Delay = 1.00> <Generic> <Opcode : >
ST_3 : Operation 11 [1/1] (0.00ns)   --->   "%ret_ln71 = ret" [./Compute_Primal_Infeasibility.hpp:71->Infeasi_Res_S2.cpp:95]   --->   Operation 11 'ret' 'ret_ln71' <Predicate = true> <Delay = 0.00>


============================================================
+ Verbose Summary: Binding
============================================================
STG Binding: 
---------------- STG Properties BEGIN ----------------
- Is combinational: 0
- Is one-state seq: 0
- Is datapath-only: 0
- Is pipelined: 0
- Is top level: 0
Port [ Return ] is wired: 1; IO mode=ap_ctrl_hs:ce=0
Port [ dualInfeasRay_SVfifo_i]:  wired=1; compound=1; hidden=0; nouse=0; global=0; static=0; extern=0; dir=0; type=3; pingpong=0; private_global=0; IO mode=ap_fifo:ce=0
Port [ nRows_assign]:  wired=1; compound=1; hidden=0; nouse=0; global=0; static=0; extern=0; dir=0; type=3; pingpong=0; private_global=0; IO mode=ap_fifo:ce=0
---------------- STG Properties END ------------------

---------------- Datapath Model BEGIN ----------------

<LifeTime>
<method=bitvector/>
muxLogicCE_to_n   (muxlogic     ) [ 0000]
n                 (read         ) [ 0011]
empty             (wait         ) [ 0000]
specinterface_ln0 (specinterface) [ 0000]
specinterface_ln0 (specinterface) [ 0000]
call_ln13         (call         ) [ 0000]
ret_ln71          (ret          ) [ 0000]
</LifeTime>

<model>

<comp_list>
<comp id="0" class="1000" name="dualInfeasRay_SVfifo_i">
<pin_list>
<pin id="1" dir="1" index="0" bw="1" slack="0"/>
</pin_list>
<bind>
<StgValue><ssdm name="dualInfeasRay_SVfifo_i"/></StgValue>
</bind>
</comp>

<comp id="2" class="1000" name="nRows_assign">
<pin_list>
<pin id="3" dir="1" index="0" bw="1" slack="0"/>
</pin_list>
<bind>
<StgValue><ssdm name="nRows_assign"/></StgValue>
</bind>
</comp>

<comp id="4" class="1001" name="const_4">
<pin_list>
<pin id="5" dir="1" index="0" bw="1" slack="0"/>
</pin_list>
<bind>
<StgValue><ssdm name="_ssdm_op_Read.ap_fifo.i32P0A"/></StgValue>
</bind>
</comp>

<comp id="6" class="1001" name="const_6">
<pin_list>
<pin id="7" dir="1" index="0" bw="1" slack="2147483647"/>
</pin_list>
<bind>
<StgValue><ssdm name="_ssdm_op_Wait"/></StgValue>
</bind>
</comp>

<comp id="8" class="1001" name="const_8">
<pin_list>
<pin id="9" dir="1" index="0" bw="1" slack="0"/>
</pin_list>
<bind>
<StgValue><ssdm name="consumer_Pipeline_VITIS_LOOP_15_1"/></StgValue>
</bind>
</comp>

<comp id="10" class="1001" name="const_10">
<pin_list>
<pin id="11" dir="1" index="0" bw="1" slack="2147483647"/>
</pin_list>
<bind>
<StgValue><ssdm name="_ssdm_op_SpecInterface"/></StgValue>
</bind>
</comp>

<comp id="12" class="1001" name="const_12">
<pin_list>
<pin id="13" dir="1" index="0" bw="1" slack="2147483647"/>
</pin_list>
<bind>
<StgValue><ssdm name="ap_fifo_str"/></StgValue>
</bind>
</comp>

<comp id="14" class="1001" name="const_14">
<pin_list>
<pin id="15" dir="1" index="0" bw="1" slack="2147483647"/>
</pin_list>
<bind>
<StgValue><ssdm name=""/></StgValue>
</bind>
</comp>

<comp id="16" class="1001" name="const_16">
<pin_list>
<pin id="17" dir="1" index="0" bw="1" slack="2147483647"/>
</pin_list>
<bind>
<StgValue><ssdm name="p_str"/></StgValue>
</bind>
</comp>

<comp id="18" class="1001" name="const_18">
<pin_list>
<pin id="19" dir="1" index="0" bw="1" slack="2147483647"/>
</pin_list>
<bind>
<StgValue><ssdm name=""/></StgValue>
</bind>
</comp>

<comp id="20" class="1001" name="const_20">
<pin_list>
<pin id="21" dir="1" index="0" bw="1" slack="2147483647"/>
</pin_list>
<bind>
<StgValue><ssdm name=""/></StgValue>
</bind>
</comp>

<comp id="22" class="1001" name="const_22">
<pin_list>
<pin id="23" dir="1" index="0" bw="1" slack="2147483647"/>
</pin_list>
<bind>
<StgValue><ssdm name="ScalarProp_str"/></StgValue>
</bind>
</comp>

<comp id="24" class="1001" name="const_24">
<pin_list>
<pin id="25" dir="1" index="0" bw="1" slack="2147483647"/>
</pin_list>
<bind>
<StgValue><ssdm name=""/></StgValue>
</bind>
</comp>

<comp id="26" class="1001" name="const_26">
<pin_list>
<pin id="27" dir="1" index="0" bw="1" slack="2147483647"/>
</pin_list>
<bind>
<StgValue><ssdm name="empty_14"/></StgValue>
</bind>
</comp>

<comp id="28" class="1001" name="const_28">
<pin_list>
<pin id="29" dir="1" index="0" bw="1" slack="2147483647"/>
</pin_list>
<bind>
<StgValue><ssdm name="empty_3"/></StgValue>
</bind>
</comp>

<comp id="30" class="1004" name="n_read_fu_30">
<pin_list>
<pin id="31" dir="0" index="0" bw="32" slack="0"/>
<pin id="32" dir="0" index="1" bw="32" slack="0"/>
<pin id="33" dir="1" index="2" bw="32" slack="1"/>
</pin_list>
<bind>
<opcode="read(1150) " fcode="read"/>
<opset="n/1 "/>
</bind>
</comp>

<comp id="36" class="1004" name="grp_consumer_Pipeline_VITIS_LOOP_15_1_fu_36">
<pin_list>
<pin id="37" dir="0" index="0" bw="0" slack="0"/>
<pin id="38" dir="0" index="1" bw="32" slack="1"/>
<pin id="39" dir="0" index="2" bw="512" slack="0"/>
<pin id="40" dir="1" index="3" bw="0" slack="2147483647"/>
</pin_list>
<bind>
<opcode="call(48) " fcode="call"/>
<opset="call_ln13/2 "/>
</bind>
</comp>

<comp id="43" class="1004" name="muxLogicCE_to_n_fu_43">
<pin_list>
<pin id="44" dir="1" index="0" bw="32" slack="2147483647"/>
</pin_list>
<bind>
<opcode="muxlogic(592) " fcode="muxlogic"/>
<opset="muxLogicCE_to_n/1 "/>
</bind>
</comp>

<comp id="45" class="1005" name="n_reg_45">
<pin_list>
<pin id="46" dir="0" index="0" bw="32" slack="1"/>
<pin id="47" dir="1" index="1" bw="32" slack="1"/>
</pin_list>
<bind>
<opset="n "/>
</bind>
</comp>

</comp_list>

<net_list>
<net id="34"><net_src comp="4" pin="0"/><net_sink comp="30" pin=0"/></net>

<net id="35"><net_src comp="2" pin="0"/><net_sink comp="30" pin=1"/></net>

<net id="41"><net_src comp="8" pin="0"/><net_sink comp="36" pin=0"/></net>

<net id="42"><net_src comp="0" pin="0"/><net_sink comp="36" pin=2"/></net>

<net id="48"><net_src comp="30" pin="2"/><net_sink comp="45" pin=0"/></net>

<net id="49"><net_src comp="45" pin="1"/><net_sink comp="36" pin=1"/></net>

</net_list>

</model> 
---------------- Datapath Model END ------------------

* FSMD analyzer results:
  - Output states:
 - Input state : 
	Port: consumer : dualInfeasRay_SVfifo_i | {2 3 }
	Port: consumer : nRows_assign | {1 }
  - Chain level:
	State 1
	State 2
	State 3


============================================================
+ Verbose Summary: Datapath Resource usage 
============================================================

* Functional unit list:
|----------|---------------------------------------------|---------|---------|
| Operation|               Functional Unit               |    FF   |   LUT   |
|----------|---------------------------------------------|---------|---------|
|   call   | grp_consumer_Pipeline_VITIS_LOOP_15_1_fu_36 |    31   |    47   |
|----------|---------------------------------------------|---------|---------|
|   read   |                 n_read_fu_30                |    0    |    0    |
|----------|---------------------------------------------|---------|---------|
| muxlogic |            muxLogicCE_to_n_fu_43            |    0    |    0    |
|----------|---------------------------------------------|---------|---------|
|   Total  |                                             |    31   |    47   |
|----------|---------------------------------------------|---------|---------|

Memories:
N/A

* Register list:
+--------+--------+
|        |   FF   |
+--------+--------+
|n_reg_45|   32   |
+--------+--------+
|  Total |   32   |
+--------+--------+

* Multiplexer (MUX) list: 
|--------|------|------|------|--------|
|  Comp  |  Pin | Size |  BW  | S x BW |
|--------|------|------|------|--------|
|  Total |      |      |      |    0   |
|--------|------|------|------|--------|



* Summary:
+-----------+--------+--------+
|           |   FF   |   LUT  |
+-----------+--------+--------+
|  Function |   31   |   47   |
|   Memory  |    -   |    -   |
|Multiplexer|    -   |    -   |
|  Register |   32   |    -   |
+-----------+--------+--------+
|   Total   |   63   |   47   |
+-----------+--------+--------+
