

================================================================
== Vitis HLS Report for 'ediv_7'
================================================================
* Date:           Fri Jan  9 14:25:06 2026

* Version:        2024.1.2 (Build 5096458 on Sep  5 2024)
* Project:        build_Infeasi_Res_S2.xcv80-lsva4737-2MHP-e-S
* Solution:       sol1 (Vivado IP Flow Target)
* Product family: versalhbm
* Target device:  xcv80-lsva4737-2MHP-e-S


================================================================
== Performance Estimates
================================================================
+ Timing: 
    * Summary: 
    +--------+---------+----------+------------+
    |  Clock |  Target | Estimated| Uncertainty|
    +--------+---------+----------+------------+
    |ap_clk  |  3.33 ns|  1.898 ns|     0.90 ns|
    +--------+---------+----------+------------+

+ Latency: 
    * Summary: 
    +---------+---------+----------+----------+-----+-----+---------+
    |  Latency (cycles) |  Latency (absolute) |  Interval | Pipeline|
    |   min   |   max   |    min   |    max   | min | max |   Type  |
    +---------+---------+----------+----------+-----+-----+---------+
    |        ?|        ?|         ?|         ?|    ?|    ?|       no|
    +---------+---------+----------+----------+-----+-----+---------+

    + Detail: 
        * Instance: 
        +--------------------------------+----------------------+---------+---------+----------+----------+-----+-----+-----------------------------------------------+
        |                                |                      |  Latency (cycles) |  Latency (absolute) |  Interval |                    Pipeline                   |
        |            Instance            |        Module        |   min   |   max   |    min   |    max   | min | max |                      Type                     |
        +--------------------------------+----------------------+---------+---------+----------+----------+-----+-----+-----------------------------------------------+
        |grp_ediv_7_Pipeline_ediv_fu_52  |ediv_7_Pipeline_ediv  |        ?|        ?|         ?|         ?|    0|    0|  loop auto-rewind stp(delay=0 clock cycles(s))|
        +--------------------------------+----------------------+---------+---------+----------+----------+-----+-----+-----------------------------------------------+

        * Loop: 
        N/A

============================================================
+ Verbose Summary: Synthesis Manager
============================================================
InlineROM: 1
ExposeGlobal: 0
============================================================
+ Verbose Summary: CDFG Model
============================================================
IsTopModel: 0
ResetActiveHigh: 1
IsCombinational: 2
IsDatapathOnly: 0
HasWiredReturn: 1
HasMFsm: 0
HasVarLatency: 1
IsPipeline: 0
IsRtlPipelined: 0
IsInstanceOverlapped: 0
IsDontTouch: 0
HasImplIP: 0
IsGatedGlobalClock: 0


============================================================
+ Verbose Summary: Schedule
============================================================
* Number of FSM states : 3
* Pipeline : 0
* Dataflow Pipeline: 0

* FSM state transitions: 
1 --> 2 
2 --> 3 
3 --> 

* FSM state operations: 

State 1 <SV = 0> <Delay = 1.29>
ST_1 : Operation 4 [1/1] (0.00ns)   --->   "%muxLogicCE_to_n_6 = muxlogic"   --->   Operation 4 'muxlogic' 'muxLogicCE_to_n_6' <Predicate = true> <Delay = 0.00>
ST_1 : Operation 5 [1/1] (0.57ns)   --->   "%n_6 = read i32 @_ssdm_op_Read.ap_fifo.i32P0A, i32 %n"   --->   Operation 5 'read' 'n_6' <Predicate = true> <Delay = 0.57> <CoreInst = "FIFO_SRL">   --->   Core 84 'FIFO_SRL' <Latency = 0> <II = 1> <Delay = 0.71> <Storage> <Opcode : 'read' 'write' 'nbread' 'nbwrite'> <Ports = 0> <Width = 32> <Depth = 2> <FIFO>
ST_1 : Operation 6 [1/1] (0.00ns)   --->   "%muxLogicData_to_write_ln0 = muxlogic i32 %n_6"   --->   Operation 6 'muxlogic' 'muxLogicData_to_write_ln0' <Predicate = true> <Delay = 0.00>
ST_1 : Operation 7 [1/1] (0.71ns)   --->   "%write_ln0 = write void @_ssdm_op_Write.ap_fifo.i32P0A, i32 %nCols_c1, i32 %n_6"   --->   Operation 7 'write' 'write_ln0' <Predicate = true> <Delay = 0.71> <CoreInst = "FIFO_SRL">   --->   Core 84 'FIFO_SRL' <Latency = 0> <II = 1> <Delay = 0.71> <Storage> <Opcode : 'read' 'write' 'nbread' 'nbwrite'> <Ports = 0> <Width = 32> <Depth = 2> <FIFO>

State 2 <SV = 1> <Delay = 1.06>
ST_2 : Operation 8 [1/1] (0.00ns)   --->   "%empty = wait i32 @_ssdm_op_Wait"   --->   Operation 8 'wait' 'empty' <Predicate = true> <Delay = 0.00>
ST_2 : Operation 9 [2/2] (1.06ns)   --->   "%call_ln0 = call void @ediv.7_Pipeline_ediv, i32 %n_6, i512 %primalInfeasBound_edotfifo_lb, i512 %colScale_fifo_lb, i512 %temp_lb"   --->   Operation 9 'call' 'call_ln0' <Predicate = true> <Delay = 1.06> <CoreType = "Generic">   --->   Core 0 '' <Latency = 0> <II = 1> <Delay = 1.00> <Generic> <Opcode : >

State 3 <SV = 2> <Delay = 0.00>
ST_3 : Operation 10 [1/1] (0.00ns)   --->   "%specinterface_ln0 = specinterface void @_ssdm_op_SpecInterface, i32 %n, void @ap_fifo_str, i32 0, i32 0, void @p_str, i32 0, i32 0, void @p_str, void @p_str, void @p_str, i32 2, i32 2, i32 16, i32 16, void @p_str, void @ScalarProp_str, i32 4294967295, i32 0, i32 0"   --->   Operation 10 'specinterface' 'specinterface_ln0' <Predicate = true> <Delay = 0.00>
ST_3 : Operation 11 [1/1] (0.00ns)   --->   "%specinterface_ln0 = specinterface void @_ssdm_op_SpecInterface, i32 %nCols_c1, void @ap_fifo_str, i32 0, i32 0, void @p_str, i32 0, i32 0, void @p_str, void @p_str, void @p_str, i32 2, i32 2, i32 16, i32 16, void @p_str, void @ScalarProp_str, i32 4294967295, i32 0, i32 0"   --->   Operation 11 'specinterface' 'specinterface_ln0' <Predicate = true> <Delay = 0.00>
ST_3 : Operation 12 [1/1] (0.00ns)   --->   "%specinterface_ln0 = specinterface void @_ssdm_op_SpecInterface, i512 %temp_lb, void @empty_14, i32 0, i32 0, void @empty_3, i32 0, i32 0, void @empty_3, void @empty_3, void @empty_3, i32 0, i32 0, i32 0, i32 0, void @empty_3, void @empty_3, i32 4294967295, i32 0, i32 0"   --->   Operation 12 'specinterface' 'specinterface_ln0' <Predicate = true> <Delay = 0.00>
ST_3 : Operation 13 [1/1] (0.00ns)   --->   "%specinterface_ln0 = specinterface void @_ssdm_op_SpecInterface, i512 %colScale_fifo_lb, void @empty_14, i32 0, i32 0, void @empty_3, i32 0, i32 0, void @empty_3, void @empty_3, void @empty_3, i32 0, i32 0, i32 0, i32 0, void @empty_3, void @empty_3, i32 4294967295, i32 0, i32 0"   --->   Operation 13 'specinterface' 'specinterface_ln0' <Predicate = true> <Delay = 0.00>
ST_3 : Operation 14 [1/1] (0.00ns)   --->   "%specinterface_ln0 = specinterface void @_ssdm_op_SpecInterface, i512 %primalInfeasBound_edotfifo_lb, void @empty_14, i32 0, i32 0, void @empty_3, i32 0, i32 0, void @empty_3, void @empty_3, void @empty_3, i32 0, i32 0, i32 0, i32 0, void @empty_3, void @empty_3, i32 4294967295, i32 0, i32 0"   --->   Operation 14 'specinterface' 'specinterface_ln0' <Predicate = true> <Delay = 0.00>
ST_3 : Operation 15 [1/2] (0.00ns)   --->   "%call_ln0 = call void @ediv.7_Pipeline_ediv, i32 %n_6, i512 %primalInfeasBound_edotfifo_lb, i512 %colScale_fifo_lb, i512 %temp_lb"   --->   Operation 15 'call' 'call_ln0' <Predicate = true> <Delay = 0.00> <CoreType = "Generic">   --->   Core 0 '' <Latency = 0> <II = 1> <Delay = 1.00> <Generic> <Opcode : >
ST_3 : Operation 16 [1/1] (0.00ns)   --->   "%ret_ln428 = ret" [./basic_helper.hpp:428]   --->   Operation 16 'ret' 'ret_ln428' <Predicate = true> <Delay = 0.00>


============================================================
+ Verbose Summary: Binding
============================================================
STG Binding: 
---------------- STG Properties BEGIN ----------------
- Is combinational: 0
- Is one-state seq: 0
- Is datapath-only: 0
- Is pipelined: 0
- Is top level: 0
Port [ Return ] is wired: 1; IO mode=ap_ctrl_hs:ce=0
Port [ primalInfeasBound_edotfifo_lb]:  wired=1; compound=1; hidden=0; nouse=0; global=0; static=0; extern=0; dir=0; type=3; pingpong=0; private_global=0; IO mode=ap_fifo:ce=0
Port [ colScale_fifo_lb]:  wired=1; compound=1; hidden=0; nouse=0; global=0; static=0; extern=0; dir=0; type=3; pingpong=0; private_global=0; IO mode=ap_fifo:ce=0
Port [ temp_lb]:  wired=1; compound=1; hidden=0; nouse=0; global=0; static=0; extern=0; dir=1; type=3; pingpong=0; private_global=0; IO mode=ap_fifo:ce=0
Port [ n]:  wired=1; compound=1; hidden=0; nouse=0; global=0; static=0; extern=0; dir=0; type=3; pingpong=0; private_global=0; IO mode=ap_fifo:ce=0
Port [ nCols_c1]:  wired=1; compound=1; hidden=0; nouse=0; global=0; static=0; extern=0; dir=1; type=3; pingpong=0; private_global=0; IO mode=ap_fifo:ce=0
---------------- STG Properties END ------------------

---------------- Datapath Model BEGIN ----------------

<LifeTime>
<method=bitvector/>
muxLogicCE_to_n_6         (muxlogic     ) [ 0000]
n_6                       (read         ) [ 0011]
muxLogicData_to_write_ln0 (muxlogic     ) [ 0000]
write_ln0                 (write        ) [ 0000]
empty                     (wait         ) [ 0000]
specinterface_ln0         (specinterface) [ 0000]
specinterface_ln0         (specinterface) [ 0000]
specinterface_ln0         (specinterface) [ 0000]
specinterface_ln0         (specinterface) [ 0000]
specinterface_ln0         (specinterface) [ 0000]
call_ln0                  (call         ) [ 0000]
ret_ln428                 (ret          ) [ 0000]
</LifeTime>

<model>

<comp_list>
<comp id="0" class="1000" name="primalInfeasBound_edotfifo_lb">
<pin_list>
<pin id="1" dir="1" index="0" bw="1" slack="0"/>
</pin_list>
<bind>
<StgValue><ssdm name="primalInfeasBound_edotfifo_lb"/></StgValue>
</bind>
</comp>

<comp id="2" class="1000" name="colScale_fifo_lb">
<pin_list>
<pin id="3" dir="1" index="0" bw="1" slack="0"/>
</pin_list>
<bind>
<StgValue><ssdm name="colScale_fifo_lb"/></StgValue>
</bind>
</comp>

<comp id="4" class="1000" name="temp_lb">
<pin_list>
<pin id="5" dir="1" index="0" bw="1" slack="0"/>
</pin_list>
<bind>
<StgValue><ssdm name="temp_lb"/></StgValue>
</bind>
</comp>

<comp id="6" class="1000" name="n">
<pin_list>
<pin id="7" dir="1" index="0" bw="1" slack="0"/>
</pin_list>
<bind>
<StgValue><ssdm name="n"/></StgValue>
</bind>
</comp>

<comp id="8" class="1000" name="nCols_c1">
<pin_list>
<pin id="9" dir="1" index="0" bw="1" slack="0"/>
</pin_list>
<bind>
<StgValue><ssdm name="nCols_c1"/></StgValue>
</bind>
</comp>

<comp id="10" class="1001" name="const_10">
<pin_list>
<pin id="11" dir="1" index="0" bw="1" slack="0"/>
</pin_list>
<bind>
<StgValue><ssdm name="_ssdm_op_Read.ap_fifo.i32P0A"/></StgValue>
</bind>
</comp>

<comp id="12" class="1001" name="const_12">
<pin_list>
<pin id="13" dir="1" index="0" bw="1" slack="0"/>
</pin_list>
<bind>
<StgValue><ssdm name="_ssdm_op_Write.ap_fifo.i32P0A"/></StgValue>
</bind>
</comp>

<comp id="14" class="1001" name="const_14">
<pin_list>
<pin id="15" dir="1" index="0" bw="1" slack="2147483647"/>
</pin_list>
<bind>
<StgValue><ssdm name="_ssdm_op_Wait"/></StgValue>
</bind>
</comp>

<comp id="16" class="1001" name="const_16">
<pin_list>
<pin id="17" dir="1" index="0" bw="1" slack="0"/>
</pin_list>
<bind>
<StgValue><ssdm name="ediv.7_Pipeline_ediv"/></StgValue>
</bind>
</comp>

<comp id="18" class="1001" name="const_18">
<pin_list>
<pin id="19" dir="1" index="0" bw="1" slack="2147483647"/>
</pin_list>
<bind>
<StgValue><ssdm name="_ssdm_op_SpecInterface"/></StgValue>
</bind>
</comp>

<comp id="20" class="1001" name="const_20">
<pin_list>
<pin id="21" dir="1" index="0" bw="1" slack="2147483647"/>
</pin_list>
<bind>
<StgValue><ssdm name="ap_fifo_str"/></StgValue>
</bind>
</comp>

<comp id="22" class="1001" name="const_22">
<pin_list>
<pin id="23" dir="1" index="0" bw="1" slack="2147483647"/>
</pin_list>
<bind>
<StgValue><ssdm name=""/></StgValue>
</bind>
</comp>

<comp id="24" class="1001" name="const_24">
<pin_list>
<pin id="25" dir="1" index="0" bw="1" slack="2147483647"/>
</pin_list>
<bind>
<StgValue><ssdm name="p_str"/></StgValue>
</bind>
</comp>

<comp id="26" class="1001" name="const_26">
<pin_list>
<pin id="27" dir="1" index="0" bw="1" slack="2147483647"/>
</pin_list>
<bind>
<StgValue><ssdm name=""/></StgValue>
</bind>
</comp>

<comp id="28" class="1001" name="const_28">
<pin_list>
<pin id="29" dir="1" index="0" bw="1" slack="2147483647"/>
</pin_list>
<bind>
<StgValue><ssdm name=""/></StgValue>
</bind>
</comp>

<comp id="30" class="1001" name="const_30">
<pin_list>
<pin id="31" dir="1" index="0" bw="1" slack="2147483647"/>
</pin_list>
<bind>
<StgValue><ssdm name="ScalarProp_str"/></StgValue>
</bind>
</comp>

<comp id="32" class="1001" name="const_32">
<pin_list>
<pin id="33" dir="1" index="0" bw="1" slack="2147483647"/>
</pin_list>
<bind>
<StgValue><ssdm name=""/></StgValue>
</bind>
</comp>

<comp id="34" class="1001" name="const_34">
<pin_list>
<pin id="35" dir="1" index="0" bw="1" slack="2147483647"/>
</pin_list>
<bind>
<StgValue><ssdm name="empty_14"/></StgValue>
</bind>
</comp>

<comp id="36" class="1001" name="const_36">
<pin_list>
<pin id="37" dir="1" index="0" bw="1" slack="2147483647"/>
</pin_list>
<bind>
<StgValue><ssdm name="empty_3"/></StgValue>
</bind>
</comp>

<comp id="38" class="1004" name="n_6_read_fu_38">
<pin_list>
<pin id="39" dir="0" index="0" bw="32" slack="0"/>
<pin id="40" dir="0" index="1" bw="32" slack="0"/>
<pin id="41" dir="1" index="2" bw="32" slack="0"/>
</pin_list>
<bind>
<opcode="read(1150) " fcode="read"/>
<opset="n_6/1 "/>
</bind>
</comp>

<comp id="44" class="1004" name="write_ln0_write_fu_44">
<pin_list>
<pin id="45" dir="0" index="0" bw="0" slack="0"/>
<pin id="46" dir="0" index="1" bw="32" slack="0"/>
<pin id="47" dir="0" index="2" bw="32" slack="0"/>
<pin id="48" dir="1" index="3" bw="0" slack="2147483647"/>
</pin_list>
<bind>
<opcode="write(1151) " fcode="write"/>
<opset="write_ln0/1 "/>
</bind>
</comp>

<comp id="52" class="1004" name="grp_ediv_7_Pipeline_ediv_fu_52">
<pin_list>
<pin id="53" dir="0" index="0" bw="0" slack="0"/>
<pin id="54" dir="0" index="1" bw="32" slack="1"/>
<pin id="55" dir="0" index="2" bw="512" slack="0"/>
<pin id="56" dir="0" index="3" bw="512" slack="0"/>
<pin id="57" dir="0" index="4" bw="512" slack="0"/>
<pin id="58" dir="1" index="5" bw="0" slack="2147483647"/>
</pin_list>
<bind>
<opcode="call(48) " fcode="call"/>
<opset="call_ln0/2 "/>
</bind>
</comp>

<comp id="63" class="1004" name="muxLogicCE_to_n_6_fu_63">
<pin_list>
<pin id="64" dir="1" index="0" bw="32" slack="2147483647"/>
</pin_list>
<bind>
<opcode="muxlogic(592) " fcode="muxlogic"/>
<opset="muxLogicCE_to_n_6/1 "/>
</bind>
</comp>

<comp id="65" class="1004" name="muxLogicData_to_write_ln0_fu_65">
<pin_list>
<pin id="66" dir="0" index="0" bw="32" slack="0"/>
<pin id="67" dir="1" index="1" bw="0" slack="2147483647"/>
</pin_list>
<bind>
<opcode="muxlogic(592) " fcode="muxlogic"/>
<opset="muxLogicData_to_write_ln0/1 "/>
</bind>
</comp>

<comp id="69" class="1005" name="n_6_reg_69">
<pin_list>
<pin id="70" dir="0" index="0" bw="32" slack="1"/>
<pin id="71" dir="1" index="1" bw="32" slack="1"/>
</pin_list>
<bind>
<opset="n_6 "/>
</bind>
</comp>

</comp_list>

<net_list>
<net id="42"><net_src comp="10" pin="0"/><net_sink comp="38" pin=0"/></net>

<net id="43"><net_src comp="6" pin="0"/><net_sink comp="38" pin=1"/></net>

<net id="49"><net_src comp="12" pin="0"/><net_sink comp="44" pin=0"/></net>

<net id="50"><net_src comp="8" pin="0"/><net_sink comp="44" pin=1"/></net>

<net id="51"><net_src comp="38" pin="2"/><net_sink comp="44" pin=2"/></net>

<net id="59"><net_src comp="16" pin="0"/><net_sink comp="52" pin=0"/></net>

<net id="60"><net_src comp="0" pin="0"/><net_sink comp="52" pin=2"/></net>

<net id="61"><net_src comp="2" pin="0"/><net_sink comp="52" pin=3"/></net>

<net id="62"><net_src comp="4" pin="0"/><net_sink comp="52" pin=4"/></net>

<net id="68"><net_src comp="38" pin="2"/><net_sink comp="65" pin=0"/></net>

<net id="72"><net_src comp="38" pin="2"/><net_sink comp="69" pin=0"/></net>

<net id="73"><net_src comp="69" pin="1"/><net_sink comp="52" pin=1"/></net>

</net_list>

</model> 
---------------- Datapath Model END ------------------

* FSMD analyzer results:
  - Output states:
	Port: temp_lb | {2 3 }
	Port: nCols_c1 | {1 }
 - Input state : 
	Port: ediv.7 : primalInfeasBound_edotfifo_lb | {2 3 }
	Port: ediv.7 : colScale_fifo_lb | {2 3 }
	Port: ediv.7 : n | {1 }
  - Chain level:
	State 1
	State 2
	State 3


============================================================
+ Verbose Summary: Datapath Resource usage 
============================================================

* Functional unit list:
|----------|---------------------------------|---------|---------|---------|
| Operation|         Functional Unit         |  Delay  |    FF   |   LUT   |
|----------|---------------------------------|---------|---------|---------|
|   call   |  grp_ediv_7_Pipeline_ediv_fu_52 |  7.312  |   2080  |   1071  |
|----------|---------------------------------|---------|---------|---------|
|   read   |          n_6_read_fu_38         |    0    |    0    |    0    |
|----------|---------------------------------|---------|---------|---------|
|   write  |      write_ln0_write_fu_44      |    0    |    0    |    0    |
|----------|---------------------------------|---------|---------|---------|
| muxlogic |     muxLogicCE_to_n_6_fu_63     |    0    |    0    |    0    |
|          | muxLogicData_to_write_ln0_fu_65 |    0    |    0    |    0    |
|----------|---------------------------------|---------|---------|---------|
|   Total  |                                 |  7.312  |   2080  |   1071  |
|----------|---------------------------------|---------|---------|---------|

Memories:
N/A

* Register list:
+----------+--------+
|          |   FF   |
+----------+--------+
|n_6_reg_69|   32   |
+----------+--------+
|   Total  |   32   |
+----------+--------+

* Multiplexer (MUX) list: 
|--------|------|------|------|--------|
|  Comp  |  Pin | Size |  BW  | S x BW |
|--------|------|------|------|--------|
|  Total |      |      |      |    0   |
|--------|------|------|------|--------|



* Summary:
+-----------+--------+--------+--------+
|           |  Delay |   FF   |   LUT  |
+-----------+--------+--------+--------+
|  Function |    7   |  2080  |  1071  |
|   Memory  |    -   |    -   |    -   |
|Multiplexer|    -   |    -   |    -   |
|  Register |    -   |   32   |    -   |
+-----------+--------+--------+--------+
|   Total   |    7   |  2112  |  1071  |
+-----------+--------+--------+--------+
