

================================================================
== Vitis HLS Report for 'edot_Pipeline_edot'
================================================================
* Date:           Fri Jan  9 14:22:58 2026

* Version:        2024.1.2 (Build 5096458 on Sep  5 2024)
* Project:        build_Infeasi_Res_S2.xcv80-lsva4737-2MHP-e-S
* Solution:       sol1 (Vivado IP Flow Target)
* Product family: versalhbm
* Target device:  xcv80-lsva4737-2MHP-e-S


================================================================
== Performance Estimates
================================================================
+ Timing: 
    * Summary: 
    +--------+---------+----------+------------+
    |  Clock |  Target | Estimated| Uncertainty|
    +--------+---------+----------+------------+
    |ap_clk  |  3.33 ns|  2.154 ns|     0.90 ns|
    +--------+---------+----------+------------+

+ Latency: 
    * Summary: 
    +---------+---------+----------+----------+-----+-----+-----------------------------------------------+
    |  Latency (cycles) |  Latency (absolute) |  Interval |                    Pipeline                   |
    |   min   |   max   |    min   |    max   | min | max |                      Type                     |
    +---------+---------+----------+----------+-----+-----+-----------------------------------------------+
    |        ?|        ?|         ?|         ?|    0|    0|  loop auto-rewind stp(delay=0 clock cycles(s))|
    +---------+---------+----------+----------+-----+-----+-----------------------------------------------+

    + Detail: 
        * Instance: 
        N/A

        * Loop: 
        +----------+---------+---------+----------+-----------+-----------+------+----------+
        |          |  Latency (cycles) | Iteration|  Initiation Interval  | Trip |          |
        | Loop Name|   min   |   max   |  Latency |  achieved |   target  | Count| Pipelined|
        +----------+---------+---------+----------+-----------+-----------+------+----------+
        |- edot    |        ?|        ?|         7|          1|          1|     ?|       yes|
        +----------+---------+---------+----------+-----------+-----------+------+----------+

============================================================
+ Verbose Summary: Synthesis Manager
============================================================
InlineROM: 1
ExposeGlobal: 0
============================================================
+ Verbose Summary: CDFG Model
============================================================
IsTopModel: 0
ResetActiveHigh: 1
IsCombinational: 0
IsDatapathOnly: 0
HasWiredReturn: 1
HasMFsm: 2
HasVarLatency: 1
IsPipeline: 0
IsRtlPipelined: 0
IsInstanceOverlapped: 0
IsDontTouch: 0
HasImplIP: 0
IsGatedGlobalClock: 0

+ Individual pipeline summary: 
  * Pipeline-0: initiation interval (II) = 1, depth = 7


============================================================
+ Verbose Summary: Schedule
============================================================
* Number of FSM states : 7
* Pipeline : 1
  Pipeline-0 : II = 1, D = 7, States = { 1 2 3 4 5 6 7 }
* Dataflow Pipeline: 0

* FSM state transitions: 
1 --> 2 
2 --> 3 
3 --> 4 
4 --> 5 
5 --> 6 
6 --> 7 
7 --> 

* FSM state operations: 

State 1 <SV = 0> <Delay = 1.66>
ST_1 : Operation 10 [1/1] (0.00ns)   --->   "%i = alloca i32 1"   --->   Operation 10 'alloca' 'i' <Predicate = true> <Delay = 0.00>
ST_1 : Operation 11 [1/1] (0.00ns)   --->   "%specinterface_ln0 = specinterface void @_ssdm_op_SpecInterface, i512 %dualInfeasConstr_axpyfifo, void @empty_14, i32 0, i32 0, void @empty_3, i32 0, i32 0, void @empty_3, void @empty_3, void @empty_3, i32 0, i32 0, i32 0, i32 0, void @empty_3, void @empty_3, i32 4294967295, i32 0, i32 0"   --->   Operation 11 'specinterface' 'specinterface_ln0' <Predicate = true> <Delay = 0.00>
ST_1 : Operation 12 [1/1] (0.00ns)   --->   "%specinterface_ln0 = specinterface void @_ssdm_op_SpecInterface, i512 %colScale_fifo, void @empty_14, i32 0, i32 0, void @empty_3, i32 0, i32 0, void @empty_3, void @empty_3, void @empty_3, i32 0, i32 0, i32 0, i32 0, void @empty_3, void @empty_3, i32 4294967295, i32 0, i32 0"   --->   Operation 12 'specinterface' 'specinterface_ln0' <Predicate = true> <Delay = 0.00>
ST_1 : Operation 13 [1/1] (0.00ns)   --->   "%specinterface_ln0 = specinterface void @_ssdm_op_SpecInterface, i512 %temp, void @empty_14, i32 0, i32 0, void @empty_3, i32 0, i32 0, void @empty_3, void @empty_3, void @empty_3, i32 0, i32 0, i32 0, i32 0, void @empty_3, void @empty_3, i32 4294967295, i32 0, i32 0"   --->   Operation 13 'specinterface' 'specinterface_ln0' <Predicate = true> <Delay = 0.00>
ST_1 : Operation 14 [1/1] (0.00ns)   --->   "%muxLogicCE_to_n_5_read = muxlogic"   --->   Operation 14 'muxlogic' 'muxLogicCE_to_n_5_read' <Predicate = true> <Delay = 0.00>
ST_1 : Operation 15 [1/1] (0.00ns)   --->   "%n_5_read = read i32 @_ssdm_op_Read.ap_auto.i32, i32 %n_5" [./basic_helper.hpp:269]   --->   Operation 15 'read' 'n_5_read' <Predicate = true> <Delay = 0.00>
ST_1 : Operation 16 [1/1] (0.00ns)   --->   "%muxLogicData_to_store_ln0 = muxlogic i31 0"   --->   Operation 16 'muxlogic' 'muxLogicData_to_store_ln0' <Predicate = true> <Delay = 0.00>
ST_1 : Operation 17 [1/1] (0.00ns)   --->   "%muxLogicAddr_to_store_ln0 = muxlogic i31 %i"   --->   Operation 17 'muxlogic' 'muxLogicAddr_to_store_ln0' <Predicate = true> <Delay = 0.00>
ST_1 : Operation 18 [1/1] (0.40ns)   --->   "%store_ln0 = store i31 0, i31 %i"   --->   Operation 18 'store' 'store_ln0' <Predicate = true> <Delay = 0.40>
ST_1 : Operation 19 [1/1] (0.00ns)   --->   "%br_ln273 = br void %VITIS_LOOP_278_1" [./basic_helper.hpp:273]   --->   Operation 19 'br' 'br_ln273' <Predicate = true> <Delay = 0.00>
ST_1 : Operation 20 [1/1] (0.00ns)   --->   "%MuxLogicAddr_to_i_load = muxlogic i31 %i"   --->   Operation 20 'muxlogic' 'MuxLogicAddr_to_i_load' <Predicate = true> <Delay = 0.00>
ST_1 : Operation 21 [1/1] (0.00ns)   --->   "%i_load = load i31 %i" [./basic_helper.hpp:273]   --->   Operation 21 'load' 'i_load' <Predicate = true> <Delay = 0.00>
ST_1 : Operation 22 [1/1] (0.86ns)   --->   "%add_ln273 = add i31 %i_load, i31 1" [./basic_helper.hpp:273]   --->   Operation 22 'add' 'add_ln273' <Predicate = true> <Delay = 0.86> <CoreInst = "Adder">   --->   Core 1 'Adder' <Latency = 0> <II = 1> <Delay = 0.86> <FuncUnit> <Opcode : 'add' 'sub'> <InPorts = 2> <OutPorts = 1>
ST_1 : Operation 23 [1/1] (0.00ns)   --->   "%zext_ln269 = zext i31 %i_load" [./basic_helper.hpp:269]   --->   Operation 23 'zext' 'zext_ln269' <Predicate = true> <Delay = 0.00>
ST_1 : Operation 24 [1/1] (0.66ns)   --->   "%icmp_ln273 = icmp_slt  i32 %zext_ln269, i32 %n_5_read" [./basic_helper.hpp:273]   --->   Operation 24 'icmp' 'icmp_ln273' <Predicate = true> <Delay = 0.66> <CoreInst = "Cmp">   --->   Core 9 'Cmp' <Latency = 0> <II = 1> <Delay = 0.66> <FuncUnit> <Opcode : 'setle' 'setge' 'setlt' 'setgt'> <InPorts = 2> <OutPorts = 1>
ST_1 : Operation 25 [1/1] (0.00ns)   --->   "%br_ln273 = br i1 %icmp_ln273, void %for.end11.loopexit.exitStub, void %VITIS_LOOP_278_1.split" [./basic_helper.hpp:273]   --->   Operation 25 'br' 'br_ln273' <Predicate = true> <Delay = 0.00>
ST_1 : Operation 26 [1/1] (0.00ns)   --->   "%muxLogicData_to_store_ln273 = muxlogic i31 %add_ln273"   --->   Operation 26 'muxlogic' 'muxLogicData_to_store_ln273' <Predicate = (icmp_ln273)> <Delay = 0.00>
ST_1 : Operation 27 [1/1] (0.00ns)   --->   "%muxLogicAddr_to_store_ln273 = muxlogic i31 %i"   --->   Operation 27 'muxlogic' 'muxLogicAddr_to_store_ln273' <Predicate = (icmp_ln273)> <Delay = 0.00>
ST_1 : Operation 28 [1/1] (0.40ns)   --->   "%store_ln273 = store i31 %add_ln273, i31 %i" [./basic_helper.hpp:273]   --->   Operation 28 'store' 'store_ln273' <Predicate = (icmp_ln273)> <Delay = 0.40>

State 2 <SV = 1> <Delay = 1.89>
ST_2 : Operation 29 [1/1] (0.38ns) (share mux size 2)   --->   "%muxLogicCE_to_dualInfeasConstr_axpyfifo_read = muxlogic"   --->   Operation 29 'muxlogic' 'muxLogicCE_to_dualInfeasConstr_axpyfifo_read' <Predicate = true> <Delay = 0.38>
ST_2 : Operation 30 [1/1] (0.75ns) (share mux size 2)   --->   "%dualInfeasConstr_axpyfifo_read = read i512 @_ssdm_op_Read.ap_fifo.volatile.i512P0A, i512 %dualInfeasConstr_axpyfifo" [./basic_helper.hpp:275]   --->   Operation 30 'read' 'dualInfeasConstr_axpyfifo_read' <Predicate = true> <Delay = 0.75> <CoreInst = "FIFO_SRL">   --->   Core 84 'FIFO_SRL' <Latency = 0> <II = 1> <Delay = 0.91> <Storage> <Opcode : 'read' 'write' 'nbread' 'nbwrite'> <Ports = 0> <Width = 512> <Depth = 2> <FIFO>
ST_2 : Operation 31 [1/1] (0.00ns)   --->   "%trunc_ln275 = trunc i512 %dualInfeasConstr_axpyfifo_read" [./basic_helper.hpp:275]   --->   Operation 31 'trunc' 'trunc_ln275' <Predicate = true> <Delay = 0.00>
ST_2 : Operation 32 [1/1] (0.00ns)   --->   "%trunc_ln275_s = partselect i64 @_ssdm_op_PartSelect.i64.i512.i32.i32, i512 %dualInfeasConstr_axpyfifo_read, i32 64, i32 127" [./basic_helper.hpp:275]   --->   Operation 32 'partselect' 'trunc_ln275_s' <Predicate = true> <Delay = 0.00>
ST_2 : Operation 33 [1/1] (0.00ns)   --->   "%trunc_ln275_1 = partselect i64 @_ssdm_op_PartSelect.i64.i512.i32.i32, i512 %dualInfeasConstr_axpyfifo_read, i32 128, i32 191" [./basic_helper.hpp:275]   --->   Operation 33 'partselect' 'trunc_ln275_1' <Predicate = true> <Delay = 0.00>
ST_2 : Operation 34 [1/1] (0.00ns)   --->   "%trunc_ln275_2 = partselect i64 @_ssdm_op_PartSelect.i64.i512.i32.i32, i512 %dualInfeasConstr_axpyfifo_read, i32 192, i32 255" [./basic_helper.hpp:275]   --->   Operation 34 'partselect' 'trunc_ln275_2' <Predicate = true> <Delay = 0.00>
ST_2 : Operation 35 [1/1] (0.00ns)   --->   "%trunc_ln275_3 = partselect i64 @_ssdm_op_PartSelect.i64.i512.i32.i32, i512 %dualInfeasConstr_axpyfifo_read, i32 256, i32 319" [./basic_helper.hpp:275]   --->   Operation 35 'partselect' 'trunc_ln275_3' <Predicate = true> <Delay = 0.00>
ST_2 : Operation 36 [1/1] (0.00ns)   --->   "%trunc_ln275_4 = partselect i64 @_ssdm_op_PartSelect.i64.i512.i32.i32, i512 %dualInfeasConstr_axpyfifo_read, i32 320, i32 383" [./basic_helper.hpp:275]   --->   Operation 36 'partselect' 'trunc_ln275_4' <Predicate = true> <Delay = 0.00>
ST_2 : Operation 37 [1/1] (0.00ns)   --->   "%trunc_ln275_5 = partselect i64 @_ssdm_op_PartSelect.i64.i512.i32.i32, i512 %dualInfeasConstr_axpyfifo_read, i32 384, i32 447" [./basic_helper.hpp:275]   --->   Operation 37 'partselect' 'trunc_ln275_5' <Predicate = true> <Delay = 0.00>
ST_2 : Operation 38 [1/1] (0.00ns)   --->   "%trunc_ln275_6 = partselect i64 @_ssdm_op_PartSelect.i64.i512.i32.i32, i512 %dualInfeasConstr_axpyfifo_read, i32 448, i32 511" [./basic_helper.hpp:275]   --->   Operation 38 'partselect' 'trunc_ln275_6' <Predicate = true> <Delay = 0.00>
ST_2 : Operation 39 [1/1] (0.00ns)   --->   "%bitcast_ln275 = bitcast i64 %trunc_ln275" [./basic_helper.hpp:275]   --->   Operation 39 'bitcast' 'bitcast_ln275' <Predicate = true> <Delay = 0.00>
ST_2 : Operation 40 [1/1] (0.00ns)   --->   "%bitcast_ln275_1 = bitcast i64 %trunc_ln275_s" [./basic_helper.hpp:275]   --->   Operation 40 'bitcast' 'bitcast_ln275_1' <Predicate = true> <Delay = 0.00>
ST_2 : Operation 41 [1/1] (0.00ns)   --->   "%bitcast_ln275_2 = bitcast i64 %trunc_ln275_1" [./basic_helper.hpp:275]   --->   Operation 41 'bitcast' 'bitcast_ln275_2' <Predicate = true> <Delay = 0.00>
ST_2 : Operation 42 [1/1] (0.00ns)   --->   "%bitcast_ln275_3 = bitcast i64 %trunc_ln275_2" [./basic_helper.hpp:275]   --->   Operation 42 'bitcast' 'bitcast_ln275_3' <Predicate = true> <Delay = 0.00>
ST_2 : Operation 43 [1/1] (0.00ns)   --->   "%bitcast_ln275_4 = bitcast i64 %trunc_ln275_3" [./basic_helper.hpp:275]   --->   Operation 43 'bitcast' 'bitcast_ln275_4' <Predicate = true> <Delay = 0.00>
ST_2 : Operation 44 [1/1] (0.00ns)   --->   "%bitcast_ln275_5 = bitcast i64 %trunc_ln275_4" [./basic_helper.hpp:275]   --->   Operation 44 'bitcast' 'bitcast_ln275_5' <Predicate = true> <Delay = 0.00>
ST_2 : Operation 45 [1/1] (0.00ns)   --->   "%bitcast_ln275_6 = bitcast i64 %trunc_ln275_5" [./basic_helper.hpp:275]   --->   Operation 45 'bitcast' 'bitcast_ln275_6' <Predicate = true> <Delay = 0.00>
ST_2 : Operation 46 [1/1] (0.00ns)   --->   "%bitcast_ln275_7 = bitcast i64 %trunc_ln275_6" [./basic_helper.hpp:275]   --->   Operation 46 'bitcast' 'bitcast_ln275_7' <Predicate = true> <Delay = 0.00>
ST_2 : Operation 47 [1/1] (0.00ns)   --->   "%muxLogicCE_to_colScale_fifo_read = muxlogic"   --->   Operation 47 'muxlogic' 'muxLogicCE_to_colScale_fifo_read' <Predicate = true> <Delay = 0.00>
ST_2 : Operation 48 [1/1] (0.75ns)   --->   "%colScale_fifo_read = read i512 @_ssdm_op_Read.ap_fifo.volatile.i512P0A, i512 %colScale_fifo" [./basic_helper.hpp:276]   --->   Operation 48 'read' 'colScale_fifo_read' <Predicate = true> <Delay = 0.75> <CoreInst = "FIFO_SRL">   --->   Core 84 'FIFO_SRL' <Latency = 0> <II = 1> <Delay = 0.91> <Storage> <Opcode : 'read' 'write' 'nbread' 'nbwrite'> <Ports = 0> <Width = 512> <Depth = 2> <FIFO>
ST_2 : Operation 49 [1/1] (0.00ns)   --->   "%trunc_ln276 = trunc i512 %colScale_fifo_read" [./basic_helper.hpp:276]   --->   Operation 49 'trunc' 'trunc_ln276' <Predicate = true> <Delay = 0.00>
ST_2 : Operation 50 [1/1] (0.00ns)   --->   "%trunc_ln276_s = partselect i64 @_ssdm_op_PartSelect.i64.i512.i32.i32, i512 %colScale_fifo_read, i32 64, i32 127" [./basic_helper.hpp:276]   --->   Operation 50 'partselect' 'trunc_ln276_s' <Predicate = true> <Delay = 0.00>
ST_2 : Operation 51 [1/1] (0.00ns)   --->   "%trunc_ln276_1 = partselect i64 @_ssdm_op_PartSelect.i64.i512.i32.i32, i512 %colScale_fifo_read, i32 128, i32 191" [./basic_helper.hpp:276]   --->   Operation 51 'partselect' 'trunc_ln276_1' <Predicate = true> <Delay = 0.00>
ST_2 : Operation 52 [1/1] (0.00ns)   --->   "%trunc_ln276_2 = partselect i64 @_ssdm_op_PartSelect.i64.i512.i32.i32, i512 %colScale_fifo_read, i32 192, i32 255" [./basic_helper.hpp:276]   --->   Operation 52 'partselect' 'trunc_ln276_2' <Predicate = true> <Delay = 0.00>
ST_2 : Operation 53 [1/1] (0.00ns)   --->   "%trunc_ln276_3 = partselect i64 @_ssdm_op_PartSelect.i64.i512.i32.i32, i512 %colScale_fifo_read, i32 256, i32 319" [./basic_helper.hpp:276]   --->   Operation 53 'partselect' 'trunc_ln276_3' <Predicate = true> <Delay = 0.00>
ST_2 : Operation 54 [1/1] (0.00ns)   --->   "%trunc_ln276_4 = partselect i64 @_ssdm_op_PartSelect.i64.i512.i32.i32, i512 %colScale_fifo_read, i32 320, i32 383" [./basic_helper.hpp:276]   --->   Operation 54 'partselect' 'trunc_ln276_4' <Predicate = true> <Delay = 0.00>
ST_2 : Operation 55 [1/1] (0.00ns)   --->   "%trunc_ln276_5 = partselect i64 @_ssdm_op_PartSelect.i64.i512.i32.i32, i512 %colScale_fifo_read, i32 384, i32 447" [./basic_helper.hpp:276]   --->   Operation 55 'partselect' 'trunc_ln276_5' <Predicate = true> <Delay = 0.00>
ST_2 : Operation 56 [1/1] (0.00ns)   --->   "%trunc_ln276_6 = partselect i64 @_ssdm_op_PartSelect.i64.i512.i32.i32, i512 %colScale_fifo_read, i32 448, i32 511" [./basic_helper.hpp:276]   --->   Operation 56 'partselect' 'trunc_ln276_6' <Predicate = true> <Delay = 0.00>
ST_2 : Operation 57 [1/1] (0.00ns)   --->   "%bitcast_ln276 = bitcast i64 %trunc_ln276" [./basic_helper.hpp:276]   --->   Operation 57 'bitcast' 'bitcast_ln276' <Predicate = true> <Delay = 0.00>
ST_2 : Operation 58 [1/1] (0.00ns)   --->   "%bitcast_ln276_1 = bitcast i64 %trunc_ln276_s" [./basic_helper.hpp:276]   --->   Operation 58 'bitcast' 'bitcast_ln276_1' <Predicate = true> <Delay = 0.00>
ST_2 : Operation 59 [1/1] (0.00ns)   --->   "%bitcast_ln276_2 = bitcast i64 %trunc_ln276_1" [./basic_helper.hpp:276]   --->   Operation 59 'bitcast' 'bitcast_ln276_2' <Predicate = true> <Delay = 0.00>
ST_2 : Operation 60 [1/1] (0.00ns)   --->   "%bitcast_ln276_3 = bitcast i64 %trunc_ln276_2" [./basic_helper.hpp:276]   --->   Operation 60 'bitcast' 'bitcast_ln276_3' <Predicate = true> <Delay = 0.00>
ST_2 : Operation 61 [1/1] (0.00ns)   --->   "%bitcast_ln276_4 = bitcast i64 %trunc_ln276_3" [./basic_helper.hpp:276]   --->   Operation 61 'bitcast' 'bitcast_ln276_4' <Predicate = true> <Delay = 0.00>
ST_2 : Operation 62 [1/1] (0.00ns)   --->   "%bitcast_ln276_5 = bitcast i64 %trunc_ln276_4" [./basic_helper.hpp:276]   --->   Operation 62 'bitcast' 'bitcast_ln276_5' <Predicate = true> <Delay = 0.00>
ST_2 : Operation 63 [1/1] (0.00ns)   --->   "%bitcast_ln276_6 = bitcast i64 %trunc_ln276_5" [./basic_helper.hpp:276]   --->   Operation 63 'bitcast' 'bitcast_ln276_6' <Predicate = true> <Delay = 0.00>
ST_2 : Operation 64 [1/1] (0.00ns)   --->   "%bitcast_ln276_7 = bitcast i64 %trunc_ln276_6" [./basic_helper.hpp:276]   --->   Operation 64 'bitcast' 'bitcast_ln276_7' <Predicate = true> <Delay = 0.00>
ST_2 : Operation 65 [2/2] (0.76ns) (share mux size 8)   --->   "%muxLogicI0_to_mul = muxlogic i64 %bitcast_ln275"   --->   Operation 65 'muxlogic' 'muxLogicI0_to_mul' <Predicate = true> <Delay = 0.76>
ST_2 : Operation 66 [2/2] (0.76ns) (share mux size 8)   --->   "%muxLogicI1_to_mul = muxlogic i64 %bitcast_ln276"   --->   Operation 66 'muxlogic' 'muxLogicI1_to_mul' <Predicate = true> <Delay = 0.76>
ST_2 : Operation 67 [2/2] (0.76ns) (share mux size 8)   --->   "%muxLogicI0_to_mul_1 = muxlogic i64 %bitcast_ln275_1"   --->   Operation 67 'muxlogic' 'muxLogicI0_to_mul_1' <Predicate = true> <Delay = 0.76>
ST_2 : Operation 68 [2/2] (0.76ns) (share mux size 8)   --->   "%muxLogicI1_to_mul_1 = muxlogic i64 %bitcast_ln276_1"   --->   Operation 68 'muxlogic' 'muxLogicI1_to_mul_1' <Predicate = true> <Delay = 0.76>
ST_2 : Operation 69 [2/2] (0.76ns) (share mux size 8)   --->   "%muxLogicI0_to_mul_2 = muxlogic i64 %bitcast_ln275_2"   --->   Operation 69 'muxlogic' 'muxLogicI0_to_mul_2' <Predicate = true> <Delay = 0.76>
ST_2 : Operation 70 [2/2] (0.76ns) (share mux size 8)   --->   "%muxLogicI1_to_mul_2 = muxlogic i64 %bitcast_ln276_2"   --->   Operation 70 'muxlogic' 'muxLogicI1_to_mul_2' <Predicate = true> <Delay = 0.76>
ST_2 : Operation 71 [2/2] (0.76ns) (share mux size 8)   --->   "%muxLogicI0_to_mul_3 = muxlogic i64 %bitcast_ln275_3"   --->   Operation 71 'muxlogic' 'muxLogicI0_to_mul_3' <Predicate = true> <Delay = 0.76>
ST_2 : Operation 72 [2/2] (0.76ns) (share mux size 8)   --->   "%muxLogicI1_to_mul_3 = muxlogic i64 %bitcast_ln276_3"   --->   Operation 72 'muxlogic' 'muxLogicI1_to_mul_3' <Predicate = true> <Delay = 0.76>
ST_2 : Operation 73 [2/2] (0.76ns) (share mux size 8)   --->   "%muxLogicI0_to_mul_4 = muxlogic i64 %bitcast_ln275_4"   --->   Operation 73 'muxlogic' 'muxLogicI0_to_mul_4' <Predicate = true> <Delay = 0.76>
ST_2 : Operation 74 [2/2] (0.76ns) (share mux size 8)   --->   "%muxLogicI1_to_mul_4 = muxlogic i64 %bitcast_ln276_4"   --->   Operation 74 'muxlogic' 'muxLogicI1_to_mul_4' <Predicate = true> <Delay = 0.76>
ST_2 : Operation 75 [2/2] (0.76ns) (share mux size 8)   --->   "%muxLogicI0_to_mul_5 = muxlogic i64 %bitcast_ln275_5"   --->   Operation 75 'muxlogic' 'muxLogicI0_to_mul_5' <Predicate = true> <Delay = 0.76>
ST_2 : Operation 76 [2/2] (0.76ns) (share mux size 8)   --->   "%muxLogicI1_to_mul_5 = muxlogic i64 %bitcast_ln276_5"   --->   Operation 76 'muxlogic' 'muxLogicI1_to_mul_5' <Predicate = true> <Delay = 0.76>
ST_2 : Operation 77 [2/2] (0.76ns) (share mux size 8)   --->   "%muxLogicI0_to_mul_6 = muxlogic i64 %bitcast_ln275_6"   --->   Operation 77 'muxlogic' 'muxLogicI0_to_mul_6' <Predicate = true> <Delay = 0.76>
ST_2 : Operation 78 [2/2] (0.76ns) (share mux size 8)   --->   "%muxLogicI1_to_mul_6 = muxlogic i64 %bitcast_ln276_6"   --->   Operation 78 'muxlogic' 'muxLogicI1_to_mul_6' <Predicate = true> <Delay = 0.76>
ST_2 : Operation 79 [2/2] (0.76ns) (share mux size 8)   --->   "%muxLogicI0_to_mul_7 = muxlogic i64 %bitcast_ln275_7"   --->   Operation 79 'muxlogic' 'muxLogicI0_to_mul_7' <Predicate = true> <Delay = 0.76>
ST_2 : Operation 80 [2/2] (0.76ns) (share mux size 8)   --->   "%muxLogicI1_to_mul_7 = muxlogic i64 %bitcast_ln276_7"   --->   Operation 80 'muxlogic' 'muxLogicI1_to_mul_7' <Predicate = true> <Delay = 0.76>

State 3 <SV = 2> <Delay = 1.84>
ST_3 : Operation 81 [1/2] (0.00ns) (share mux size 8)   --->   "%muxLogicI0_to_mul = muxlogic i64 %bitcast_ln275"   --->   Operation 81 'muxlogic' 'muxLogicI0_to_mul' <Predicate = true> <Delay = 0.00>
ST_3 : Operation 82 [1/2] (0.00ns) (share mux size 8)   --->   "%muxLogicI1_to_mul = muxlogic i64 %bitcast_ln276"   --->   Operation 82 'muxlogic' 'muxLogicI1_to_mul' <Predicate = true> <Delay = 0.00>
ST_3 : Operation 83 [5/5] (1.84ns)   --->   "%mul = dmul i64 %bitcast_ln275, i64 %bitcast_ln276" [./basic_helper.hpp:280]   --->   Operation 83 'dmul' 'mul' <Predicate = true> <Delay = 1.84> <CoreInst = "DMul_meddsp">   --->   Core 51 'DMul_meddsp' <Latency = 4> <II = 1> <Delay = 2.15> <FuncUnit> <Opcode : 'dmul'> <InPorts = 2> <OutPorts = 1>
ST_3 : Operation 84 [1/2] (0.00ns) (share mux size 8)   --->   "%muxLogicI0_to_mul_1 = muxlogic i64 %bitcast_ln275_1"   --->   Operation 84 'muxlogic' 'muxLogicI0_to_mul_1' <Predicate = true> <Delay = 0.00>
ST_3 : Operation 85 [1/2] (0.00ns) (share mux size 8)   --->   "%muxLogicI1_to_mul_1 = muxlogic i64 %bitcast_ln276_1"   --->   Operation 85 'muxlogic' 'muxLogicI1_to_mul_1' <Predicate = true> <Delay = 0.00>
ST_3 : Operation 86 [5/5] (1.84ns)   --->   "%mul_1 = dmul i64 %bitcast_ln275_1, i64 %bitcast_ln276_1" [./basic_helper.hpp:280]   --->   Operation 86 'dmul' 'mul_1' <Predicate = true> <Delay = 1.84> <CoreInst = "DMul_meddsp">   --->   Core 51 'DMul_meddsp' <Latency = 4> <II = 1> <Delay = 2.15> <FuncUnit> <Opcode : 'dmul'> <InPorts = 2> <OutPorts = 1>
ST_3 : Operation 87 [1/2] (0.00ns) (share mux size 8)   --->   "%muxLogicI0_to_mul_2 = muxlogic i64 %bitcast_ln275_2"   --->   Operation 87 'muxlogic' 'muxLogicI0_to_mul_2' <Predicate = true> <Delay = 0.00>
ST_3 : Operation 88 [1/2] (0.00ns) (share mux size 8)   --->   "%muxLogicI1_to_mul_2 = muxlogic i64 %bitcast_ln276_2"   --->   Operation 88 'muxlogic' 'muxLogicI1_to_mul_2' <Predicate = true> <Delay = 0.00>
ST_3 : Operation 89 [5/5] (1.84ns)   --->   "%mul_2 = dmul i64 %bitcast_ln275_2, i64 %bitcast_ln276_2" [./basic_helper.hpp:280]   --->   Operation 89 'dmul' 'mul_2' <Predicate = true> <Delay = 1.84> <CoreInst = "DMul_meddsp">   --->   Core 51 'DMul_meddsp' <Latency = 4> <II = 1> <Delay = 2.15> <FuncUnit> <Opcode : 'dmul'> <InPorts = 2> <OutPorts = 1>
ST_3 : Operation 90 [1/2] (0.00ns) (share mux size 8)   --->   "%muxLogicI0_to_mul_3 = muxlogic i64 %bitcast_ln275_3"   --->   Operation 90 'muxlogic' 'muxLogicI0_to_mul_3' <Predicate = true> <Delay = 0.00>
ST_3 : Operation 91 [1/2] (0.00ns) (share mux size 8)   --->   "%muxLogicI1_to_mul_3 = muxlogic i64 %bitcast_ln276_3"   --->   Operation 91 'muxlogic' 'muxLogicI1_to_mul_3' <Predicate = true> <Delay = 0.00>
ST_3 : Operation 92 [5/5] (1.84ns)   --->   "%mul_3 = dmul i64 %bitcast_ln275_3, i64 %bitcast_ln276_3" [./basic_helper.hpp:280]   --->   Operation 92 'dmul' 'mul_3' <Predicate = true> <Delay = 1.84> <CoreInst = "DMul_meddsp">   --->   Core 51 'DMul_meddsp' <Latency = 4> <II = 1> <Delay = 2.15> <FuncUnit> <Opcode : 'dmul'> <InPorts = 2> <OutPorts = 1>
ST_3 : Operation 93 [1/2] (0.00ns) (share mux size 8)   --->   "%muxLogicI0_to_mul_4 = muxlogic i64 %bitcast_ln275_4"   --->   Operation 93 'muxlogic' 'muxLogicI0_to_mul_4' <Predicate = true> <Delay = 0.00>
ST_3 : Operation 94 [1/2] (0.00ns) (share mux size 8)   --->   "%muxLogicI1_to_mul_4 = muxlogic i64 %bitcast_ln276_4"   --->   Operation 94 'muxlogic' 'muxLogicI1_to_mul_4' <Predicate = true> <Delay = 0.00>
ST_3 : Operation 95 [5/5] (1.84ns)   --->   "%mul_4 = dmul i64 %bitcast_ln275_4, i64 %bitcast_ln276_4" [./basic_helper.hpp:280]   --->   Operation 95 'dmul' 'mul_4' <Predicate = true> <Delay = 1.84> <CoreInst = "DMul_meddsp">   --->   Core 51 'DMul_meddsp' <Latency = 4> <II = 1> <Delay = 2.15> <FuncUnit> <Opcode : 'dmul'> <InPorts = 2> <OutPorts = 1>
ST_3 : Operation 96 [1/2] (0.00ns) (share mux size 8)   --->   "%muxLogicI0_to_mul_5 = muxlogic i64 %bitcast_ln275_5"   --->   Operation 96 'muxlogic' 'muxLogicI0_to_mul_5' <Predicate = true> <Delay = 0.00>
ST_3 : Operation 97 [1/2] (0.00ns) (share mux size 8)   --->   "%muxLogicI1_to_mul_5 = muxlogic i64 %bitcast_ln276_5"   --->   Operation 97 'muxlogic' 'muxLogicI1_to_mul_5' <Predicate = true> <Delay = 0.00>
ST_3 : Operation 98 [5/5] (1.84ns)   --->   "%mul_5 = dmul i64 %bitcast_ln275_5, i64 %bitcast_ln276_5" [./basic_helper.hpp:280]   --->   Operation 98 'dmul' 'mul_5' <Predicate = true> <Delay = 1.84> <CoreInst = "DMul_meddsp">   --->   Core 51 'DMul_meddsp' <Latency = 4> <II = 1> <Delay = 2.15> <FuncUnit> <Opcode : 'dmul'> <InPorts = 2> <OutPorts = 1>
ST_3 : Operation 99 [1/2] (0.00ns) (share mux size 8)   --->   "%muxLogicI0_to_mul_6 = muxlogic i64 %bitcast_ln275_6"   --->   Operation 99 'muxlogic' 'muxLogicI0_to_mul_6' <Predicate = true> <Delay = 0.00>
ST_3 : Operation 100 [1/2] (0.00ns) (share mux size 8)   --->   "%muxLogicI1_to_mul_6 = muxlogic i64 %bitcast_ln276_6"   --->   Operation 100 'muxlogic' 'muxLogicI1_to_mul_6' <Predicate = true> <Delay = 0.00>
ST_3 : Operation 101 [5/5] (1.84ns)   --->   "%mul_6 = dmul i64 %bitcast_ln275_6, i64 %bitcast_ln276_6" [./basic_helper.hpp:280]   --->   Operation 101 'dmul' 'mul_6' <Predicate = true> <Delay = 1.84> <CoreInst = "DMul_meddsp">   --->   Core 51 'DMul_meddsp' <Latency = 4> <II = 1> <Delay = 2.15> <FuncUnit> <Opcode : 'dmul'> <InPorts = 2> <OutPorts = 1>
ST_3 : Operation 102 [1/2] (0.00ns) (share mux size 8)   --->   "%muxLogicI0_to_mul_7 = muxlogic i64 %bitcast_ln275_7"   --->   Operation 102 'muxlogic' 'muxLogicI0_to_mul_7' <Predicate = true> <Delay = 0.00>
ST_3 : Operation 103 [1/2] (0.00ns) (share mux size 8)   --->   "%muxLogicI1_to_mul_7 = muxlogic i64 %bitcast_ln276_7"   --->   Operation 103 'muxlogic' 'muxLogicI1_to_mul_7' <Predicate = true> <Delay = 0.00>
ST_3 : Operation 104 [5/5] (1.84ns)   --->   "%mul_7 = dmul i64 %bitcast_ln275_7, i64 %bitcast_ln276_7" [./basic_helper.hpp:280]   --->   Operation 104 'dmul' 'mul_7' <Predicate = true> <Delay = 1.84> <CoreInst = "DMul_meddsp">   --->   Core 51 'DMul_meddsp' <Latency = 4> <II = 1> <Delay = 2.15> <FuncUnit> <Opcode : 'dmul'> <InPorts = 2> <OutPorts = 1>

State 4 <SV = 3> <Delay = 2.15>
ST_4 : Operation 105 [4/5] (2.15ns)   --->   "%mul = dmul i64 %bitcast_ln275, i64 %bitcast_ln276" [./basic_helper.hpp:280]   --->   Operation 105 'dmul' 'mul' <Predicate = true> <Delay = 2.15> <CoreInst = "DMul_meddsp">   --->   Core 51 'DMul_meddsp' <Latency = 4> <II = 1> <Delay = 2.15> <FuncUnit> <Opcode : 'dmul'> <InPorts = 2> <OutPorts = 1>
ST_4 : Operation 106 [4/5] (2.15ns)   --->   "%mul_1 = dmul i64 %bitcast_ln275_1, i64 %bitcast_ln276_1" [./basic_helper.hpp:280]   --->   Operation 106 'dmul' 'mul_1' <Predicate = true> <Delay = 2.15> <CoreInst = "DMul_meddsp">   --->   Core 51 'DMul_meddsp' <Latency = 4> <II = 1> <Delay = 2.15> <FuncUnit> <Opcode : 'dmul'> <InPorts = 2> <OutPorts = 1>
ST_4 : Operation 107 [4/5] (2.15ns)   --->   "%mul_2 = dmul i64 %bitcast_ln275_2, i64 %bitcast_ln276_2" [./basic_helper.hpp:280]   --->   Operation 107 'dmul' 'mul_2' <Predicate = true> <Delay = 2.15> <CoreInst = "DMul_meddsp">   --->   Core 51 'DMul_meddsp' <Latency = 4> <II = 1> <Delay = 2.15> <FuncUnit> <Opcode : 'dmul'> <InPorts = 2> <OutPorts = 1>
ST_4 : Operation 108 [4/5] (2.15ns)   --->   "%mul_3 = dmul i64 %bitcast_ln275_3, i64 %bitcast_ln276_3" [./basic_helper.hpp:280]   --->   Operation 108 'dmul' 'mul_3' <Predicate = true> <Delay = 2.15> <CoreInst = "DMul_meddsp">   --->   Core 51 'DMul_meddsp' <Latency = 4> <II = 1> <Delay = 2.15> <FuncUnit> <Opcode : 'dmul'> <InPorts = 2> <OutPorts = 1>
ST_4 : Operation 109 [4/5] (2.15ns)   --->   "%mul_4 = dmul i64 %bitcast_ln275_4, i64 %bitcast_ln276_4" [./basic_helper.hpp:280]   --->   Operation 109 'dmul' 'mul_4' <Predicate = true> <Delay = 2.15> <CoreInst = "DMul_meddsp">   --->   Core 51 'DMul_meddsp' <Latency = 4> <II = 1> <Delay = 2.15> <FuncUnit> <Opcode : 'dmul'> <InPorts = 2> <OutPorts = 1>
ST_4 : Operation 110 [4/5] (2.15ns)   --->   "%mul_5 = dmul i64 %bitcast_ln275_5, i64 %bitcast_ln276_5" [./basic_helper.hpp:280]   --->   Operation 110 'dmul' 'mul_5' <Predicate = true> <Delay = 2.15> <CoreInst = "DMul_meddsp">   --->   Core 51 'DMul_meddsp' <Latency = 4> <II = 1> <Delay = 2.15> <FuncUnit> <Opcode : 'dmul'> <InPorts = 2> <OutPorts = 1>
ST_4 : Operation 111 [4/5] (2.15ns)   --->   "%mul_6 = dmul i64 %bitcast_ln275_6, i64 %bitcast_ln276_6" [./basic_helper.hpp:280]   --->   Operation 111 'dmul' 'mul_6' <Predicate = true> <Delay = 2.15> <CoreInst = "DMul_meddsp">   --->   Core 51 'DMul_meddsp' <Latency = 4> <II = 1> <Delay = 2.15> <FuncUnit> <Opcode : 'dmul'> <InPorts = 2> <OutPorts = 1>
ST_4 : Operation 112 [4/5] (2.15ns)   --->   "%mul_7 = dmul i64 %bitcast_ln275_7, i64 %bitcast_ln276_7" [./basic_helper.hpp:280]   --->   Operation 112 'dmul' 'mul_7' <Predicate = true> <Delay = 2.15> <CoreInst = "DMul_meddsp">   --->   Core 51 'DMul_meddsp' <Latency = 4> <II = 1> <Delay = 2.15> <FuncUnit> <Opcode : 'dmul'> <InPorts = 2> <OutPorts = 1>

State 5 <SV = 4> <Delay = 2.15>
ST_5 : Operation 113 [3/5] (2.15ns)   --->   "%mul = dmul i64 %bitcast_ln275, i64 %bitcast_ln276" [./basic_helper.hpp:280]   --->   Operation 113 'dmul' 'mul' <Predicate = true> <Delay = 2.15> <CoreInst = "DMul_meddsp">   --->   Core 51 'DMul_meddsp' <Latency = 4> <II = 1> <Delay = 2.15> <FuncUnit> <Opcode : 'dmul'> <InPorts = 2> <OutPorts = 1>
ST_5 : Operation 114 [3/5] (2.15ns)   --->   "%mul_1 = dmul i64 %bitcast_ln275_1, i64 %bitcast_ln276_1" [./basic_helper.hpp:280]   --->   Operation 114 'dmul' 'mul_1' <Predicate = true> <Delay = 2.15> <CoreInst = "DMul_meddsp">   --->   Core 51 'DMul_meddsp' <Latency = 4> <II = 1> <Delay = 2.15> <FuncUnit> <Opcode : 'dmul'> <InPorts = 2> <OutPorts = 1>
ST_5 : Operation 115 [3/5] (2.15ns)   --->   "%mul_2 = dmul i64 %bitcast_ln275_2, i64 %bitcast_ln276_2" [./basic_helper.hpp:280]   --->   Operation 115 'dmul' 'mul_2' <Predicate = true> <Delay = 2.15> <CoreInst = "DMul_meddsp">   --->   Core 51 'DMul_meddsp' <Latency = 4> <II = 1> <Delay = 2.15> <FuncUnit> <Opcode : 'dmul'> <InPorts = 2> <OutPorts = 1>
ST_5 : Operation 116 [3/5] (2.15ns)   --->   "%mul_3 = dmul i64 %bitcast_ln275_3, i64 %bitcast_ln276_3" [./basic_helper.hpp:280]   --->   Operation 116 'dmul' 'mul_3' <Predicate = true> <Delay = 2.15> <CoreInst = "DMul_meddsp">   --->   Core 51 'DMul_meddsp' <Latency = 4> <II = 1> <Delay = 2.15> <FuncUnit> <Opcode : 'dmul'> <InPorts = 2> <OutPorts = 1>
ST_5 : Operation 117 [3/5] (2.15ns)   --->   "%mul_4 = dmul i64 %bitcast_ln275_4, i64 %bitcast_ln276_4" [./basic_helper.hpp:280]   --->   Operation 117 'dmul' 'mul_4' <Predicate = true> <Delay = 2.15> <CoreInst = "DMul_meddsp">   --->   Core 51 'DMul_meddsp' <Latency = 4> <II = 1> <Delay = 2.15> <FuncUnit> <Opcode : 'dmul'> <InPorts = 2> <OutPorts = 1>
ST_5 : Operation 118 [3/5] (2.15ns)   --->   "%mul_5 = dmul i64 %bitcast_ln275_5, i64 %bitcast_ln276_5" [./basic_helper.hpp:280]   --->   Operation 118 'dmul' 'mul_5' <Predicate = true> <Delay = 2.15> <CoreInst = "DMul_meddsp">   --->   Core 51 'DMul_meddsp' <Latency = 4> <II = 1> <Delay = 2.15> <FuncUnit> <Opcode : 'dmul'> <InPorts = 2> <OutPorts = 1>
ST_5 : Operation 119 [3/5] (2.15ns)   --->   "%mul_6 = dmul i64 %bitcast_ln275_6, i64 %bitcast_ln276_6" [./basic_helper.hpp:280]   --->   Operation 119 'dmul' 'mul_6' <Predicate = true> <Delay = 2.15> <CoreInst = "DMul_meddsp">   --->   Core 51 'DMul_meddsp' <Latency = 4> <II = 1> <Delay = 2.15> <FuncUnit> <Opcode : 'dmul'> <InPorts = 2> <OutPorts = 1>
ST_5 : Operation 120 [3/5] (2.15ns)   --->   "%mul_7 = dmul i64 %bitcast_ln275_7, i64 %bitcast_ln276_7" [./basic_helper.hpp:280]   --->   Operation 120 'dmul' 'mul_7' <Predicate = true> <Delay = 2.15> <CoreInst = "DMul_meddsp">   --->   Core 51 'DMul_meddsp' <Latency = 4> <II = 1> <Delay = 2.15> <FuncUnit> <Opcode : 'dmul'> <InPorts = 2> <OutPorts = 1>

State 6 <SV = 5> <Delay = 2.15>
ST_6 : Operation 121 [2/5] (2.15ns)   --->   "%mul = dmul i64 %bitcast_ln275, i64 %bitcast_ln276" [./basic_helper.hpp:280]   --->   Operation 121 'dmul' 'mul' <Predicate = true> <Delay = 2.15> <CoreInst = "DMul_meddsp">   --->   Core 51 'DMul_meddsp' <Latency = 4> <II = 1> <Delay = 2.15> <FuncUnit> <Opcode : 'dmul'> <InPorts = 2> <OutPorts = 1>
ST_6 : Operation 122 [2/5] (2.15ns)   --->   "%mul_1 = dmul i64 %bitcast_ln275_1, i64 %bitcast_ln276_1" [./basic_helper.hpp:280]   --->   Operation 122 'dmul' 'mul_1' <Predicate = true> <Delay = 2.15> <CoreInst = "DMul_meddsp">   --->   Core 51 'DMul_meddsp' <Latency = 4> <II = 1> <Delay = 2.15> <FuncUnit> <Opcode : 'dmul'> <InPorts = 2> <OutPorts = 1>
ST_6 : Operation 123 [2/5] (2.15ns)   --->   "%mul_2 = dmul i64 %bitcast_ln275_2, i64 %bitcast_ln276_2" [./basic_helper.hpp:280]   --->   Operation 123 'dmul' 'mul_2' <Predicate = true> <Delay = 2.15> <CoreInst = "DMul_meddsp">   --->   Core 51 'DMul_meddsp' <Latency = 4> <II = 1> <Delay = 2.15> <FuncUnit> <Opcode : 'dmul'> <InPorts = 2> <OutPorts = 1>
ST_6 : Operation 124 [2/5] (2.15ns)   --->   "%mul_3 = dmul i64 %bitcast_ln275_3, i64 %bitcast_ln276_3" [./basic_helper.hpp:280]   --->   Operation 124 'dmul' 'mul_3' <Predicate = true> <Delay = 2.15> <CoreInst = "DMul_meddsp">   --->   Core 51 'DMul_meddsp' <Latency = 4> <II = 1> <Delay = 2.15> <FuncUnit> <Opcode : 'dmul'> <InPorts = 2> <OutPorts = 1>
ST_6 : Operation 125 [2/5] (2.15ns)   --->   "%mul_4 = dmul i64 %bitcast_ln275_4, i64 %bitcast_ln276_4" [./basic_helper.hpp:280]   --->   Operation 125 'dmul' 'mul_4' <Predicate = true> <Delay = 2.15> <CoreInst = "DMul_meddsp">   --->   Core 51 'DMul_meddsp' <Latency = 4> <II = 1> <Delay = 2.15> <FuncUnit> <Opcode : 'dmul'> <InPorts = 2> <OutPorts = 1>
ST_6 : Operation 126 [2/5] (2.15ns)   --->   "%mul_5 = dmul i64 %bitcast_ln275_5, i64 %bitcast_ln276_5" [./basic_helper.hpp:280]   --->   Operation 126 'dmul' 'mul_5' <Predicate = true> <Delay = 2.15> <CoreInst = "DMul_meddsp">   --->   Core 51 'DMul_meddsp' <Latency = 4> <II = 1> <Delay = 2.15> <FuncUnit> <Opcode : 'dmul'> <InPorts = 2> <OutPorts = 1>
ST_6 : Operation 127 [2/5] (2.15ns)   --->   "%mul_6 = dmul i64 %bitcast_ln275_6, i64 %bitcast_ln276_6" [./basic_helper.hpp:280]   --->   Operation 127 'dmul' 'mul_6' <Predicate = true> <Delay = 2.15> <CoreInst = "DMul_meddsp">   --->   Core 51 'DMul_meddsp' <Latency = 4> <II = 1> <Delay = 2.15> <FuncUnit> <Opcode : 'dmul'> <InPorts = 2> <OutPorts = 1>
ST_6 : Operation 128 [2/5] (2.15ns)   --->   "%mul_7 = dmul i64 %bitcast_ln275_7, i64 %bitcast_ln276_7" [./basic_helper.hpp:280]   --->   Operation 128 'dmul' 'mul_7' <Predicate = true> <Delay = 2.15> <CoreInst = "DMul_meddsp">   --->   Core 51 'DMul_meddsp' <Latency = 4> <II = 1> <Delay = 2.15> <FuncUnit> <Opcode : 'dmul'> <InPorts = 2> <OutPorts = 1>
ST_6 : Operation 151 [1/1] (0.38ns)   --->   "%ret_ln0 = ret"   --->   Operation 151 'ret' 'ret_ln0' <Predicate = (!icmp_ln273)> <Delay = 0.38>

State 7 <SV = 6> <Delay = 1.00>
ST_7 : Operation 129 [1/1] (0.00ns)   --->   "%specpipeline_ln274 = specpipeline void @_ssdm_op_SpecPipeline, i32 1, i32 0, i32 0, i32 0, void @empty_3" [./basic_helper.hpp:274]   --->   Operation 129 'specpipeline' 'specpipeline_ln274' <Predicate = true> <Delay = 0.00>
ST_7 : Operation 130 [1/1] (0.00ns)   --->   "%specloopname_ln273 = specloopname void @_ssdm_op_SpecLoopName, void @empty" [./basic_helper.hpp:273]   --->   Operation 130 'specloopname' 'specloopname_ln273' <Predicate = true> <Delay = 0.00>
ST_7 : Operation 131 [1/5] (0.09ns)   --->   "%mul = dmul i64 %bitcast_ln275, i64 %bitcast_ln276" [./basic_helper.hpp:280]   --->   Operation 131 'dmul' 'mul' <Predicate = true> <Delay = 0.09> <CoreInst = "DMul_meddsp">   --->   Core 51 'DMul_meddsp' <Latency = 4> <II = 1> <Delay = 2.15> <FuncUnit> <Opcode : 'dmul'> <InPorts = 2> <OutPorts = 1>
ST_7 : Operation 132 [1/5] (0.09ns)   --->   "%mul_1 = dmul i64 %bitcast_ln275_1, i64 %bitcast_ln276_1" [./basic_helper.hpp:280]   --->   Operation 132 'dmul' 'mul_1' <Predicate = true> <Delay = 0.09> <CoreInst = "DMul_meddsp">   --->   Core 51 'DMul_meddsp' <Latency = 4> <II = 1> <Delay = 2.15> <FuncUnit> <Opcode : 'dmul'> <InPorts = 2> <OutPorts = 1>
ST_7 : Operation 133 [1/5] (0.09ns)   --->   "%mul_2 = dmul i64 %bitcast_ln275_2, i64 %bitcast_ln276_2" [./basic_helper.hpp:280]   --->   Operation 133 'dmul' 'mul_2' <Predicate = true> <Delay = 0.09> <CoreInst = "DMul_meddsp">   --->   Core 51 'DMul_meddsp' <Latency = 4> <II = 1> <Delay = 2.15> <FuncUnit> <Opcode : 'dmul'> <InPorts = 2> <OutPorts = 1>
ST_7 : Operation 134 [1/5] (0.09ns)   --->   "%mul_3 = dmul i64 %bitcast_ln275_3, i64 %bitcast_ln276_3" [./basic_helper.hpp:280]   --->   Operation 134 'dmul' 'mul_3' <Predicate = true> <Delay = 0.09> <CoreInst = "DMul_meddsp">   --->   Core 51 'DMul_meddsp' <Latency = 4> <II = 1> <Delay = 2.15> <FuncUnit> <Opcode : 'dmul'> <InPorts = 2> <OutPorts = 1>
ST_7 : Operation 135 [1/5] (0.09ns)   --->   "%mul_4 = dmul i64 %bitcast_ln275_4, i64 %bitcast_ln276_4" [./basic_helper.hpp:280]   --->   Operation 135 'dmul' 'mul_4' <Predicate = true> <Delay = 0.09> <CoreInst = "DMul_meddsp">   --->   Core 51 'DMul_meddsp' <Latency = 4> <II = 1> <Delay = 2.15> <FuncUnit> <Opcode : 'dmul'> <InPorts = 2> <OutPorts = 1>
ST_7 : Operation 136 [1/5] (0.09ns)   --->   "%mul_5 = dmul i64 %bitcast_ln275_5, i64 %bitcast_ln276_5" [./basic_helper.hpp:280]   --->   Operation 136 'dmul' 'mul_5' <Predicate = true> <Delay = 0.09> <CoreInst = "DMul_meddsp">   --->   Core 51 'DMul_meddsp' <Latency = 4> <II = 1> <Delay = 2.15> <FuncUnit> <Opcode : 'dmul'> <InPorts = 2> <OutPorts = 1>
ST_7 : Operation 137 [1/5] (0.09ns)   --->   "%mul_6 = dmul i64 %bitcast_ln275_6, i64 %bitcast_ln276_6" [./basic_helper.hpp:280]   --->   Operation 137 'dmul' 'mul_6' <Predicate = true> <Delay = 0.09> <CoreInst = "DMul_meddsp">   --->   Core 51 'DMul_meddsp' <Latency = 4> <II = 1> <Delay = 2.15> <FuncUnit> <Opcode : 'dmul'> <InPorts = 2> <OutPorts = 1>
ST_7 : Operation 138 [1/5] (0.09ns)   --->   "%mul_7 = dmul i64 %bitcast_ln275_7, i64 %bitcast_ln276_7" [./basic_helper.hpp:280]   --->   Operation 138 'dmul' 'mul_7' <Predicate = true> <Delay = 0.09> <CoreInst = "DMul_meddsp">   --->   Core 51 'DMul_meddsp' <Latency = 4> <II = 1> <Delay = 2.15> <FuncUnit> <Opcode : 'dmul'> <InPorts = 2> <OutPorts = 1>
ST_7 : Operation 139 [1/1] (0.00ns)   --->   "%bitcast_ln282 = bitcast i64 %mul" [./basic_helper.hpp:282]   --->   Operation 139 'bitcast' 'bitcast_ln282' <Predicate = true> <Delay = 0.00>
ST_7 : Operation 140 [1/1] (0.00ns)   --->   "%bitcast_ln282_1 = bitcast i64 %mul_1" [./basic_helper.hpp:282]   --->   Operation 140 'bitcast' 'bitcast_ln282_1' <Predicate = true> <Delay = 0.00>
ST_7 : Operation 141 [1/1] (0.00ns)   --->   "%bitcast_ln282_2 = bitcast i64 %mul_2" [./basic_helper.hpp:282]   --->   Operation 141 'bitcast' 'bitcast_ln282_2' <Predicate = true> <Delay = 0.00>
ST_7 : Operation 142 [1/1] (0.00ns)   --->   "%bitcast_ln282_3 = bitcast i64 %mul_3" [./basic_helper.hpp:282]   --->   Operation 142 'bitcast' 'bitcast_ln282_3' <Predicate = true> <Delay = 0.00>
ST_7 : Operation 143 [1/1] (0.00ns)   --->   "%bitcast_ln282_4 = bitcast i64 %mul_4" [./basic_helper.hpp:282]   --->   Operation 143 'bitcast' 'bitcast_ln282_4' <Predicate = true> <Delay = 0.00>
ST_7 : Operation 144 [1/1] (0.00ns)   --->   "%bitcast_ln282_5 = bitcast i64 %mul_5" [./basic_helper.hpp:282]   --->   Operation 144 'bitcast' 'bitcast_ln282_5' <Predicate = true> <Delay = 0.00>
ST_7 : Operation 145 [1/1] (0.00ns)   --->   "%bitcast_ln282_6 = bitcast i64 %mul_6" [./basic_helper.hpp:282]   --->   Operation 145 'bitcast' 'bitcast_ln282_6' <Predicate = true> <Delay = 0.00>
ST_7 : Operation 146 [1/1] (0.00ns)   --->   "%bitcast_ln282_7 = bitcast i64 %mul_7" [./basic_helper.hpp:282]   --->   Operation 146 'bitcast' 'bitcast_ln282_7' <Predicate = true> <Delay = 0.00>
ST_7 : Operation 147 [1/1] (0.00ns)   --->   "%or_ln282_s = bitconcatenate i512 @_ssdm_op_BitConcatenate.i512.i64.i64.i64.i64.i64.i64.i64.i64, i64 %bitcast_ln282_7, i64 %bitcast_ln282_6, i64 %bitcast_ln282_5, i64 %bitcast_ln282_4, i64 %bitcast_ln282_3, i64 %bitcast_ln282_2, i64 %bitcast_ln282_1, i64 %bitcast_ln282" [./basic_helper.hpp:282]   --->   Operation 147 'bitconcatenate' 'or_ln282_s' <Predicate = true> <Delay = 0.00>
ST_7 : Operation 148 [1/1] (0.00ns)   --->   "%muxLogicData_to_write_ln282 = muxlogic i512 %or_ln282_s"   --->   Operation 148 'muxlogic' 'muxLogicData_to_write_ln282' <Predicate = true> <Delay = 0.00>
ST_7 : Operation 149 [1/1] (0.91ns)   --->   "%write_ln282 = write void @_ssdm_op_Write.ap_fifo.volatile.i512P0A, i512 %temp, i512 %or_ln282_s" [./basic_helper.hpp:282]   --->   Operation 149 'write' 'write_ln282' <Predicate = true> <Delay = 0.91> <CoreInst = "FIFO_SRL">   --->   Core 84 'FIFO_SRL' <Latency = 0> <II = 1> <Delay = 0.91> <Storage> <Opcode : 'read' 'write' 'nbread' 'nbwrite'> <Ports = 0> <Width = 512> <Depth = 2> <FIFO>
ST_7 : Operation 150 [1/1] (0.00ns)   --->   "%br_ln273 = br void %VITIS_LOOP_278_1" [./basic_helper.hpp:273]   --->   Operation 150 'br' 'br_ln273' <Predicate = true> <Delay = 0.00>


============================================================
+ Verbose Summary: Timing violations
============================================================
Target clock period: 3.333ns, clock uncertainty: 0.900ns.

 <State 1>: 1.665ns
The critical path consists of the following:
	'store' operation 0 bit ('store_ln0') of constant 0 on local variable 'i' [13]  (0.400 ns)
	'load' operation 31 bit ('i_load', ./basic_helper.hpp:273) on local variable 'i' [17]  (0.000 ns)
	'add' operation 31 bit ('add_ln273', ./basic_helper.hpp:273) [18]  (0.865 ns)
	'muxlogic' operation 0 bit ('muxLogicData_to_store_ln273') [96]  (0.000 ns)
	'store' operation 0 bit ('store_ln273', ./basic_helper.hpp:273) of variable 'add_ln273', ./basic_helper.hpp:273 on local variable 'i' [98]  (0.400 ns)

 <State 2>: 1.899ns
The critical path consists of the following:
	'muxlogic' operation 512 bit ('muxLogicCE_to_dualInfeasConstr_axpyfifo_read') [25]  (0.382 ns)
	fifo read operation ('dualInfeasConstr_axpyfifo_read', ./basic_helper.hpp:275) on port 'dualInfeasConstr_axpyfifo' (./basic_helper.hpp:275) [26]  (0.753 ns)
	'muxlogic' operation 64 bit ('muxLogicI0_to_mul') [61]  (0.764 ns)

 <State 3>: 1.841ns
The critical path consists of the following:
	'muxlogic' operation 64 bit ('muxLogicI0_to_mul') [61]  (0.000 ns)
	'dmul' operation 64 bit ('mul', ./basic_helper.hpp:280) [63]  (1.841 ns)

 <State 4>: 2.154ns
The critical path consists of the following:
	'dmul' operation 64 bit ('mul', ./basic_helper.hpp:280) [63]  (2.154 ns)

 <State 5>: 2.154ns
The critical path consists of the following:
	'dmul' operation 64 bit ('mul', ./basic_helper.hpp:280) [63]  (2.154 ns)

 <State 6>: 2.154ns
The critical path consists of the following:
	'dmul' operation 64 bit ('mul', ./basic_helper.hpp:280) [63]  (2.154 ns)

 <State 7>: 1.008ns
The critical path consists of the following:
	'dmul' operation 64 bit ('mul', ./basic_helper.hpp:280) [63]  (0.091 ns)
	'muxlogic' operation 0 bit ('muxLogicData_to_write_ln282') [94]  (0.000 ns)
	fifo write operation ('write_ln282', ./basic_helper.hpp:282) on port 'temp' (./basic_helper.hpp:282) [95]  (0.917 ns)


============================================================
+ Verbose Summary: Binding
============================================================
N/A
* FSMD analyzer results:
  - Output states:
 - Input state : 
  - Chain level:
	State 1
	State 2
	State 3
	State 4
	State 5
	State 6
	State 7


============================================================
+ Verbose Summary: Datapath Resource usage 
============================================================
N/A
