

================================================================
== Vitis HLS Report for 'scale_and_twoNorm_Scaled'
================================================================
* Date:           Fri Jan  9 14:23:07 2026

* Version:        2024.1.2 (Build 5096458 on Sep  5 2024)
* Project:        build_Infeasi_Res_S2.xcv80-lsva4737-2MHP-e-S
* Solution:       sol1 (Vivado IP Flow Target)
* Product family: versalhbm
* Target device:  xcv80-lsva4737-2MHP-e-S


================================================================
== Performance Estimates
================================================================
+ Timing: 
    * Summary: 
    +--------+---------+----------+------------+
    |  Clock |  Target | Estimated| Uncertainty|
    +--------+---------+----------+------------+
    |ap_clk  |  3.33 ns|  2.433 ns|     0.90 ns|
    +--------+---------+----------+------------+

+ Latency: 
    * Summary: 
    +---------+---------+----------+----------+-----+-----+----------+
    |  Latency (cycles) |  Latency (absolute) |  Interval | Pipeline |
    |   min   |   max   |    min   |    max   | min | max |   Type   |
    +---------+---------+----------+----------+-----+-----+----------+
    |        ?|        ?|         ?|         ?|    ?|    ?|  dataflow|
    +---------+---------+----------+----------+-----+-----+----------+

    + Detail: 
        * Instance: 
        N/A

        * Loop: 
        N/A

============================================================
+ Verbose Summary: Synthesis Manager
============================================================
InlineROM: 1
ExposeGlobal: 0
============================================================
+ Verbose Summary: CDFG Model
============================================================
IsTopModel: 0
ResetActiveHigh: 1
IsCombinational: 2
IsDatapathOnly: 0
HasWiredReturn: 1
HasMFsm: 0
HasVarLatency: 1
IsPipeline: 0
IsRtlPipelined: 0
IsInstanceOverlapped: 0
IsDontTouch: 0
HasImplIP: 0
IsGatedGlobalClock: 0


============================================================
+ Verbose Summary: Schedule
============================================================
* Number of FSM states : 6
* Pipeline : 0
* Dataflow Pipeline: 1
  DF-Pipeline-0: Size = 6, States = { 1 2 3 4 5 6 }

* FSM state transitions: 
1 --> 2 
2 --> 3 
3 --> 4 
4 --> 5 
5 --> 6 
6 --> 

* FSM state operations: 

State 1 <SV = 0> <Delay = 1.40>
ST_1 : Operation 7 [1/1] (0.00ns)   --->   "%muxLogicCE_to_n_read = muxlogic"   --->   Operation 7 'muxlogic' 'muxLogicCE_to_n_read' <Predicate = true> <Delay = 0.00>
ST_1 : Operation 8 [1/1] (0.00ns)   --->   "%n_read = read i32 @_ssdm_op_Read.ap_auto.i32, i32 %n" [./basic_helper.hpp:333]   --->   Operation 8 'read' 'n_read' <Predicate = true> <Delay = 0.00>
ST_1 : Operation 9 [1/1] (0.00ns)   --->   "%muxLogicCE_to_colScale_read = muxlogic"   --->   Operation 9 'muxlogic' 'muxLogicCE_to_colScale_read' <Predicate = true> <Delay = 0.00>
ST_1 : Operation 10 [1/1] (0.00ns)   --->   "%colScale_read = read i64 @_ssdm_op_Read.ap_auto.i64, i64 %colScale" [./basic_helper.hpp:333]   --->   Operation 10 'read' 'colScale_read' <Predicate = true> <Delay = 0.00>
ST_1 : Operation 11 [1/1] (0.00ns)   --->   "%n_c1 = alloca i64 1" [./basic_helper.hpp:333]   --->   Operation 11 'alloca' 'n_c1' <Predicate = true> <Delay = 0.00> <CoreInst = "FIFO_SRL">   --->   Core 84 'FIFO_SRL' <Latency = 0> <II = 1> <Delay = 0.71> <Storage> <Opcode : 'read' 'write' 'nbread' 'nbwrite'> <Ports = 0> <Width = 32> <Depth = 2> <FIFO>
ST_1 : Operation 12 [1/1] (0.00ns)   --->   "%n_c = alloca i64 1" [./basic_helper.hpp:333]   --->   Operation 12 'alloca' 'n_c' <Predicate = true> <Delay = 0.00> <CoreInst = "FIFO_SRL">   --->   Core 84 'FIFO_SRL' <Latency = 0> <II = 1> <Delay = 0.71> <Storage> <Opcode : 'read' 'write' 'nbread' 'nbwrite'> <Ports = 0> <Width = 32> <Depth = 2> <FIFO>
ST_1 : Operation 13 [1/1] (0.00ns)   --->   "%colScale_fifo = alloca i64 1"   --->   Operation 13 'alloca' 'colScale_fifo' <Predicate = true> <Delay = 0.00> <CoreInst = "FIFO_SRL">   --->   Core 84 'FIFO_SRL' <Latency = 0> <II = 1> <Delay = 0.91> <Storage> <Opcode : 'read' 'write' 'nbread' 'nbwrite'> <Ports = 0> <Width = 512> <Depth = 2> <FIFO>
ST_1 : Operation 14 [1/1] (0.00ns)   --->   "%temp = alloca i64 1"   --->   Operation 14 'alloca' 'temp' <Predicate = true> <Delay = 0.00> <CoreInst = "FIFO_SRL">   --->   Core 84 'FIFO_SRL' <Latency = 0> <II = 1> <Delay = 0.91> <Storage> <Opcode : 'read' 'write' 'nbread' 'nbwrite'> <Ports = 0> <Width = 512> <Depth = 2> <FIFO>
ST_1 : Operation 15 [2/2] (1.40ns)   --->   "%call_ln337 = call void @loadDDR_data.22, i512 %gmem4, i64 %colScale_read, i512 %colScale_fifo, i32 %n_read, i32 %n_c1" [./basic_helper.hpp:337]   --->   Operation 15 'call' 'call_ln337' <Predicate = true> <Delay = 1.40> <CoreType = "Generic">   --->   Core 0 '' <Latency = 0> <II = 1> <Delay = 1.00> <Generic> <Opcode : >

State 2 <SV = 1> <Delay = 0.00>
ST_2 : Operation 16 [1/2] (0.00ns)   --->   "%call_ln337 = call void @loadDDR_data.22, i512 %gmem4, i64 %colScale_read, i512 %colScale_fifo, i32 %n_read, i32 %n_c1" [./basic_helper.hpp:337]   --->   Operation 16 'call' 'call_ln337' <Predicate = true> <Delay = 0.00> <CoreType = "Generic">   --->   Core 0 '' <Latency = 0> <II = 1> <Delay = 1.00> <Generic> <Opcode : >

State 3 <SV = 2> <Delay = 0.00>
ST_3 : Operation 17 [2/2] (0.00ns)   --->   "%call_ln339 = call void @edot, i512 %dualInfeasConstr_axpyfifo, i512 %colScale_fifo, i512 %temp, i32 %n_c1, i32 %n_c" [./basic_helper.hpp:339]   --->   Operation 17 'call' 'call_ln339' <Predicate = true> <Delay = 0.00> <CoreType = "Generic">   --->   Core 0 '' <Latency = 0> <II = 1> <Delay = 1.00> <Generic> <Opcode : >

State 4 <SV = 3> <Delay = 0.00>
ST_4 : Operation 18 [1/2] (0.00ns)   --->   "%call_ln339 = call void @edot, i512 %dualInfeasConstr_axpyfifo, i512 %colScale_fifo, i512 %temp, i32 %n_c1, i32 %n_c" [./basic_helper.hpp:339]   --->   Operation 18 'call' 'call_ln339' <Predicate = true> <Delay = 0.00> <CoreType = "Generic">   --->   Core 0 '' <Latency = 0> <II = 1> <Delay = 1.00> <Generic> <Opcode : >

State 5 <SV = 4> <Delay = 0.00>
ST_5 : Operation 19 [2/2] (0.00ns)   --->   "%call_ln341 = call void @twoNorm.23, i512 %temp, i32 %n_c, i64 %dPrimalInfeasRes" [./basic_helper.hpp:341]   --->   Operation 19 'call' 'call_ln341' <Predicate = true> <Delay = 0.00> <CoreType = "Generic">   --->   Core 0 '' <Latency = 0> <II = 1> <Delay = 1.00> <Generic> <Opcode : >

State 6 <SV = 5> <Delay = 0.00>
ST_6 : Operation 20 [1/1] (0.00ns)   --->   "%empty = specchannel i32 @_ssdm_op_SpecChannel, void @n_c1_str, i32 1, void @p_str, void @p_str, i32 2, i32 0, i32 %n_c1, i32 %n_c1" [./basic_helper.hpp:333]   --->   Operation 20 'specchannel' 'empty' <Predicate = true> <Delay = 0.00>
ST_6 : Operation 21 [1/1] (0.00ns)   --->   "%specinterface_ln333 = specinterface void @_ssdm_op_SpecInterface, i32 %n_c1, void @ap_fifo_str, i32 0, i32 0, void @p_str, i32 0, i32 0, void @p_str, void @p_str, void @p_str, i32 2, i32 2, i32 16, i32 16, void @p_str, void @p_str, i32 4294967295, i32 0, i32 0" [./basic_helper.hpp:333]   --->   Operation 21 'specinterface' 'specinterface_ln333' <Predicate = true> <Delay = 0.00>
ST_6 : Operation 22 [1/1] (0.00ns)   --->   "%empty_226 = specchannel i32 @_ssdm_op_SpecChannel, void @n_c_str, i32 1, void @p_str, void @p_str, i32 2, i32 0, i32 %n_c, i32 %n_c" [./basic_helper.hpp:333]   --->   Operation 22 'specchannel' 'empty_226' <Predicate = true> <Delay = 0.00>
ST_6 : Operation 23 [1/1] (0.00ns)   --->   "%specinterface_ln333 = specinterface void @_ssdm_op_SpecInterface, i32 %n_c, void @ap_fifo_str, i32 0, i32 0, void @p_str, i32 0, i32 0, void @p_str, void @p_str, void @p_str, i32 2, i32 2, i32 16, i32 16, void @p_str, void @p_str, i32 4294967295, i32 0, i32 0" [./basic_helper.hpp:333]   --->   Operation 23 'specinterface' 'specinterface_ln333' <Predicate = true> <Delay = 0.00>
ST_6 : Operation 24 [1/1] (0.00ns)   --->   "%specdataflowpipeline_ln333 = specdataflowpipeline void @_ssdm_op_SpecDataflowPipeline, i32 4294967295, i32 0, void @empty_3" [./basic_helper.hpp:333]   --->   Operation 24 'specdataflowpipeline' 'specdataflowpipeline_ln333' <Predicate = true> <Delay = 0.00>
ST_6 : Operation 25 [1/1] (0.00ns)   --->   "%specinterface_ln0 = specinterface void @_ssdm_op_SpecInterface, i64 %dPrimalInfeasRes, void @empty_14, i32 0, i32 0, void @empty_3, i32 0, i32 0, void @empty_3, void @empty_3, void @empty_3, i32 0, i32 0, i32 0, i32 0, void @empty_3, void @empty_3, i32 4294967295, i32 0, i32 0"   --->   Operation 25 'specinterface' 'specinterface_ln0' <Predicate = true> <Delay = 0.00>
ST_6 : Operation 26 [1/1] (0.00ns)   --->   "%specinterface_ln0 = specinterface void @_ssdm_op_SpecInterface, i512 %gmem4, void @empty_28, i32 0, i32 0, void @empty_3, i32 0, i32 0, void @empty_32, void @empty_48, void @empty_3, i32 64, i32 16, i32 64, i32 16, void @empty_3, void @empty_3, i32 4294967295, i32 0, i32 0"   --->   Operation 26 'specinterface' 'specinterface_ln0' <Predicate = true> <Delay = 0.00>
ST_6 : Operation 27 [1/1] (0.00ns)   --->   "%specinterface_ln0 = specinterface void @_ssdm_op_SpecInterface, i512 %dualInfeasConstr_axpyfifo, void @empty_14, i32 0, i32 0, void @empty_3, i32 0, i32 0, void @empty_3, void @empty_3, void @empty_3, i32 0, i32 0, i32 0, i32 0, void @empty_3, void @empty_3, i32 4294967295, i32 0, i32 0"   --->   Operation 27 'specinterface' 'specinterface_ln0' <Predicate = true> <Delay = 0.00>
ST_6 : Operation 28 [1/1] (0.00ns)   --->   "%empty_227 = specchannel i32 @_ssdm_op_SpecChannel, void @colScale_fifo_str, i32 1, void @p_str, void @p_str, i32 2, i32 2, i512 %colScale_fifo, i512 %colScale_fifo"   --->   Operation 28 'specchannel' 'empty_227' <Predicate = true> <Delay = 0.00>
ST_6 : Operation 29 [1/1] (0.00ns)   --->   "%specinterface_ln0 = specinterface void @_ssdm_op_SpecInterface, i512 %colScale_fifo, void @empty_14, i32 0, i32 0, void @empty_3, i32 0, i32 0, void @empty_3, void @empty_3, void @empty_3, i32 0, i32 0, i32 0, i32 0, void @empty_3, void @empty_3, i32 4294967295, i32 0, i32 0"   --->   Operation 29 'specinterface' 'specinterface_ln0' <Predicate = true> <Delay = 0.00>
ST_6 : Operation 30 [1/1] (0.00ns)   --->   "%empty_228 = specchannel i32 @_ssdm_op_SpecChannel, void @temp_str, i32 1, void @p_str, void @p_str, i32 2, i32 2, i512 %temp, i512 %temp"   --->   Operation 30 'specchannel' 'empty_228' <Predicate = true> <Delay = 0.00>
ST_6 : Operation 31 [1/1] (0.00ns)   --->   "%specinterface_ln0 = specinterface void @_ssdm_op_SpecInterface, i512 %temp, void @empty_14, i32 0, i32 0, void @empty_3, i32 0, i32 0, void @empty_3, void @empty_3, void @empty_3, i32 0, i32 0, i32 0, i32 0, void @empty_3, void @empty_3, i32 4294967295, i32 0, i32 0"   --->   Operation 31 'specinterface' 'specinterface_ln0' <Predicate = true> <Delay = 0.00>
ST_6 : Operation 32 [1/2] (0.00ns)   --->   "%call_ln341 = call void @twoNorm.23, i512 %temp, i32 %n_c, i64 %dPrimalInfeasRes" [./basic_helper.hpp:341]   --->   Operation 32 'call' 'call_ln341' <Predicate = true> <Delay = 0.00> <CoreType = "Generic">   --->   Core 0 '' <Latency = 0> <II = 1> <Delay = 1.00> <Generic> <Opcode : >
ST_6 : Operation 33 [1/1] (0.00ns)   --->   "%ret_ln342 = ret" [./basic_helper.hpp:342]   --->   Operation 33 'ret' 'ret_ln342' <Predicate = true> <Delay = 0.00>


============================================================
+ Verbose Summary: Timing violations
============================================================
Target clock period: 3.333ns, clock uncertainty: 0.900ns.

 <State 1>: 1.401ns
The critical path consists of the following:
	'muxlogic' operation 32 bit ('muxLogicCE_to_n_read') [6]  (0.000 ns)
	wire read operation ('n_read', ./basic_helper.hpp:333) on port 'n' (./basic_helper.hpp:333) [7]  (0.000 ns)
	'call' operation 0 bit ('call_ln337', ./basic_helper.hpp:337) to 'loadDDR_data.22' [26]  (1.401 ns)

 <State 2>: 0.000ns
The critical path consists of the following:

 <State 3>: 0.000ns
The critical path consists of the following:

 <State 4>: 0.000ns
The critical path consists of the following:

 <State 5>: 0.000ns
The critical path consists of the following:

 <State 6>: 0.000ns
The critical path consists of the following:


============================================================
+ Verbose Summary: Binding
============================================================
N/A
* FSMD analyzer results:
  - Output states:
 - Input state : 
  - Chain level:
	State 1
	State 2
	State 3
	State 4
	State 5
	State 6


============================================================
+ Verbose Summary: Datapath Resource usage 
============================================================
N/A
