

================================================================
== Vitis HLS Report for 'scaleVector_1'
================================================================
* Date:           Fri Jan  9 14:29:37 2026

* Version:        2024.1.2 (Build 5096458 on Sep  5 2024)
* Project:        build_Infeasi_Res_S2.xcv80-lsva4737-2MHP-e-S
* Solution:       sol1 (Vivado IP Flow Target)
* Product family: versalhbm
* Target device:  xcv80-lsva4737-2MHP-e-S


================================================================
== Performance Estimates
================================================================
+ Timing: 
    * Summary: 
    +--------+---------+----------+------------+
    |  Clock |  Target | Estimated| Uncertainty|
    +--------+---------+----------+------------+
    |ap_clk  |  3.33 ns|  2.154 ns|     0.90 ns|
    +--------+---------+----------+------------+

+ Latency: 
    * Summary: 
    +---------+---------+----------+----------+-----+-----+---------+
    |  Latency (cycles) |  Latency (absolute) |  Interval | Pipeline|
    |   min   |   max   |    min   |    max   | min | max |   Type  |
    +---------+---------+----------+----------+-----+-----+---------+
    |        ?|        ?|         ?|         ?|    ?|    ?|       no|
    +---------+---------+----------+----------+-----+-----+---------+

    + Detail: 
        * Instance: 
        +-----------------------------------------------+-------------------------------------+---------+---------+----------+----------+-----+-----+-----------------------------------------------+
        |                                               |                                     |  Latency (cycles) |  Latency (absolute) |  Interval |                    Pipeline                   |
        |                    Instance                   |                Module               |   min   |   max   |    min   |    max   | min | max |                      Type                     |
        +-----------------------------------------------+-------------------------------------+---------+---------+----------+----------+-----+-----+-----------------------------------------------+
        |grp_scaleVector_1_Pipeline_scale_vector_fu_48  |scaleVector_1_Pipeline_scale_vector  |        ?|        ?|         ?|         ?|    0|    0|  loop auto-rewind stp(delay=0 clock cycles(s))|
        +-----------------------------------------------+-------------------------------------+---------+---------+----------+----------+-----+-----+-----------------------------------------------+

        * Loop: 
        N/A



================================================================
== Utilization Estimates
================================================================
* Summary: 
+---------------------+---------+-------+---------+---------+------+
|         Name        | BRAM_18K|  DSP  |    FF   |   LUT   | URAM |
+---------------------+---------+-------+---------+---------+------+
|DSP                  |        -|      -|        -|        -|     -|
|Expression           |        -|      -|        0|        2|     -|
|FIFO                 |        -|      -|        -|        -|     -|
|Instance             |        -|     48|     2980|     2379|     -|
|Memory               |        -|      -|        -|        -|     -|
|Multiplexer          |        -|      -|        0|       48|     -|
|Register             |        -|      -|      101|        -|     -|
+---------------------+---------+-------+---------+---------+------+
|Total                |        0|     48|     3081|     2429|     0|
+---------------------+---------+-------+---------+---------+------+
|Available SLR        |     2494|   3616|  1716138|   858069|   641|
+---------------------+---------+-------+---------+---------+------+
|Utilization SLR (%)  |        0|      1|       ~0|       ~0|     0|
+---------------------+---------+-------+---------+---------+------+
|Available            |     7482|  10848|  5148416|  2574208|  1925|
+---------------------+---------+-------+---------+---------+------+
|Utilization (%)      |        0|     ~0|       ~0|       ~0|     0|
+---------------------+---------+-------+---------+---------+------+

+ Detail: 
    * Instance: 
    +-----------------------------------------------+-------------------------------------+---------+----+------+------+-----+
    |                    Instance                   |                Module               | BRAM_18K| DSP|  FF  |  LUT | URAM|
    +-----------------------------------------------+-------------------------------------+---------+----+------+------+-----+
    |grp_scaleVector_1_Pipeline_scale_vector_fu_48  |scaleVector_1_Pipeline_scale_vector  |        0|  48|  2980|  2379|    0|
    +-----------------------------------------------+-------------------------------------+---------+----+------+------+-----+
    |Total                                          |                                     |        0|  48|  2980|  2379|    0|
    +-----------------------------------------------+-------------------------------------+---------+----+------+------+-----+

    * DSP: 
    N/A

    * Memory: 
    N/A

    * FIFO: 
    N/A

    * Expression: 
    +-----------------+----------+----+---+----+------------+------------+
    |  Variable Name  | Operation| DSP| FF| LUT| Bitwidth P0| Bitwidth P1|
    +-----------------+----------+----+---+----+------------+------------+
    |ap_block_state1  |        or|   0|  0|   2|           1|           1|
    +-----------------+----------+----+---+----+------------+------------+
    |Total            |          |   0|  0|   2|           1|           1|
    +-----------------+----------+----+---+----+------------+------------+

    * Multiplexer: 
    +-----------------------------------+----+-----------+-----+-----------+
    |                Name               | LUT| Input Size| Bits| Total Bits|
    +-----------------------------------+----+-----------+-----+-----------+
    |ap_NS_fsm                          |   8|          4|    1|          4|
    |ap_done                            |   8|          2|    1|          2|
    |inverse_pScale_blk_n               |   8|          2|    1|          2|
    |nRows_assign_blk_n                 |   8|          2|    1|          2|
    |primalINfeasConstr_fifo_i_read     |   8|          2|    1|          2|
    |primalInfeasConstr_SVfifo_i_write  |   8|          2|    1|          2|
    +-----------------------------------+----+-----------+-----+-----------+
    |Total                              |  48|         14|    6|         14|
    +-----------------------------------+----+-----------+-----+-----------+

    * Register: 
    +------------------------------------------------------------+----+----+-----+-----------+
    |                            Name                            | FF | LUT| Bits| Const Bits|
    +------------------------------------------------------------+----+----+-----+-----------+
    |ap_CS_fsm                                                   |   3|   0|    3|          0|
    |ap_done_reg                                                 |   1|   0|    1|          0|
    |grp_scaleVector_1_Pipeline_scale_vector_fu_48_ap_start_reg  |   1|   0|    1|          0|
    |n_reg_67                                                    |  32|   0|   32|          0|
    |weight_reg_62                                               |  64|   0|   64|          0|
    +------------------------------------------------------------+----+----+-----+-----------+
    |Total                                                       | 101|   0|  101|          0|
    +------------------------------------------------------------+----+----+-----+-----------+



================================================================
== Interface
================================================================
* Summary: 
+--------------------------------------------+-----+-----+------------+-----------------------------+--------------+
|                  RTL Ports                 | Dir | Bits|  Protocol  |        Source Object        |    C Type    |
+--------------------------------------------+-----+-----+------------+-----------------------------+--------------+
|ap_clk                                      |   in|    1|  ap_ctrl_hs|                scaleVector.1|  return value|
|ap_rst                                      |   in|    1|  ap_ctrl_hs|                scaleVector.1|  return value|
|ap_start                                    |   in|    1|  ap_ctrl_hs|                scaleVector.1|  return value|
|ap_done                                     |  out|    1|  ap_ctrl_hs|                scaleVector.1|  return value|
|ap_continue                                 |   in|    1|  ap_ctrl_hs|                scaleVector.1|  return value|
|ap_idle                                     |  out|    1|  ap_ctrl_hs|                scaleVector.1|  return value|
|ap_ready                                    |  out|    1|  ap_ctrl_hs|                scaleVector.1|  return value|
|inverse_pScale_dout                         |   in|   64|     ap_fifo|               inverse_pScale|       pointer|
|inverse_pScale_num_data_valid               |   in|    3|     ap_fifo|               inverse_pScale|       pointer|
|inverse_pScale_fifo_cap                     |   in|    3|     ap_fifo|               inverse_pScale|       pointer|
|inverse_pScale_empty_n                      |   in|    1|     ap_fifo|               inverse_pScale|       pointer|
|inverse_pScale_read                         |  out|    1|     ap_fifo|               inverse_pScale|       pointer|
|primalINfeasConstr_fifo_i_dout              |   in|  512|     ap_fifo|    primalINfeasConstr_fifo_i|       pointer|
|primalINfeasConstr_fifo_i_num_data_valid    |   in|    3|     ap_fifo|    primalINfeasConstr_fifo_i|       pointer|
|primalINfeasConstr_fifo_i_fifo_cap          |   in|    3|     ap_fifo|    primalINfeasConstr_fifo_i|       pointer|
|primalINfeasConstr_fifo_i_empty_n           |   in|    1|     ap_fifo|    primalINfeasConstr_fifo_i|       pointer|
|primalINfeasConstr_fifo_i_read              |  out|    1|     ap_fifo|    primalINfeasConstr_fifo_i|       pointer|
|primalInfeasConstr_SVfifo_i_din             |  out|  512|     ap_fifo|  primalInfeasConstr_SVfifo_i|       pointer|
|primalInfeasConstr_SVfifo_i_num_data_valid  |   in|    3|     ap_fifo|  primalInfeasConstr_SVfifo_i|       pointer|
|primalInfeasConstr_SVfifo_i_fifo_cap        |   in|    3|     ap_fifo|  primalInfeasConstr_SVfifo_i|       pointer|
|primalInfeasConstr_SVfifo_i_full_n          |   in|    1|     ap_fifo|  primalInfeasConstr_SVfifo_i|       pointer|
|primalInfeasConstr_SVfifo_i_write           |  out|    1|     ap_fifo|  primalInfeasConstr_SVfifo_i|       pointer|
|nRows_assign_dout                           |   in|   32|     ap_fifo|                 nRows_assign|       pointer|
|nRows_assign_num_data_valid                 |   in|    3|     ap_fifo|                 nRows_assign|       pointer|
|nRows_assign_fifo_cap                       |   in|    3|     ap_fifo|                 nRows_assign|       pointer|
|nRows_assign_empty_n                        |   in|    1|     ap_fifo|                 nRows_assign|       pointer|
|nRows_assign_read                           |  out|    1|     ap_fifo|                 nRows_assign|       pointer|
+--------------------------------------------+-----+-----+------------+-----------------------------+--------------+

============================================================
+ Verbose Summary: Synthesis Manager
============================================================
InlineROM: 1
ExposeGlobal: 0
============================================================
+ Verbose Summary: CDFG Model
============================================================
IsTopModel: 0
ResetActiveHigh: 1
IsCombinational: 2
IsDatapathOnly: 0
HasWiredReturn: 1
HasMFsm: 0
HasVarLatency: 1
IsPipeline: 0
IsRtlPipelined: 0
IsInstanceOverlapped: 0
IsDontTouch: 0
HasImplIP: 0
IsGatedGlobalClock: 0


============================================================
+ Verbose Summary: Schedule
============================================================
* Number of FSM states : 3
* Pipeline : 0
* Dataflow Pipeline: 0

* FSM state transitions: 
1 --> 2 
2 --> 3 
3 --> 

* FSM state operations: 

State 1 <SV = 0> <Delay = 0.79>
ST_1 : Operation 4 [1/1] (0.00ns)   --->   "%muxLogicCE_to_weight = muxlogic"   --->   Operation 4 'muxlogic' 'muxLogicCE_to_weight' <Predicate = true> <Delay = 0.00>
ST_1 : Operation 5 [1/1] (0.79ns)   --->   "%weight = read i64 @_ssdm_op_Read.ap_fifo.doubleP0A, i64 %inverse_pScale"   --->   Operation 5 'read' 'weight' <Predicate = true> <Delay = 0.79> <CoreInst = "FIFO_SRL">   --->   Core 84 'FIFO_SRL' <Latency = 0> <II = 1> <Delay = 0.76> <Storage> <Opcode : 'read' 'write' 'nbread' 'nbwrite'> <Ports = 0> <Width = 64> <Depth = 3> <FIFO>
ST_1 : Operation 6 [1/1] (0.00ns)   --->   "%muxLogicCE_to_n = muxlogic"   --->   Operation 6 'muxlogic' 'muxLogicCE_to_n' <Predicate = true> <Delay = 0.00>
ST_1 : Operation 7 [1/1] (0.57ns)   --->   "%n = read i32 @_ssdm_op_Read.ap_fifo.i32P0A, i32 %nRows_assign" [./basic_helper.hpp:154->./Compute_Dual_Infeasibility.hpp:170->Infeasi_Res_S2.cpp:111]   --->   Operation 7 'read' 'n' <Predicate = true> <Delay = 0.57> <CoreInst = "FIFO_SRL">   --->   Core 84 'FIFO_SRL' <Latency = 0> <II = 1> <Delay = 0.71> <Storage> <Opcode : 'read' 'write' 'nbread' 'nbwrite'> <Ports = 0> <Width = 32> <Depth = 2> <FIFO>

State 2 <SV = 1> <Delay = 1.06>
ST_2 : Operation 8 [1/1] (0.00ns)   --->   "%empty = wait i32 @_ssdm_op_Wait"   --->   Operation 8 'wait' 'empty' <Predicate = true> <Delay = 0.00>
ST_2 : Operation 9 [2/2] (1.06ns)   --->   "%call_ln154 = call void @scaleVector.1_Pipeline_scale_vector, i32 %n, i512 %primalINfeasConstr_fifo_i, i64 %weight, i512 %primalInfeasConstr_SVfifo_i" [./basic_helper.hpp:154->./Compute_Dual_Infeasibility.hpp:170->Infeasi_Res_S2.cpp:111]   --->   Operation 9 'call' 'call_ln154' <Predicate = true> <Delay = 1.06> <CoreType = "Generic">   --->   Core 0 '' <Latency = 0> <II = 1> <Delay = 1.00> <Generic> <Opcode : >

State 3 <SV = 2> <Delay = 0.00>
ST_3 : Operation 10 [1/1] (0.00ns)   --->   "%specinterface_ln0 = specinterface void @_ssdm_op_SpecInterface, i64 %inverse_pScale, void @ap_fifo_str, i32 0, i32 0, void @p_str, i32 0, i32 0, void @p_str, void @p_str, void @p_str, i32 2, i32 2, i32 16, i32 16, void @p_str, void @ScalarProp_str, i32 4294967295, i32 0, i32 0"   --->   Operation 10 'specinterface' 'specinterface_ln0' <Predicate = true> <Delay = 0.00>
ST_3 : Operation 11 [1/1] (0.00ns)   --->   "%specinterface_ln0 = specinterface void @_ssdm_op_SpecInterface, i32 %nRows_assign, void @ap_fifo_str, i32 0, i32 0, void @p_str, i32 0, i32 0, void @p_str, void @p_str, void @p_str, i32 2, i32 2, i32 16, i32 16, void @p_str, void @ScalarProp_str, i32 4294967295, i32 0, i32 0"   --->   Operation 11 'specinterface' 'specinterface_ln0' <Predicate = true> <Delay = 0.00>
ST_3 : Operation 12 [1/1] (0.00ns)   --->   "%specinterface_ln0 = specinterface void @_ssdm_op_SpecInterface, i512 %primalInfeasConstr_SVfifo_i, void @empty_14, i32 0, i32 0, void @empty_3, i32 0, i32 0, void @empty_3, void @empty_3, void @empty_3, i32 0, i32 0, i32 0, i32 0, void @empty_3, void @empty_3, i32 4294967295, i32 0, i32 0"   --->   Operation 12 'specinterface' 'specinterface_ln0' <Predicate = true> <Delay = 0.00>
ST_3 : Operation 13 [1/1] (0.00ns)   --->   "%specinterface_ln0 = specinterface void @_ssdm_op_SpecInterface, i512 %primalINfeasConstr_fifo_i, void @empty_14, i32 0, i32 0, void @empty_3, i32 0, i32 0, void @empty_3, void @empty_3, void @empty_3, i32 0, i32 0, i32 0, i32 0, void @empty_3, void @empty_3, i32 4294967295, i32 0, i32 0"   --->   Operation 13 'specinterface' 'specinterface_ln0' <Predicate = true> <Delay = 0.00>
ST_3 : Operation 14 [1/2] (0.00ns)   --->   "%call_ln154 = call void @scaleVector.1_Pipeline_scale_vector, i32 %n, i512 %primalINfeasConstr_fifo_i, i64 %weight, i512 %primalInfeasConstr_SVfifo_i" [./basic_helper.hpp:154->./Compute_Dual_Infeasibility.hpp:170->Infeasi_Res_S2.cpp:111]   --->   Operation 14 'call' 'call_ln154' <Predicate = true> <Delay = 0.00> <CoreType = "Generic">   --->   Core 0 '' <Latency = 0> <II = 1> <Delay = 1.00> <Generic> <Opcode : >
ST_3 : Operation 15 [1/1] (0.00ns)   --->   "%ret_ln170 = ret" [./Compute_Dual_Infeasibility.hpp:170->Infeasi_Res_S2.cpp:111]   --->   Operation 15 'ret' 'ret_ln170' <Predicate = true> <Delay = 0.00>


============================================================
+ Verbose Summary: Binding
============================================================
STG Binding: 
---------------- STG Properties BEGIN ----------------
- Is combinational: 0
- Is one-state seq: 0
- Is datapath-only: 0
- Is pipelined: 0
- Is top level: 0
Port [ Return ] is wired: 1; IO mode=ap_ctrl_hs:ce=0
Port [ inverse_pScale]:  wired=1; compound=1; hidden=0; nouse=0; global=0; static=0; extern=0; dir=0; type=3; pingpong=0; private_global=0; IO mode=ap_fifo:ce=0
Port [ primalINfeasConstr_fifo_i]:  wired=1; compound=1; hidden=0; nouse=0; global=0; static=0; extern=0; dir=0; type=3; pingpong=0; private_global=0; IO mode=ap_fifo:ce=0
Port [ primalInfeasConstr_SVfifo_i]:  wired=1; compound=1; hidden=0; nouse=0; global=0; static=0; extern=0; dir=1; type=3; pingpong=0; private_global=0; IO mode=ap_fifo:ce=0
Port [ nRows_assign]:  wired=1; compound=1; hidden=0; nouse=0; global=0; static=0; extern=0; dir=0; type=3; pingpong=0; private_global=0; IO mode=ap_fifo:ce=0
---------------- STG Properties END ------------------

---------------- Datapath Model BEGIN ----------------

<LifeTime>
<method=bitvector/>
muxLogicCE_to_weight (muxlogic     ) [ 0000]
weight               (read         ) [ 0011]
muxLogicCE_to_n      (muxlogic     ) [ 0000]
n                    (read         ) [ 0011]
empty                (wait         ) [ 0000]
specinterface_ln0    (specinterface) [ 0000]
specinterface_ln0    (specinterface) [ 0000]
specinterface_ln0    (specinterface) [ 0000]
specinterface_ln0    (specinterface) [ 0000]
call_ln154           (call         ) [ 0000]
ret_ln170            (ret          ) [ 0000]
</LifeTime>

<model>

<comp_list>
<comp id="0" class="1000" name="inverse_pScale">
<pin_list>
<pin id="1" dir="1" index="0" bw="1" slack="0"/>
</pin_list>
<bind>
<StgValue><ssdm name="inverse_pScale"/></StgValue>
</bind>
</comp>

<comp id="2" class="1000" name="primalINfeasConstr_fifo_i">
<pin_list>
<pin id="3" dir="1" index="0" bw="1" slack="0"/>
</pin_list>
<bind>
<StgValue><ssdm name="primalINfeasConstr_fifo_i"/></StgValue>
</bind>
</comp>

<comp id="4" class="1000" name="primalInfeasConstr_SVfifo_i">
<pin_list>
<pin id="5" dir="1" index="0" bw="1" slack="0"/>
</pin_list>
<bind>
<StgValue><ssdm name="primalInfeasConstr_SVfifo_i"/></StgValue>
</bind>
</comp>

<comp id="6" class="1000" name="nRows_assign">
<pin_list>
<pin id="7" dir="1" index="0" bw="1" slack="0"/>
</pin_list>
<bind>
<StgValue><ssdm name="nRows_assign"/></StgValue>
</bind>
</comp>

<comp id="8" class="1001" name="const_8">
<pin_list>
<pin id="9" dir="1" index="0" bw="1" slack="0"/>
</pin_list>
<bind>
<StgValue><ssdm name="_ssdm_op_Read.ap_fifo.doubleP0A"/></StgValue>
</bind>
</comp>

<comp id="10" class="1001" name="const_10">
<pin_list>
<pin id="11" dir="1" index="0" bw="1" slack="0"/>
</pin_list>
<bind>
<StgValue><ssdm name="_ssdm_op_Read.ap_fifo.i32P0A"/></StgValue>
</bind>
</comp>

<comp id="12" class="1001" name="const_12">
<pin_list>
<pin id="13" dir="1" index="0" bw="1" slack="2147483647"/>
</pin_list>
<bind>
<StgValue><ssdm name="_ssdm_op_Wait"/></StgValue>
</bind>
</comp>

<comp id="14" class="1001" name="const_14">
<pin_list>
<pin id="15" dir="1" index="0" bw="1" slack="0"/>
</pin_list>
<bind>
<StgValue><ssdm name="scaleVector.1_Pipeline_scale_vector"/></StgValue>
</bind>
</comp>

<comp id="16" class="1001" name="const_16">
<pin_list>
<pin id="17" dir="1" index="0" bw="1" slack="2147483647"/>
</pin_list>
<bind>
<StgValue><ssdm name="_ssdm_op_SpecInterface"/></StgValue>
</bind>
</comp>

<comp id="18" class="1001" name="const_18">
<pin_list>
<pin id="19" dir="1" index="0" bw="1" slack="2147483647"/>
</pin_list>
<bind>
<StgValue><ssdm name="ap_fifo_str"/></StgValue>
</bind>
</comp>

<comp id="20" class="1001" name="const_20">
<pin_list>
<pin id="21" dir="1" index="0" bw="1" slack="2147483647"/>
</pin_list>
<bind>
<StgValue><ssdm name=""/></StgValue>
</bind>
</comp>

<comp id="22" class="1001" name="const_22">
<pin_list>
<pin id="23" dir="1" index="0" bw="1" slack="2147483647"/>
</pin_list>
<bind>
<StgValue><ssdm name="p_str"/></StgValue>
</bind>
</comp>

<comp id="24" class="1001" name="const_24">
<pin_list>
<pin id="25" dir="1" index="0" bw="1" slack="2147483647"/>
</pin_list>
<bind>
<StgValue><ssdm name=""/></StgValue>
</bind>
</comp>

<comp id="26" class="1001" name="const_26">
<pin_list>
<pin id="27" dir="1" index="0" bw="1" slack="2147483647"/>
</pin_list>
<bind>
<StgValue><ssdm name=""/></StgValue>
</bind>
</comp>

<comp id="28" class="1001" name="const_28">
<pin_list>
<pin id="29" dir="1" index="0" bw="1" slack="2147483647"/>
</pin_list>
<bind>
<StgValue><ssdm name="ScalarProp_str"/></StgValue>
</bind>
</comp>

<comp id="30" class="1001" name="const_30">
<pin_list>
<pin id="31" dir="1" index="0" bw="1" slack="2147483647"/>
</pin_list>
<bind>
<StgValue><ssdm name=""/></StgValue>
</bind>
</comp>

<comp id="32" class="1001" name="const_32">
<pin_list>
<pin id="33" dir="1" index="0" bw="1" slack="2147483647"/>
</pin_list>
<bind>
<StgValue><ssdm name="empty_14"/></StgValue>
</bind>
</comp>

<comp id="34" class="1001" name="const_34">
<pin_list>
<pin id="35" dir="1" index="0" bw="1" slack="2147483647"/>
</pin_list>
<bind>
<StgValue><ssdm name="empty_3"/></StgValue>
</bind>
</comp>

<comp id="36" class="1004" name="weight_read_fu_36">
<pin_list>
<pin id="37" dir="0" index="0" bw="64" slack="0"/>
<pin id="38" dir="0" index="1" bw="64" slack="0"/>
<pin id="39" dir="1" index="2" bw="64" slack="1"/>
</pin_list>
<bind>
<opcode="read(1150) " fcode="read"/>
<opset="weight/1 "/>
</bind>
</comp>

<comp id="42" class="1004" name="n_read_fu_42">
<pin_list>
<pin id="43" dir="0" index="0" bw="32" slack="0"/>
<pin id="44" dir="0" index="1" bw="32" slack="0"/>
<pin id="45" dir="1" index="2" bw="32" slack="1"/>
</pin_list>
<bind>
<opcode="read(1150) " fcode="read"/>
<opset="n/1 "/>
</bind>
</comp>

<comp id="48" class="1004" name="grp_scaleVector_1_Pipeline_scale_vector_fu_48">
<pin_list>
<pin id="49" dir="0" index="0" bw="0" slack="0"/>
<pin id="50" dir="0" index="1" bw="32" slack="1"/>
<pin id="51" dir="0" index="2" bw="512" slack="0"/>
<pin id="52" dir="0" index="3" bw="64" slack="1"/>
<pin id="53" dir="0" index="4" bw="512" slack="0"/>
<pin id="54" dir="1" index="5" bw="0" slack="2147483647"/>
</pin_list>
<bind>
<opcode="call(48) " fcode="call"/>
<opset="call_ln154/2 "/>
</bind>
</comp>

<comp id="58" class="1004" name="muxLogicCE_to_weight_fu_58">
<pin_list>
<pin id="59" dir="1" index="0" bw="64" slack="2147483647"/>
</pin_list>
<bind>
<opcode="muxlogic(592) " fcode="muxlogic"/>
<opset="muxLogicCE_to_weight/1 "/>
</bind>
</comp>

<comp id="60" class="1004" name="muxLogicCE_to_n_fu_60">
<pin_list>
<pin id="61" dir="1" index="0" bw="32" slack="2147483647"/>
</pin_list>
<bind>
<opcode="muxlogic(592) " fcode="muxlogic"/>
<opset="muxLogicCE_to_n/1 "/>
</bind>
</comp>

<comp id="62" class="1005" name="weight_reg_62">
<pin_list>
<pin id="63" dir="0" index="0" bw="64" slack="1"/>
<pin id="64" dir="1" index="1" bw="64" slack="1"/>
</pin_list>
<bind>
<opset="weight "/>
</bind>
</comp>

<comp id="67" class="1005" name="n_reg_67">
<pin_list>
<pin id="68" dir="0" index="0" bw="32" slack="1"/>
<pin id="69" dir="1" index="1" bw="32" slack="1"/>
</pin_list>
<bind>
<opset="n "/>
</bind>
</comp>

</comp_list>

<net_list>
<net id="40"><net_src comp="8" pin="0"/><net_sink comp="36" pin=0"/></net>

<net id="41"><net_src comp="0" pin="0"/><net_sink comp="36" pin=1"/></net>

<net id="46"><net_src comp="10" pin="0"/><net_sink comp="42" pin=0"/></net>

<net id="47"><net_src comp="6" pin="0"/><net_sink comp="42" pin=1"/></net>

<net id="55"><net_src comp="14" pin="0"/><net_sink comp="48" pin=0"/></net>

<net id="56"><net_src comp="2" pin="0"/><net_sink comp="48" pin=2"/></net>

<net id="57"><net_src comp="4" pin="0"/><net_sink comp="48" pin=4"/></net>

<net id="65"><net_src comp="36" pin="2"/><net_sink comp="62" pin=0"/></net>

<net id="66"><net_src comp="62" pin="1"/><net_sink comp="48" pin=3"/></net>

<net id="70"><net_src comp="42" pin="2"/><net_sink comp="67" pin=0"/></net>

<net id="71"><net_src comp="67" pin="1"/><net_sink comp="48" pin=1"/></net>

</net_list>

</model> 
---------------- Datapath Model END ------------------

* FSMD analyzer results:
  - Output states:
	Port: primalInfeasConstr_SVfifo_i | {2 3 }
 - Input state : 
	Port: scaleVector.1 : inverse_pScale | {1 }
	Port: scaleVector.1 : primalINfeasConstr_fifo_i | {2 3 }
	Port: scaleVector.1 : nRows_assign | {1 }
  - Chain level:
	State 1
	State 2
	State 3


============================================================
+ Verbose Summary: Datapath Resource usage 
============================================================

* Functional unit list:
|----------|-----------------------------------------------|---------|---------|---------|---------|
| Operation|                Functional Unit                |   DSP   |  Delay  |    FF   |   LUT   |
|----------|-----------------------------------------------|---------|---------|---------|---------|
|   call   | grp_scaleVector_1_Pipeline_scale_vector_fu_48 |    48   |  3.656  |   2000  |   2279  |
|----------|-----------------------------------------------|---------|---------|---------|---------|
|   read   |               weight_read_fu_36               |    0    |    0    |    0    |    0    |
|          |                  n_read_fu_42                 |    0    |    0    |    0    |    0    |
|----------|-----------------------------------------------|---------|---------|---------|---------|
| muxlogic |           muxLogicCE_to_weight_fu_58          |    0    |    0    |    0    |    0    |
|          |             muxLogicCE_to_n_fu_60             |    0    |    0    |    0    |    0    |
|----------|-----------------------------------------------|---------|---------|---------|---------|
|   Total  |                                               |    48   |  3.656  |   2000  |   2279  |
|----------|-----------------------------------------------|---------|---------|---------|---------|

Memories:
N/A

* Register list:
+-------------+--------+
|             |   FF   |
+-------------+--------+
|   n_reg_67  |   32   |
|weight_reg_62|   64   |
+-------------+--------+
|    Total    |   96   |
+-------------+--------+

* Multiplexer (MUX) list: 
|--------|------|------|------|--------|
|  Comp  |  Pin | Size |  BW  | S x BW |
|--------|------|------|------|--------|
|  Total |      |      |      |    0   |
|--------|------|------|------|--------|



* Summary:
+-----------+--------+--------+--------+--------+
|           |   DSP  |  Delay |   FF   |   LUT  |
+-----------+--------+--------+--------+--------+
|  Function |   48   |    3   |  2000  |  2279  |
|   Memory  |    -   |    -   |    -   |    -   |
|Multiplexer|    -   |    -   |    -   |    -   |
|  Register |    -   |    -   |   96   |    -   |
+-----------+--------+--------+--------+--------+
|   Total   |   48   |    3   |  2096  |  2279  |
+-----------+--------+--------+--------+--------+
