

================================================================
== Vitis HLS Report for 'scaleVector_1_Pipeline_scale_vector'
================================================================
* Date:           Fri Jan  9 14:23:46 2026

* Version:        2024.1.2 (Build 5096458 on Sep  5 2024)
* Project:        build_Infeasi_Res_S2.xcv80-lsva4737-2MHP-e-S
* Solution:       sol1 (Vivado IP Flow Target)
* Product family: versalhbm
* Target device:  xcv80-lsva4737-2MHP-e-S


================================================================
== Performance Estimates
================================================================
+ Timing: 
    * Summary: 
    +--------+---------+----------+------------+
    |  Clock |  Target | Estimated| Uncertainty|
    +--------+---------+----------+------------+
    |ap_clk  |  3.33 ns|  2.154 ns|     0.90 ns|
    +--------+---------+----------+------------+

+ Latency: 
    * Summary: 
    +---------+---------+----------+----------+-----+-----+-----------------------------------------------+
    |  Latency (cycles) |  Latency (absolute) |  Interval |                    Pipeline                   |
    |   min   |   max   |    min   |    max   | min | max |                      Type                     |
    +---------+---------+----------+----------+-----+-----+-----------------------------------------------+
    |        ?|        ?|         ?|         ?|    0|    0|  loop auto-rewind stp(delay=0 clock cycles(s))|
    +---------+---------+----------+----------+-----+-----+-----------------------------------------------+

    + Detail: 
        * Instance: 
        N/A

        * Loop: 
        +----------------+---------+---------+----------+-----------+-----------+------+----------+
        |                |  Latency (cycles) | Iteration|  Initiation Interval  | Trip |          |
        |    Loop Name   |   min   |   max   |  Latency |  achieved |   target  | Count| Pipelined|
        +----------------+---------+---------+----------+-----------+-----------+------+----------+
        |- scale_vector  |        ?|        ?|         7|          1|          1|     ?|       yes|
        +----------------+---------+---------+----------+-----------+-----------+------+----------+

============================================================
+ Verbose Summary: Synthesis Manager
============================================================
InlineROM: 1
ExposeGlobal: 0
============================================================
+ Verbose Summary: CDFG Model
============================================================
IsTopModel: 0
ResetActiveHigh: 1
IsCombinational: 0
IsDatapathOnly: 0
HasWiredReturn: 1
HasMFsm: 2
HasVarLatency: 1
IsPipeline: 0
IsRtlPipelined: 0
IsInstanceOverlapped: 0
IsDontTouch: 0
HasImplIP: 0
IsGatedGlobalClock: 0

+ Individual pipeline summary: 
  * Pipeline-0: initiation interval (II) = 1, depth = 7


============================================================
+ Verbose Summary: Schedule
============================================================
* Number of FSM states : 7
* Pipeline : 1
  Pipeline-0 : II = 1, D = 7, States = { 1 2 3 4 5 6 7 }
* Dataflow Pipeline: 0

* FSM state transitions: 
1 --> 2 
2 --> 3 
3 --> 4 
4 --> 5 
5 --> 6 
6 --> 7 
7 --> 

* FSM state operations: 

State 1 <SV = 0> <Delay = 1.66>
ST_1 : Operation 10 [1/1] (0.00ns)   --->   "%i = alloca i32 1"   --->   Operation 10 'alloca' 'i' <Predicate = true> <Delay = 0.00>
ST_1 : Operation 11 [1/1] (0.00ns)   --->   "%specinterface_ln0 = specinterface void @_ssdm_op_SpecInterface, i512 %primalINfeasConstr_fifo_i, void @empty_14, i32 0, i32 0, void @empty_3, i32 0, i32 0, void @empty_3, void @empty_3, void @empty_3, i32 0, i32 0, i32 0, i32 0, void @empty_3, void @empty_3, i32 4294967295, i32 0, i32 0"   --->   Operation 11 'specinterface' 'specinterface_ln0' <Predicate = true> <Delay = 0.00>
ST_1 : Operation 12 [1/1] (0.00ns)   --->   "%specinterface_ln0 = specinterface void @_ssdm_op_SpecInterface, i512 %primalInfeasConstr_SVfifo_i, void @empty_14, i32 0, i32 0, void @empty_3, i32 0, i32 0, void @empty_3, void @empty_3, void @empty_3, i32 0, i32 0, i32 0, i32 0, void @empty_3, void @empty_3, i32 4294967295, i32 0, i32 0"   --->   Operation 12 'specinterface' 'specinterface_ln0' <Predicate = true> <Delay = 0.00>
ST_1 : Operation 13 [1/1] (0.00ns)   --->   "%muxLogicCE_to_weight_read = muxlogic"   --->   Operation 13 'muxlogic' 'muxLogicCE_to_weight_read' <Predicate = true> <Delay = 0.00>
ST_1 : Operation 14 [1/1] (0.00ns)   --->   "%weight_read = read i64 @_ssdm_op_Read.ap_auto.double, i64 %weight" [./basic_helper.hpp:154->./Compute_Dual_Infeasibility.hpp:170->Infeasi_Res_S2.cpp:111]   --->   Operation 14 'read' 'weight_read' <Predicate = true> <Delay = 0.00>
ST_1 : Operation 15 [1/1] (0.00ns)   --->   "%muxLogicCE_to_n_read = muxlogic"   --->   Operation 15 'muxlogic' 'muxLogicCE_to_n_read' <Predicate = true> <Delay = 0.00>
ST_1 : Operation 16 [1/1] (0.00ns)   --->   "%n_read = read i32 @_ssdm_op_Read.ap_auto.i32, i32 %n" [./basic_helper.hpp:154->./Compute_Dual_Infeasibility.hpp:170->Infeasi_Res_S2.cpp:111]   --->   Operation 16 'read' 'n_read' <Predicate = true> <Delay = 0.00>
ST_1 : Operation 17 [1/1] (0.00ns)   --->   "%muxLogicData_to_store_ln0 = muxlogic i31 0"   --->   Operation 17 'muxlogic' 'muxLogicData_to_store_ln0' <Predicate = true> <Delay = 0.00>
ST_1 : Operation 18 [1/1] (0.00ns)   --->   "%muxLogicAddr_to_store_ln0 = muxlogic i31 %i"   --->   Operation 18 'muxlogic' 'muxLogicAddr_to_store_ln0' <Predicate = true> <Delay = 0.00>
ST_1 : Operation 19 [1/1] (0.40ns)   --->   "%store_ln0 = store i31 0, i31 %i"   --->   Operation 19 'store' 'store_ln0' <Predicate = true> <Delay = 0.40>
ST_1 : Operation 20 [1/1] (0.00ns)   --->   "%br_ln160 = br void %VITIS_LOOP_164_1.i" [./basic_helper.hpp:160->./Compute_Dual_Infeasibility.hpp:170->Infeasi_Res_S2.cpp:111]   --->   Operation 20 'br' 'br_ln160' <Predicate = true> <Delay = 0.00>
ST_1 : Operation 21 [1/1] (0.00ns)   --->   "%MuxLogicAddr_to_i_load = muxlogic i31 %i"   --->   Operation 21 'muxlogic' 'MuxLogicAddr_to_i_load' <Predicate = true> <Delay = 0.00>
ST_1 : Operation 22 [1/1] (0.00ns)   --->   "%i_load = load i31 %i" [./basic_helper.hpp:160->./Compute_Dual_Infeasibility.hpp:170->Infeasi_Res_S2.cpp:111]   --->   Operation 22 'load' 'i_load' <Predicate = true> <Delay = 0.00>
ST_1 : Operation 23 [1/1] (0.00ns)   --->   "%zext_ln154 = zext i31 %i_load" [./basic_helper.hpp:154->./Compute_Dual_Infeasibility.hpp:170->Infeasi_Res_S2.cpp:111]   --->   Operation 23 'zext' 'zext_ln154' <Predicate = true> <Delay = 0.00>
ST_1 : Operation 24 [1/1] (0.66ns)   --->   "%icmp_ln160 = icmp_slt  i32 %zext_ln154, i32 %n_read" [./basic_helper.hpp:160->./Compute_Dual_Infeasibility.hpp:170->Infeasi_Res_S2.cpp:111]   --->   Operation 24 'icmp' 'icmp_ln160' <Predicate = true> <Delay = 0.66> <CoreInst = "Cmp">   --->   Core 9 'Cmp' <Latency = 0> <II = 1> <Delay = 0.66> <FuncUnit> <Opcode : 'setle' 'setge' 'setlt' 'setgt'> <InPorts = 2> <OutPorts = 1>
ST_1 : Operation 25 [1/1] (0.00ns)   --->   "%br_ln160 = br i1 %icmp_ln160, void %scaleVector.1.exit.exitStub, void %VITIS_LOOP_164_1.split.i" [./basic_helper.hpp:160->./Compute_Dual_Infeasibility.hpp:170->Infeasi_Res_S2.cpp:111]   --->   Operation 25 'br' 'br_ln160' <Predicate = true> <Delay = 0.00>
ST_1 : Operation 26 [1/1] (0.86ns)   --->   "%add_ln160 = add i31 %i_load, i31 1" [./basic_helper.hpp:160->./Compute_Dual_Infeasibility.hpp:170->Infeasi_Res_S2.cpp:111]   --->   Operation 26 'add' 'add_ln160' <Predicate = (icmp_ln160)> <Delay = 0.86> <CoreInst = "Adder">   --->   Core 1 'Adder' <Latency = 0> <II = 1> <Delay = 0.86> <FuncUnit> <Opcode : 'add' 'sub'> <InPorts = 2> <OutPorts = 1>
ST_1 : Operation 27 [1/1] (0.00ns)   --->   "%muxLogicData_to_store_ln160 = muxlogic i31 %add_ln160"   --->   Operation 27 'muxlogic' 'muxLogicData_to_store_ln160' <Predicate = (icmp_ln160)> <Delay = 0.00>
ST_1 : Operation 28 [1/1] (0.00ns)   --->   "%muxLogicAddr_to_store_ln160 = muxlogic i31 %i"   --->   Operation 28 'muxlogic' 'muxLogicAddr_to_store_ln160' <Predicate = (icmp_ln160)> <Delay = 0.00>
ST_1 : Operation 29 [1/1] (0.40ns)   --->   "%store_ln160 = store i31 %add_ln160, i31 %i" [./basic_helper.hpp:160->./Compute_Dual_Infeasibility.hpp:170->Infeasi_Res_S2.cpp:111]   --->   Operation 29 'store' 'store_ln160' <Predicate = (icmp_ln160)> <Delay = 0.40>

State 2 <SV = 1> <Delay = 1.51>
ST_2 : Operation 30 [1/1] (0.00ns)   --->   "%muxLogicCE_to_primalINfeasConstr_fifo_i_read = muxlogic"   --->   Operation 30 'muxlogic' 'muxLogicCE_to_primalINfeasConstr_fifo_i_read' <Predicate = true> <Delay = 0.00>
ST_2 : Operation 31 [1/1] (0.75ns)   --->   "%primalINfeasConstr_fifo_i_read = read i512 @_ssdm_op_Read.ap_fifo.volatile.i512P0A, i512 %primalINfeasConstr_fifo_i" [./basic_helper.hpp:162->./Compute_Dual_Infeasibility.hpp:170->Infeasi_Res_S2.cpp:111]   --->   Operation 31 'read' 'primalINfeasConstr_fifo_i_read' <Predicate = true> <Delay = 0.75> <CoreInst = "FIFO_SRL">   --->   Core 84 'FIFO_SRL' <Latency = 0> <II = 1> <Delay = 0.91> <Storage> <Opcode : 'read' 'write' 'nbread' 'nbwrite'> <Ports = 0> <Width = 512> <Depth = 2> <FIFO>
ST_2 : Operation 32 [1/1] (0.00ns)   --->   "%trunc_ln162 = trunc i512 %primalINfeasConstr_fifo_i_read" [./basic_helper.hpp:162->./Compute_Dual_Infeasibility.hpp:170->Infeasi_Res_S2.cpp:111]   --->   Operation 32 'trunc' 'trunc_ln162' <Predicate = true> <Delay = 0.00>
ST_2 : Operation 33 [1/1] (0.00ns)   --->   "%trunc_ln162_s = partselect i64 @_ssdm_op_PartSelect.i64.i512.i32.i32, i512 %primalINfeasConstr_fifo_i_read, i32 64, i32 127" [./basic_helper.hpp:162->./Compute_Dual_Infeasibility.hpp:170->Infeasi_Res_S2.cpp:111]   --->   Operation 33 'partselect' 'trunc_ln162_s' <Predicate = true> <Delay = 0.00>
ST_2 : Operation 34 [1/1] (0.00ns)   --->   "%trunc_ln162_7 = partselect i64 @_ssdm_op_PartSelect.i64.i512.i32.i32, i512 %primalINfeasConstr_fifo_i_read, i32 128, i32 191" [./basic_helper.hpp:162->./Compute_Dual_Infeasibility.hpp:170->Infeasi_Res_S2.cpp:111]   --->   Operation 34 'partselect' 'trunc_ln162_7' <Predicate = true> <Delay = 0.00>
ST_2 : Operation 35 [1/1] (0.00ns)   --->   "%trunc_ln162_8 = partselect i64 @_ssdm_op_PartSelect.i64.i512.i32.i32, i512 %primalINfeasConstr_fifo_i_read, i32 192, i32 255" [./basic_helper.hpp:162->./Compute_Dual_Infeasibility.hpp:170->Infeasi_Res_S2.cpp:111]   --->   Operation 35 'partselect' 'trunc_ln162_8' <Predicate = true> <Delay = 0.00>
ST_2 : Operation 36 [1/1] (0.00ns)   --->   "%trunc_ln162_9 = partselect i64 @_ssdm_op_PartSelect.i64.i512.i32.i32, i512 %primalINfeasConstr_fifo_i_read, i32 256, i32 319" [./basic_helper.hpp:162->./Compute_Dual_Infeasibility.hpp:170->Infeasi_Res_S2.cpp:111]   --->   Operation 36 'partselect' 'trunc_ln162_9' <Predicate = true> <Delay = 0.00>
ST_2 : Operation 37 [1/1] (0.00ns)   --->   "%trunc_ln162_10 = partselect i64 @_ssdm_op_PartSelect.i64.i512.i32.i32, i512 %primalINfeasConstr_fifo_i_read, i32 320, i32 383" [./basic_helper.hpp:162->./Compute_Dual_Infeasibility.hpp:170->Infeasi_Res_S2.cpp:111]   --->   Operation 37 'partselect' 'trunc_ln162_10' <Predicate = true> <Delay = 0.00>
ST_2 : Operation 38 [1/1] (0.00ns)   --->   "%trunc_ln162_11 = partselect i64 @_ssdm_op_PartSelect.i64.i512.i32.i32, i512 %primalINfeasConstr_fifo_i_read, i32 384, i32 447" [./basic_helper.hpp:162->./Compute_Dual_Infeasibility.hpp:170->Infeasi_Res_S2.cpp:111]   --->   Operation 38 'partselect' 'trunc_ln162_11' <Predicate = true> <Delay = 0.00>
ST_2 : Operation 39 [1/1] (0.00ns)   --->   "%trunc_ln162_12 = partselect i64 @_ssdm_op_PartSelect.i64.i512.i32.i32, i512 %primalINfeasConstr_fifo_i_read, i32 448, i32 511" [./basic_helper.hpp:162->./Compute_Dual_Infeasibility.hpp:170->Infeasi_Res_S2.cpp:111]   --->   Operation 39 'partselect' 'trunc_ln162_12' <Predicate = true> <Delay = 0.00>
ST_2 : Operation 40 [1/1] (0.00ns)   --->   "%bitcast_ln162 = bitcast i64 %trunc_ln162" [./basic_helper.hpp:162->./Compute_Dual_Infeasibility.hpp:170->Infeasi_Res_S2.cpp:111]   --->   Operation 40 'bitcast' 'bitcast_ln162' <Predicate = true> <Delay = 0.00>
ST_2 : Operation 41 [1/1] (0.00ns)   --->   "%bitcast_ln162_8 = bitcast i64 %trunc_ln162_s" [./basic_helper.hpp:162->./Compute_Dual_Infeasibility.hpp:170->Infeasi_Res_S2.cpp:111]   --->   Operation 41 'bitcast' 'bitcast_ln162_8' <Predicate = true> <Delay = 0.00>
ST_2 : Operation 42 [1/1] (0.00ns)   --->   "%bitcast_ln162_9 = bitcast i64 %trunc_ln162_7" [./basic_helper.hpp:162->./Compute_Dual_Infeasibility.hpp:170->Infeasi_Res_S2.cpp:111]   --->   Operation 42 'bitcast' 'bitcast_ln162_9' <Predicate = true> <Delay = 0.00>
ST_2 : Operation 43 [1/1] (0.00ns)   --->   "%bitcast_ln162_10 = bitcast i64 %trunc_ln162_8" [./basic_helper.hpp:162->./Compute_Dual_Infeasibility.hpp:170->Infeasi_Res_S2.cpp:111]   --->   Operation 43 'bitcast' 'bitcast_ln162_10' <Predicate = true> <Delay = 0.00>
ST_2 : Operation 44 [1/1] (0.00ns)   --->   "%bitcast_ln162_11 = bitcast i64 %trunc_ln162_9" [./basic_helper.hpp:162->./Compute_Dual_Infeasibility.hpp:170->Infeasi_Res_S2.cpp:111]   --->   Operation 44 'bitcast' 'bitcast_ln162_11' <Predicate = true> <Delay = 0.00>
ST_2 : Operation 45 [1/1] (0.00ns)   --->   "%bitcast_ln162_12 = bitcast i64 %trunc_ln162_10" [./basic_helper.hpp:162->./Compute_Dual_Infeasibility.hpp:170->Infeasi_Res_S2.cpp:111]   --->   Operation 45 'bitcast' 'bitcast_ln162_12' <Predicate = true> <Delay = 0.00>
ST_2 : Operation 46 [1/1] (0.00ns)   --->   "%bitcast_ln162_13 = bitcast i64 %trunc_ln162_11" [./basic_helper.hpp:162->./Compute_Dual_Infeasibility.hpp:170->Infeasi_Res_S2.cpp:111]   --->   Operation 46 'bitcast' 'bitcast_ln162_13' <Predicate = true> <Delay = 0.00>
ST_2 : Operation 47 [1/1] (0.00ns)   --->   "%bitcast_ln162_14 = bitcast i64 %trunc_ln162_12" [./basic_helper.hpp:162->./Compute_Dual_Infeasibility.hpp:170->Infeasi_Res_S2.cpp:111]   --->   Operation 47 'bitcast' 'bitcast_ln162_14' <Predicate = true> <Delay = 0.00>
ST_2 : Operation 48 [2/2] (0.76ns) (share mux size 8)   --->   "%muxLogicI0_to_mul_i = muxlogic i64 %bitcast_ln162"   --->   Operation 48 'muxlogic' 'muxLogicI0_to_mul_i' <Predicate = true> <Delay = 0.76>
ST_2 : Operation 49 [2/2] (0.76ns) (share mux size 8)   --->   "%muxLogicI1_to_mul_i = muxlogic i64 %weight_read"   --->   Operation 49 'muxlogic' 'muxLogicI1_to_mul_i' <Predicate = true> <Delay = 0.76>
ST_2 : Operation 50 [2/2] (0.76ns) (share mux size 8)   --->   "%muxLogicI0_to_mul_1_i = muxlogic i64 %bitcast_ln162_8"   --->   Operation 50 'muxlogic' 'muxLogicI0_to_mul_1_i' <Predicate = true> <Delay = 0.76>
ST_2 : Operation 51 [2/2] (0.76ns) (share mux size 8)   --->   "%muxLogicI1_to_mul_1_i = muxlogic i64 %weight_read"   --->   Operation 51 'muxlogic' 'muxLogicI1_to_mul_1_i' <Predicate = true> <Delay = 0.76>
ST_2 : Operation 52 [2/2] (0.76ns) (share mux size 8)   --->   "%muxLogicI0_to_mul_2_i = muxlogic i64 %bitcast_ln162_9"   --->   Operation 52 'muxlogic' 'muxLogicI0_to_mul_2_i' <Predicate = true> <Delay = 0.76>
ST_2 : Operation 53 [2/2] (0.76ns) (share mux size 8)   --->   "%muxLogicI1_to_mul_2_i = muxlogic i64 %weight_read"   --->   Operation 53 'muxlogic' 'muxLogicI1_to_mul_2_i' <Predicate = true> <Delay = 0.76>
ST_2 : Operation 54 [2/2] (0.76ns) (share mux size 8)   --->   "%muxLogicI0_to_mul_3_i = muxlogic i64 %bitcast_ln162_10"   --->   Operation 54 'muxlogic' 'muxLogicI0_to_mul_3_i' <Predicate = true> <Delay = 0.76>
ST_2 : Operation 55 [2/2] (0.76ns) (share mux size 8)   --->   "%muxLogicI1_to_mul_3_i = muxlogic i64 %weight_read"   --->   Operation 55 'muxlogic' 'muxLogicI1_to_mul_3_i' <Predicate = true> <Delay = 0.76>
ST_2 : Operation 56 [2/2] (0.76ns) (share mux size 8)   --->   "%muxLogicI0_to_mul_4_i = muxlogic i64 %bitcast_ln162_11"   --->   Operation 56 'muxlogic' 'muxLogicI0_to_mul_4_i' <Predicate = true> <Delay = 0.76>
ST_2 : Operation 57 [2/2] (0.76ns) (share mux size 8)   --->   "%muxLogicI1_to_mul_4_i = muxlogic i64 %weight_read"   --->   Operation 57 'muxlogic' 'muxLogicI1_to_mul_4_i' <Predicate = true> <Delay = 0.76>
ST_2 : Operation 58 [2/2] (0.76ns) (share mux size 8)   --->   "%muxLogicI0_to_mul_5_i = muxlogic i64 %bitcast_ln162_12"   --->   Operation 58 'muxlogic' 'muxLogicI0_to_mul_5_i' <Predicate = true> <Delay = 0.76>
ST_2 : Operation 59 [2/2] (0.76ns) (share mux size 8)   --->   "%muxLogicI1_to_mul_5_i = muxlogic i64 %weight_read"   --->   Operation 59 'muxlogic' 'muxLogicI1_to_mul_5_i' <Predicate = true> <Delay = 0.76>
ST_2 : Operation 60 [2/2] (0.76ns) (share mux size 8)   --->   "%muxLogicI0_to_mul_6_i = muxlogic i64 %bitcast_ln162_13"   --->   Operation 60 'muxlogic' 'muxLogicI0_to_mul_6_i' <Predicate = true> <Delay = 0.76>
ST_2 : Operation 61 [2/2] (0.76ns) (share mux size 8)   --->   "%muxLogicI1_to_mul_6_i = muxlogic i64 %weight_read"   --->   Operation 61 'muxlogic' 'muxLogicI1_to_mul_6_i' <Predicate = true> <Delay = 0.76>
ST_2 : Operation 62 [2/2] (0.76ns) (share mux size 8)   --->   "%muxLogicI0_to_mul_7_i = muxlogic i64 %bitcast_ln162_14"   --->   Operation 62 'muxlogic' 'muxLogicI0_to_mul_7_i' <Predicate = true> <Delay = 0.76>
ST_2 : Operation 63 [2/2] (0.76ns) (share mux size 8)   --->   "%muxLogicI1_to_mul_7_i = muxlogic i64 %weight_read"   --->   Operation 63 'muxlogic' 'muxLogicI1_to_mul_7_i' <Predicate = true> <Delay = 0.76>

State 3 <SV = 2> <Delay = 1.84>
ST_3 : Operation 64 [1/2] (0.00ns) (share mux size 8)   --->   "%muxLogicI0_to_mul_i = muxlogic i64 %bitcast_ln162"   --->   Operation 64 'muxlogic' 'muxLogicI0_to_mul_i' <Predicate = true> <Delay = 0.00>
ST_3 : Operation 65 [1/2] (0.00ns) (share mux size 8)   --->   "%muxLogicI1_to_mul_i = muxlogic i64 %weight_read"   --->   Operation 65 'muxlogic' 'muxLogicI1_to_mul_i' <Predicate = true> <Delay = 0.00>
ST_3 : Operation 66 [5/5] (1.84ns)   --->   "%mul_i = dmul i64 %bitcast_ln162, i64 %weight_read" [./basic_helper.hpp:166->./Compute_Dual_Infeasibility.hpp:170->Infeasi_Res_S2.cpp:111]   --->   Operation 66 'dmul' 'mul_i' <Predicate = true> <Delay = 1.84> <CoreInst = "DMul_meddsp">   --->   Core 51 'DMul_meddsp' <Latency = 4> <II = 1> <Delay = 2.15> <FuncUnit> <Opcode : 'dmul'> <InPorts = 2> <OutPorts = 1>
ST_3 : Operation 67 [1/2] (0.00ns) (share mux size 8)   --->   "%muxLogicI0_to_mul_1_i = muxlogic i64 %bitcast_ln162_8"   --->   Operation 67 'muxlogic' 'muxLogicI0_to_mul_1_i' <Predicate = true> <Delay = 0.00>
ST_3 : Operation 68 [1/2] (0.00ns) (share mux size 8)   --->   "%muxLogicI1_to_mul_1_i = muxlogic i64 %weight_read"   --->   Operation 68 'muxlogic' 'muxLogicI1_to_mul_1_i' <Predicate = true> <Delay = 0.00>
ST_3 : Operation 69 [5/5] (1.84ns)   --->   "%mul_1_i = dmul i64 %bitcast_ln162_8, i64 %weight_read" [./basic_helper.hpp:166->./Compute_Dual_Infeasibility.hpp:170->Infeasi_Res_S2.cpp:111]   --->   Operation 69 'dmul' 'mul_1_i' <Predicate = true> <Delay = 1.84> <CoreInst = "DMul_meddsp">   --->   Core 51 'DMul_meddsp' <Latency = 4> <II = 1> <Delay = 2.15> <FuncUnit> <Opcode : 'dmul'> <InPorts = 2> <OutPorts = 1>
ST_3 : Operation 70 [1/2] (0.00ns) (share mux size 8)   --->   "%muxLogicI0_to_mul_2_i = muxlogic i64 %bitcast_ln162_9"   --->   Operation 70 'muxlogic' 'muxLogicI0_to_mul_2_i' <Predicate = true> <Delay = 0.00>
ST_3 : Operation 71 [1/2] (0.00ns) (share mux size 8)   --->   "%muxLogicI1_to_mul_2_i = muxlogic i64 %weight_read"   --->   Operation 71 'muxlogic' 'muxLogicI1_to_mul_2_i' <Predicate = true> <Delay = 0.00>
ST_3 : Operation 72 [5/5] (1.84ns)   --->   "%mul_2_i = dmul i64 %bitcast_ln162_9, i64 %weight_read" [./basic_helper.hpp:166->./Compute_Dual_Infeasibility.hpp:170->Infeasi_Res_S2.cpp:111]   --->   Operation 72 'dmul' 'mul_2_i' <Predicate = true> <Delay = 1.84> <CoreInst = "DMul_meddsp">   --->   Core 51 'DMul_meddsp' <Latency = 4> <II = 1> <Delay = 2.15> <FuncUnit> <Opcode : 'dmul'> <InPorts = 2> <OutPorts = 1>
ST_3 : Operation 73 [1/2] (0.00ns) (share mux size 8)   --->   "%muxLogicI0_to_mul_3_i = muxlogic i64 %bitcast_ln162_10"   --->   Operation 73 'muxlogic' 'muxLogicI0_to_mul_3_i' <Predicate = true> <Delay = 0.00>
ST_3 : Operation 74 [1/2] (0.00ns) (share mux size 8)   --->   "%muxLogicI1_to_mul_3_i = muxlogic i64 %weight_read"   --->   Operation 74 'muxlogic' 'muxLogicI1_to_mul_3_i' <Predicate = true> <Delay = 0.00>
ST_3 : Operation 75 [5/5] (1.84ns)   --->   "%mul_3_i = dmul i64 %bitcast_ln162_10, i64 %weight_read" [./basic_helper.hpp:166->./Compute_Dual_Infeasibility.hpp:170->Infeasi_Res_S2.cpp:111]   --->   Operation 75 'dmul' 'mul_3_i' <Predicate = true> <Delay = 1.84> <CoreInst = "DMul_meddsp">   --->   Core 51 'DMul_meddsp' <Latency = 4> <II = 1> <Delay = 2.15> <FuncUnit> <Opcode : 'dmul'> <InPorts = 2> <OutPorts = 1>
ST_3 : Operation 76 [1/2] (0.00ns) (share mux size 8)   --->   "%muxLogicI0_to_mul_4_i = muxlogic i64 %bitcast_ln162_11"   --->   Operation 76 'muxlogic' 'muxLogicI0_to_mul_4_i' <Predicate = true> <Delay = 0.00>
ST_3 : Operation 77 [1/2] (0.00ns) (share mux size 8)   --->   "%muxLogicI1_to_mul_4_i = muxlogic i64 %weight_read"   --->   Operation 77 'muxlogic' 'muxLogicI1_to_mul_4_i' <Predicate = true> <Delay = 0.00>
ST_3 : Operation 78 [5/5] (1.84ns)   --->   "%mul_4_i = dmul i64 %bitcast_ln162_11, i64 %weight_read" [./basic_helper.hpp:166->./Compute_Dual_Infeasibility.hpp:170->Infeasi_Res_S2.cpp:111]   --->   Operation 78 'dmul' 'mul_4_i' <Predicate = true> <Delay = 1.84> <CoreInst = "DMul_meddsp">   --->   Core 51 'DMul_meddsp' <Latency = 4> <II = 1> <Delay = 2.15> <FuncUnit> <Opcode : 'dmul'> <InPorts = 2> <OutPorts = 1>
ST_3 : Operation 79 [1/2] (0.00ns) (share mux size 8)   --->   "%muxLogicI0_to_mul_5_i = muxlogic i64 %bitcast_ln162_12"   --->   Operation 79 'muxlogic' 'muxLogicI0_to_mul_5_i' <Predicate = true> <Delay = 0.00>
ST_3 : Operation 80 [1/2] (0.00ns) (share mux size 8)   --->   "%muxLogicI1_to_mul_5_i = muxlogic i64 %weight_read"   --->   Operation 80 'muxlogic' 'muxLogicI1_to_mul_5_i' <Predicate = true> <Delay = 0.00>
ST_3 : Operation 81 [5/5] (1.84ns)   --->   "%mul_5_i = dmul i64 %bitcast_ln162_12, i64 %weight_read" [./basic_helper.hpp:166->./Compute_Dual_Infeasibility.hpp:170->Infeasi_Res_S2.cpp:111]   --->   Operation 81 'dmul' 'mul_5_i' <Predicate = true> <Delay = 1.84> <CoreInst = "DMul_meddsp">   --->   Core 51 'DMul_meddsp' <Latency = 4> <II = 1> <Delay = 2.15> <FuncUnit> <Opcode : 'dmul'> <InPorts = 2> <OutPorts = 1>
ST_3 : Operation 82 [1/2] (0.00ns) (share mux size 8)   --->   "%muxLogicI0_to_mul_6_i = muxlogic i64 %bitcast_ln162_13"   --->   Operation 82 'muxlogic' 'muxLogicI0_to_mul_6_i' <Predicate = true> <Delay = 0.00>
ST_3 : Operation 83 [1/2] (0.00ns) (share mux size 8)   --->   "%muxLogicI1_to_mul_6_i = muxlogic i64 %weight_read"   --->   Operation 83 'muxlogic' 'muxLogicI1_to_mul_6_i' <Predicate = true> <Delay = 0.00>
ST_3 : Operation 84 [5/5] (1.84ns)   --->   "%mul_6_i = dmul i64 %bitcast_ln162_13, i64 %weight_read" [./basic_helper.hpp:166->./Compute_Dual_Infeasibility.hpp:170->Infeasi_Res_S2.cpp:111]   --->   Operation 84 'dmul' 'mul_6_i' <Predicate = true> <Delay = 1.84> <CoreInst = "DMul_meddsp">   --->   Core 51 'DMul_meddsp' <Latency = 4> <II = 1> <Delay = 2.15> <FuncUnit> <Opcode : 'dmul'> <InPorts = 2> <OutPorts = 1>
ST_3 : Operation 85 [1/2] (0.00ns) (share mux size 8)   --->   "%muxLogicI0_to_mul_7_i = muxlogic i64 %bitcast_ln162_14"   --->   Operation 85 'muxlogic' 'muxLogicI0_to_mul_7_i' <Predicate = true> <Delay = 0.00>
ST_3 : Operation 86 [1/2] (0.00ns) (share mux size 8)   --->   "%muxLogicI1_to_mul_7_i = muxlogic i64 %weight_read"   --->   Operation 86 'muxlogic' 'muxLogicI1_to_mul_7_i' <Predicate = true> <Delay = 0.00>
ST_3 : Operation 87 [5/5] (1.84ns)   --->   "%mul_7_i = dmul i64 %bitcast_ln162_14, i64 %weight_read" [./basic_helper.hpp:166->./Compute_Dual_Infeasibility.hpp:170->Infeasi_Res_S2.cpp:111]   --->   Operation 87 'dmul' 'mul_7_i' <Predicate = true> <Delay = 1.84> <CoreInst = "DMul_meddsp">   --->   Core 51 'DMul_meddsp' <Latency = 4> <II = 1> <Delay = 2.15> <FuncUnit> <Opcode : 'dmul'> <InPorts = 2> <OutPorts = 1>

State 4 <SV = 3> <Delay = 2.15>
ST_4 : Operation 88 [4/5] (2.15ns)   --->   "%mul_i = dmul i64 %bitcast_ln162, i64 %weight_read" [./basic_helper.hpp:166->./Compute_Dual_Infeasibility.hpp:170->Infeasi_Res_S2.cpp:111]   --->   Operation 88 'dmul' 'mul_i' <Predicate = true> <Delay = 2.15> <CoreInst = "DMul_meddsp">   --->   Core 51 'DMul_meddsp' <Latency = 4> <II = 1> <Delay = 2.15> <FuncUnit> <Opcode : 'dmul'> <InPorts = 2> <OutPorts = 1>
ST_4 : Operation 89 [4/5] (2.15ns)   --->   "%mul_1_i = dmul i64 %bitcast_ln162_8, i64 %weight_read" [./basic_helper.hpp:166->./Compute_Dual_Infeasibility.hpp:170->Infeasi_Res_S2.cpp:111]   --->   Operation 89 'dmul' 'mul_1_i' <Predicate = true> <Delay = 2.15> <CoreInst = "DMul_meddsp">   --->   Core 51 'DMul_meddsp' <Latency = 4> <II = 1> <Delay = 2.15> <FuncUnit> <Opcode : 'dmul'> <InPorts = 2> <OutPorts = 1>
ST_4 : Operation 90 [4/5] (2.15ns)   --->   "%mul_2_i = dmul i64 %bitcast_ln162_9, i64 %weight_read" [./basic_helper.hpp:166->./Compute_Dual_Infeasibility.hpp:170->Infeasi_Res_S2.cpp:111]   --->   Operation 90 'dmul' 'mul_2_i' <Predicate = true> <Delay = 2.15> <CoreInst = "DMul_meddsp">   --->   Core 51 'DMul_meddsp' <Latency = 4> <II = 1> <Delay = 2.15> <FuncUnit> <Opcode : 'dmul'> <InPorts = 2> <OutPorts = 1>
ST_4 : Operation 91 [4/5] (2.15ns)   --->   "%mul_3_i = dmul i64 %bitcast_ln162_10, i64 %weight_read" [./basic_helper.hpp:166->./Compute_Dual_Infeasibility.hpp:170->Infeasi_Res_S2.cpp:111]   --->   Operation 91 'dmul' 'mul_3_i' <Predicate = true> <Delay = 2.15> <CoreInst = "DMul_meddsp">   --->   Core 51 'DMul_meddsp' <Latency = 4> <II = 1> <Delay = 2.15> <FuncUnit> <Opcode : 'dmul'> <InPorts = 2> <OutPorts = 1>
ST_4 : Operation 92 [4/5] (2.15ns)   --->   "%mul_4_i = dmul i64 %bitcast_ln162_11, i64 %weight_read" [./basic_helper.hpp:166->./Compute_Dual_Infeasibility.hpp:170->Infeasi_Res_S2.cpp:111]   --->   Operation 92 'dmul' 'mul_4_i' <Predicate = true> <Delay = 2.15> <CoreInst = "DMul_meddsp">   --->   Core 51 'DMul_meddsp' <Latency = 4> <II = 1> <Delay = 2.15> <FuncUnit> <Opcode : 'dmul'> <InPorts = 2> <OutPorts = 1>
ST_4 : Operation 93 [4/5] (2.15ns)   --->   "%mul_5_i = dmul i64 %bitcast_ln162_12, i64 %weight_read" [./basic_helper.hpp:166->./Compute_Dual_Infeasibility.hpp:170->Infeasi_Res_S2.cpp:111]   --->   Operation 93 'dmul' 'mul_5_i' <Predicate = true> <Delay = 2.15> <CoreInst = "DMul_meddsp">   --->   Core 51 'DMul_meddsp' <Latency = 4> <II = 1> <Delay = 2.15> <FuncUnit> <Opcode : 'dmul'> <InPorts = 2> <OutPorts = 1>
ST_4 : Operation 94 [4/5] (2.15ns)   --->   "%mul_6_i = dmul i64 %bitcast_ln162_13, i64 %weight_read" [./basic_helper.hpp:166->./Compute_Dual_Infeasibility.hpp:170->Infeasi_Res_S2.cpp:111]   --->   Operation 94 'dmul' 'mul_6_i' <Predicate = true> <Delay = 2.15> <CoreInst = "DMul_meddsp">   --->   Core 51 'DMul_meddsp' <Latency = 4> <II = 1> <Delay = 2.15> <FuncUnit> <Opcode : 'dmul'> <InPorts = 2> <OutPorts = 1>
ST_4 : Operation 95 [4/5] (2.15ns)   --->   "%mul_7_i = dmul i64 %bitcast_ln162_14, i64 %weight_read" [./basic_helper.hpp:166->./Compute_Dual_Infeasibility.hpp:170->Infeasi_Res_S2.cpp:111]   --->   Operation 95 'dmul' 'mul_7_i' <Predicate = true> <Delay = 2.15> <CoreInst = "DMul_meddsp">   --->   Core 51 'DMul_meddsp' <Latency = 4> <II = 1> <Delay = 2.15> <FuncUnit> <Opcode : 'dmul'> <InPorts = 2> <OutPorts = 1>

State 5 <SV = 4> <Delay = 2.15>
ST_5 : Operation 96 [3/5] (2.15ns)   --->   "%mul_i = dmul i64 %bitcast_ln162, i64 %weight_read" [./basic_helper.hpp:166->./Compute_Dual_Infeasibility.hpp:170->Infeasi_Res_S2.cpp:111]   --->   Operation 96 'dmul' 'mul_i' <Predicate = true> <Delay = 2.15> <CoreInst = "DMul_meddsp">   --->   Core 51 'DMul_meddsp' <Latency = 4> <II = 1> <Delay = 2.15> <FuncUnit> <Opcode : 'dmul'> <InPorts = 2> <OutPorts = 1>
ST_5 : Operation 97 [3/5] (2.15ns)   --->   "%mul_1_i = dmul i64 %bitcast_ln162_8, i64 %weight_read" [./basic_helper.hpp:166->./Compute_Dual_Infeasibility.hpp:170->Infeasi_Res_S2.cpp:111]   --->   Operation 97 'dmul' 'mul_1_i' <Predicate = true> <Delay = 2.15> <CoreInst = "DMul_meddsp">   --->   Core 51 'DMul_meddsp' <Latency = 4> <II = 1> <Delay = 2.15> <FuncUnit> <Opcode : 'dmul'> <InPorts = 2> <OutPorts = 1>
ST_5 : Operation 98 [3/5] (2.15ns)   --->   "%mul_2_i = dmul i64 %bitcast_ln162_9, i64 %weight_read" [./basic_helper.hpp:166->./Compute_Dual_Infeasibility.hpp:170->Infeasi_Res_S2.cpp:111]   --->   Operation 98 'dmul' 'mul_2_i' <Predicate = true> <Delay = 2.15> <CoreInst = "DMul_meddsp">   --->   Core 51 'DMul_meddsp' <Latency = 4> <II = 1> <Delay = 2.15> <FuncUnit> <Opcode : 'dmul'> <InPorts = 2> <OutPorts = 1>
ST_5 : Operation 99 [3/5] (2.15ns)   --->   "%mul_3_i = dmul i64 %bitcast_ln162_10, i64 %weight_read" [./basic_helper.hpp:166->./Compute_Dual_Infeasibility.hpp:170->Infeasi_Res_S2.cpp:111]   --->   Operation 99 'dmul' 'mul_3_i' <Predicate = true> <Delay = 2.15> <CoreInst = "DMul_meddsp">   --->   Core 51 'DMul_meddsp' <Latency = 4> <II = 1> <Delay = 2.15> <FuncUnit> <Opcode : 'dmul'> <InPorts = 2> <OutPorts = 1>
ST_5 : Operation 100 [3/5] (2.15ns)   --->   "%mul_4_i = dmul i64 %bitcast_ln162_11, i64 %weight_read" [./basic_helper.hpp:166->./Compute_Dual_Infeasibility.hpp:170->Infeasi_Res_S2.cpp:111]   --->   Operation 100 'dmul' 'mul_4_i' <Predicate = true> <Delay = 2.15> <CoreInst = "DMul_meddsp">   --->   Core 51 'DMul_meddsp' <Latency = 4> <II = 1> <Delay = 2.15> <FuncUnit> <Opcode : 'dmul'> <InPorts = 2> <OutPorts = 1>
ST_5 : Operation 101 [3/5] (2.15ns)   --->   "%mul_5_i = dmul i64 %bitcast_ln162_12, i64 %weight_read" [./basic_helper.hpp:166->./Compute_Dual_Infeasibility.hpp:170->Infeasi_Res_S2.cpp:111]   --->   Operation 101 'dmul' 'mul_5_i' <Predicate = true> <Delay = 2.15> <CoreInst = "DMul_meddsp">   --->   Core 51 'DMul_meddsp' <Latency = 4> <II = 1> <Delay = 2.15> <FuncUnit> <Opcode : 'dmul'> <InPorts = 2> <OutPorts = 1>
ST_5 : Operation 102 [3/5] (2.15ns)   --->   "%mul_6_i = dmul i64 %bitcast_ln162_13, i64 %weight_read" [./basic_helper.hpp:166->./Compute_Dual_Infeasibility.hpp:170->Infeasi_Res_S2.cpp:111]   --->   Operation 102 'dmul' 'mul_6_i' <Predicate = true> <Delay = 2.15> <CoreInst = "DMul_meddsp">   --->   Core 51 'DMul_meddsp' <Latency = 4> <II = 1> <Delay = 2.15> <FuncUnit> <Opcode : 'dmul'> <InPorts = 2> <OutPorts = 1>
ST_5 : Operation 103 [3/5] (2.15ns)   --->   "%mul_7_i = dmul i64 %bitcast_ln162_14, i64 %weight_read" [./basic_helper.hpp:166->./Compute_Dual_Infeasibility.hpp:170->Infeasi_Res_S2.cpp:111]   --->   Operation 103 'dmul' 'mul_7_i' <Predicate = true> <Delay = 2.15> <CoreInst = "DMul_meddsp">   --->   Core 51 'DMul_meddsp' <Latency = 4> <II = 1> <Delay = 2.15> <FuncUnit> <Opcode : 'dmul'> <InPorts = 2> <OutPorts = 1>

State 6 <SV = 5> <Delay = 2.15>
ST_6 : Operation 104 [2/5] (2.15ns)   --->   "%mul_i = dmul i64 %bitcast_ln162, i64 %weight_read" [./basic_helper.hpp:166->./Compute_Dual_Infeasibility.hpp:170->Infeasi_Res_S2.cpp:111]   --->   Operation 104 'dmul' 'mul_i' <Predicate = true> <Delay = 2.15> <CoreInst = "DMul_meddsp">   --->   Core 51 'DMul_meddsp' <Latency = 4> <II = 1> <Delay = 2.15> <FuncUnit> <Opcode : 'dmul'> <InPorts = 2> <OutPorts = 1>
ST_6 : Operation 105 [2/5] (2.15ns)   --->   "%mul_1_i = dmul i64 %bitcast_ln162_8, i64 %weight_read" [./basic_helper.hpp:166->./Compute_Dual_Infeasibility.hpp:170->Infeasi_Res_S2.cpp:111]   --->   Operation 105 'dmul' 'mul_1_i' <Predicate = true> <Delay = 2.15> <CoreInst = "DMul_meddsp">   --->   Core 51 'DMul_meddsp' <Latency = 4> <II = 1> <Delay = 2.15> <FuncUnit> <Opcode : 'dmul'> <InPorts = 2> <OutPorts = 1>
ST_6 : Operation 106 [2/5] (2.15ns)   --->   "%mul_2_i = dmul i64 %bitcast_ln162_9, i64 %weight_read" [./basic_helper.hpp:166->./Compute_Dual_Infeasibility.hpp:170->Infeasi_Res_S2.cpp:111]   --->   Operation 106 'dmul' 'mul_2_i' <Predicate = true> <Delay = 2.15> <CoreInst = "DMul_meddsp">   --->   Core 51 'DMul_meddsp' <Latency = 4> <II = 1> <Delay = 2.15> <FuncUnit> <Opcode : 'dmul'> <InPorts = 2> <OutPorts = 1>
ST_6 : Operation 107 [2/5] (2.15ns)   --->   "%mul_3_i = dmul i64 %bitcast_ln162_10, i64 %weight_read" [./basic_helper.hpp:166->./Compute_Dual_Infeasibility.hpp:170->Infeasi_Res_S2.cpp:111]   --->   Operation 107 'dmul' 'mul_3_i' <Predicate = true> <Delay = 2.15> <CoreInst = "DMul_meddsp">   --->   Core 51 'DMul_meddsp' <Latency = 4> <II = 1> <Delay = 2.15> <FuncUnit> <Opcode : 'dmul'> <InPorts = 2> <OutPorts = 1>
ST_6 : Operation 108 [2/5] (2.15ns)   --->   "%mul_4_i = dmul i64 %bitcast_ln162_11, i64 %weight_read" [./basic_helper.hpp:166->./Compute_Dual_Infeasibility.hpp:170->Infeasi_Res_S2.cpp:111]   --->   Operation 108 'dmul' 'mul_4_i' <Predicate = true> <Delay = 2.15> <CoreInst = "DMul_meddsp">   --->   Core 51 'DMul_meddsp' <Latency = 4> <II = 1> <Delay = 2.15> <FuncUnit> <Opcode : 'dmul'> <InPorts = 2> <OutPorts = 1>
ST_6 : Operation 109 [2/5] (2.15ns)   --->   "%mul_5_i = dmul i64 %bitcast_ln162_12, i64 %weight_read" [./basic_helper.hpp:166->./Compute_Dual_Infeasibility.hpp:170->Infeasi_Res_S2.cpp:111]   --->   Operation 109 'dmul' 'mul_5_i' <Predicate = true> <Delay = 2.15> <CoreInst = "DMul_meddsp">   --->   Core 51 'DMul_meddsp' <Latency = 4> <II = 1> <Delay = 2.15> <FuncUnit> <Opcode : 'dmul'> <InPorts = 2> <OutPorts = 1>
ST_6 : Operation 110 [2/5] (2.15ns)   --->   "%mul_6_i = dmul i64 %bitcast_ln162_13, i64 %weight_read" [./basic_helper.hpp:166->./Compute_Dual_Infeasibility.hpp:170->Infeasi_Res_S2.cpp:111]   --->   Operation 110 'dmul' 'mul_6_i' <Predicate = true> <Delay = 2.15> <CoreInst = "DMul_meddsp">   --->   Core 51 'DMul_meddsp' <Latency = 4> <II = 1> <Delay = 2.15> <FuncUnit> <Opcode : 'dmul'> <InPorts = 2> <OutPorts = 1>
ST_6 : Operation 111 [2/5] (2.15ns)   --->   "%mul_7_i = dmul i64 %bitcast_ln162_14, i64 %weight_read" [./basic_helper.hpp:166->./Compute_Dual_Infeasibility.hpp:170->Infeasi_Res_S2.cpp:111]   --->   Operation 111 'dmul' 'mul_7_i' <Predicate = true> <Delay = 2.15> <CoreInst = "DMul_meddsp">   --->   Core 51 'DMul_meddsp' <Latency = 4> <II = 1> <Delay = 2.15> <FuncUnit> <Opcode : 'dmul'> <InPorts = 2> <OutPorts = 1>
ST_6 : Operation 134 [1/1] (0.38ns)   --->   "%ret_ln0 = ret"   --->   Operation 134 'ret' 'ret_ln0' <Predicate = (!icmp_ln160)> <Delay = 0.38>

State 7 <SV = 6> <Delay = 1.00>
ST_7 : Operation 112 [1/1] (0.00ns)   --->   "%specpipeline_ln161 = specpipeline void @_ssdm_op_SpecPipeline, i32 1, i32 0, i32 0, i32 0, void @empty_3" [./basic_helper.hpp:161->./Compute_Dual_Infeasibility.hpp:170->Infeasi_Res_S2.cpp:111]   --->   Operation 112 'specpipeline' 'specpipeline_ln161' <Predicate = true> <Delay = 0.00>
ST_7 : Operation 113 [1/1] (0.00ns)   --->   "%specloopname_ln160 = specloopname void @_ssdm_op_SpecLoopName, void @empty_0" [./basic_helper.hpp:160->./Compute_Dual_Infeasibility.hpp:170->Infeasi_Res_S2.cpp:111]   --->   Operation 113 'specloopname' 'specloopname_ln160' <Predicate = true> <Delay = 0.00>
ST_7 : Operation 114 [1/5] (0.09ns)   --->   "%mul_i = dmul i64 %bitcast_ln162, i64 %weight_read" [./basic_helper.hpp:166->./Compute_Dual_Infeasibility.hpp:170->Infeasi_Res_S2.cpp:111]   --->   Operation 114 'dmul' 'mul_i' <Predicate = true> <Delay = 0.09> <CoreInst = "DMul_meddsp">   --->   Core 51 'DMul_meddsp' <Latency = 4> <II = 1> <Delay = 2.15> <FuncUnit> <Opcode : 'dmul'> <InPorts = 2> <OutPorts = 1>
ST_7 : Operation 115 [1/5] (0.09ns)   --->   "%mul_1_i = dmul i64 %bitcast_ln162_8, i64 %weight_read" [./basic_helper.hpp:166->./Compute_Dual_Infeasibility.hpp:170->Infeasi_Res_S2.cpp:111]   --->   Operation 115 'dmul' 'mul_1_i' <Predicate = true> <Delay = 0.09> <CoreInst = "DMul_meddsp">   --->   Core 51 'DMul_meddsp' <Latency = 4> <II = 1> <Delay = 2.15> <FuncUnit> <Opcode : 'dmul'> <InPorts = 2> <OutPorts = 1>
ST_7 : Operation 116 [1/5] (0.09ns)   --->   "%mul_2_i = dmul i64 %bitcast_ln162_9, i64 %weight_read" [./basic_helper.hpp:166->./Compute_Dual_Infeasibility.hpp:170->Infeasi_Res_S2.cpp:111]   --->   Operation 116 'dmul' 'mul_2_i' <Predicate = true> <Delay = 0.09> <CoreInst = "DMul_meddsp">   --->   Core 51 'DMul_meddsp' <Latency = 4> <II = 1> <Delay = 2.15> <FuncUnit> <Opcode : 'dmul'> <InPorts = 2> <OutPorts = 1>
ST_7 : Operation 117 [1/5] (0.09ns)   --->   "%mul_3_i = dmul i64 %bitcast_ln162_10, i64 %weight_read" [./basic_helper.hpp:166->./Compute_Dual_Infeasibility.hpp:170->Infeasi_Res_S2.cpp:111]   --->   Operation 117 'dmul' 'mul_3_i' <Predicate = true> <Delay = 0.09> <CoreInst = "DMul_meddsp">   --->   Core 51 'DMul_meddsp' <Latency = 4> <II = 1> <Delay = 2.15> <FuncUnit> <Opcode : 'dmul'> <InPorts = 2> <OutPorts = 1>
ST_7 : Operation 118 [1/5] (0.09ns)   --->   "%mul_4_i = dmul i64 %bitcast_ln162_11, i64 %weight_read" [./basic_helper.hpp:166->./Compute_Dual_Infeasibility.hpp:170->Infeasi_Res_S2.cpp:111]   --->   Operation 118 'dmul' 'mul_4_i' <Predicate = true> <Delay = 0.09> <CoreInst = "DMul_meddsp">   --->   Core 51 'DMul_meddsp' <Latency = 4> <II = 1> <Delay = 2.15> <FuncUnit> <Opcode : 'dmul'> <InPorts = 2> <OutPorts = 1>
ST_7 : Operation 119 [1/5] (0.09ns)   --->   "%mul_5_i = dmul i64 %bitcast_ln162_12, i64 %weight_read" [./basic_helper.hpp:166->./Compute_Dual_Infeasibility.hpp:170->Infeasi_Res_S2.cpp:111]   --->   Operation 119 'dmul' 'mul_5_i' <Predicate = true> <Delay = 0.09> <CoreInst = "DMul_meddsp">   --->   Core 51 'DMul_meddsp' <Latency = 4> <II = 1> <Delay = 2.15> <FuncUnit> <Opcode : 'dmul'> <InPorts = 2> <OutPorts = 1>
ST_7 : Operation 120 [1/5] (0.09ns)   --->   "%mul_6_i = dmul i64 %bitcast_ln162_13, i64 %weight_read" [./basic_helper.hpp:166->./Compute_Dual_Infeasibility.hpp:170->Infeasi_Res_S2.cpp:111]   --->   Operation 120 'dmul' 'mul_6_i' <Predicate = true> <Delay = 0.09> <CoreInst = "DMul_meddsp">   --->   Core 51 'DMul_meddsp' <Latency = 4> <II = 1> <Delay = 2.15> <FuncUnit> <Opcode : 'dmul'> <InPorts = 2> <OutPorts = 1>
ST_7 : Operation 121 [1/5] (0.09ns)   --->   "%mul_7_i = dmul i64 %bitcast_ln162_14, i64 %weight_read" [./basic_helper.hpp:166->./Compute_Dual_Infeasibility.hpp:170->Infeasi_Res_S2.cpp:111]   --->   Operation 121 'dmul' 'mul_7_i' <Predicate = true> <Delay = 0.09> <CoreInst = "DMul_meddsp">   --->   Core 51 'DMul_meddsp' <Latency = 4> <II = 1> <Delay = 2.15> <FuncUnit> <Opcode : 'dmul'> <InPorts = 2> <OutPorts = 1>
ST_7 : Operation 122 [1/1] (0.00ns)   --->   "%bitcast_ln168 = bitcast i64 %mul_i" [./basic_helper.hpp:168->./Compute_Dual_Infeasibility.hpp:170->Infeasi_Res_S2.cpp:111]   --->   Operation 122 'bitcast' 'bitcast_ln168' <Predicate = true> <Delay = 0.00>
ST_7 : Operation 123 [1/1] (0.00ns)   --->   "%bitcast_ln168_8 = bitcast i64 %mul_1_i" [./basic_helper.hpp:168->./Compute_Dual_Infeasibility.hpp:170->Infeasi_Res_S2.cpp:111]   --->   Operation 123 'bitcast' 'bitcast_ln168_8' <Predicate = true> <Delay = 0.00>
ST_7 : Operation 124 [1/1] (0.00ns)   --->   "%bitcast_ln168_9 = bitcast i64 %mul_2_i" [./basic_helper.hpp:168->./Compute_Dual_Infeasibility.hpp:170->Infeasi_Res_S2.cpp:111]   --->   Operation 124 'bitcast' 'bitcast_ln168_9' <Predicate = true> <Delay = 0.00>
ST_7 : Operation 125 [1/1] (0.00ns)   --->   "%bitcast_ln168_10 = bitcast i64 %mul_3_i" [./basic_helper.hpp:168->./Compute_Dual_Infeasibility.hpp:170->Infeasi_Res_S2.cpp:111]   --->   Operation 125 'bitcast' 'bitcast_ln168_10' <Predicate = true> <Delay = 0.00>
ST_7 : Operation 126 [1/1] (0.00ns)   --->   "%bitcast_ln168_11 = bitcast i64 %mul_4_i" [./basic_helper.hpp:168->./Compute_Dual_Infeasibility.hpp:170->Infeasi_Res_S2.cpp:111]   --->   Operation 126 'bitcast' 'bitcast_ln168_11' <Predicate = true> <Delay = 0.00>
ST_7 : Operation 127 [1/1] (0.00ns)   --->   "%bitcast_ln168_12 = bitcast i64 %mul_5_i" [./basic_helper.hpp:168->./Compute_Dual_Infeasibility.hpp:170->Infeasi_Res_S2.cpp:111]   --->   Operation 127 'bitcast' 'bitcast_ln168_12' <Predicate = true> <Delay = 0.00>
ST_7 : Operation 128 [1/1] (0.00ns)   --->   "%bitcast_ln168_13 = bitcast i64 %mul_6_i" [./basic_helper.hpp:168->./Compute_Dual_Infeasibility.hpp:170->Infeasi_Res_S2.cpp:111]   --->   Operation 128 'bitcast' 'bitcast_ln168_13' <Predicate = true> <Delay = 0.00>
ST_7 : Operation 129 [1/1] (0.00ns)   --->   "%bitcast_ln168_14 = bitcast i64 %mul_7_i" [./basic_helper.hpp:168->./Compute_Dual_Infeasibility.hpp:170->Infeasi_Res_S2.cpp:111]   --->   Operation 129 'bitcast' 'bitcast_ln168_14' <Predicate = true> <Delay = 0.00>
ST_7 : Operation 130 [1/1] (0.00ns)   --->   "%or_ln168_i = bitconcatenate i512 @_ssdm_op_BitConcatenate.i512.i64.i64.i64.i64.i64.i64.i64.i64, i64 %bitcast_ln168_14, i64 %bitcast_ln168_13, i64 %bitcast_ln168_12, i64 %bitcast_ln168_11, i64 %bitcast_ln168_10, i64 %bitcast_ln168_9, i64 %bitcast_ln168_8, i64 %bitcast_ln168" [./basic_helper.hpp:168->./Compute_Dual_Infeasibility.hpp:170->Infeasi_Res_S2.cpp:111]   --->   Operation 130 'bitconcatenate' 'or_ln168_i' <Predicate = true> <Delay = 0.00>
ST_7 : Operation 131 [1/1] (0.00ns)   --->   "%muxLogicData_to_write_ln168 = muxlogic i512 %or_ln168_i"   --->   Operation 131 'muxlogic' 'muxLogicData_to_write_ln168' <Predicate = true> <Delay = 0.00>
ST_7 : Operation 132 [1/1] (0.91ns)   --->   "%write_ln168 = write void @_ssdm_op_Write.ap_fifo.volatile.i512P0A, i512 %primalInfeasConstr_SVfifo_i, i512 %or_ln168_i" [./basic_helper.hpp:168->./Compute_Dual_Infeasibility.hpp:170->Infeasi_Res_S2.cpp:111]   --->   Operation 132 'write' 'write_ln168' <Predicate = true> <Delay = 0.91> <CoreInst = "FIFO_SRL">   --->   Core 84 'FIFO_SRL' <Latency = 0> <II = 1> <Delay = 0.91> <Storage> <Opcode : 'read' 'write' 'nbread' 'nbwrite'> <Ports = 0> <Width = 512> <Depth = 2> <FIFO>
ST_7 : Operation 133 [1/1] (0.00ns)   --->   "%br_ln160 = br void %VITIS_LOOP_164_1.i" [./basic_helper.hpp:160->./Compute_Dual_Infeasibility.hpp:170->Infeasi_Res_S2.cpp:111]   --->   Operation 133 'br' 'br_ln160' <Predicate = true> <Delay = 0.00>


============================================================
+ Verbose Summary: Timing violations
============================================================
Target clock period: 3.333ns, clock uncertainty: 0.900ns.

 <State 1>: 1.665ns
The critical path consists of the following:
	'store' operation 0 bit ('store_ln0') of constant 0 on local variable 'i' [14]  (0.400 ns)
	'load' operation 31 bit ('i_load', ./basic_helper.hpp:160->./Compute_Dual_Infeasibility.hpp:170->Infeasi_Res_S2.cpp:111) on local variable 'i' [18]  (0.000 ns)
	'add' operation 31 bit ('add_ln160', ./basic_helper.hpp:160->./Compute_Dual_Infeasibility.hpp:170->Infeasi_Res_S2.cpp:111) [23]  (0.865 ns)
	'muxlogic' operation 0 bit ('muxLogicData_to_store_ln160') [79]  (0.000 ns)
	'store' operation 0 bit ('store_ln160', ./basic_helper.hpp:160->./Compute_Dual_Infeasibility.hpp:170->Infeasi_Res_S2.cpp:111) of variable 'add_ln160', ./basic_helper.hpp:160->./Compute_Dual_Infeasibility.hpp:170->Infeasi_Res_S2.cpp:111 on local variable 'i' [81]  (0.400 ns)

 <State 2>: 1.517ns
The critical path consists of the following:
	'muxlogic' operation 512 bit ('muxLogicCE_to_primalINfeasConstr_fifo_i_read') [26]  (0.000 ns)
	fifo read operation ('primalINfeasConstr_fifo_i_read', ./basic_helper.hpp:162->./Compute_Dual_Infeasibility.hpp:170->Infeasi_Res_S2.cpp:111) on port 'primalINfeasConstr_fifo_i' (./basic_helper.hpp:162->./Compute_Dual_Infeasibility.hpp:170->Infeasi_Res_S2.cpp:111) [27]  (0.753 ns)
	'muxlogic' operation 64 bit ('muxLogicI0_to_mul_i') [44]  (0.764 ns)

 <State 3>: 1.841ns
The critical path consists of the following:
	'muxlogic' operation 64 bit ('muxLogicI0_to_mul_i') [44]  (0.000 ns)
	'dmul' operation 64 bit ('mul_i', ./basic_helper.hpp:166->./Compute_Dual_Infeasibility.hpp:170->Infeasi_Res_S2.cpp:111) [46]  (1.841 ns)

 <State 4>: 2.154ns
The critical path consists of the following:
	'dmul' operation 64 bit ('mul_i', ./basic_helper.hpp:166->./Compute_Dual_Infeasibility.hpp:170->Infeasi_Res_S2.cpp:111) [46]  (2.154 ns)

 <State 5>: 2.154ns
The critical path consists of the following:
	'dmul' operation 64 bit ('mul_i', ./basic_helper.hpp:166->./Compute_Dual_Infeasibility.hpp:170->Infeasi_Res_S2.cpp:111) [46]  (2.154 ns)

 <State 6>: 2.154ns
The critical path consists of the following:
	'dmul' operation 64 bit ('mul_i', ./basic_helper.hpp:166->./Compute_Dual_Infeasibility.hpp:170->Infeasi_Res_S2.cpp:111) [46]  (2.154 ns)

 <State 7>: 1.008ns
The critical path consists of the following:
	'dmul' operation 64 bit ('mul_i', ./basic_helper.hpp:166->./Compute_Dual_Infeasibility.hpp:170->Infeasi_Res_S2.cpp:111) [46]  (0.091 ns)
	'muxlogic' operation 0 bit ('muxLogicData_to_write_ln168') [77]  (0.000 ns)
	fifo write operation ('write_ln168', ./basic_helper.hpp:168->./Compute_Dual_Infeasibility.hpp:170->Infeasi_Res_S2.cpp:111) on port 'primalInfeasConstr_SVfifo_i' (./basic_helper.hpp:168->./Compute_Dual_Infeasibility.hpp:170->Infeasi_Res_S2.cpp:111) [78]  (0.917 ns)


============================================================
+ Verbose Summary: Binding
============================================================
N/A
* FSMD analyzer results:
  - Output states:
 - Input state : 
  - Chain level:
	State 1
	State 2
	State 3
	State 4
	State 5
	State 6
	State 7


============================================================
+ Verbose Summary: Datapath Resource usage 
============================================================
N/A
