

================================================================
== Vitis HLS Report for 'scale_and_twoNormSquared_for_lub_noScaled'
================================================================
* Date:           Fri Jan  9 14:26:30 2026

* Version:        2024.1.2 (Build 5096458 on Sep  5 2024)
* Project:        build_Infeasi_Res_S2.xcv80-lsva4737-2MHP-e-S
* Solution:       sol1 (Vivado IP Flow Target)
* Product family: versalhbm
* Target device:  xcv80-lsva4737-2MHP-e-S


================================================================
== Performance Estimates
================================================================
+ Timing: 
    * Summary: 
    +--------+---------+----------+------------+
    |  Clock |  Target | Estimated| Uncertainty|
    +--------+---------+----------+------------+
    |ap_clk  |  3.33 ns|  2.509 ns|     0.90 ns|
    +--------+---------+----------+------------+

+ Latency: 
    * Summary: 
    +---------+---------+----------+----------+-----+-----+----------+
    |  Latency (cycles) |  Latency (absolute) |  Interval | Pipeline |
    |   min   |   max   |    min   |    max   | min | max |   Type   |
    +---------+---------+----------+----------+-----+-----+----------+
    |        ?|        ?|         ?|         ?|    ?|    ?|  dataflow|
    +---------+---------+----------+----------+-----+-----+----------+

    + Detail: 
        * Instance: 
        +----------------------------+------------------+---------+---------+----------+----------+-----+-----+---------+
        |                            |                  |  Latency (cycles) |  Latency (absolute) |  Interval | Pipeline|
        |          Instance          |      Module      |   min   |   max   |    min   |    max   | min | max |   Type  |
        +----------------------------+------------------+---------+---------+----------+----------+-----+-----+---------+
        |grp_twoNormSquared_5_fu_34  |twoNormSquared_5  |        ?|        ?|         ?|         ?|    ?|    ?|       no|
        |grp_twoNormSquared_6_fu_44  |twoNormSquared_6  |        ?|        ?|         ?|         ?|    ?|    ?|       no|
        +----------------------------+------------------+---------+---------+----------+----------+-----+-----+---------+

        * Loop: 
        N/A

============================================================
+ Verbose Summary: Synthesis Manager
============================================================
InlineROM: 1
ExposeGlobal: 0
============================================================
+ Verbose Summary: CDFG Model
============================================================
IsTopModel: 0
ResetActiveHigh: 1
IsCombinational: 2
IsDatapathOnly: 0
HasWiredReturn: 1
HasMFsm: 0
HasVarLatency: 1
IsPipeline: 0
IsRtlPipelined: 0
IsInstanceOverlapped: 0
IsDontTouch: 0
HasImplIP: 0
IsGatedGlobalClock: 0


============================================================
+ Verbose Summary: Schedule
============================================================
* Number of FSM states : 2
* Pipeline : 0
* Dataflow Pipeline: 1
  DF-Pipeline-0: Size = 2, States = { 1 2 }

* FSM state transitions: 
1 --> 2 
2 --> 

* FSM state operations: 

State 1 <SV = 0> <Delay = 0.00>
ST_1 : Operation 3 [1/1] (0.00ns)   --->   "%muxLogicCE_to_nCols_read = muxlogic"   --->   Operation 3 'muxlogic' 'muxLogicCE_to_nCols_read' <Predicate = true> <Delay = 0.00>
ST_1 : Operation 4 [1/1] (0.00ns)   --->   "%nCols_read = read i32 @_ssdm_op_Read.ap_auto.i32, i32 %nCols" [./Compute_Dual_Infeasibility.hpp:53]   --->   Operation 4 'read' 'nCols_read' <Predicate = true> <Delay = 0.00>
ST_1 : Operation 5 [2/2] (0.00ns)   --->   "%call_ln60 = call void @twoNormSquared.5, i512 %primalInfeasBound_edotfifo_lb, i32 %nCols_read, i64 %pBoundLbResSq" [./Compute_Dual_Infeasibility.hpp:60]   --->   Operation 5 'call' 'call_ln60' <Predicate = true> <Delay = 0.00> <CoreType = "Generic">   --->   Core 0 '' <Latency = 0> <II = 1> <Delay = 1.00> <Generic> <Opcode : >
ST_1 : Operation 6 [2/2] (0.00ns)   --->   "%call_ln61 = call void @twoNormSquared.6, i512 %primalInfeasBound_edotfifo_ub, i32 %nCols_read, i64 %pBoundUbResSq" [./Compute_Dual_Infeasibility.hpp:61]   --->   Operation 6 'call' 'call_ln61' <Predicate = true> <Delay = 0.00> <CoreType = "Generic">   --->   Core 0 '' <Latency = 0> <II = 1> <Delay = 1.00> <Generic> <Opcode : >

State 2 <SV = 1> <Delay = 0.09>
ST_2 : Operation 7 [1/1] (0.00ns)   --->   "%specdataflowpipeline_ln58 = specdataflowpipeline void @_ssdm_op_SpecDataflowPipeline, i32 4294967295, i32 0, void @empty_3" [./Compute_Dual_Infeasibility.hpp:58]   --->   Operation 7 'specdataflowpipeline' 'specdataflowpipeline_ln58' <Predicate = true> <Delay = 0.00>
ST_2 : Operation 8 [1/1] (0.00ns)   --->   "%specinterface_ln0 = specinterface void @_ssdm_op_SpecInterface, i512 %primalInfeasBound_edotfifo_lb, void @empty_14, i32 0, i32 0, void @empty_3, i32 0, i32 0, void @empty_3, void @empty_3, void @empty_3, i32 0, i32 0, i32 0, i32 0, void @empty_3, void @empty_3, i32 4294967295, i32 0, i32 0"   --->   Operation 8 'specinterface' 'specinterface_ln0' <Predicate = true> <Delay = 0.00>
ST_2 : Operation 9 [1/1] (0.00ns)   --->   "%specinterface_ln0 = specinterface void @_ssdm_op_SpecInterface, i512 %primalInfeasBound_edotfifo_ub, void @empty_14, i32 0, i32 0, void @empty_3, i32 0, i32 0, void @empty_3, void @empty_3, void @empty_3, i32 0, i32 0, i32 0, i32 0, void @empty_3, void @empty_3, i32 4294967295, i32 0, i32 0"   --->   Operation 9 'specinterface' 'specinterface_ln0' <Predicate = true> <Delay = 0.00>
ST_2 : Operation 10 [1/2] (0.09ns)   --->   "%call_ln60 = call void @twoNormSquared.5, i512 %primalInfeasBound_edotfifo_lb, i32 %nCols_read, i64 %pBoundLbResSq" [./Compute_Dual_Infeasibility.hpp:60]   --->   Operation 10 'call' 'call_ln60' <Predicate = true> <Delay = 0.09> <CoreType = "Generic">   --->   Core 0 '' <Latency = 0> <II = 1> <Delay = 1.00> <Generic> <Opcode : >
ST_2 : Operation 11 [1/2] (0.09ns)   --->   "%call_ln61 = call void @twoNormSquared.6, i512 %primalInfeasBound_edotfifo_ub, i32 %nCols_read, i64 %pBoundUbResSq" [./Compute_Dual_Infeasibility.hpp:61]   --->   Operation 11 'call' 'call_ln61' <Predicate = true> <Delay = 0.09> <CoreType = "Generic">   --->   Core 0 '' <Latency = 0> <II = 1> <Delay = 1.00> <Generic> <Opcode : >
ST_2 : Operation 12 [1/1] (0.00ns)   --->   "%ret_ln63 = ret" [./Compute_Dual_Infeasibility.hpp:63]   --->   Operation 12 'ret' 'ret_ln63' <Predicate = true> <Delay = 0.00>


============================================================
+ Verbose Summary: Binding
============================================================
STG Binding: 
---------------- STG Properties BEGIN ----------------
- Is combinational: 0
- Is one-state seq: 0
- Is datapath-only: 0
- Is pipelined: 0
- Is top level: 0
Port [ Return ] is wired: 1; IO mode=ap_ctrl_hs:ce=0
Port [ primalInfeasBound_edotfifo_lb]:  wired=1; compound=1; hidden=0; nouse=0; global=0; static=0; extern=0; dir=0; type=3; pingpong=0; private_global=0; IO mode=ap_fifo:ce=0
Port [ primalInfeasBound_edotfifo_ub]:  wired=1; compound=1; hidden=0; nouse=0; global=0; static=0; extern=0; dir=0; type=3; pingpong=0; private_global=0; IO mode=ap_fifo:ce=0
Port [ pBoundLbResSq]:  wired=1; compound=0; hidden=0; nouse=0; global=0; static=0; extern=0; dir=1; type=0; pingpong=0; private_global=0; IO mode=ap_vld:ce=0
Port [ pBoundUbResSq]:  wired=1; compound=0; hidden=0; nouse=0; global=0; static=0; extern=0; dir=1; type=0; pingpong=0; private_global=0; IO mode=ap_vld:ce=0
Port [ nCols]:  wired=1; compound=0; hidden=0; nouse=0; global=0; static=0; extern=0; dir=0; type=0; pingpong=0; private_global=0; IO mode=ap_none:ce=0
---------------- STG Properties END ------------------

---------------- Datapath Model BEGIN ----------------

<LifeTime>
<method=bitvector/>
muxLogicCE_to_nCols_read  (muxlogic            ) [ 000]
nCols_read                (read                ) [ 001]
specdataflowpipeline_ln58 (specdataflowpipeline) [ 000]
specinterface_ln0         (specinterface       ) [ 000]
specinterface_ln0         (specinterface       ) [ 000]
call_ln60                 (call                ) [ 000]
call_ln61                 (call                ) [ 000]
ret_ln63                  (ret                 ) [ 000]
</LifeTime>

<model>

<comp_list>
<comp id="0" class="1000" name="primalInfeasBound_edotfifo_lb">
<pin_list>
<pin id="1" dir="1" index="0" bw="1" slack="0"/>
</pin_list>
<bind>
<StgValue><ssdm name="primalInfeasBound_edotfifo_lb"/></StgValue>
</bind>
</comp>

<comp id="2" class="1000" name="primalInfeasBound_edotfifo_ub">
<pin_list>
<pin id="3" dir="1" index="0" bw="1" slack="0"/>
</pin_list>
<bind>
<StgValue><ssdm name="primalInfeasBound_edotfifo_ub"/></StgValue>
</bind>
</comp>

<comp id="4" class="1000" name="pBoundLbResSq">
<pin_list>
<pin id="5" dir="1" index="0" bw="1" slack="0"/>
</pin_list>
<bind>
<StgValue><ssdm name="pBoundLbResSq"/></StgValue>
</bind>
</comp>

<comp id="6" class="1000" name="pBoundUbResSq">
<pin_list>
<pin id="7" dir="1" index="0" bw="1" slack="0"/>
</pin_list>
<bind>
<StgValue><ssdm name="pBoundUbResSq"/></StgValue>
</bind>
</comp>

<comp id="8" class="1000" name="nCols">
<pin_list>
<pin id="9" dir="1" index="0" bw="1" slack="0"/>
</pin_list>
<bind>
<StgValue><ssdm name="nCols"/></StgValue>
</bind>
</comp>

<comp id="10" class="1001" name="const_10">
<pin_list>
<pin id="11" dir="1" index="0" bw="1" slack="0"/>
</pin_list>
<bind>
<StgValue><ssdm name="_ssdm_op_Read.ap_auto.i32"/></StgValue>
</bind>
</comp>

<comp id="12" class="1001" name="const_12">
<pin_list>
<pin id="13" dir="1" index="0" bw="1" slack="0"/>
</pin_list>
<bind>
<StgValue><ssdm name="twoNormSquared.5"/></StgValue>
</bind>
</comp>

<comp id="14" class="1001" name="const_14">
<pin_list>
<pin id="15" dir="1" index="0" bw="1" slack="0"/>
</pin_list>
<bind>
<StgValue><ssdm name="twoNormSquared.6"/></StgValue>
</bind>
</comp>

<comp id="16" class="1001" name="const_16">
<pin_list>
<pin id="17" dir="1" index="0" bw="1" slack="2147483647"/>
</pin_list>
<bind>
<StgValue><ssdm name="_ssdm_op_SpecDataflowPipeline"/></StgValue>
</bind>
</comp>

<comp id="18" class="1001" name="const_18">
<pin_list>
<pin id="19" dir="1" index="0" bw="1" slack="2147483647"/>
</pin_list>
<bind>
<StgValue><ssdm name=""/></StgValue>
</bind>
</comp>

<comp id="20" class="1001" name="const_20">
<pin_list>
<pin id="21" dir="1" index="0" bw="1" slack="2147483647"/>
</pin_list>
<bind>
<StgValue><ssdm name=""/></StgValue>
</bind>
</comp>

<comp id="22" class="1001" name="const_22">
<pin_list>
<pin id="23" dir="1" index="0" bw="1" slack="2147483647"/>
</pin_list>
<bind>
<StgValue><ssdm name="empty_3"/></StgValue>
</bind>
</comp>

<comp id="24" class="1001" name="const_24">
<pin_list>
<pin id="25" dir="1" index="0" bw="1" slack="2147483647"/>
</pin_list>
<bind>
<StgValue><ssdm name="_ssdm_op_SpecInterface"/></StgValue>
</bind>
</comp>

<comp id="26" class="1001" name="const_26">
<pin_list>
<pin id="27" dir="1" index="0" bw="1" slack="2147483647"/>
</pin_list>
<bind>
<StgValue><ssdm name="empty_14"/></StgValue>
</bind>
</comp>

<comp id="28" class="1004" name="nCols_read_read_fu_28">
<pin_list>
<pin id="29" dir="0" index="0" bw="32" slack="0"/>
<pin id="30" dir="0" index="1" bw="32" slack="0"/>
<pin id="31" dir="1" index="2" bw="32" slack="0"/>
</pin_list>
<bind>
<opcode="read(1150) " fcode="read"/>
<opset="nCols_read/1 "/>
</bind>
</comp>

<comp id="34" class="1004" name="grp_twoNormSquared_5_fu_34">
<pin_list>
<pin id="35" dir="0" index="0" bw="0" slack="0"/>
<pin id="36" dir="0" index="1" bw="512" slack="0"/>
<pin id="37" dir="0" index="2" bw="32" slack="0"/>
<pin id="38" dir="0" index="3" bw="64" slack="0"/>
<pin id="39" dir="1" index="4" bw="0" slack="2147483647"/>
</pin_list>
<bind>
<opcode="call(48) " fcode="call"/>
<opset="call_ln60/1 "/>
</bind>
</comp>

<comp id="44" class="1004" name="grp_twoNormSquared_6_fu_44">
<pin_list>
<pin id="45" dir="0" index="0" bw="0" slack="0"/>
<pin id="46" dir="0" index="1" bw="512" slack="0"/>
<pin id="47" dir="0" index="2" bw="32" slack="0"/>
<pin id="48" dir="0" index="3" bw="64" slack="0"/>
<pin id="49" dir="1" index="4" bw="0" slack="2147483647"/>
</pin_list>
<bind>
<opcode="call(48) " fcode="call"/>
<opset="call_ln61/1 "/>
</bind>
</comp>

<comp id="54" class="1004" name="muxLogicCE_to_nCols_read_fu_54">
<pin_list>
<pin id="55" dir="1" index="0" bw="32" slack="2147483647"/>
</pin_list>
<bind>
<opcode="muxlogic(592) " fcode="muxlogic"/>
<opset="muxLogicCE_to_nCols_read/1 "/>
</bind>
</comp>

<comp id="56" class="1005" name="nCols_read_reg_56">
<pin_list>
<pin id="57" dir="0" index="0" bw="32" slack="1"/>
<pin id="58" dir="1" index="1" bw="32" slack="1"/>
</pin_list>
<bind>
<opset="nCols_read "/>
</bind>
</comp>

</comp_list>

<net_list>
<net id="32"><net_src comp="10" pin="0"/><net_sink comp="28" pin=0"/></net>

<net id="33"><net_src comp="8" pin="0"/><net_sink comp="28" pin=1"/></net>

<net id="40"><net_src comp="12" pin="0"/><net_sink comp="34" pin=0"/></net>

<net id="41"><net_src comp="0" pin="0"/><net_sink comp="34" pin=1"/></net>

<net id="42"><net_src comp="28" pin="2"/><net_sink comp="34" pin=2"/></net>

<net id="43"><net_src comp="4" pin="0"/><net_sink comp="34" pin=3"/></net>

<net id="50"><net_src comp="14" pin="0"/><net_sink comp="44" pin=0"/></net>

<net id="51"><net_src comp="2" pin="0"/><net_sink comp="44" pin=1"/></net>

<net id="52"><net_src comp="28" pin="2"/><net_sink comp="44" pin=2"/></net>

<net id="53"><net_src comp="6" pin="0"/><net_sink comp="44" pin=3"/></net>

<net id="59"><net_src comp="28" pin="2"/><net_sink comp="56" pin=0"/></net>

<net id="60"><net_src comp="56" pin="1"/><net_sink comp="34" pin=2"/></net>

<net id="61"><net_src comp="56" pin="1"/><net_sink comp="44" pin=2"/></net>

</net_list>

</model> 
---------------- Datapath Model END ------------------

* FSMD analyzer results:
  - Output states:
	Port: pBoundLbResSq | {1 2 }
	Port: pBoundUbResSq | {1 2 }
 - Input state : 
	Port: scale_and_twoNormSquared_for_lub_noScaled : primalInfeasBound_edotfifo_lb | {1 2 }
	Port: scale_and_twoNormSquared_for_lub_noScaled : primalInfeasBound_edotfifo_ub | {1 2 }
	Port: scale_and_twoNormSquared_for_lub_noScaled : nCols | {1 }
  - Chain level:
	State 1
	State 2


============================================================
+ Verbose Summary: Datapath Resource usage 
============================================================

* Functional unit list:
|----------|--------------------------------|---------|---------|---------|---------|
| Operation|         Functional Unit        |   DSP   |  Delay  |    FF   |   LUT   |
|----------|--------------------------------|---------|---------|---------|---------|
|   call   |   grp_twoNormSquared_5_fu_34   |    24   |  7.769  |   9392  |   6095  |
|          |   grp_twoNormSquared_6_fu_44   |    24   |  7.769  |   9392  |   6095  |
|----------|--------------------------------|---------|---------|---------|---------|
|   read   |      nCols_read_read_fu_28     |    0    |    0    |    0    |    0    |
|----------|--------------------------------|---------|---------|---------|---------|
| muxlogic | muxLogicCE_to_nCols_read_fu_54 |    0    |    0    |    0    |    0    |
|----------|--------------------------------|---------|---------|---------|---------|
|   Total  |                                |    48   |  15.538 |  18784  |  12190  |
|----------|--------------------------------|---------|---------|---------|---------|

Memories:
N/A

* Register list:
+-----------------+--------+
|                 |   FF   |
+-----------------+--------+
|nCols_read_reg_56|   32   |
+-----------------+--------+
|      Total      |   32   |
+-----------------+--------+

* Multiplexer (MUX) list: 
|----------------------------|------|------|------|--------||---------||---------||---------|
|            Comp            |  Pin | Size |  BW  | S x BW ||  Delay  ||    FF   ||   LUT   |
|----------------------------|------|------|------|--------||---------||---------||---------|
| grp_twoNormSquared_5_fu_34 |  p2  |   2  |  32  |   64   ||    0    ||    32   |
| grp_twoNormSquared_6_fu_44 |  p2  |   2  |  32  |   64   ||    0    ||    32   |
|----------------------------|------|------|------|--------||---------||---------||---------|
|            Total           |      |      |      |   128  ||   0.8   ||    0    ||    64   |
|----------------------------|------|------|------|--------||---------||---------||---------|



* Summary:
+-----------+--------+--------+--------+--------+
|           |   DSP  |  Delay |   FF   |   LUT  |
+-----------+--------+--------+--------+--------+
|  Function |   48   |   15   |  18784 |  12190 |
|   Memory  |    -   |    -   |    -   |    -   |
|Multiplexer|    -   |    0   |    0   |   64   |
|  Register |    -   |    -   |   32   |    -   |
+-----------+--------+--------+--------+--------+
|   Total   |   48   |   16   |  18816 |  12254 |
+-----------+--------+--------+--------+--------+
